[2025-03-02T16:16:43.861+0000] {local_task_job_runner.py:123} INFO - ::group::Pre task execution logs
[2025-03-02T16:16:43.881+0000] {taskinstance.py:2614} INFO - Dependencies all met for dep_context=non-requeueable deps ti=<TaskInstance: scraping_pipeline_gcs.install_requirements manual__2025-03-02T16:16:41.399674+00:00 [queued]>
[2025-03-02T16:16:43.888+0000] {taskinstance.py:2614} INFO - Dependencies all met for dep_context=requeueable deps ti=<TaskInstance: scraping_pipeline_gcs.install_requirements manual__2025-03-02T16:16:41.399674+00:00 [queued]>
[2025-03-02T16:16:43.889+0000] {taskinstance.py:2867} INFO - Starting attempt 1 of 3
[2025-03-02T16:16:43.900+0000] {taskinstance.py:2890} INFO - Executing <Task(BashOperator): install_requirements> on 2025-03-02 16:16:41.399674+00:00
[2025-03-02T16:16:43.912+0000] {warnings.py:112} WARNING - /home/***/.local/lib/python3.12/site-packages/***/task/task_runner/standard_task_runner.py:70: DeprecationWarning: This process (pid=81) is multi-threaded, use of fork() may lead to deadlocks in the child.
  pid = os.fork()

[2025-03-02T16:16:43.913+0000] {standard_task_runner.py:104} INFO - Running: ['***', 'tasks', 'run', 'scraping_pipeline_gcs', 'install_requirements', 'manual__2025-03-02T16:16:41.399674+00:00', '--job-id', '126', '--raw', '--subdir', 'DAGS_FOLDER/dag.py', '--cfg-path', '/tmp/tmpcmj9oztr']
[2025-03-02T16:16:43.915+0000] {standard_task_runner.py:72} INFO - Started process 83 to run task
[2025-03-02T16:16:43.915+0000] {standard_task_runner.py:105} INFO - Job 126: Subtask install_requirements
[2025-03-02T16:16:43.971+0000] {task_command.py:467} INFO - Running <TaskInstance: scraping_pipeline_gcs.install_requirements manual__2025-03-02T16:16:41.399674+00:00 [running]> on host 8b8ee4ab00d2
[2025-03-02T16:16:44.519+0000] {taskinstance.py:3134} INFO - Exporting env vars: AIRFLOW_CTX_DAG_OWNER='***' AIRFLOW_CTX_DAG_ID='scraping_pipeline_gcs' AIRFLOW_CTX_TASK_ID='install_requirements' AIRFLOW_CTX_EXECUTION_DATE='2025-03-02T16:16:41.399674+00:00' AIRFLOW_CTX_TRY_NUMBER='1' AIRFLOW_CTX_DAG_RUN_ID='manual__2025-03-02T16:16:41.399674+00:00'
[2025-03-02T16:16:44.521+0000] {logging_mixin.py:190} INFO - Task instance is in running state
[2025-03-02T16:16:44.521+0000] {logging_mixin.py:190} INFO -  Previous state of the Task instance: queued
[2025-03-02T16:16:44.522+0000] {logging_mixin.py:190} INFO - Current task name:install_requirements state:running start_date:2025-03-02 16:16:43.882473+00:00
[2025-03-02T16:16:44.522+0000] {logging_mixin.py:190} INFO - Dag name:scraping_pipeline_gcs and current dag run status:running
[2025-03-02T16:16:44.522+0000] {taskinstance.py:732} INFO - ::endgroup::
[2025-03-02T16:16:44.523+0000] {subprocess.py:78} INFO - Tmp dir root location: /tmp
[2025-03-02T16:16:44.524+0000] {subprocess.py:88} INFO - Running command: ['/usr/bin/bash', '-c', 'pip install -r /opt/***/dags/src/requirements.txt']
[2025-03-02T16:16:44.544+0000] {subprocess.py:99} INFO - Output:
[2025-03-02T16:16:45.676+0000] {subprocess.py:106} INFO - Requirement already satisfied: attrs==25.1.0 in /home/***/.local/lib/python3.12/site-packages (from -r /opt/***/dags/src/requirements.txt (line 1)) (25.1.0)
[2025-03-02T16:16:45.683+0000] {subprocess.py:106} INFO - Requirement already satisfied: beautifulsoup4==4.13.3 in /home/***/.local/lib/python3.12/site-packages (from -r /opt/***/dags/src/requirements.txt (line 2)) (4.13.3)
[2025-03-02T16:16:45.684+0000] {subprocess.py:106} INFO - Requirement already satisfied: certifi==2025.1.31 in /home/***/.local/lib/python3.12/site-packages (from -r /opt/***/dags/src/requirements.txt (line 3)) (2025.1.31)
[2025-03-02T16:16:45.685+0000] {subprocess.py:106} INFO - Requirement already satisfied: charset-normalizer==3.4.1 in /home/***/.local/lib/python3.12/site-packages (from -r /opt/***/dags/src/requirements.txt (line 4)) (3.4.1)
[2025-03-02T16:16:45.686+0000] {subprocess.py:106} INFO - Requirement already satisfied: colorama==0.4.6 in /home/***/.local/lib/python3.12/site-packages (from -r /opt/***/dags/src/requirements.txt (line 5)) (0.4.6)
[2025-03-02T16:16:45.687+0000] {subprocess.py:106} INFO - Requirement already satisfied: h11==0.14.0 in /home/***/.local/lib/python3.12/site-packages (from -r /opt/***/dags/src/requirements.txt (line 6)) (0.14.0)
[2025-03-02T16:16:45.688+0000] {subprocess.py:106} INFO - Requirement already satisfied: idna==3.10 in /home/***/.local/lib/python3.12/site-packages (from -r /opt/***/dags/src/requirements.txt (line 7)) (3.10)
[2025-03-02T16:16:45.688+0000] {subprocess.py:106} INFO - Requirement already satisfied: outcome==1.3.0.post0 in /home/***/.local/lib/python3.12/site-packages (from -r /opt/***/dags/src/requirements.txt (line 8)) (1.3.0.post0)
[2025-03-02T16:16:45.689+0000] {subprocess.py:106} INFO - Requirement already satisfied: packaging==24.2 in /home/***/.local/lib/python3.12/site-packages (from -r /opt/***/dags/src/requirements.txt (line 9)) (24.2)
[2025-03-02T16:16:45.690+0000] {subprocess.py:106} INFO - Requirement already satisfied: PySocks==1.7.1 in /home/***/.local/lib/python3.12/site-packages (from -r /opt/***/dags/src/requirements.txt (line 10)) (1.7.1)
[2025-03-02T16:16:45.690+0000] {subprocess.py:106} INFO - Requirement already satisfied: python-dotenv==1.0.1 in /home/***/.local/lib/python3.12/site-packages (from -r /opt/***/dags/src/requirements.txt (line 11)) (1.0.1)
[2025-03-02T16:16:45.691+0000] {subprocess.py:106} INFO - Requirement already satisfied: requests==2.32.3 in /home/***/.local/lib/python3.12/site-packages (from -r /opt/***/dags/src/requirements.txt (line 12)) (2.32.3)
[2025-03-02T16:16:45.691+0000] {subprocess.py:106} INFO - Requirement already satisfied: selenium==4.28.1 in /home/***/.local/lib/python3.12/site-packages (from -r /opt/***/dags/src/requirements.txt (line 13)) (4.28.1)
[2025-03-02T16:16:45.692+0000] {subprocess.py:106} INFO - Requirement already satisfied: sniffio==1.3.1 in /home/***/.local/lib/python3.12/site-packages (from -r /opt/***/dags/src/requirements.txt (line 14)) (1.3.1)
[2025-03-02T16:16:45.693+0000] {subprocess.py:106} INFO - Requirement already satisfied: sortedcontainers==2.4.0 in /home/***/.local/lib/python3.12/site-packages (from -r /opt/***/dags/src/requirements.txt (line 15)) (2.4.0)
[2025-03-02T16:16:45.693+0000] {subprocess.py:106} INFO - Requirement already satisfied: soupsieve==2.6 in /home/***/.local/lib/python3.12/site-packages (from -r /opt/***/dags/src/requirements.txt (line 16)) (2.6)
[2025-03-02T16:16:45.693+0000] {subprocess.py:106} INFO - Requirement already satisfied: trio==0.28.0 in /home/***/.local/lib/python3.12/site-packages (from -r /opt/***/dags/src/requirements.txt (line 17)) (0.28.0)
[2025-03-02T16:16:45.693+0000] {subprocess.py:106} INFO - Requirement already satisfied: trio-websocket==0.11.1 in /home/***/.local/lib/python3.12/site-packages (from -r /opt/***/dags/src/requirements.txt (line 18)) (0.11.1)
[2025-03-02T16:16:45.694+0000] {subprocess.py:106} INFO - Requirement already satisfied: typing_extensions==4.12.2 in /home/***/.local/lib/python3.12/site-packages (from -r /opt/***/dags/src/requirements.txt (line 19)) (4.12.2)
[2025-03-02T16:16:45.694+0000] {subprocess.py:106} INFO - Requirement already satisfied: urllib3==2.3.0 in /home/***/.local/lib/python3.12/site-packages (from -r /opt/***/dags/src/requirements.txt (line 20)) (2.3.0)
[2025-03-02T16:16:45.694+0000] {subprocess.py:106} INFO - Requirement already satisfied: webdriver-manager==4.0.2 in /home/***/.local/lib/python3.12/site-packages (from -r /opt/***/dags/src/requirements.txt (line 21)) (4.0.2)
[2025-03-02T16:16:45.695+0000] {subprocess.py:106} INFO - Requirement already satisfied: websocket-client==1.8.0 in /home/***/.local/lib/python3.12/site-packages (from -r /opt/***/dags/src/requirements.txt (line 22)) (1.8.0)
[2025-03-02T16:16:45.696+0000] {subprocess.py:106} INFO - Requirement already satisfied: wsproto==1.2.0 in /home/***/.local/lib/python3.12/site-packages (from -r /opt/***/dags/src/requirements.txt (line 23)) (1.2.0)
[2025-03-02T16:16:45.697+0000] {subprocess.py:106} INFO - Requirement already satisfied: pytest in /home/***/.local/lib/python3.12/site-packages (from -r /opt/***/dags/src/requirements.txt (line 24)) (8.3.4)
[2025-03-02T16:16:45.699+0000] {subprocess.py:106} INFO - Requirement already satisfied: dvc[gdrive] in /home/***/.local/lib/python3.12/site-packages (from -r /opt/***/dags/src/requirements.txt (line 25)) (3.59.1)
[2025-03-02T16:16:45.713+0000] {subprocess.py:106} INFO - Requirement already satisfied: iniconfig in /home/***/.local/lib/python3.12/site-packages (from pytest->-r /opt/***/dags/src/requirements.txt (line 24)) (2.0.0)
[2025-03-02T16:16:45.715+0000] {subprocess.py:106} INFO - Requirement already satisfied: pluggy<2,>=1.5 in /home/***/.local/lib/python3.12/site-packages (from pytest->-r /opt/***/dags/src/requirements.txt (line 24)) (1.5.0)
[2025-03-02T16:16:45.720+0000] {subprocess.py:106} INFO - Requirement already satisfied: celery in /home/***/.local/lib/python3.12/site-packages (from dvc[gdrive]->-r /opt/***/dags/src/requirements.txt (line 25)) (5.4.0)
[2025-03-02T16:16:45.723+0000] {subprocess.py:106} INFO - Requirement already satisfied: configobj>=5.0.9 in /home/***/.local/lib/python3.12/site-packages (from dvc[gdrive]->-r /opt/***/dags/src/requirements.txt (line 25)) (5.0.9)
[2025-03-02T16:16:45.723+0000] {subprocess.py:106} INFO - Requirement already satisfied: distro>=1.3 in /home/***/.local/lib/python3.12/site-packages (from dvc[gdrive]->-r /opt/***/dags/src/requirements.txt (line 25)) (1.9.0)
[2025-03-02T16:16:45.724+0000] {subprocess.py:106} INFO - Requirement already satisfied: dpath<3,>=2.1.0 in /home/***/.local/lib/python3.12/site-packages (from dvc[gdrive]->-r /opt/***/dags/src/requirements.txt (line 25)) (2.2.0)
[2025-03-02T16:16:45.726+0000] {subprocess.py:106} INFO - Requirement already satisfied: dulwich in /home/***/.local/lib/python3.12/site-packages (from dvc[gdrive]->-r /opt/***/dags/src/requirements.txt (line 25)) (0.22.7)
[2025-03-02T16:16:45.726+0000] {subprocess.py:106} INFO - Requirement already satisfied: dvc-data<3.17,>=3.16.2 in /home/***/.local/lib/python3.12/site-packages (from dvc[gdrive]->-r /opt/***/dags/src/requirements.txt (line 25)) (3.16.9)
[2025-03-02T16:16:45.727+0000] {subprocess.py:106} INFO - Requirement already satisfied: dvc-http>=2.29.0 in /home/***/.local/lib/python3.12/site-packages (from dvc[gdrive]->-r /opt/***/dags/src/requirements.txt (line 25)) (2.32.0)
[2025-03-02T16:16:45.728+0000] {subprocess.py:106} INFO - Requirement already satisfied: dvc-objects in /home/***/.local/lib/python3.12/site-packages (from dvc[gdrive]->-r /opt/***/dags/src/requirements.txt (line 25)) (5.1.0)
[2025-03-02T16:16:45.728+0000] {subprocess.py:106} INFO - Requirement already satisfied: dvc-render<2,>=1.0.1 in /home/***/.local/lib/python3.12/site-packages (from dvc[gdrive]->-r /opt/***/dags/src/requirements.txt (line 25)) (1.0.2)
[2025-03-02T16:16:45.730+0000] {subprocess.py:106} INFO - Requirement already satisfied: dvc-studio-client<1,>=0.21 in /home/***/.local/lib/python3.12/site-packages (from dvc[gdrive]->-r /opt/***/dags/src/requirements.txt (line 25)) (0.21.0)
[2025-03-02T16:16:45.732+0000] {subprocess.py:106} INFO - Requirement already satisfied: dvc-task<1,>=0.3.0 in /home/***/.local/lib/python3.12/site-packages (from dvc[gdrive]->-r /opt/***/dags/src/requirements.txt (line 25)) (0.40.2)
[2025-03-02T16:16:45.732+0000] {subprocess.py:106} INFO - Requirement already satisfied: flatten_dict<1,>=0.4.1 in /home/***/.local/lib/python3.12/site-packages (from dvc[gdrive]->-r /opt/***/dags/src/requirements.txt (line 25)) (0.4.2)
[2025-03-02T16:16:45.733+0000] {subprocess.py:106} INFO - Requirement already satisfied: flufl.lock<9,>=8.1.0 in /home/***/.local/lib/python3.12/site-packages (from dvc[gdrive]->-r /opt/***/dags/src/requirements.txt (line 25)) (8.1.0)
[2025-03-02T16:16:45.733+0000] {subprocess.py:106} INFO - Requirement already satisfied: fsspec>=2024.2.0 in /home/***/.local/lib/python3.12/site-packages (from dvc[gdrive]->-r /opt/***/dags/src/requirements.txt (line 25)) (2025.2.0)
[2025-03-02T16:16:45.733+0000] {subprocess.py:106} INFO - Requirement already satisfied: funcy>=1.14 in /home/***/.local/lib/python3.12/site-packages (from dvc[gdrive]->-r /opt/***/dags/src/requirements.txt (line 25)) (2.0)
[2025-03-02T16:16:45.733+0000] {subprocess.py:106} INFO - Requirement already satisfied: grandalf<1,>=0.7 in /home/***/.local/lib/python3.12/site-packages (from dvc[gdrive]->-r /opt/***/dags/src/requirements.txt (line 25)) (0.8)
[2025-03-02T16:16:45.733+0000] {subprocess.py:106} INFO - Requirement already satisfied: gto<2,>=1.6.0 in /home/***/.local/lib/python3.12/site-packages (from dvc[gdrive]->-r /opt/***/dags/src/requirements.txt (line 25)) (1.7.2)
[2025-03-02T16:16:45.734+0000] {subprocess.py:106} INFO - Requirement already satisfied: hydra-core>=1.1 in /home/***/.local/lib/python3.12/site-packages (from dvc[gdrive]->-r /opt/***/dags/src/requirements.txt (line 25)) (1.3.2)
[2025-03-02T16:16:45.736+0000] {subprocess.py:106} INFO - Requirement already satisfied: iterative-telemetry>=0.0.7 in /home/***/.local/lib/python3.12/site-packages (from dvc[gdrive]->-r /opt/***/dags/src/requirements.txt (line 25)) (0.0.10)
[2025-03-02T16:16:45.736+0000] {subprocess.py:106} INFO - Requirement already satisfied: kombu in /home/***/.local/lib/python3.12/site-packages (from dvc[gdrive]->-r /opt/***/dags/src/requirements.txt (line 25)) (5.4.2)
[2025-03-02T16:16:45.737+0000] {subprocess.py:106} INFO - Requirement already satisfied: networkx>=2.5 in /home/***/.local/lib/python3.12/site-packages (from dvc[gdrive]->-r /opt/***/dags/src/requirements.txt (line 25)) (3.4.2)
[2025-03-02T16:16:45.737+0000] {subprocess.py:106} INFO - Requirement already satisfied: omegaconf in /home/***/.local/lib/python3.12/site-packages (from dvc[gdrive]->-r /opt/***/dags/src/requirements.txt (line 25)) (2.3.0)
[2025-03-02T16:16:45.740+0000] {subprocess.py:106} INFO - Requirement already satisfied: pathspec>=0.10.3 in /home/***/.local/lib/python3.12/site-packages (from dvc[gdrive]->-r /opt/***/dags/src/requirements.txt (line 25)) (0.12.1)
[2025-03-02T16:16:45.740+0000] {subprocess.py:106} INFO - Requirement already satisfied: platformdirs<5,>=3.1.1 in /home/***/.local/lib/python3.12/site-packages (from dvc[gdrive]->-r /opt/***/dags/src/requirements.txt (line 25)) (4.3.6)
[2025-03-02T16:16:45.742+0000] {subprocess.py:106} INFO - Requirement already satisfied: psutil>=5.8 in /home/***/.local/lib/python3.12/site-packages (from dvc[gdrive]->-r /opt/***/dags/src/requirements.txt (line 25)) (6.1.1)
[2025-03-02T16:16:45.742+0000] {subprocess.py:106} INFO - Requirement already satisfied: pydot>=1.2.4 in /home/***/.local/lib/python3.12/site-packages (from dvc[gdrive]->-r /opt/***/dags/src/requirements.txt (line 25)) (3.0.4)
[2025-03-02T16:16:45.742+0000] {subprocess.py:106} INFO - Requirement already satisfied: pygtrie>=2.3.2 in /home/***/.local/lib/python3.12/site-packages (from dvc[gdrive]->-r /opt/***/dags/src/requirements.txt (line 25)) (2.5.0)
[2025-03-02T16:16:45.743+0000] {subprocess.py:106} INFO - Requirement already satisfied: pyparsing>=2.4.7 in /home/***/.local/lib/python3.12/site-packages (from dvc[gdrive]->-r /opt/***/dags/src/requirements.txt (line 25)) (3.2.1)
[2025-03-02T16:16:45.744+0000] {subprocess.py:106} INFO - Requirement already satisfied: rich>=12 in /home/***/.local/lib/python3.12/site-packages (from dvc[gdrive]->-r /opt/***/dags/src/requirements.txt (line 25)) (13.9.4)
[2025-03-02T16:16:45.744+0000] {subprocess.py:106} INFO - Requirement already satisfied: ruamel.yaml>=0.17.11 in /home/***/.local/lib/python3.12/site-packages (from dvc[gdrive]->-r /opt/***/dags/src/requirements.txt (line 25)) (0.18.10)
[2025-03-02T16:16:45.744+0000] {subprocess.py:106} INFO - Requirement already satisfied: scmrepo<4,>=3.3.8 in /home/***/.local/lib/python3.12/site-packages (from dvc[gdrive]->-r /opt/***/dags/src/requirements.txt (line 25)) (3.3.10)
[2025-03-02T16:16:45.744+0000] {subprocess.py:106} INFO - Requirement already satisfied: shortuuid>=0.5 in /home/***/.local/lib/python3.12/site-packages (from dvc[gdrive]->-r /opt/***/dags/src/requirements.txt (line 25)) (1.0.13)
[2025-03-02T16:16:45.744+0000] {subprocess.py:106} INFO - Requirement already satisfied: shtab<2,>=1.3.4 in /home/***/.local/lib/python3.12/site-packages (from dvc[gdrive]->-r /opt/***/dags/src/requirements.txt (line 25)) (1.7.1)
[2025-03-02T16:16:45.744+0000] {subprocess.py:106} INFO - Requirement already satisfied: tabulate>=0.8.7 in /home/***/.local/lib/python3.12/site-packages (from dvc[gdrive]->-r /opt/***/dags/src/requirements.txt (line 25)) (0.9.0)
[2025-03-02T16:16:45.744+0000] {subprocess.py:106} INFO - Requirement already satisfied: tomlkit>=0.11.1 in /home/***/.local/lib/python3.12/site-packages (from dvc[gdrive]->-r /opt/***/dags/src/requirements.txt (line 25)) (0.13.2)
[2025-03-02T16:16:45.745+0000] {subprocess.py:106} INFO - Requirement already satisfied: tqdm<5,>=4.63.1 in /home/***/.local/lib/python3.12/site-packages (from dvc[gdrive]->-r /opt/***/dags/src/requirements.txt (line 25)) (4.67.1)
[2025-03-02T16:16:45.745+0000] {subprocess.py:106} INFO - Requirement already satisfied: voluptuous>=0.11.7 in /home/***/.local/lib/python3.12/site-packages (from dvc[gdrive]->-r /opt/***/dags/src/requirements.txt (line 25)) (0.15.2)
[2025-03-02T16:16:45.745+0000] {subprocess.py:106} INFO - Requirement already satisfied: zc.lockfile>=1.2.1 in /home/***/.local/lib/python3.12/site-packages (from dvc[gdrive]->-r /opt/***/dags/src/requirements.txt (line 25)) (3.0.post1)
[2025-03-02T16:16:45.745+0000] {subprocess.py:106} INFO - Requirement already satisfied: dvc-gdrive<4,>=3 in /home/***/.local/lib/python3.12/site-packages (from dvc[gdrive]->-r /opt/***/dags/src/requirements.txt (line 25)) (3.0.1)
[2025-03-02T16:16:45.745+0000] {subprocess.py:106} INFO - Requirement already satisfied: dictdiffer>=0.8.1 in /home/***/.local/lib/python3.12/site-packages (from dvc-data<3.17,>=3.16.2->dvc[gdrive]->-r /opt/***/dags/src/requirements.txt (line 25)) (0.9.0)
[2025-03-02T16:16:45.747+0000] {subprocess.py:106} INFO - Requirement already satisfied: diskcache>=5.2.1 in /home/***/.local/lib/python3.12/site-packages (from dvc-data<3.17,>=3.16.2->dvc[gdrive]->-r /opt/***/dags/src/requirements.txt (line 25)) (5.6.3)
[2025-03-02T16:16:45.747+0000] {subprocess.py:106} INFO - Requirement already satisfied: sqltrie<1,>=0.11.0 in /home/***/.local/lib/python3.12/site-packages (from dvc-data<3.17,>=3.16.2->dvc[gdrive]->-r /opt/***/dags/src/requirements.txt (line 25)) (0.11.2)
[2025-03-02T16:16:45.749+0000] {subprocess.py:106} INFO - Requirement already satisfied: orjson<4,>=3 in /home/***/.local/lib/python3.12/site-packages (from dvc-data<3.17,>=3.16.2->dvc[gdrive]->-r /opt/***/dags/src/requirements.txt (line 25)) (3.10.15)
[2025-03-02T16:16:45.749+0000] {subprocess.py:106} INFO - Requirement already satisfied: pydrive2>=1.19.0 in /home/***/.local/lib/python3.12/site-packages (from pydrive2[fsspec]>=1.19.0->dvc-gdrive<4,>=3->dvc[gdrive]->-r /opt/***/dags/src/requirements.txt (line 25)) (1.21.3)
[2025-03-02T16:16:45.751+0000] {subprocess.py:106} INFO - Requirement already satisfied: aiohttp-retry>=2.5.0 in /home/***/.local/lib/python3.12/site-packages (from dvc-http>=2.29.0->dvc[gdrive]->-r /opt/***/dags/src/requirements.txt (line 25)) (2.9.1)
[2025-03-02T16:16:45.755+0000] {subprocess.py:106} INFO - Requirement already satisfied: billiard<5.0,>=4.2.0 in /home/***/.local/lib/python3.12/site-packages (from celery->dvc[gdrive]->-r /opt/***/dags/src/requirements.txt (line 25)) (4.2.1)
[2025-03-02T16:16:45.757+0000] {subprocess.py:106} INFO - Requirement already satisfied: vine<6.0,>=5.1.0 in /home/***/.local/lib/python3.12/site-packages (from celery->dvc[gdrive]->-r /opt/***/dags/src/requirements.txt (line 25)) (5.1.0)
[2025-03-02T16:16:45.758+0000] {subprocess.py:106} INFO - Requirement already satisfied: click<9.0,>=8.1.2 in /home/***/.local/lib/python3.12/site-packages (from celery->dvc[gdrive]->-r /opt/***/dags/src/requirements.txt (line 25)) (8.1.8)
[2025-03-02T16:16:45.758+0000] {subprocess.py:106} INFO - Requirement already satisfied: click-didyoumean>=0.3.0 in /home/***/.local/lib/python3.12/site-packages (from celery->dvc[gdrive]->-r /opt/***/dags/src/requirements.txt (line 25)) (0.3.1)
[2025-03-02T16:16:45.759+0000] {subprocess.py:106} INFO - Requirement already satisfied: click-repl>=0.2.0 in /home/***/.local/lib/python3.12/site-packages (from celery->dvc[gdrive]->-r /opt/***/dags/src/requirements.txt (line 25)) (0.3.0)
[2025-03-02T16:16:45.761+0000] {subprocess.py:106} INFO - Requirement already satisfied: click-plugins>=1.1.1 in /home/***/.local/lib/python3.12/site-packages (from celery->dvc[gdrive]->-r /opt/***/dags/src/requirements.txt (line 25)) (1.1.1)
[2025-03-02T16:16:45.761+0000] {subprocess.py:106} INFO - Requirement already satisfied: tzdata>=2022.7 in /home/***/.local/lib/python3.12/site-packages (from celery->dvc[gdrive]->-r /opt/***/dags/src/requirements.txt (line 25)) (2025.1)
[2025-03-02T16:16:45.765+0000] {subprocess.py:106} INFO - Requirement already satisfied: python-dateutil>=2.8.2 in /home/***/.local/lib/python3.12/site-packages (from celery->dvc[gdrive]->-r /opt/***/dags/src/requirements.txt (line 25)) (2.9.0.post0)
[2025-03-02T16:16:45.766+0000] {subprocess.py:106} INFO - Requirement already satisfied: six<2.0,>=1.12 in /home/***/.local/lib/python3.12/site-packages (from flatten_dict<1,>=0.4.1->dvc[gdrive]->-r /opt/***/dags/src/requirements.txt (line 25)) (1.17.0)
[2025-03-02T16:16:45.767+0000] {subprocess.py:106} INFO - Requirement already satisfied: atpublic in /home/***/.local/lib/python3.12/site-packages (from flufl.lock<9,>=8.1.0->dvc[gdrive]->-r /opt/***/dags/src/requirements.txt (line 25)) (5.1)
[2025-03-02T16:16:45.774+0000] {subprocess.py:106} INFO - Requirement already satisfied: entrypoints in /home/***/.local/lib/python3.12/site-packages (from gto<2,>=1.6.0->dvc[gdrive]->-r /opt/***/dags/src/requirements.txt (line 25)) (0.4)
[2025-03-02T16:16:45.775+0000] {subprocess.py:106} INFO - Requirement already satisfied: pydantic!=2.0.0,<3,>=1.9.0 in /home/***/.local/lib/python3.12/site-packages (from gto<2,>=1.6.0->dvc[gdrive]->-r /opt/***/dags/src/requirements.txt (line 25)) (2.10.6)
[2025-03-02T16:16:45.775+0000] {subprocess.py:106} INFO - Requirement already satisfied: semver>=2.13.0 in /home/***/.local/lib/python3.12/site-packages (from gto<2,>=1.6.0->dvc[gdrive]->-r /opt/***/dags/src/requirements.txt (line 25)) (3.0.4)
[2025-03-02T16:16:45.775+0000] {subprocess.py:106} INFO - Requirement already satisfied: typer>=0.4.1 in /home/***/.local/lib/python3.12/site-packages (from gto<2,>=1.6.0->dvc[gdrive]->-r /opt/***/dags/src/requirements.txt (line 25)) (0.15.2)
[2025-03-02T16:16:45.777+0000] {subprocess.py:106} INFO - Requirement already satisfied: antlr4-python3-runtime==4.9.* in /home/***/.local/lib/python3.12/site-packages (from hydra-core>=1.1->dvc[gdrive]->-r /opt/***/dags/src/requirements.txt (line 25)) (4.9.3)
[2025-03-02T16:16:45.781+0000] {subprocess.py:106} INFO - Requirement already satisfied: appdirs in /home/***/.local/lib/python3.12/site-packages (from iterative-telemetry>=0.0.7->dvc[gdrive]->-r /opt/***/dags/src/requirements.txt (line 25)) (1.4.4)
[2025-03-02T16:16:45.782+0000] {subprocess.py:106} INFO - Requirement already satisfied: filelock in /home/***/.local/lib/python3.12/site-packages (from iterative-telemetry>=0.0.7->dvc[gdrive]->-r /opt/***/dags/src/requirements.txt (line 25)) (3.17.0)
[2025-03-02T16:16:45.786+0000] {subprocess.py:106} INFO - Requirement already satisfied: amqp<6.0.0,>=5.1.1 in /home/***/.local/lib/python3.12/site-packages (from kombu->dvc[gdrive]->-r /opt/***/dags/src/requirements.txt (line 25)) (5.3.1)
[2025-03-02T16:16:45.796+0000] {subprocess.py:106} INFO - Requirement already satisfied: PyYAML>=5.1.0 in /home/***/.local/lib/python3.12/site-packages (from omegaconf->dvc[gdrive]->-r /opt/***/dags/src/requirements.txt (line 25)) (6.0.2)
[2025-03-02T16:16:45.853+0000] {subprocess.py:106} INFO - Requirement already satisfied: markdown-it-py>=2.2.0 in /home/***/.local/lib/python3.12/site-packages (from rich>=12->dvc[gdrive]->-r /opt/***/dags/src/requirements.txt (line 25)) (3.0.0)
[2025-03-02T16:16:45.854+0000] {subprocess.py:106} INFO - Requirement already satisfied: pygments<3.0.0,>=2.13.0 in /home/***/.local/lib/python3.12/site-packages (from rich>=12->dvc[gdrive]->-r /opt/***/dags/src/requirements.txt (line 25)) (2.19.1)
[2025-03-02T16:16:45.857+0000] {subprocess.py:106} INFO - Requirement already satisfied: ruamel.yaml.clib>=0.2.7 in /home/***/.local/lib/python3.12/site-packages (from ruamel.yaml>=0.17.11->dvc[gdrive]->-r /opt/***/dags/src/requirements.txt (line 25)) (0.2.12)
[2025-03-02T16:16:45.864+0000] {subprocess.py:106} INFO - Requirement already satisfied: gitpython>3 in /home/***/.local/lib/python3.12/site-packages (from scmrepo<4,>=3.3.8->dvc[gdrive]->-r /opt/***/dags/src/requirements.txt (line 25)) (3.1.44)
[2025-03-02T16:16:45.866+0000] {subprocess.py:106} INFO - Requirement already satisfied: pygit2>=1.14.0 in /home/***/.local/lib/python3.12/site-packages (from scmrepo<4,>=3.3.8->dvc[gdrive]->-r /opt/***/dags/src/requirements.txt (line 25)) (1.17.0)
[2025-03-02T16:16:45.867+0000] {subprocess.py:106} INFO - Requirement already satisfied: asyncssh<3,>=2.13.1 in /home/***/.local/lib/python3.12/site-packages (from scmrepo<4,>=3.3.8->dvc[gdrive]->-r /opt/***/dags/src/requirements.txt (line 25)) (2.19.0)
[2025-03-02T16:16:45.897+0000] {subprocess.py:106} INFO - Requirement already satisfied: setuptools in /home/***/.local/lib/python3.12/site-packages (from zc.lockfile>=1.2.1->dvc[gdrive]->-r /opt/***/dags/src/requirements.txt (line 25)) (75.8.0)
[2025-03-02T16:16:45.936+0000] {subprocess.py:106} INFO - Requirement already satisfied: aiohttp in /home/***/.local/lib/python3.12/site-packages (from aiohttp-retry>=2.5.0->dvc-http>=2.29.0->dvc[gdrive]->-r /opt/***/dags/src/requirements.txt (line 25)) (3.11.11)
[2025-03-02T16:16:45.949+0000] {subprocess.py:106} INFO - Requirement already satisfied: cryptography>=39.0 in /home/***/.local/lib/python3.12/site-packages (from asyncssh<3,>=2.13.1->scmrepo<4,>=3.3.8->dvc[gdrive]->-r /opt/***/dags/src/requirements.txt (line 25)) (42.0.8)
[2025-03-02T16:16:45.966+0000] {subprocess.py:106} INFO - Requirement already satisfied: prompt-toolkit>=3.0.36 in /home/***/.local/lib/python3.12/site-packages (from click-repl>=0.2.0->celery->dvc[gdrive]->-r /opt/***/dags/src/requirements.txt (line 25)) (3.0.50)
[2025-03-02T16:16:45.982+0000] {subprocess.py:106} INFO - Requirement already satisfied: gitdb<5,>=4.0.1 in /home/***/.local/lib/python3.12/site-packages (from gitpython>3->scmrepo<4,>=3.3.8->dvc[gdrive]->-r /opt/***/dags/src/requirements.txt (line 25)) (4.0.12)
[2025-03-02T16:16:45.987+0000] {subprocess.py:106} INFO - Requirement already satisfied: mdurl~=0.1 in /home/***/.local/lib/python3.12/site-packages (from markdown-it-py>=2.2.0->rich>=12->dvc[gdrive]->-r /opt/***/dags/src/requirements.txt (line 25)) (0.1.2)
[2025-03-02T16:16:45.998+0000] {subprocess.py:106} INFO - Requirement already satisfied: annotated-types>=0.6.0 in /home/***/.local/lib/python3.12/site-packages (from pydantic!=2.0.0,<3,>=1.9.0->gto<2,>=1.6.0->dvc[gdrive]->-r /opt/***/dags/src/requirements.txt (line 25)) (0.7.0)
[2025-03-02T16:16:45.999+0000] {subprocess.py:106} INFO - Requirement already satisfied: pydantic-core==2.27.2 in /home/***/.local/lib/python3.12/site-packages (from pydantic!=2.0.0,<3,>=1.9.0->gto<2,>=1.6.0->dvc[gdrive]->-r /opt/***/dags/src/requirements.txt (line 25)) (2.27.2)
[2025-03-02T16:16:46.007+0000] {subprocess.py:106} INFO - Requirement already satisfied: google-api-python-client>=1.12.5 in /home/***/.local/lib/python3.12/site-packages (from pydrive2>=1.19.0->pydrive2[fsspec]>=1.19.0->dvc-gdrive<4,>=3->dvc[gdrive]->-r /opt/***/dags/src/requirements.txt (line 25)) (2.160.0)
[2025-03-02T16:16:46.008+0000] {subprocess.py:106} INFO - Requirement already satisfied: oauth2client>=4.0.0 in /home/***/.local/lib/python3.12/site-packages (from pydrive2>=1.19.0->pydrive2[fsspec]>=1.19.0->dvc-gdrive<4,>=3->dvc[gdrive]->-r /opt/***/dags/src/requirements.txt (line 25)) (4.1.3)
[2025-03-02T16:16:46.010+0000] {subprocess.py:106} INFO - Requirement already satisfied: pyOpenSSL<=24.2.1,>=19.1.0 in /home/***/.local/lib/python3.12/site-packages (from pydrive2>=1.19.0->pydrive2[fsspec]>=1.19.0->dvc-gdrive<4,>=3->dvc[gdrive]->-r /opt/***/dags/src/requirements.txt (line 25)) (24.2.1)
[2025-03-02T16:16:46.031+0000] {subprocess.py:106} INFO - Requirement already satisfied: cffi>=1.17.0 in /home/***/.local/lib/python3.12/site-packages (from pygit2>=1.14.0->scmrepo<4,>=3.3.8->dvc[gdrive]->-r /opt/***/dags/src/requirements.txt (line 25)) (1.17.1)
[2025-03-02T16:16:46.079+0000] {subprocess.py:106} INFO - Requirement already satisfied: shellingham>=1.3.0 in /home/***/.local/lib/python3.12/site-packages (from typer>=0.4.1->gto<2,>=1.6.0->dvc[gdrive]->-r /opt/***/dags/src/requirements.txt (line 25)) (1.5.4)
[2025-03-02T16:16:46.110+0000] {subprocess.py:106} INFO - Requirement already satisfied: aiohappyeyeballs>=2.3.0 in /home/***/.local/lib/python3.12/site-packages (from aiohttp->aiohttp-retry>=2.5.0->dvc-http>=2.29.0->dvc[gdrive]->-r /opt/***/dags/src/requirements.txt (line 25)) (2.4.4)
[2025-03-02T16:16:46.113+0000] {subprocess.py:106} INFO - Requirement already satisfied: aiosignal>=1.1.2 in /home/***/.local/lib/python3.12/site-packages (from aiohttp->aiohttp-retry>=2.5.0->dvc-http>=2.29.0->dvc[gdrive]->-r /opt/***/dags/src/requirements.txt (line 25)) (1.3.2)
[2025-03-02T16:16:46.116+0000] {subprocess.py:106} INFO - Requirement already satisfied: frozenlist>=1.1.1 in /home/***/.local/lib/python3.12/site-packages (from aiohttp->aiohttp-retry>=2.5.0->dvc-http>=2.29.0->dvc[gdrive]->-r /opt/***/dags/src/requirements.txt (line 25)) (1.5.0)
[2025-03-02T16:16:46.117+0000] {subprocess.py:106} INFO - Requirement already satisfied: multidict<7.0,>=4.5 in /home/***/.local/lib/python3.12/site-packages (from aiohttp->aiohttp-retry>=2.5.0->dvc-http>=2.29.0->dvc[gdrive]->-r /opt/***/dags/src/requirements.txt (line 25)) (6.1.0)
[2025-03-02T16:16:46.118+0000] {subprocess.py:106} INFO - Requirement already satisfied: propcache>=0.2.0 in /home/***/.local/lib/python3.12/site-packages (from aiohttp->aiohttp-retry>=2.5.0->dvc-http>=2.29.0->dvc[gdrive]->-r /opt/***/dags/src/requirements.txt (line 25)) (0.2.1)
[2025-03-02T16:16:46.120+0000] {subprocess.py:106} INFO - Requirement already satisfied: yarl<2.0,>=1.17.0 in /home/***/.local/lib/python3.12/site-packages (from aiohttp->aiohttp-retry>=2.5.0->dvc-http>=2.29.0->dvc[gdrive]->-r /opt/***/dags/src/requirements.txt (line 25)) (1.18.3)
[2025-03-02T16:16:46.128+0000] {subprocess.py:106} INFO - Requirement already satisfied: pycparser in /home/***/.local/lib/python3.12/site-packages (from cffi>=1.17.0->pygit2>=1.14.0->scmrepo<4,>=3.3.8->dvc[gdrive]->-r /opt/***/dags/src/requirements.txt (line 25)) (2.22)
[2025-03-02T16:16:46.139+0000] {subprocess.py:106} INFO - Requirement already satisfied: smmap<6,>=3.0.1 in /home/***/.local/lib/python3.12/site-packages (from gitdb<5,>=4.0.1->gitpython>3->scmrepo<4,>=3.3.8->dvc[gdrive]->-r /opt/***/dags/src/requirements.txt (line 25)) (5.0.2)
[2025-03-02T16:16:46.144+0000] {subprocess.py:106} INFO - Requirement already satisfied: httplib2<1.dev0,>=0.19.0 in /home/***/.local/lib/python3.12/site-packages (from google-api-python-client>=1.12.5->pydrive2>=1.19.0->pydrive2[fsspec]>=1.19.0->dvc-gdrive<4,>=3->dvc[gdrive]->-r /opt/***/dags/src/requirements.txt (line 25)) (0.22.0)
[2025-03-02T16:16:46.144+0000] {subprocess.py:106} INFO - Requirement already satisfied: google-auth!=2.24.0,!=2.25.0,<3.0.0.dev0,>=1.32.0 in /home/***/.local/lib/python3.12/site-packages (from google-api-python-client>=1.12.5->pydrive2>=1.19.0->pydrive2[fsspec]>=1.19.0->dvc-gdrive<4,>=3->dvc[gdrive]->-r /opt/***/dags/src/requirements.txt (line 25)) (2.38.0)
[2025-03-02T16:16:46.144+0000] {subprocess.py:106} INFO - Requirement already satisfied: google-auth-httplib2<1.0.0,>=0.2.0 in /home/***/.local/lib/python3.12/site-packages (from google-api-python-client>=1.12.5->pydrive2>=1.19.0->pydrive2[fsspec]>=1.19.0->dvc-gdrive<4,>=3->dvc[gdrive]->-r /opt/***/dags/src/requirements.txt (line 25)) (0.2.0)
[2025-03-02T16:16:46.145+0000] {subprocess.py:106} INFO - Requirement already satisfied: google-api-core!=2.0.*,!=2.1.*,!=2.2.*,!=2.3.0,<3.0.0.dev0,>=1.31.5 in /home/***/.local/lib/python3.12/site-packages (from google-api-python-client>=1.12.5->pydrive2>=1.19.0->pydrive2[fsspec]>=1.19.0->dvc-gdrive<4,>=3->dvc[gdrive]->-r /opt/***/dags/src/requirements.txt (line 25)) (2.24.1)
[2025-03-02T16:16:46.146+0000] {subprocess.py:106} INFO - Requirement already satisfied: uritemplate<5,>=3.0.1 in /home/***/.local/lib/python3.12/site-packages (from google-api-python-client>=1.12.5->pydrive2>=1.19.0->pydrive2[fsspec]>=1.19.0->dvc-gdrive<4,>=3->dvc[gdrive]->-r /opt/***/dags/src/requirements.txt (line 25)) (4.1.1)
[2025-03-02T16:16:46.155+0000] {subprocess.py:106} INFO - Requirement already satisfied: pyasn1>=0.1.7 in /home/***/.local/lib/python3.12/site-packages (from oauth2client>=4.0.0->pydrive2>=1.19.0->pydrive2[fsspec]>=1.19.0->dvc-gdrive<4,>=3->dvc[gdrive]->-r /opt/***/dags/src/requirements.txt (line 25)) (0.6.1)
[2025-03-02T16:16:46.155+0000] {subprocess.py:106} INFO - Requirement already satisfied: pyasn1-modules>=0.0.5 in /home/***/.local/lib/python3.12/site-packages (from oauth2client>=4.0.0->pydrive2>=1.19.0->pydrive2[fsspec]>=1.19.0->dvc-gdrive<4,>=3->dvc[gdrive]->-r /opt/***/dags/src/requirements.txt (line 25)) (0.4.0)
[2025-03-02T16:16:46.156+0000] {subprocess.py:106} INFO - Requirement already satisfied: rsa>=3.1.4 in /home/***/.local/lib/python3.12/site-packages (from oauth2client>=4.0.0->pydrive2>=1.19.0->pydrive2[fsspec]>=1.19.0->dvc-gdrive<4,>=3->dvc[gdrive]->-r /opt/***/dags/src/requirements.txt (line 25)) (4.9)
[2025-03-02T16:16:46.160+0000] {subprocess.py:106} INFO - Requirement already satisfied: wcwidth in /home/***/.local/lib/python3.12/site-packages (from prompt-toolkit>=3.0.36->click-repl>=0.2.0->celery->dvc[gdrive]->-r /opt/***/dags/src/requirements.txt (line 25)) (0.2.13)
[2025-03-02T16:16:46.215+0000] {subprocess.py:106} INFO - Requirement already satisfied: googleapis-common-protos<2.0.dev0,>=1.56.2 in /home/***/.local/lib/python3.12/site-packages (from google-api-core!=2.0.*,!=2.1.*,!=2.2.*,!=2.3.0,<3.0.0.dev0,>=1.31.5->google-api-python-client>=1.12.5->pydrive2>=1.19.0->pydrive2[fsspec]>=1.19.0->dvc-gdrive<4,>=3->dvc[gdrive]->-r /opt/***/dags/src/requirements.txt (line 25)) (1.66.0)
[2025-03-02T16:16:46.218+0000] {subprocess.py:106} INFO - Requirement already satisfied: protobuf!=3.20.0,!=3.20.1,!=4.21.0,!=4.21.1,!=4.21.2,!=4.21.3,!=4.21.4,!=4.21.5,<6.0.0.dev0,>=3.19.5 in /home/***/.local/lib/python3.12/site-packages (from google-api-core!=2.0.*,!=2.1.*,!=2.2.*,!=2.3.0,<3.0.0.dev0,>=1.31.5->google-api-python-client>=1.12.5->pydrive2>=1.19.0->pydrive2[fsspec]>=1.19.0->dvc-gdrive<4,>=3->dvc[gdrive]->-r /opt/***/dags/src/requirements.txt (line 25)) (4.25.6)
[2025-03-02T16:16:46.219+0000] {subprocess.py:106} INFO - Requirement already satisfied: proto-plus<2.0.0dev,>=1.22.3 in /home/***/.local/lib/python3.12/site-packages (from google-api-core!=2.0.*,!=2.1.*,!=2.2.*,!=2.3.0,<3.0.0.dev0,>=1.31.5->google-api-python-client>=1.12.5->pydrive2>=1.19.0->pydrive2[fsspec]>=1.19.0->dvc-gdrive<4,>=3->dvc[gdrive]->-r /opt/***/dags/src/requirements.txt (line 25)) (1.26.0)
[2025-03-02T16:16:46.222+0000] {subprocess.py:106} INFO - Requirement already satisfied: cachetools<6.0,>=2.0.0 in /home/***/.local/lib/python3.12/site-packages (from google-auth!=2.24.0,!=2.25.0,<3.0.0.dev0,>=1.32.0->google-api-python-client>=1.12.5->pydrive2>=1.19.0->pydrive2[fsspec]>=1.19.0->dvc-gdrive<4,>=3->dvc[gdrive]->-r /opt/***/dags/src/requirements.txt (line 25)) (5.5.1)
[2025-03-02T16:16:46.807+0000] {subprocess.py:106} INFO - 
[2025-03-02T16:16:46.808+0000] {subprocess.py:106} INFO - [notice] A new release of pip is available: 25.0 -> 25.0.1
[2025-03-02T16:16:46.808+0000] {subprocess.py:106} INFO - [notice] To update, run: pip install --upgrade pip
[2025-03-02T16:16:46.885+0000] {subprocess.py:110} INFO - Command exited with return code 0
[2025-03-02T16:16:46.934+0000] {taskinstance.py:341} INFO - ::group::Post task execution logs
[2025-03-02T16:16:46.935+0000] {taskinstance.py:353} INFO - Marking task as SUCCESS. dag_id=scraping_pipeline_gcs, task_id=install_requirements, run_id=manual__2025-03-02T16:16:41.399674+00:00, execution_date=20250302T161641, start_date=20250302T161643, end_date=20250302T161646
[2025-03-02T16:16:46.951+0000] {logging_mixin.py:190} INFO - Task instance in success state
[2025-03-02T16:16:46.951+0000] {logging_mixin.py:190} INFO -  Previous state of the Task instance: running
[2025-03-02T16:16:46.951+0000] {logging_mixin.py:190} INFO - Dag name:scraping_pipeline_gcs queued_at:2025-03-02 16:16:41.433333+00:00
[2025-03-02T16:16:46.951+0000] {logging_mixin.py:190} INFO - Task hostname:8b8ee4ab00d2 operator:BashOperator
[2025-03-02T16:16:47.004+0000] {local_task_job_runner.py:266} INFO - Task exited with return code 0
[2025-03-02T16:16:47.045+0000] {taskinstance.py:3901} INFO - 1 downstream tasks scheduled from follow-on schedule check
[2025-03-02T16:16:47.046+0000] {local_task_job_runner.py:245} INFO - ::endgroup::
