[2025-03-02T08:01:37.831+0000] {local_task_job_runner.py:123} INFO - ::group::Pre task execution logs
[2025-03-02T08:01:37.843+0000] {taskinstance.py:2614} INFO - Dependencies all met for dep_context=non-requeueable deps ti=<TaskInstance: scraping_pipeline_gcs.extract_data manual__2025-03-02T07:24:43.877931+00:00 [queued]>
[2025-03-02T08:01:37.849+0000] {taskinstance.py:2614} INFO - Dependencies all met for dep_context=requeueable deps ti=<TaskInstance: scraping_pipeline_gcs.extract_data manual__2025-03-02T07:24:43.877931+00:00 [queued]>
[2025-03-02T08:01:37.850+0000] {taskinstance.py:2867} INFO - Starting attempt 1 of 3
[2025-03-02T08:01:37.856+0000] {taskinstance.py:2890} INFO - Executing <Task(BashOperator): extract_data> on 2025-03-02 07:24:43.877931+00:00
[2025-03-02T08:01:37.866+0000] {warnings.py:112} WARNING - /home/***/.local/lib/python3.12/site-packages/***/task/task_runner/standard_task_runner.py:70: DeprecationWarning: This process (pid=1077) is multi-threaded, use of fork() may lead to deadlocks in the child.
  pid = os.fork()

[2025-03-02T08:01:37.868+0000] {standard_task_runner.py:104} INFO - Running: ['***', 'tasks', 'run', 'scraping_pipeline_gcs', 'extract_data', 'manual__2025-03-02T07:24:43.877931+00:00', '--job-id', '31', '--raw', '--subdir', 'DAGS_FOLDER/dag.py', '--cfg-path', '/tmp/tmp8v5a_raw']
[2025-03-02T08:01:37.869+0000] {standard_task_runner.py:72} INFO - Started process 1080 to run task
[2025-03-02T08:01:37.869+0000] {standard_task_runner.py:105} INFO - Job 31: Subtask extract_data
[2025-03-02T08:01:37.892+0000] {task_command.py:467} INFO - Running <TaskInstance: scraping_pipeline_gcs.extract_data manual__2025-03-02T07:24:43.877931+00:00 [running]> on host 8b8ee4ab00d2
[2025-03-02T08:01:38.346+0000] {taskinstance.py:3134} INFO - Exporting env vars: AIRFLOW_CTX_DAG_OWNER='***' AIRFLOW_CTX_DAG_ID='scraping_pipeline_gcs' AIRFLOW_CTX_TASK_ID='extract_data' AIRFLOW_CTX_EXECUTION_DATE='2025-03-02T07:24:43.877931+00:00' AIRFLOW_CTX_TRY_NUMBER='1' AIRFLOW_CTX_DAG_RUN_ID='manual__2025-03-02T07:24:43.877931+00:00'
[2025-03-02T08:01:38.347+0000] {logging_mixin.py:190} INFO - Task instance is in running state
[2025-03-02T08:01:38.347+0000] {logging_mixin.py:190} INFO -  Previous state of the Task instance: queued
[2025-03-02T08:01:38.348+0000] {logging_mixin.py:190} INFO - Current task name:extract_data state:running start_date:2025-03-02 08:01:37.844753+00:00
[2025-03-02T08:01:38.348+0000] {logging_mixin.py:190} INFO - Dag name:scraping_pipeline_gcs and current dag run status:running
[2025-03-02T08:01:38.349+0000] {taskinstance.py:732} INFO - ::endgroup::
[2025-03-02T08:01:38.351+0000] {subprocess.py:78} INFO - Tmp dir root location: /tmp
[2025-03-02T08:01:38.354+0000] {subprocess.py:88} INFO - Running command: ['/usr/bin/bash', '-c', 'python /opt/***/dags/src/Scrape_script.py']
[2025-03-02T08:01:38.368+0000] {subprocess.py:99} INFO - Output:
[2025-03-02T08:01:40.018+0000] {subprocess.py:106} INFO - [FATAL ERROR] File is not a zip file
[2025-03-02T08:01:40.023+0000] {subprocess.py:106} INFO - [INFO] Scraping Complete!
[2025-03-02T08:01:40.056+0000] {subprocess.py:110} INFO - Command exited with return code 0
[2025-03-02T08:01:40.118+0000] {taskinstance.py:341} INFO - ::group::Post task execution logs
[2025-03-02T08:01:40.119+0000] {taskinstance.py:353} INFO - Marking task as SUCCESS. dag_id=scraping_pipeline_gcs, task_id=extract_data, run_id=manual__2025-03-02T07:24:43.877931+00:00, execution_date=20250302T072443, start_date=20250302T080137, end_date=20250302T080140
[2025-03-02T08:01:40.163+0000] {logging_mixin.py:190} INFO - Task instance in success state
[2025-03-02T08:01:40.163+0000] {logging_mixin.py:190} INFO -  Previous state of the Task instance: running
[2025-03-02T08:01:40.163+0000] {logging_mixin.py:190} INFO - Dag name:scraping_pipeline_gcs queued_at:2025-03-02 07:24:43.894757+00:00
[2025-03-02T08:01:40.163+0000] {logging_mixin.py:190} INFO - Task hostname:8b8ee4ab00d2 operator:BashOperator
[2025-03-02T08:01:40.193+0000] {local_task_job_runner.py:266} INFO - Task exited with return code 0
[2025-03-02T08:01:40.235+0000] {taskinstance.py:3901} INFO - 1 downstream tasks scheduled from follow-on schedule check
[2025-03-02T08:01:40.236+0000] {local_task_job_runner.py:245} INFO - ::endgroup::
