[2025-03-03T01:07:53.945+0000] {local_task_job_runner.py:123} INFO - ::group::Pre task execution logs
[2025-03-03T01:07:53.986+0000] {taskinstance.py:2614} INFO - Dependencies all met for dep_context=non-requeueable deps ti=<TaskInstance: scraping_pipeline_gcs.dvc_push manual__2025-03-03T01:05:43.753553+00:00 [queued]>
[2025-03-03T01:07:53.999+0000] {taskinstance.py:2614} INFO - Dependencies all met for dep_context=requeueable deps ti=<TaskInstance: scraping_pipeline_gcs.dvc_push manual__2025-03-03T01:05:43.753553+00:00 [queued]>
[2025-03-03T01:07:53.999+0000] {taskinstance.py:2867} INFO - Starting attempt 1 of 3
[2025-03-03T01:07:54.022+0000] {taskinstance.py:2890} INFO - Executing <Task(PythonOperator): dvc_push> on 2025-03-03 01:05:43.753553+00:00
[2025-03-03T01:07:54.037+0000] {warnings.py:112} WARNING - /home/***/.local/lib/python3.12/site-packages/***/task/task_runner/standard_task_runner.py:70: DeprecationWarning: This process (pid=1410) is multi-threaded, use of fork() may lead to deadlocks in the child.
  pid = os.fork()

[2025-03-03T01:07:54.039+0000] {standard_task_runner.py:72} INFO - Started process 1412 to run task
[2025-03-03T01:07:54.040+0000] {standard_task_runner.py:104} INFO - Running: ['***', 'tasks', 'run', 'scraping_pipeline_gcs', 'dvc_push', 'manual__2025-03-03T01:05:43.753553+00:00', '--job-id', '271', '--raw', '--subdir', 'DAGS_FOLDER/dag.py', '--cfg-path', '/tmp/tmpn_fky35k']
[2025-03-03T01:07:54.042+0000] {standard_task_runner.py:105} INFO - Job 271: Subtask dvc_push
[2025-03-03T01:07:54.117+0000] {task_command.py:467} INFO - Running <TaskInstance: scraping_pipeline_gcs.dvc_push manual__2025-03-03T01:05:43.753553+00:00 [running]> on host 5e87a20f9330
[2025-03-03T01:07:54.220+0000] {taskinstance.py:3134} INFO - Exporting env vars: AIRFLOW_CTX_DAG_OWNER='***' AIRFLOW_CTX_DAG_ID='scraping_pipeline_gcs' AIRFLOW_CTX_TASK_ID='dvc_push' AIRFLOW_CTX_EXECUTION_DATE='2025-03-03T01:05:43.753553+00:00' AIRFLOW_CTX_TRY_NUMBER='1' AIRFLOW_CTX_DAG_RUN_ID='manual__2025-03-03T01:05:43.753553+00:00'
[2025-03-03T01:07:54.224+0000] {logging_mixin.py:190} INFO - Task instance is in running state
[2025-03-03T01:07:54.224+0000] {logging_mixin.py:190} INFO -  Previous state of the Task instance: queued
[2025-03-03T01:07:54.225+0000] {logging_mixin.py:190} INFO - Current task name:dvc_push state:running start_date:2025-03-03 01:07:53.986798+00:00
[2025-03-03T01:07:54.227+0000] {logging_mixin.py:190} INFO - Dag name:scraping_pipeline_gcs and current dag run status:running
[2025-03-03T01:07:54.228+0000] {taskinstance.py:732} INFO - ::endgroup::
[2025-03-03T01:08:05.085+0000] {dag.py:70} INFO - ✅ DVC successfully tracked and pushed data to GCS.
[2025-03-03T01:08:05.103+0000] {python.py:240} INFO - Done. Returned value was: None
[2025-03-03T01:08:05.246+0000] {taskinstance.py:341} INFO - ::group::Post task execution logs
[2025-03-03T01:08:05.248+0000] {taskinstance.py:353} INFO - Marking task as SUCCESS. dag_id=scraping_pipeline_gcs, task_id=dvc_push, run_id=manual__2025-03-03T01:05:43.753553+00:00, execution_date=20250303T010543, start_date=20250303T010753, end_date=20250303T010805
[2025-03-03T01:08:05.399+0000] {logging_mixin.py:190} INFO - Task instance in success state
[2025-03-03T01:08:05.400+0000] {logging_mixin.py:190} INFO -  Previous state of the Task instance: running
[2025-03-03T01:08:05.406+0000] {logging_mixin.py:190} INFO - Dag name:scraping_pipeline_gcs queued_at:2025-03-03 01:05:43.813935+00:00
[2025-03-03T01:08:05.415+0000] {logging_mixin.py:190} INFO - Task hostname:5e87a20f9330 operator:PythonOperator
[2025-03-03T01:08:05.515+0000] {local_task_job_runner.py:266} INFO - Task exited with return code 0
[2025-03-03T01:08:05.679+0000] {taskinstance.py:3901} INFO - 0 downstream tasks scheduled from follow-on schedule check
[2025-03-03T01:08:05.684+0000] {local_task_job_runner.py:245} INFO - ::endgroup::
