[2025-03-02T08:07:24.968+0000] {local_task_job_runner.py:123} INFO - ::group::Pre task execution logs
[2025-03-02T08:07:24.977+0000] {taskinstance.py:2614} INFO - Dependencies all met for dep_context=non-requeueable deps ti=<TaskInstance: scraping_pipeline_gcs.extract_data manual__2025-03-02T08:07:15.641846+00:00 [queued]>
[2025-03-02T08:07:24.980+0000] {taskinstance.py:2614} INFO - Dependencies all met for dep_context=requeueable deps ti=<TaskInstance: scraping_pipeline_gcs.extract_data manual__2025-03-02T08:07:15.641846+00:00 [queued]>
[2025-03-02T08:07:24.980+0000] {taskinstance.py:2867} INFO - Starting attempt 1 of 3
[2025-03-02T08:07:24.985+0000] {taskinstance.py:2890} INFO - Executing <Task(BashOperator): extract_data> on 2025-03-02 08:07:15.641846+00:00
[2025-03-02T08:07:24.989+0000] {warnings.py:112} WARNING - /home/***/.local/lib/python3.12/site-packages/***/task/task_runner/standard_task_runner.py:70: DeprecationWarning: This process (pid=1388) is multi-threaded, use of fork() may lead to deadlocks in the child.
  pid = os.fork()

[2025-03-02T08:07:24.990+0000] {standard_task_runner.py:72} INFO - Started process 1390 to run task
[2025-03-02T08:07:24.990+0000] {standard_task_runner.py:104} INFO - Running: ['***', 'tasks', 'run', 'scraping_pipeline_gcs', 'extract_data', 'manual__2025-03-02T08:07:15.641846+00:00', '--job-id', '43', '--raw', '--subdir', 'DAGS_FOLDER/dag.py', '--cfg-path', '/tmp/tmp77pe_f70']
[2025-03-02T08:07:24.991+0000] {standard_task_runner.py:105} INFO - Job 43: Subtask extract_data
[2025-03-02T08:07:25.030+0000] {task_command.py:467} INFO - Running <TaskInstance: scraping_pipeline_gcs.extract_data manual__2025-03-02T08:07:15.641846+00:00 [running]> on host 8b8ee4ab00d2
[2025-03-02T08:07:25.243+0000] {taskinstance.py:3134} INFO - Exporting env vars: AIRFLOW_CTX_DAG_OWNER='***' AIRFLOW_CTX_DAG_ID='scraping_pipeline_gcs' AIRFLOW_CTX_TASK_ID='extract_data' AIRFLOW_CTX_EXECUTION_DATE='2025-03-02T08:07:15.641846+00:00' AIRFLOW_CTX_TRY_NUMBER='1' AIRFLOW_CTX_DAG_RUN_ID='manual__2025-03-02T08:07:15.641846+00:00'
[2025-03-02T08:07:25.243+0000] {logging_mixin.py:190} INFO - Task instance is in running state
[2025-03-02T08:07:25.244+0000] {logging_mixin.py:190} INFO -  Previous state of the Task instance: queued
[2025-03-02T08:07:25.244+0000] {logging_mixin.py:190} INFO - Current task name:extract_data state:running start_date:2025-03-02 08:07:24.977570+00:00
[2025-03-02T08:07:25.244+0000] {logging_mixin.py:190} INFO - Dag name:scraping_pipeline_gcs and current dag run status:running
[2025-03-02T08:07:25.244+0000] {taskinstance.py:732} INFO - ::endgroup::
[2025-03-02T08:07:25.244+0000] {subprocess.py:78} INFO - Tmp dir root location: /tmp
[2025-03-02T08:07:25.245+0000] {subprocess.py:88} INFO - Running command: ['/usr/bin/bash', '-c', 'python /opt/***/dags/src/Scrape_script.py']
[2025-03-02T08:07:25.252+0000] {subprocess.py:99} INFO - Output:
[2025-03-02T08:07:26.631+0000] {subprocess.py:106} INFO - [FATAL ERROR] Message: Service /home/***/.wdm/drivers/chromedriver/linux64/114.0.5735.90/chromedriver unexpectedly exited. Status code was: -5
[2025-03-02T08:07:26.633+0000] {subprocess.py:106} INFO - 
[2025-03-02T08:07:26.633+0000] {subprocess.py:106} INFO - [INFO] Scraping Complete!
[2025-03-02T08:07:26.670+0000] {subprocess.py:110} INFO - Command exited with return code 0
[2025-03-02T08:07:26.685+0000] {taskinstance.py:341} INFO - ::group::Post task execution logs
[2025-03-02T08:07:26.686+0000] {taskinstance.py:353} INFO - Marking task as SUCCESS. dag_id=scraping_pipeline_gcs, task_id=extract_data, run_id=manual__2025-03-02T08:07:15.641846+00:00, execution_date=20250302T080715, start_date=20250302T080724, end_date=20250302T080726
[2025-03-02T08:07:26.695+0000] {logging_mixin.py:190} INFO - Task instance in success state
[2025-03-02T08:07:26.695+0000] {logging_mixin.py:190} INFO -  Previous state of the Task instance: running
[2025-03-02T08:07:26.695+0000] {logging_mixin.py:190} INFO - Dag name:scraping_pipeline_gcs queued_at:2025-03-02 08:07:15.697727+00:00
[2025-03-02T08:07:26.696+0000] {logging_mixin.py:190} INFO - Task hostname:8b8ee4ab00d2 operator:BashOperator
[2025-03-02T08:07:26.732+0000] {local_task_job_runner.py:266} INFO - Task exited with return code 0
[2025-03-02T08:07:26.757+0000] {taskinstance.py:3901} INFO - 1 downstream tasks scheduled from follow-on schedule check
[2025-03-02T08:07:26.758+0000] {local_task_job_runner.py:245} INFO - ::endgroup::
