[2025-03-02T09:17:52.464+0000] {local_task_job_runner.py:123} INFO - ::group::Pre task execution logs
[2025-03-02T09:17:52.473+0000] {taskinstance.py:2614} INFO - Dependencies all met for dep_context=non-requeueable deps ti=<TaskInstance: scraping_pipeline_gcs.extract_data manual__2025-03-02T09:17:21.337943+00:00 [queued]>
[2025-03-02T09:17:52.480+0000] {taskinstance.py:2614} INFO - Dependencies all met for dep_context=requeueable deps ti=<TaskInstance: scraping_pipeline_gcs.extract_data manual__2025-03-02T09:17:21.337943+00:00 [queued]>
[2025-03-02T09:17:52.480+0000] {taskinstance.py:2867} INFO - Starting attempt 1 of 3
[2025-03-02T09:17:52.489+0000] {taskinstance.py:2890} INFO - Executing <Task(BashOperator): extract_data> on 2025-03-02 09:17:21.337943+00:00
[2025-03-02T09:17:52.502+0000] {warnings.py:112} WARNING - /home/***/.local/lib/python3.12/site-packages/***/task/task_runner/standard_task_runner.py:70: DeprecationWarning: This process (pid=942) is multi-threaded, use of fork() may lead to deadlocks in the child.
  pid = os.fork()

[2025-03-02T09:17:52.503+0000] {standard_task_runner.py:72} INFO - Started process 944 to run task
[2025-03-02T09:17:52.503+0000] {standard_task_runner.py:104} INFO - Running: ['***', 'tasks', 'run', 'scraping_pipeline_gcs', 'extract_data', 'manual__2025-03-02T09:17:21.337943+00:00', '--job-id', '66', '--raw', '--subdir', 'DAGS_FOLDER/dag.py', '--cfg-path', '/tmp/tmpnplt3ysb']
[2025-03-02T09:17:52.504+0000] {standard_task_runner.py:105} INFO - Job 66: Subtask extract_data
[2025-03-02T09:17:52.535+0000] {task_command.py:467} INFO - Running <TaskInstance: scraping_pipeline_gcs.extract_data manual__2025-03-02T09:17:21.337943+00:00 [running]> on host 8b8ee4ab00d2
[2025-03-02T09:17:53.014+0000] {taskinstance.py:3134} INFO - Exporting env vars: AIRFLOW_CTX_DAG_OWNER='***' AIRFLOW_CTX_DAG_ID='scraping_pipeline_gcs' AIRFLOW_CTX_TASK_ID='extract_data' AIRFLOW_CTX_EXECUTION_DATE='2025-03-02T09:17:21.337943+00:00' AIRFLOW_CTX_TRY_NUMBER='1' AIRFLOW_CTX_DAG_RUN_ID='manual__2025-03-02T09:17:21.337943+00:00'
[2025-03-02T09:17:53.015+0000] {logging_mixin.py:190} INFO - Task instance is in running state
[2025-03-02T09:17:53.016+0000] {logging_mixin.py:190} INFO -  Previous state of the Task instance: queued
[2025-03-02T09:17:53.016+0000] {logging_mixin.py:190} INFO - Current task name:extract_data state:running start_date:2025-03-02 09:17:52.473956+00:00
[2025-03-02T09:17:53.016+0000] {logging_mixin.py:190} INFO - Dag name:scraping_pipeline_gcs and current dag run status:running
[2025-03-02T09:17:53.016+0000] {taskinstance.py:732} INFO - ::endgroup::
[2025-03-02T09:17:53.017+0000] {subprocess.py:78} INFO - Tmp dir root location: /tmp
[2025-03-02T09:17:53.017+0000] {subprocess.py:88} INFO - Running command: ['/usr/bin/bash', '-c', 'python /opt/***/dags/src/Scrape_script.py && true']
[2025-03-02T09:17:53.028+0000] {subprocess.py:99} INFO - Output:
[2025-03-02T09:17:54.476+0000] {subprocess.py:106} INFO - [INFO] Visiting: https://www.recreation.northeastern.edu/ (fail_count=0)
[2025-03-02T09:18:08.682+0000] {subprocess.py:106} INFO - [SUCCESS] Scraped: https://www.recreation.northeastern.edu/
[2025-03-02T09:18:09.148+0000] {subprocess.py:106} INFO - [INFO] Visiting: https://recreation.northeastern.edu/road-races-triathlons/ (fail_count=0)
[2025-03-02T09:18:16.234+0000] {subprocess.py:106} INFO - [SUCCESS] Scraped: https://recreation.northeastern.edu/road-races-triathlons/
[2025-03-02T09:18:17.178+0000] {subprocess.py:106} INFO - [INFO] Visiting: https://recreation.northeastern.edu/mcphs-university/ (fail_count=0)
[2025-03-02T09:18:25.748+0000] {subprocess.py:106} INFO - [SUCCESS] Scraped: https://recreation.northeastern.edu/mcphs-university/
[2025-03-02T09:18:26.235+0000] {subprocess.py:106} INFO - [INFO] Visiting: https://recreation.northeastern.edu/become-a-trainer/ (fail_count=0)
[2025-03-02T09:18:33.559+0000] {subprocess.py:106} INFO - [SUCCESS] Scraped: https://recreation.northeastern.edu/become-a-trainer/
[2025-03-02T09:18:33.905+0000] {subprocess.py:106} INFO - [INFO] Visiting: https://recreation.northeastern.edu/request-a-personal-trainer/ (fail_count=0)
[2025-03-02T09:18:42.275+0000] {subprocess.py:106} INFO - [SUCCESS] Scraped: https://recreation.northeastern.edu/request-a-personal-trainer/
[2025-03-02T09:18:42.644+0000] {subprocess.py:106} INFO - [INFO] Visiting: https://recreation.northeastern.edu/carter-playground/ (fail_count=0)
[2025-03-02T09:18:49.501+0000] {subprocess.py:106} INFO - [SUCCESS] Scraped: https://recreation.northeastern.edu/carter-playground/
[2025-03-02T09:18:50.798+0000] {subprocess.py:106} INFO - [INFO] Visiting: https://recreation.northeastern.edu/marino-recreation-center/ (fail_count=0)
[2025-03-02T09:19:01.535+0000] {subprocess.py:106} INFO - [SUCCESS] Scraped: https://recreation.northeastern.edu/marino-recreation-center/
[2025-03-02T09:19:02.028+0000] {subprocess.py:106} INFO - [INFO] Visiting: https://recreation.northeastern.edu/spouse-domestic-partners-and-dependents/ (fail_count=0)
[2025-03-02T09:19:10.259+0000] {subprocess.py:106} INFO - [SUCCESS] Scraped: https://recreation.northeastern.edu/spouse-domestic-partners-and-dependents/
[2025-03-02T09:19:10.629+0000] {subprocess.py:106} INFO - [INFO] Visiting: https://recreation.northeastern.edu/become-an-instructor/ (fail_count=0)
[2025-03-02T09:19:17.140+0000] {subprocess.py:106} INFO - [SUCCESS] Scraped: https://recreation.northeastern.edu/become-an-instructor/
[2025-03-02T09:19:17.620+0000] {subprocess.py:106} INFO - [INFO] Visiting: https://recreation.northeastern.edu/global-recreation-fitness-app/ (fail_count=0)
[2025-03-02T09:19:26.601+0000] {subprocess.py:106} INFO - [SUCCESS] Scraped: https://recreation.northeastern.edu/global-recreation-fitness-app/
[2025-03-02T09:19:27.008+0000] {subprocess.py:106} INFO - [INFO] Visiting: https://recreation.northeastern.edu/global-recreation-fitness-app/flex.fod247.fitness (fail_count=0)
[2025-03-02T09:19:33.312+0000] {subprocess.py:106} INFO - [SUCCESS] Scraped: https://recreation.northeastern.edu/global-recreation-fitness-app/flex.fod247.fitness
[2025-03-02T09:19:33.802+0000] {subprocess.py:106} INFO - [INFO] Visiting: https://recreation.northeastern.edu/guests/ (fail_count=0)
[2025-03-02T09:19:43.565+0000] {subprocess.py:106} INFO - [SUCCESS] Scraped: https://recreation.northeastern.edu/guests/
[2025-03-02T09:19:43.923+0000] {subprocess.py:106} INFO - [INFO] Visiting: https://recreation.northeastern.edu/boston-conservatory-at-berklee-berklee-college-of-music/ (fail_count=0)
[2025-03-02T09:19:51.432+0000] {subprocess.py:106} INFO - [SUCCESS] Scraped: https://recreation.northeastern.edu/boston-conservatory-at-berklee-berklee-college-of-music/
[2025-03-02T09:19:51.912+0000] {subprocess.py:106} INFO - [INFO] Visiting: https://recreation.northeastern.edu/who-can-play-intramural-sports/ (fail_count=0)
[2025-03-02T09:19:59.867+0000] {subprocess.py:106} INFO - [SUCCESS] Scraped: https://recreation.northeastern.edu/who-can-play-intramural-sports/
[2025-03-02T09:20:00.454+0000] {subprocess.py:106} INFO - [INFO] Visiting: https://recreation.northeastern.edu/class-descriptions-2/ (fail_count=0)
[2025-03-02T09:20:09.506+0000] {subprocess.py:106} INFO - [SUCCESS] Scraped: https://recreation.northeastern.edu/class-descriptions-2/
[2025-03-02T09:20:10.208+0000] {subprocess.py:106} INFO - [INFO] Visiting: https://recreation.northeastern.edu/membership (fail_count=0)
[2025-03-02T09:20:18.318+0000] {subprocess.py:106} INFO - [SUCCESS] Scraped: https://recreation.northeastern.edu/membership
[2025-03-02T09:20:18.904+0000] {subprocess.py:106} INFO - [INFO] Visiting: https://recreation.northeastern.edu/policies/ (fail_count=0)
[2025-03-02T09:20:27.995+0000] {subprocess.py:106} INFO - [SUCCESS] Scraped: https://recreation.northeastern.edu/policies/
[2025-03-02T09:20:28.565+0000] {subprocess.py:106} INFO - [INFO] Visiting: https://recreation.northeastern.edu/guest/ (fail_count=0)
[2025-03-02T09:20:36.455+0000] {subprocess.py:106} INFO - [SUCCESS] Scraped: https://recreation.northeastern.edu/guest/
[2025-03-02T09:20:36.909+0000] {subprocess.py:106} INFO - [INFO] Visiting: https://recreation.northeastern.edu/facility-reservation/ (fail_count=0)
[2025-03-02T09:20:44.294+0000] {subprocess.py:106} INFO - [SUCCESS] Scraped: https://recreation.northeastern.edu/facility-reservation/
[2025-03-02T09:20:44.960+0000] {subprocess.py:106} INFO - [INFO] Visiting: https://recreation.northeastern.edu/become-a-referee/ (fail_count=0)
[2025-03-02T09:20:54.559+0000] {subprocess.py:106} INFO - [SUCCESS] Scraped: https://recreation.northeastern.edu/become-a-referee/
[2025-03-02T09:20:55.828+0000] {subprocess.py:106} INFO - [INFO] Visiting: https://recreation.northeastern.edu/client-testimonials/ (fail_count=0)
[2025-03-02T09:21:05.396+0000] {subprocess.py:106} INFO - [SUCCESS] Scraped: https://recreation.northeastern.edu/client-testimonials/
[2025-03-02T09:21:05.931+0000] {subprocess.py:106} INFO - [INFO] Visiting: https://recreation.northeastern.edu/instructional-recreation/ (fail_count=0)
[2025-03-02T09:21:14.532+0000] {subprocess.py:106} INFO - [SUCCESS] Scraped: https://recreation.northeastern.edu/instructional-recreation/
[2025-03-02T09:21:15.139+0000] {subprocess.py:106} INFO - [INFO] Visiting: https://recreation.northeastern.edu/aquatics-2/ (fail_count=0)
[2025-03-02T09:21:27.004+0000] {subprocess.py:106} INFO - [SUCCESS] Scraped: https://recreation.northeastern.edu/aquatics-2/
[2025-03-02T09:21:28.435+0000] {subprocess.py:106} INFO - [INFO] Visiting: https://recreation.northeastern.edu/full-time-benefit-eligible-faculty-and-staff/ (fail_count=0)
[2025-03-02T09:21:38.025+0000] {subprocess.py:106} INFO - [SUCCESS] Scraped: https://recreation.northeastern.edu/full-time-benefit-eligible-faculty-and-staff/
[2025-03-02T09:21:38.917+0000] {subprocess.py:106} INFO - [INFO] Visiting: https://recreation.northeastern.edu/guests (fail_count=0)
[2025-03-02T09:21:49.585+0000] {subprocess.py:106} INFO - [SUCCESS] Scraped: https://recreation.northeastern.edu/guests
[2025-03-02T09:21:50.364+0000] {subprocess.py:106} INFO - [INFO] Visiting: https://recreation.northeastern.edu/intramural-sports-faqs/ (fail_count=0)
[2025-03-02T09:21:58.034+0000] {subprocess.py:106} INFO - [SUCCESS] Scraped: https://recreation.northeastern.edu/intramural-sports-faqs/
[2025-03-02T09:21:58.670+0000] {subprocess.py:106} INFO - [INFO] Visiting: https://recreation.northeastern.edu/global-recreation-resource-guides/ (fail_count=0)
[2025-03-02T09:22:05.625+0000] {subprocess.py:106} INFO - [SUCCESS] Scraped: https://recreation.northeastern.edu/global-recreation-resource-guides/
[2025-03-02T09:22:06.370+0000] {subprocess.py:106} INFO - [INFO] Visiting: https://recreation.northeastern.edu/protest-policy/ (fail_count=0)
[2025-03-02T09:22:14.763+0000] {subprocess.py:106} INFO - [SUCCESS] Scraped: https://recreation.northeastern.edu/protest-policy/
[2025-03-02T09:22:15.228+0000] {subprocess.py:106} INFO - [INFO] Visiting: https://recreation.northeastern.edu/small-group-training/ (fail_count=0)
[2025-03-02T09:22:23.144+0000] {subprocess.py:106} INFO - [SUCCESS] Scraped: https://recreation.northeastern.edu/small-group-training/
[2025-03-02T09:22:23.804+0000] {subprocess.py:106} INFO - [INFO] Visiting: https://recreation.northeastern.edu/community-privileges/ (fail_count=0)
[2025-03-02T09:22:31.520+0000] {subprocess.py:106} INFO - [SUCCESS] Scraped: https://recreation.northeastern.edu/community-privileges/
[2025-03-02T09:22:32.137+0000] {subprocess.py:106} INFO - [INFO] Visiting: https://recreation.northeastern.edu/school-of-the-museum-of-fine-arts-smfa/ (fail_count=0)
[2025-03-02T09:22:38.751+0000] {subprocess.py:106} INFO - [SUCCESS] Scraped: https://recreation.northeastern.edu/school-of-the-museum-of-fine-arts-smfa/
[2025-03-02T09:22:39.455+0000] {subprocess.py:106} INFO - [INFO] Visiting: https://recreation.northeastern.edu/appropriate-attire-and-equipment-guidelinesolicy/ (fail_count=0)
[2025-03-02T09:22:46.853+0000] {subprocess.py:106} INFO - [SUCCESS] Scraped: https://recreation.northeastern.edu/appropriate-attire-and-equipment-guidelinesolicy/
[2025-03-02T09:22:47.303+0000] {subprocess.py:106} INFO - [INFO] Visiting: https://recreation.northeastern.edu/free-agents/ (fail_count=0)
[2025-03-02T09:22:58.182+0000] {subprocess.py:106} INFO - [SUCCESS] Scraped: https://recreation.northeastern.edu/free-agents/
[2025-03-02T09:22:59.745+0000] {subprocess.py:106} INFO - [SUCCESS] Downloaded: https://recreation.northeastern.edu/files/2020/09/FreeAgentHandoutWeb.pdf
[2025-03-02T09:22:59.749+0000] {subprocess.py:106} INFO - [INFO] Visiting: https://recreation.northeastern.edu/global-recreation-ambassadors/ (fail_count=0)
[2025-03-02T09:23:08.307+0000] {subprocess.py:106} INFO - [SUCCESS] Scraped: https://recreation.northeastern.edu/global-recreation-ambassadors/
[2025-03-02T09:23:08.992+0000] {subprocess.py:106} INFO - [INFO] Visiting: https://recreation.northeastern.edu/global-recreation-toronto-campus/ (fail_count=0)
[2025-03-02T09:23:18.689+0000] {subprocess.py:106} INFO - [SUCCESS] Scraped: https://recreation.northeastern.edu/global-recreation-toronto-campus/
[2025-03-02T09:23:19.467+0000] {subprocess.py:106} INFO - [INFO] Visiting: https://recreation.northeastern.edu/im-handbook-and-sport-rules/ (fail_count=0)
[2025-03-02T09:23:28.769+0000] {subprocess.py:106} INFO - [SUCCESS] Scraped: https://recreation.northeastern.edu/im-handbook-and-sport-rules/
[2025-03-02T09:23:29.240+0000] {subprocess.py:106} INFO - [INFO] Visiting: https://recreation.northeastern.edu/im-handbook-and-sport-rules/protest-policy (fail_count=0)
[2025-03-02T09:23:39.167+0000] {subprocess.py:106} INFO - [SUCCESS] Scraped: https://recreation.northeastern.edu/im-handbook-and-sport-rules/protest-policy
[2025-03-02T09:23:39.550+0000] {subprocess.py:106} INFO - [INFO] Visiting: https://recreation.northeastern.edu/general-information/ (fail_count=0)
[2025-03-02T09:23:45.809+0000] {subprocess.py:106} INFO - [SUCCESS] Scraped: https://recreation.northeastern.edu/general-information/
[2025-03-02T09:23:46.173+0000] {subprocess.py:106} INFO - [INFO] Visiting: https://recreation.northeastern.edu/program-registration/ (fail_count=0)
[2025-03-02T09:23:51.919+0000] {subprocess.py:106} INFO - [SUCCESS] Scraped: https://recreation.northeastern.edu/program-registration/
[2025-03-02T09:23:52.404+0000] {subprocess.py:106} INFO - [INFO] Visiting: https://recreation.northeastern.edu/group-fitness/ (fail_count=0)
[2025-03-02T09:23:59.342+0000] {subprocess.py:106} INFO - [SUCCESS] Scraped: https://recreation.northeastern.edu/group-fitness/
[2025-03-02T09:23:59.738+0000] {subprocess.py:106} INFO - [INFO] Visiting: https://recreation.northeastern.edu/jobs/ (fail_count=0)
[2025-03-02T09:24:05.035+0000] {subprocess.py:106} INFO - [SUCCESS] Scraped: https://recreation.northeastern.edu/jobs/
[2025-03-02T09:24:05.646+0000] {subprocess.py:106} INFO - [INFO] Visiting: https://recreation.northeastern.edu/current-intramural-sports/ (fail_count=0)
[2025-03-02T09:24:12.167+0000] {subprocess.py:106} INFO - [SUCCESS] Scraped: https://recreation.northeastern.edu/current-intramural-sports/
[2025-03-02T09:24:12.624+0000] {subprocess.py:106} INFO - [INFO] Visiting: https://recreation.northeastern.edu/our-personal-trainers/ (fail_count=0)
[2025-03-02T09:24:18.873+0000] {subprocess.py:106} INFO - [SUCCESS] Scraped: https://recreation.northeastern.edu/our-personal-trainers/
[2025-03-02T09:24:19.774+0000] {subprocess.py:106} INFO - [INFO] Visiting: https://recreation.northeastern.edu/personal-training/ (fail_count=0)
[2025-03-02T09:24:31.379+0000] {subprocess.py:106} INFO - [SUCCESS] Scraped: https://recreation.northeastern.edu/personal-training/
[2025-03-02T09:24:32.150+0000] {subprocess.py:106} INFO - [INFO] Visiting: https://recreation.northeastern.edu/instructional-recreation-faqs/ (fail_count=0)
[2025-03-02T09:24:39.264+0000] {subprocess.py:106} INFO - [SUCCESS] Scraped: https://recreation.northeastern.edu/instructional-recreation-faqs/
[2025-03-02T09:24:39.756+0000] {subprocess.py:106} INFO - [INFO] Visiting: https://recreation.northeastern.edu/facilities-hours/ (fail_count=0)
[2025-03-02T09:24:45.121+0000] {subprocess.py:106} INFO - [SUCCESS] Scraped: https://recreation.northeastern.edu/facilities-hours/
[2025-03-02T09:24:45.518+0000] {subprocess.py:106} INFO - [INFO] Visiting: https://recreation.northeastern.edu/files/2020/09/1.jpg (fail_count=0)
[2025-03-02T09:24:53.104+0000] {subprocess.py:106} INFO - [SUCCESS] Scraped: https://recreation.northeastern.edu/files/2020/09/1.jpg
[2025-03-02T09:24:53.560+0000] {subprocess.py:106} INFO - [INFO] Visiting: https://recreation.northeastern.edu/files/2020/09/carter-playground.jpg (fail_count=0)
[2025-03-02T09:25:02.140+0000] {subprocess.py:106} INFO - [SUCCESS] Scraped: https://recreation.northeastern.edu/files/2020/09/carter-playground.jpg
[2025-03-02T09:25:02.756+0000] {subprocess.py:106} INFO - [INFO] Visiting: https://recreation.northeastern.edu/files/2020/09/Matthews1.png (fail_count=0)
[2025-03-02T09:25:11.333+0000] {subprocess.py:106} INFO - [SUCCESS] Scraped: https://recreation.northeastern.edu/files/2020/09/Matthews1.png
[2025-03-02T09:25:11.925+0000] {subprocess.py:106} INFO - [INFO] Visiting: https://recreation.northeastern.edu/cabot-physical-education-center/ (fail_count=0)
[2025-03-02T09:25:22.461+0000] {subprocess.py:106} INFO - [SUCCESS] Scraped: https://recreation.northeastern.edu/cabot-physical-education-center/
[2025-03-02T09:25:22.935+0000] {subprocess.py:106} INFO - [INFO] Visiting: https://recreation.northeastern.edu/e-sports-leagues/ (fail_count=0)
[2025-03-02T09:25:28.475+0000] {subprocess.py:106} INFO - [SUCCESS] Scraped: https://recreation.northeastern.edu/e-sports-leagues/
[2025-03-02T09:25:28.862+0000] {subprocess.py:106} INFO - [INFO] Visiting: https://recreation.northeastern.edu/global-recreation-vancouver-campus/ (fail_count=0)
[2025-03-02T09:25:37.499+0000] {subprocess.py:106} INFO - [SUCCESS] Scraped: https://recreation.northeastern.edu/global-recreation-vancouver-campus/
[2025-03-02T09:25:38.542+0000] {subprocess.py:106} INFO - [INFO] Visiting: https://recreation.northeastern.edu/how-to-register/ (fail_count=0)
[2025-03-02T09:25:44.361+0000] {subprocess.py:106} INFO - [SUCCESS] Scraped: https://recreation.northeastern.edu/how-to-register/
[2025-03-02T09:25:44.905+0000] {subprocess.py:106} INFO - [INFO] Visiting: https://recreation.northeastern.edu/alumni/ (fail_count=0)
[2025-03-02T09:25:54.263+0000] {subprocess.py:106} INFO - [SUCCESS] Scraped: https://recreation.northeastern.edu/alumni/
[2025-03-02T09:25:54.718+0000] {subprocess.py:106} INFO - [INFO] Visiting: https://recreation.northeastern.edu/club-sports/ (fail_count=0)
[2025-03-02T09:26:04.108+0000] {subprocess.py:106} INFO - [SUCCESS] Scraped: https://recreation.northeastern.edu/club-sports/
[2025-03-02T09:26:05.138+0000] {subprocess.py:106} INFO - [INFO] Visiting: https://recreation.northeastern.edu/squashbusters-center/ (fail_count=0)
[2025-03-02T09:26:17.052+0000] {local_task_job_runner.py:346} WARNING - State of this instance has been externally set to failed. Terminating instance.
[2025-03-02T09:26:17.085+0000] {local_task_job_runner.py:245} INFO - ::endgroup::
[2025-03-02T09:26:17.130+0000] {process_utils.py:132} INFO - Sending 15 to group 944. PIDs of all processes in the group: [946, 947, 944]
[2025-03-02T09:26:17.137+0000] {process_utils.py:87} INFO - Sending the signal 15 to group 944
[2025-03-02T09:26:17.200+0000] {taskinstance.py:3094} ERROR - Received SIGTERM. Terminating subprocesses.
[2025-03-02T09:26:17.505+0000] {taskinstance.py:3095} ERROR - Stacktrace: 
  File "/home/***/.local/bin/***", line 8, in <module>
    sys.exit(main())
  File "/home/***/.local/lib/python3.12/site-packages/***/__main__.py", line 62, in main
    args.func(args)
  File "/home/***/.local/lib/python3.12/site-packages/***/cli/cli_config.py", line 49, in command
    return func(*args, **kwargs)
  File "/home/***/.local/lib/python3.12/site-packages/***/utils/cli.py", line 116, in wrapper
    return f(*args, **kwargs)
  File "/home/***/.local/lib/python3.12/site-packages/***/providers/celery/cli/celery_command.py", line 64, in wrapper
    providers_configuration_loaded(func)(*args, **kwargs)
  File "/home/***/.local/lib/python3.12/site-packages/***/utils/providers_configuration_loader.py", line 55, in wrapped_function
    return func(*args, **kwargs)
  File "/home/***/.local/lib/python3.12/site-packages/***/providers/celery/cli/celery_command.py", line 237, in worker
    _run_command_with_daemon_option(
  File "/home/***/.local/lib/python3.12/site-packages/***/providers/celery/cli/celery_command.py", line 50, in _run_command_with_daemon_option
    run_command_with_daemon_option(*args, **kwargs)
  File "/home/***/.local/lib/python3.12/site-packages/***/cli/commands/daemon_utils.py", line 86, in run_command_with_daemon_option
    callback()
  File "/home/***/.local/lib/python3.12/site-packages/***/providers/celery/cli/celery_command.py", line 230, in run_celery_worker
    celery_app.worker_main(options)
  File "/home/***/.local/lib/python3.12/site-packages/celery/app/base.py", line 391, in worker_main
    self.start(argv=argv)
  File "/home/***/.local/lib/python3.12/site-packages/celery/app/base.py", line 371, in start
    celery.main(args=argv, standalone_mode=False)
  File "/home/***/.local/lib/python3.12/site-packages/click/core.py", line 1082, in main
    rv = self.invoke(ctx)
  File "/home/***/.local/lib/python3.12/site-packages/click/core.py", line 1697, in invoke
    return _process_result(sub_ctx.command.invoke(sub_ctx))
  File "/home/***/.local/lib/python3.12/site-packages/click/core.py", line 1443, in invoke
    return ctx.invoke(self.callback, **ctx.params)
  File "/home/***/.local/lib/python3.12/site-packages/click/core.py", line 788, in invoke
    return __callback(*args, **kwargs)
  File "/home/***/.local/lib/python3.12/site-packages/click/decorators.py", line 33, in new_func
    return f(get_current_context(), *args, **kwargs)
  File "/home/***/.local/lib/python3.12/site-packages/celery/bin/base.py", line 135, in caller
    return f(ctx, *args, **kwargs)
  File "/home/***/.local/lib/python3.12/site-packages/celery/bin/worker.py", line 356, in worker
    worker.start()
  File "/home/***/.local/lib/python3.12/site-packages/celery/worker/worker.py", line 202, in start
    self.blueprint.start(self)
  File "/home/***/.local/lib/python3.12/site-packages/celery/bootsteps.py", line 116, in start
    step.start(parent)
  File "/home/***/.local/lib/python3.12/site-packages/celery/bootsteps.py", line 365, in start
    return self.obj.start()
  File "/home/***/.local/lib/python3.12/site-packages/celery/concurrency/base.py", line 130, in start
    self.on_start()
  File "/home/***/.local/lib/python3.12/site-packages/celery/concurrency/prefork.py", line 109, in on_start
    P = self._pool = Pool(processes=self.limit,
  File "/home/***/.local/lib/python3.12/site-packages/celery/concurrency/asynpool.py", line 464, in __init__
    super().__init__(processes, *args, **kwargs)
  File "/home/***/.local/lib/python3.12/site-packages/billiard/pool.py", line 1046, in __init__
    self._create_worker_process(i)
  File "/home/***/.local/lib/python3.12/site-packages/celery/concurrency/asynpool.py", line 482, in _create_worker_process
    return super()._create_worker_process(i)
  File "/home/***/.local/lib/python3.12/site-packages/billiard/pool.py", line 1158, in _create_worker_process
    w.start()
  File "/home/***/.local/lib/python3.12/site-packages/billiard/process.py", line 120, in start
    self._popen = self._Popen(self)
  File "/home/***/.local/lib/python3.12/site-packages/billiard/context.py", line 331, in _Popen
    return Popen(process_obj)
  File "/home/***/.local/lib/python3.12/site-packages/billiard/popen_fork.py", line 22, in __init__
    self._launch(process_obj)
  File "/home/***/.local/lib/python3.12/site-packages/billiard/popen_fork.py", line 77, in _launch
    code = process_obj._bootstrap()
  File "/home/***/.local/lib/python3.12/site-packages/billiard/process.py", line 323, in _bootstrap
    self.run()
  File "/home/***/.local/lib/python3.12/site-packages/billiard/process.py", line 110, in run
    self._target(*self._args, **self._kwargs)
  File "/home/***/.local/lib/python3.12/site-packages/billiard/pool.py", line 292, in __call__
    sys.exit(self.workloop(pid=pid))
  File "/home/***/.local/lib/python3.12/site-packages/billiard/pool.py", line 362, in workloop
    result = (True, prepare_result(fun(*args, **kwargs)))
  File "/home/***/.local/lib/python3.12/site-packages/celery/app/trace.py", line 651, in fast_trace_task
    R, I, T, Rstr = tasks[task].__trace__(
  File "/home/***/.local/lib/python3.12/site-packages/celery/app/trace.py", line 453, in trace_task
    R = retval = fun(*args, **kwargs)
  File "/home/***/.local/lib/python3.12/site-packages/celery/app/trace.py", line 736, in __protected_call__
    return self.run(*args, **kwargs)
  File "/home/***/.local/lib/python3.12/site-packages/***/providers/celery/executors/celery_executor_utils.py", line 139, in execute_command
    _execute_in_fork(command_to_exec, celery_task_id)
  File "/home/***/.local/lib/python3.12/site-packages/***/providers/celery/executors/celery_executor_utils.py", line 171, in _execute_in_fork
    args.func(args)
  File "/home/***/.local/lib/python3.12/site-packages/***/cli/cli_config.py", line 49, in command
    return func(*args, **kwargs)
  File "/home/***/.local/lib/python3.12/site-packages/***/utils/cli.py", line 116, in wrapper
    return f(*args, **kwargs)
  File "/home/***/.local/lib/python3.12/site-packages/***/cli/commands/task_command.py", line 483, in task_run
    task_return_code = _run_task_by_selected_method(args, _dag, ti)
  File "/home/***/.local/lib/python3.12/site-packages/***/cli/commands/task_command.py", line 254, in _run_task_by_selected_method
    return _run_task_by_local_task_job(args, ti)
  File "/home/***/.local/lib/python3.12/site-packages/***/cli/commands/task_command.py", line 322, in _run_task_by_local_task_job
    ret = run_job(job=job_runner.job, execute_callable=job_runner._execute)
  File "/home/***/.local/lib/python3.12/site-packages/***/utils/session.py", line 97, in wrapper
    return func(*args, session=session, **kwargs)
  File "/home/***/.local/lib/python3.12/site-packages/***/jobs/job.py", line 421, in run_job
    return execute_job(job, execute_callable=execute_callable)
  File "/home/***/.local/lib/python3.12/site-packages/***/jobs/job.py", line 450, in execute_job
    ret = execute_callable()
  File "/home/***/.local/lib/python3.12/site-packages/***/jobs/local_task_job_runner.py", line 171, in _execute
    self.task_runner.start()
  File "/home/***/.local/lib/python3.12/site-packages/***/task/task_runner/standard_task_runner.py", line 55, in start
    self.process = self._start_by_fork()
  File "/home/***/.local/lib/python3.12/site-packages/***/task/task_runner/standard_task_runner.py", line 117, in _start_by_fork
    ret = args.func(args, dag=self.dag)
  File "/home/***/.local/lib/python3.12/site-packages/***/cli/cli_config.py", line 49, in command
    return func(*args, **kwargs)
  File "/home/***/.local/lib/python3.12/site-packages/***/utils/cli.py", line 116, in wrapper
    return f(*args, **kwargs)
  File "/home/***/.local/lib/python3.12/site-packages/***/cli/commands/task_command.py", line 483, in task_run
    task_return_code = _run_task_by_selected_method(args, _dag, ti)
  File "/home/***/.local/lib/python3.12/site-packages/***/cli/commands/task_command.py", line 256, in _run_task_by_selected_method
    return _run_raw_task(args, ti)
  File "/home/***/.local/lib/python3.12/site-packages/***/cli/commands/task_command.py", line 341, in _run_raw_task
    return ti._run_raw_task(
  File "/home/***/.local/lib/python3.12/site-packages/***/utils/session.py", line 97, in wrapper
    return func(*args, session=session, **kwargs)
  File "/home/***/.local/lib/python3.12/site-packages/***/models/taskinstance.py", line 3006, in _run_raw_task
    return _run_raw_task(
  File "/home/***/.local/lib/python3.12/site-packages/***/models/taskinstance.py", line 274, in _run_raw_task
    TaskInstance._execute_task_with_callbacks(
  File "/home/***/.local/lib/python3.12/site-packages/***/models/taskinstance.py", line 3161, in _execute_task_with_callbacks
    result = self._execute_task(context, task_orig)
  File "/home/***/.local/lib/python3.12/site-packages/***/models/taskinstance.py", line 3185, in _execute_task
    return _execute_task(self, context, task_orig)
  File "/home/***/.local/lib/python3.12/site-packages/***/models/taskinstance.py", line 768, in _execute_task
    result = _execute_callable(context=context, **execute_callable_kwargs)
  File "/home/***/.local/lib/python3.12/site-packages/***/models/taskinstance.py", line 734, in _execute_callable
    return ExecutionCallableRunner(
  File "/home/***/.local/lib/python3.12/site-packages/***/utils/operator_helpers.py", line 252, in run
    return self.func(*args, **kwargs)
  File "/home/***/.local/lib/python3.12/site-packages/***/models/baseoperator.py", line 424, in wrapper
    return func(self, *args, **kwargs)
  File "/home/***/.local/lib/python3.12/site-packages/***/operators/bash.py", line 257, in execute
    result = self._run_inline_command(bash_path=bash_path, env=env)
  File "/home/***/.local/lib/python3.12/site-packages/***/operators/bash.py", line 284, in _run_inline_command
    return self.subprocess_hook.run_command(
  File "/home/***/.local/lib/python3.12/site-packages/***/hooks/subprocess.py", line 104, in run_command
    for raw_line in iter(self.sub_process.stdout.readline, b""):
  File "/home/***/.local/lib/python3.12/site-packages/***/models/taskinstance.py", line 3095, in signal_handler
    self.log.error("Stacktrace: \n%s", "".join(traceback.format_stack()))

[2025-03-02T09:26:17.519+0000] {subprocess.py:117} INFO - Sending SIGTERM signal to process group
[2025-03-02T09:26:17.622+0000] {process_utils.py:80} INFO - Process psutil.Process(pid=947, status='terminated', started='09:17:52') (947) terminated with exit code None
[2025-03-02T09:26:18.522+0000] {taskinstance.py:341} INFO - ::group::Post task execution logs
[2025-03-02T09:26:18.739+0000] {process_utils.py:80} INFO - Process psutil.Process(pid=946, status='terminated', started='09:17:52') (946) terminated with exit code None
[2025-03-02T09:26:18.772+0000] {process_utils.py:80} INFO - Process psutil.Process(pid=944, status='terminated', exitcode=0, started='09:17:51') (944) terminated with exit code 0
