[2025-03-03T02:44:45.587+0000] {local_task_job_runner.py:123} INFO - ::group::Pre task execution logs
[2025-03-03T02:44:45.642+0000] {taskinstance.py:2614} INFO - Dependencies all met for dep_context=non-requeueable deps ti=<TaskInstance: scraping_pipeline_gcs.extract_data manual__2025-03-03T02:32:09.757318+00:00 [queued]>
[2025-03-03T02:44:45.704+0000] {taskinstance.py:2614} INFO - Dependencies all met for dep_context=requeueable deps ti=<TaskInstance: scraping_pipeline_gcs.extract_data manual__2025-03-03T02:32:09.757318+00:00 [queued]>
[2025-03-03T02:44:45.706+0000] {taskinstance.py:2867} INFO - Starting attempt 1 of 3
[2025-03-03T02:44:45.770+0000] {taskinstance.py:2890} INFO - Executing <Task(BashOperator): extract_data> on 2025-03-03 02:32:09.757318+00:00
[2025-03-03T02:44:45.807+0000] {warnings.py:112} WARNING - /home/***/.local/lib/python3.12/site-packages/***/task/task_runner/standard_task_runner.py:70: DeprecationWarning: This process (pid=581) is multi-threaded, use of fork() may lead to deadlocks in the child.
  pid = os.fork()

[2025-03-03T02:44:45.811+0000] {standard_task_runner.py:104} INFO - Running: ['***', 'tasks', 'run', 'scraping_pipeline_gcs', 'extract_data', 'manual__2025-03-03T02:32:09.757318+00:00', '--job-id', '22', '--raw', '--subdir', 'DAGS_FOLDER/dag.py', '--cfg-path', '/tmp/tmpq12oi0j6']
[2025-03-03T02:44:45.817+0000] {standard_task_runner.py:72} INFO - Started process 591 to run task
[2025-03-03T02:44:45.827+0000] {standard_task_runner.py:105} INFO - Job 22: Subtask extract_data
[2025-03-03T02:44:45.951+0000] {task_command.py:467} INFO - Running <TaskInstance: scraping_pipeline_gcs.extract_data manual__2025-03-03T02:32:09.757318+00:00 [running]> on host 672a2cd6a90a
[2025-03-03T02:44:46.215+0000] {taskinstance.py:3134} INFO - Exporting env vars: AIRFLOW_CTX_DAG_OWNER='***' AIRFLOW_CTX_DAG_ID='scraping_pipeline_gcs' AIRFLOW_CTX_TASK_ID='extract_data' AIRFLOW_CTX_EXECUTION_DATE='2025-03-03T02:32:09.757318+00:00' AIRFLOW_CTX_TRY_NUMBER='1' AIRFLOW_CTX_DAG_RUN_ID='manual__2025-03-03T02:32:09.757318+00:00'
[2025-03-03T02:44:46.222+0000] {logging_mixin.py:190} INFO - Task instance is in running state
[2025-03-03T02:44:46.224+0000] {logging_mixin.py:190} INFO -  Previous state of the Task instance: queued
[2025-03-03T02:44:46.226+0000] {logging_mixin.py:190} INFO - Current task name:extract_data state:running start_date:2025-03-03 02:44:45.667724+00:00
[2025-03-03T02:44:46.227+0000] {logging_mixin.py:190} INFO - Dag name:scraping_pipeline_gcs and current dag run status:running
[2025-03-03T02:44:46.231+0000] {taskinstance.py:732} INFO - ::endgroup::
[2025-03-03T02:44:46.250+0000] {subprocess.py:78} INFO - Tmp dir root location: /tmp
[2025-03-03T02:44:46.257+0000] {subprocess.py:88} INFO - Running command: ['/usr/bin/bash', '-c', 'mkdir -p /opt/***/dags/src/scraped_texts && python /opt/***/dags/src/Scrape_script.py && true']
[2025-03-03T02:44:46.316+0000] {subprocess.py:99} INFO - Output:
[2025-03-03T02:48:20.493+0000] {subprocess.py:106} INFO - [INFO] Visiting: https://www.recreation.northeastern.edu/ (fail_count=0)
[2025-03-03T02:48:30.611+0000] {subprocess.py:106} INFO - [SKIPPED] Already Scraped: https://www.recreation.northeastern.edu/
[2025-03-03T02:48:30.939+0000] {subprocess.py:106} INFO - [INFO] Visiting: https://recreation.northeastern.edu/squashbusters-center/ (fail_count=0)
[2025-03-03T02:48:38.735+0000] {subprocess.py:106} INFO - [SUCCESS] Scraped: https://recreation.northeastern.edu/squashbusters-center/
[2025-03-03T02:48:39.050+0000] {subprocess.py:106} INFO - [INFO] Visiting: https://recreation.northeastern.edu/request-a-personal-trainer/ (fail_count=0)
[2025-03-03T02:48:45.911+0000] {subprocess.py:106} INFO - [SUCCESS] Scraped: https://recreation.northeastern.edu/request-a-personal-trainer/
[2025-03-03T02:48:46.216+0000] {subprocess.py:106} INFO - [INFO] Visiting: https://recreation.northeastern.edu/boston-conservatory-at-berklee-berklee-college-of-music/ (fail_count=0)
[2025-03-03T02:48:52.131+0000] {subprocess.py:106} INFO - [SKIPPED] Already Scraped: https://recreation.northeastern.edu/boston-conservatory-at-berklee-berklee-college-of-music/
[2025-03-03T02:48:52.526+0000] {subprocess.py:106} INFO - [INFO] Visiting: https://recreation.northeastern.edu/part-time-non-benefits-eligible-employees-and-visiting-scholars/ (fail_count=0)
[2025-03-03T02:49:02.876+0000] {subprocess.py:106} INFO - [SUCCESS] Scraped: https://recreation.northeastern.edu/part-time-non-benefits-eligible-employees-and-visiting-scholars/
[2025-03-03T02:49:03.183+0000] {subprocess.py:106} INFO - [INFO] Visiting: https://recreation.northeastern.edu/how-to-register/ (fail_count=0)
[2025-03-03T02:49:12.058+0000] {subprocess.py:106} INFO - [SUCCESS] Scraped: https://recreation.northeastern.edu/how-to-register/
[2025-03-03T02:49:12.366+0000] {subprocess.py:106} INFO - [INFO] Visiting: https://recreation.northeastern.edu/become-a-trainer/ (fail_count=0)
[2025-03-03T02:49:22.997+0000] {subprocess.py:106} INFO - [SUCCESS] Scraped: https://recreation.northeastern.edu/become-a-trainer/
[2025-03-03T02:49:23.293+0000] {subprocess.py:106} INFO - [INFO] Visiting: https://recreation.northeastern.edu/e-sports-leagues/ (fail_count=0)
[2025-03-03T02:49:30.454+0000] {subprocess.py:106} INFO - [SUCCESS] Scraped: https://recreation.northeastern.edu/e-sports-leagues/
[2025-03-03T02:49:30.826+0000] {subprocess.py:106} INFO - [INFO] Visiting: https://recreation.northeastern.edu/class-descriptions-2/ (fail_count=0)
[2025-03-03T02:49:38.779+0000] {subprocess.py:106} INFO - [SUCCESS] Scraped: https://recreation.northeastern.edu/class-descriptions-2/
[2025-03-03T02:49:39.113+0000] {subprocess.py:106} INFO - [INFO] Visiting: https://recreation.northeastern.edu/global-recreation-resource-guides/ (fail_count=0)
[2025-03-03T02:49:51.007+0000] {subprocess.py:106} INFO - [SUCCESS] Scraped: https://recreation.northeastern.edu/global-recreation-resource-guides/
[2025-03-03T02:49:51.632+0000] {subprocess.py:106} INFO - [INFO] Visiting: https://recreation.northeastern.edu/student-employee-of-the-month/ (fail_count=0)
[2025-03-03T02:49:58.953+0000] {subprocess.py:106} INFO - [SUCCESS] Scraped: https://recreation.northeastern.edu/student-employee-of-the-month/
[2025-03-03T02:49:59.375+0000] {subprocess.py:106} INFO - [INFO] Visiting: https://recreation.northeastern.edu/files/2020/09/Michael-Quinn.png (fail_count=0)
[2025-03-03T02:50:07.121+0000] {subprocess.py:106} INFO - [SUCCESS] Scraped: https://recreation.northeastern.edu/files/2020/09/Michael-Quinn.png
[2025-03-03T02:50:07.410+0000] {subprocess.py:106} INFO - [INFO] Visiting: https://recreation.northeastern.edu/files/2022/10/Lizbeth-Dominguez.png (fail_count=0)
[2025-03-03T02:50:16.380+0000] {subprocess.py:106} INFO - [SUCCESS] Scraped: https://recreation.northeastern.edu/files/2022/10/Lizbeth-Dominguez.png
[2025-03-03T02:50:16.668+0000] {subprocess.py:106} INFO - [INFO] Visiting: https://recreation.northeastern.edu/files/2020/09/Shreyash.png (fail_count=0)
[2025-03-03T02:50:27.470+0000] {subprocess.py:106} INFO - [SUCCESS] Scraped: https://recreation.northeastern.edu/files/2020/09/Shreyash.png
[2025-03-03T02:50:27.704+0000] {subprocess.py:106} INFO - [INFO] Visiting: https://recreation.northeastern.edu/files/2022/10/Devin-Chatterjee.png (fail_count=0)
[2025-03-03T02:50:35.694+0000] {subprocess.py:106} INFO - [SUCCESS] Scraped: https://recreation.northeastern.edu/files/2022/10/Devin-Chatterjee.png
[2025-03-03T02:50:35.922+0000] {subprocess.py:106} INFO - [INFO] Visiting: https://recreation.northeastern.edu/files/2020/09/Nimi.png (fail_count=0)
[2025-03-03T02:50:41.094+0000] {subprocess.py:106} INFO - [SUCCESS] Scraped: https://recreation.northeastern.edu/files/2020/09/Nimi.png
[2025-03-03T02:50:41.386+0000] {subprocess.py:106} INFO - [INFO] Visiting: https://recreation.northeastern.edu/files/2022/09/Ashish-Sharma.jpg (fail_count=0)
[2025-03-03T02:50:45.904+0000] {subprocess.py:106} INFO - [SUCCESS] Scraped: https://recreation.northeastern.edu/files/2022/09/Ashish-Sharma.jpg
[2025-03-03T02:50:46.142+0000] {subprocess.py:106} INFO - [INFO] Visiting: https://recreation.northeastern.edu/files/2023/05/Kevin-Chan.png (fail_count=0)
[2025-03-03T02:50:54.212+0000] {subprocess.py:106} INFO - [SUCCESS] Scraped: https://recreation.northeastern.edu/files/2023/05/Kevin-Chan.png
[2025-03-03T02:50:54.452+0000] {subprocess.py:106} INFO - [INFO] Visiting: https://recreation.northeastern.edu/files/2023/10/Ellis-Thomas.png (fail_count=0)
[2025-03-03T02:50:59.911+0000] {subprocess.py:106} INFO - [SUCCESS] Scraped: https://recreation.northeastern.edu/files/2023/10/Ellis-Thomas.png
[2025-03-03T02:51:00.198+0000] {subprocess.py:106} INFO - [INFO] Visiting: https://recreation.northeastern.edu/files/2022/08/Maria-Paula-Acosta-Bello.png (fail_count=0)
[2025-03-03T02:51:04.649+0000] {subprocess.py:106} INFO - [SUCCESS] Scraped: https://recreation.northeastern.edu/files/2022/08/Maria-Paula-Acosta-Bello.png
[2025-03-03T02:51:04.885+0000] {subprocess.py:106} INFO - [INFO] Visiting: https://recreation.northeastern.edu/files/2025/01/2.png (fail_count=0)
[2025-03-03T02:51:09.278+0000] {subprocess.py:106} INFO - [SUCCESS] Scraped: https://recreation.northeastern.edu/files/2025/01/2.png
[2025-03-03T02:51:09.505+0000] {subprocess.py:106} INFO - [INFO] Visiting: https://recreation.northeastern.edu/files/2022/08/Mayzie-Hunter.png (fail_count=0)
[2025-03-03T02:51:17.946+0000] {subprocess.py:106} INFO - [SUCCESS] Scraped: https://recreation.northeastern.edu/files/2022/08/Mayzie-Hunter.png
[2025-03-03T02:51:18.175+0000] {subprocess.py:106} INFO - [INFO] Visiting: https://recreation.northeastern.edu/full-time-benefit-eligible-faculty-and-staff/ (fail_count=0)
[2025-03-03T02:51:27.535+0000] {subprocess.py:106} INFO - [SUCCESS] Scraped: https://recreation.northeastern.edu/full-time-benefit-eligible-faculty-and-staff/
[2025-03-03T02:51:27.912+0000] {subprocess.py:106} INFO - [INFO] Visiting: https://recreation.northeastern.edu/our-personal-trainers/ (fail_count=0)
[2025-03-03T02:51:33.909+0000] {subprocess.py:106} INFO - [SKIPPED] Already Scraped: https://recreation.northeastern.edu/our-personal-trainers/
[2025-03-03T02:51:34.224+0000] {subprocess.py:106} INFO - [INFO] Visiting: https://recreation.northeastern.edu/community-privileges/ (fail_count=0)
[2025-03-03T02:51:44.195+0000] {subprocess.py:106} INFO - [SKIPPED] Already Scraped: https://recreation.northeastern.edu/community-privileges/
[2025-03-03T02:51:44.487+0000] {subprocess.py:106} INFO - [INFO] Visiting: https://recreation.northeastern.edu/global-recreation/ (fail_count=0)
[2025-03-03T02:52:03.132+0000] {subprocess.py:106} INFO - [SUCCESS] Scraped: https://recreation.northeastern.edu/global-recreation/
[2025-03-03T02:52:03.454+0000] {subprocess.py:106} INFO - [INFO] Visiting: https://recreation.northeastern.edu/global-recreation-toronto-campus/ (fail_count=0)
[2025-03-03T02:52:16.544+0000] {subprocess.py:106} INFO - [SUCCESS] Scraped: https://recreation.northeastern.edu/global-recreation-toronto-campus/
[2025-03-03T02:52:16.838+0000] {subprocess.py:106} INFO - [INFO] Visiting: https://recreation.northeastern.edu/jobs/ (fail_count=0)
[2025-03-03T02:52:23.980+0000] {subprocess.py:106} INFO - [SUCCESS] Scraped: https://recreation.northeastern.edu/jobs/
[2025-03-03T02:52:24.294+0000] {subprocess.py:106} INFO - [INFO] Visiting: https://recreation.northeastern.edu/group-fitness/ (fail_count=0)
[2025-03-03T02:52:32.683+0000] {subprocess.py:106} INFO - [SKIPPED] Already Scraped: https://recreation.northeastern.edu/group-fitness/
[2025-03-03T02:52:32.990+0000] {subprocess.py:106} INFO - [INFO] Visiting: https://recreation.northeastern.edu/intramural-sports-faqs/ (fail_count=0)
[2025-03-03T02:52:39.195+0000] {subprocess.py:106} INFO - [SUCCESS] Scraped: https://recreation.northeastern.edu/intramural-sports-faqs/
[2025-03-03T02:52:39.541+0000] {subprocess.py:106} INFO - [INFO] Visiting: https://recreation.northeastern.edu/spouse-domestic-partners-and-dependents/ (fail_count=0)
[2025-03-03T02:52:47.546+0000] {subprocess.py:106} INFO - [SUCCESS] Scraped: https://recreation.northeastern.edu/spouse-domestic-partners-and-dependents/
[2025-03-03T02:52:47.895+0000] {subprocess.py:106} INFO - [INFO] Visiting: https://recreation.northeastern.edu/program-registration/ (fail_count=0)
[2025-03-03T02:52:58.472+0000] {subprocess.py:106} INFO - [SUCCESS] Scraped: https://recreation.northeastern.edu/program-registration/
[2025-03-03T02:52:58.784+0000] {subprocess.py:106} INFO - [INFO] Visiting: https://recreation.northeastern.edu/global-recreation-ambassadors/ (fail_count=0)
[2025-03-03T02:53:04.951+0000] {subprocess.py:106} INFO - [SUCCESS] Scraped: https://recreation.northeastern.edu/global-recreation-ambassadors/
[2025-03-03T02:53:05.305+0000] {subprocess.py:106} INFO - [INFO] Visiting: https://recreation.northeastern.edu/global-recreation-roux-institute/ (fail_count=0)
[2025-03-03T02:53:11.121+0000] {subprocess.py:106} INFO - [SUCCESS] Scraped: https://recreation.northeastern.edu/global-recreation-roux-institute/
[2025-03-03T02:53:11.464+0000] {subprocess.py:106} INFO - [INFO] Visiting: https://recreation.northeastern.edu/client-testimonials/ (fail_count=0)
[2025-03-03T02:53:17.528+0000] {subprocess.py:106} INFO - [SUCCESS] Scraped: https://recreation.northeastern.edu/client-testimonials/
[2025-03-03T02:53:17.828+0000] {subprocess.py:106} INFO - [INFO] Visiting: https://recreation.northeastern.edu/equipment-rentals/ (fail_count=0)
[2025-03-03T02:53:23.897+0000] {subprocess.py:106} INFO - [SUCCESS] Scraped: https://recreation.northeastern.edu/equipment-rentals/
[2025-03-03T02:53:24.578+0000] {subprocess.py:106} INFO - [INFO] Visiting: https://recreation.northeastern.edu/matthews-arena/ (fail_count=0)
[2025-03-03T02:53:34.973+0000] {subprocess.py:106} INFO - [SUCCESS] Scraped: https://recreation.northeastern.edu/matthews-arena/
[2025-03-03T02:53:35.321+0000] {subprocess.py:106} INFO - [INFO] Visiting: https://recreation.northeastern.edu/im-handbook-and-sport-rules/ (fail_count=0)
[2025-03-03T02:53:40.549+0000] {subprocess.py:106} INFO - [SKIPPED] Already Scraped: https://recreation.northeastern.edu/im-handbook-and-sport-rules/
[2025-03-03T02:53:41.428+0000] {subprocess.py:106} INFO - [SUCCESS] Downloaded: https://recreation.northeastern.edu/files/2024/10/IM-Handbook.pdf
[2025-03-03T02:53:41.429+0000] {subprocess.py:106} INFO - [INFO] Visiting: https://recreation.northeastern.edu/im-handbook-and-sport-rules/protest-policy (fail_count=0)
[2025-03-03T02:53:47.943+0000] {subprocess.py:106} INFO - [SUCCESS] Scraped: https://recreation.northeastern.edu/im-handbook-and-sport-rules/protest-policy
[2025-03-03T02:53:48.263+0000] {subprocess.py:106} INFO - [INFO] Visiting: https://recreation.northeastern.edu/retirees/ (fail_count=0)
[2025-03-03T02:53:54.272+0000] {subprocess.py:106} INFO - [SUCCESS] Scraped: https://recreation.northeastern.edu/retirees/
[2025-03-03T02:53:54.858+0000] {subprocess.py:106} INFO - [INFO] Visiting: https://recreation.northeastern.edu/facilities-hours/ (fail_count=0)
[2025-03-03T02:54:02.382+0000] {subprocess.py:106} INFO - [SUCCESS] Scraped: https://recreation.northeastern.edu/facilities-hours/
[2025-03-03T02:54:02.675+0000] {subprocess.py:106} INFO - [INFO] Visiting: https://recreation.northeastern.edu/files/2020/09/carter-playground.jpg (fail_count=0)
[2025-03-03T02:54:08.077+0000] {subprocess.py:106} INFO - [SUCCESS] Scraped: https://recreation.northeastern.edu/files/2020/09/carter-playground.jpg
[2025-03-03T02:54:08.387+0000] {subprocess.py:106} INFO - [INFO] Visiting: https://recreation.northeastern.edu/club-sports/ (fail_count=0)
[2025-03-03T02:54:15.494+0000] {subprocess.py:106} INFO - [SUCCESS] Scraped: https://recreation.northeastern.edu/club-sports/
[2025-03-03T02:54:15.866+0000] {subprocess.py:106} INFO - [INFO] Visiting: https://recreation.northeastern.edu/carter-playground/ (fail_count=0)
[2025-03-03T02:54:27.522+0000] {subprocess.py:106} INFO - [SKIPPED] Already Scraped: https://recreation.northeastern.edu/carter-playground/
[2025-03-03T02:54:27.823+0000] {subprocess.py:106} INFO - [INFO] Visiting: https://recreation.northeastern.edu/aquatics-2/ (fail_count=0)
[2025-03-03T02:54:40.440+0000] {subprocess.py:106} INFO - [SUCCESS] Scraped: https://recreation.northeastern.edu/aquatics-2/
[2025-03-03T02:54:40.751+0000] {subprocess.py:106} INFO - [INFO] Visiting: https://recreation.northeastern.edu/personal-training/ (fail_count=0)
[2025-03-03T02:54:47.322+0000] {subprocess.py:106} INFO - [SKIPPED] Already Scraped: https://recreation.northeastern.edu/personal-training/
[2025-03-03T02:54:47.621+0000] {subprocess.py:106} INFO - [INFO] Visiting: https://recreation.northeastern.edu/free-agents/ (fail_count=0)
[2025-03-03T02:54:57.869+0000] {subprocess.py:106} INFO - [SUCCESS] Scraped: https://recreation.northeastern.edu/free-agents/
[2025-03-03T02:54:58.232+0000] {subprocess.py:106} INFO - [INFO] Visiting: https://recreation.northeastern.edu/current-intramural-sports/ (fail_count=0)
[2025-03-03T02:55:09.623+0000] {subprocess.py:106} INFO - [SUCCESS] Scraped: https://recreation.northeastern.edu/current-intramural-sports/
[2025-03-03T02:55:09.992+0000] {subprocess.py:106} INFO - [INFO] Visiting: https://recreation.northeastern.edu/small-group-training/ (fail_count=0)
[2025-03-03T02:55:16.178+0000] {subprocess.py:106} INFO - [SUCCESS] Scraped: https://recreation.northeastern.edu/small-group-training/
[2025-03-03T02:55:16.485+0000] {subprocess.py:106} INFO - [INFO] Visiting: https://recreation.northeastern.edu/mcphs-university/ (fail_count=0)
[2025-03-03T02:55:27.900+0000] {subprocess.py:106} INFO - [SUCCESS] Scraped: https://recreation.northeastern.edu/mcphs-university/
[2025-03-03T02:55:28.266+0000] {subprocess.py:106} INFO - [INFO] Visiting: https://recreation.northeastern.edu/guests/ (fail_count=0)
[2025-03-03T02:55:37.792+0000] {subprocess.py:106} INFO - [SUCCESS] Scraped: https://recreation.northeastern.edu/guests/
[2025-03-03T02:55:38.144+0000] {subprocess.py:106} INFO - [INFO] Visiting: https://recreation.northeastern.edu/alumni/ (fail_count=0)
[2025-03-03T02:55:47.842+0000] {subprocess.py:106} INFO - [SUCCESS] Scraped: https://recreation.northeastern.edu/alumni/
[2025-03-03T02:55:48.154+0000] {subprocess.py:106} INFO - [INFO] Visiting: https://recreation.northeastern.edu/road-races-triathlons/ (fail_count=0)
[2025-03-03T02:55:56.443+0000] {subprocess.py:106} INFO - [SUCCESS] Scraped: https://recreation.northeastern.edu/road-races-triathlons/
[2025-03-03T02:55:56.748+0000] {subprocess.py:106} INFO - [INFO] Visiting: https://recreation.northeastern.edu/policies/ (fail_count=0)
[2025-03-03T02:56:04.288+0000] {subprocess.py:106} INFO - [SUCCESS] Scraped: https://recreation.northeastern.edu/policies/
[2025-03-03T02:56:04.652+0000] {subprocess.py:106} INFO - [INFO] Visiting: https://recreation.northeastern.edu/guest/ (fail_count=0)
[2025-03-03T02:56:17.483+0000] {subprocess.py:106} INFO - [SUCCESS] Scraped: https://recreation.northeastern.edu/guest/
[2025-03-03T02:56:17.839+0000] {subprocess.py:106} INFO - [INFO] Visiting: https://recreation.northeastern.edu/global-recreation-fitness-app/ (fail_count=0)
[2025-03-03T02:56:27.604+0000] {subprocess.py:106} INFO - [SKIPPED] Already Scraped: https://recreation.northeastern.edu/global-recreation-fitness-app/
[2025-03-03T02:56:27.910+0000] {subprocess.py:106} INFO - [INFO] Visiting: https://recreation.northeastern.edu/global-recreation-silicon-valley-campus/ (fail_count=0)
[2025-03-03T02:56:36.951+0000] {subprocess.py:106} INFO - [SUCCESS] Scraped: https://recreation.northeastern.edu/global-recreation-silicon-valley-campus/
[2025-03-03T02:56:37.303+0000] {subprocess.py:106} INFO - [INFO] Visiting: https://recreation.northeastern.edu/personal-training-fees/ (fail_count=0)
[2025-03-03T02:56:48.156+0000] {subprocess.py:106} INFO - [SUCCESS] Scraped: https://recreation.northeastern.edu/personal-training-fees/
[2025-03-03T02:56:48.520+0000] {subprocess.py:106} INFO - [INFO] Visiting: https://recreation.northeastern.edu/facility-reservation/ (fail_count=0)
[2025-03-03T02:56:55.243+0000] {subprocess.py:106} INFO - [SUCCESS] Scraped: https://recreation.northeastern.edu/facility-reservation/
[2025-03-03T02:56:55.584+0000] {subprocess.py:106} INFO - [INFO] Visiting: https://recreation.northeastern.edu/instructional-recreation-faqs/ (fail_count=0)
[2025-03-03T02:57:03.569+0000] {subprocess.py:106} INFO - [SUCCESS] Scraped: https://recreation.northeastern.edu/instructional-recreation-faqs/
[2025-03-03T02:57:03.858+0000] {subprocess.py:106} INFO - [INFO] Visiting: https://recreation.northeastern.edu/staff/ (fail_count=0)
[2025-03-03T02:57:10.766+0000] {subprocess.py:106} INFO - [SUCCESS] Scraped: https://recreation.northeastern.edu/staff/
[2025-03-03T02:57:11.075+0000] {subprocess.py:106} INFO - [INFO] Visiting: https://recreation.northeastern.edu/marino-recreation-center/ (fail_count=0)
[2025-03-03T02:57:18.239+0000] {subprocess.py:106} INFO - [SUCCESS] Scraped: https://recreation.northeastern.edu/marino-recreation-center/
[2025-03-03T02:57:21.152+0000] {subprocess.py:106} INFO - [SUCCESS] Downloaded: https://recreation.northeastern.edu/files/2024/11/MC-SQB-Winter-Break-2024.pdf
[2025-03-03T02:57:21.153+0000] {subprocess.py:106} INFO - [INFO] Visiting: https://recreation.northeastern.edu/ (fail_count=0)
[2025-03-03T02:57:31.121+0000] {subprocess.py:106} INFO - [SUCCESS] Scraped: https://recreation.northeastern.edu/
[2025-03-03T02:57:32.193+0000] {subprocess.py:106} INFO - [SUCCESS] Downloaded: https://recreation.northeastern.edu/files/2024/12/SquashBusters-Spring-2025.pdf
[2025-03-03T02:57:32.194+0000] {subprocess.py:106} INFO - [INFO] Visiting: https://recreation.northeastern.edu/group-fitness-schedule/ (fail_count=0)
[2025-03-03T02:57:40.800+0000] {subprocess.py:106} INFO - [SUCCESS] Scraped: https://recreation.northeastern.edu/group-fitness-schedule/
[2025-03-03T02:57:41.120+0000] {subprocess.py:106} INFO - [INFO] Visiting: https://recreation.northeastern.edu/merchandise-shop/ (fail_count=0)
[2025-03-03T02:57:52.103+0000] {subprocess.py:106} INFO - [SUCCESS] Scraped: https://recreation.northeastern.edu/merchandise-shop/
[2025-03-03T02:57:52.446+0000] {subprocess.py:106} INFO - [INFO] Visiting: https://recreation.northeastern.edu/instructional-recreation-policies/ (fail_count=0)
[2025-03-03T02:58:02.091+0000] {subprocess.py:106} INFO - [SUCCESS] Scraped: https://recreation.northeastern.edu/instructional-recreation-policies/
[2025-03-03T02:58:03.612+0000] {subprocess.py:106} INFO - [SUCCESS] Downloaded: https://recreation.northeastern.edu/files/2020/09/consent.pdf
[2025-03-03T02:58:03.613+0000] {subprocess.py:106} INFO - [INFO] Visiting: https://recreation.northeastern.edu/membership (fail_count=0)
[2025-03-03T02:58:12.865+0000] {subprocess.py:106} INFO - [SUCCESS] Scraped: https://recreation.northeastern.edu/membership
[2025-03-03T02:58:13.167+0000] {subprocess.py:106} INFO - [INFO] Visiting: https://recreation.northeastern.edu/general-information/ (fail_count=0)
[2025-03-03T02:58:21.752+0000] {subprocess.py:106} INFO - [SKIPPED] Already Scraped: https://recreation.northeastern.edu/general-information/
[2025-03-03T02:58:22.043+0000] {subprocess.py:106} INFO - [INFO] Visiting: https://recreation.northeastern.edu/school-of-the-museum-of-fine-arts-smfa/ (fail_count=0)
[2025-03-03T02:58:31.574+0000] {subprocess.py:106} INFO - [SUCCESS] Scraped: https://recreation.northeastern.edu/school-of-the-museum-of-fine-arts-smfa/
[2025-03-03T02:58:31.889+0000] {subprocess.py:106} INFO - [INFO] Visiting: https://recreation.northeastern.edu/guests (fail_count=0)
[2025-03-03T02:58:43.462+0000] {subprocess.py:106} INFO - [FAILED] https://recreation.northeastern.edu/guests - Message: unknown error: session deleted because of page crash
[2025-03-03T02:58:43.463+0000] {subprocess.py:106} INFO - from unknown error: cannot determine loading status
[2025-03-03T02:58:43.463+0000] {subprocess.py:106} INFO - from tab crashed
[2025-03-03T02:58:43.464+0000] {subprocess.py:106} INFO -   (Session info: chrome-headless-shell=124.0.6367.78)
[2025-03-03T02:58:43.464+0000] {subprocess.py:106} INFO - Stacktrace:
[2025-03-03T02:58:43.465+0000] {subprocess.py:106} INFO - #0 0x562accab8ca7 <unknown>
[2025-03-03T02:58:43.465+0000] {subprocess.py:106} INFO - #1 0x562acc78f9aa <unknown>
[2025-03-03T02:58:43.465+0000] {subprocess.py:106} INFO - #2 0x562acc77cba1 <unknown>
[2025-03-03T02:58:43.466+0000] {subprocess.py:106} INFO - #3 0x562acc77c318 <unknown>
[2025-03-03T02:58:43.466+0000] {subprocess.py:106} INFO - #4 0x562acc77bb9b <unknown>
[2025-03-03T02:58:43.467+0000] {subprocess.py:106} INFO - #5 0x562acc77ba30 <unknown>
[2025-03-03T02:58:43.467+0000] {subprocess.py:106} INFO - #6 0x562acc779f50 <unknown>
[2025-03-03T02:58:43.467+0000] {subprocess.py:106} INFO - #7 0x562acc77a46d <unknown>
[2025-03-03T02:58:43.468+0000] {subprocess.py:106} INFO - #8 0x562acc787cc8 <unknown>
[2025-03-03T02:58:43.468+0000] {subprocess.py:106} INFO - #9 0x562acc79ad23 <unknown>
[2025-03-03T02:58:43.469+0000] {subprocess.py:106} INFO - #10 0x562acc79f63f <unknown>
[2025-03-03T02:58:43.469+0000] {subprocess.py:106} INFO - #11 0x562acc77aa2b <unknown>
[2025-03-03T02:58:43.470+0000] {subprocess.py:106} INFO - #12 0x562acc79aa06 <unknown>
[2025-03-03T02:58:43.470+0000] {subprocess.py:106} INFO - #13 0x562acc814123 <unknown>
[2025-03-03T02:58:43.470+0000] {subprocess.py:106} INFO - #14 0x562acc7f6ce7 <unknown>
[2025-03-03T02:58:43.471+0000] {subprocess.py:106} INFO - #15 0x562acc7c96b1 <unknown>
[2025-03-03T02:58:43.471+0000] {subprocess.py:106} INFO - #16 0x562acc7ca4c6 <unknown>
[2025-03-03T02:58:43.471+0000] {subprocess.py:106} INFO - #17 0x562acca8655a <unknown>
[2025-03-03T02:58:43.472+0000] {subprocess.py:106} INFO - #18 0x562acca898ea <unknown>
[2025-03-03T02:58:43.472+0000] {subprocess.py:106} INFO - #19 0x562acca89393 <unknown>
[2025-03-03T02:58:43.473+0000] {subprocess.py:106} INFO - #20 0x562acca89d79 <unknown>
[2025-03-03T02:58:43.473+0000] {subprocess.py:106} INFO - #21 0x562acca76b2f <unknown>
[2025-03-03T02:58:43.474+0000] {subprocess.py:106} INFO - #22 0x562acca8a134 <unknown>
[2025-03-03T02:58:43.474+0000] {subprocess.py:106} INFO - #23 0x562acca5f5aa <unknown>
[2025-03-03T02:58:43.474+0000] {subprocess.py:106} INFO - #24 0x562accaa9459 <unknown>
[2025-03-03T02:58:43.475+0000] {subprocess.py:106} INFO - #25 0x562accaa9646 <unknown>
[2025-03-03T02:58:43.475+0000] {subprocess.py:106} INFO - #26 0x562accab8193 <unknown>
[2025-03-03T02:58:43.476+0000] {subprocess.py:106} INFO - #27 0x7fef98f00134 <unknown>
[2025-03-03T02:58:43.476+0000] {subprocess.py:106} INFO -  (fail_count=0)
[2025-03-03T02:58:43.643+0000] {subprocess.py:106} INFO - [INFO] Visiting: https://recreation.northeastern.edu/protest-policy/ (fail_count=0)
[2025-03-03T02:58:52.928+0000] {subprocess.py:106} INFO - [SUCCESS] Scraped: https://recreation.northeastern.edu/protest-policy/
[2025-03-03T02:58:53.224+0000] {subprocess.py:106} INFO - [INFO] Visiting: https://recreation.northeastern.edu/who-can-play-intramural-sports/ (fail_count=0)
[2025-03-03T02:59:00.378+0000] {subprocess.py:106} INFO - [SUCCESS] Scraped: https://recreation.northeastern.edu/who-can-play-intramural-sports/
[2025-03-03T02:59:00.688+0000] {subprocess.py:106} INFO - [INFO] Visiting: https://recreation.northeastern.edu/who-can-play-intramural-sports/intramural-sports-faqs/ (fail_count=0)
[2025-03-03T02:59:09.222+0000] {subprocess.py:106} INFO - [SUCCESS] Scraped: https://recreation.northeastern.edu/who-can-play-intramural-sports/intramural-sports-faqs/
[2025-03-03T02:59:09.579+0000] {subprocess.py:106} INFO - [INFO] Visiting: https://recreation.northeastern.edu/become-a-referee/ (fail_count=0)
[2025-03-03T02:59:18.936+0000] {subprocess.py:106} INFO - [SUCCESS] Scraped: https://recreation.northeastern.edu/become-a-referee/
[2025-03-03T02:59:19.298+0000] {subprocess.py:106} INFO - [INFO] Visiting: https://recreation.northeastern.edu/cabot-physical-education-center/ (fail_count=0)
[2025-03-03T02:59:31.908+0000] {subprocess.py:106} INFO - [SUCCESS] Scraped: https://recreation.northeastern.edu/cabot-physical-education-center/
[2025-03-03T02:59:32.209+0000] {subprocess.py:106} INFO - [INFO] Visiting: https://recreation.northeastern.edu/classes-offered-registration/ (fail_count=0)
[2025-03-03T02:59:39.375+0000] {subprocess.py:106} INFO - [SUCCESS] Scraped: https://recreation.northeastern.edu/classes-offered-registration/
[2025-03-03T02:59:39.724+0000] {subprocess.py:106} INFO - [INFO] Visiting: https://recreation.northeastern.edu/class-descriptions/ (fail_count=0)
[2025-03-03T02:59:49.317+0000] {subprocess.py:106} INFO - [SUCCESS] Scraped: https://recreation.northeastern.edu/class-descriptions/
[2025-03-03T02:59:49.676+0000] {subprocess.py:106} INFO - [INFO] Visiting: https://recreation.northeastern.edu/new-england-conservatory-nec/ (fail_count=0)
[2025-03-03T02:59:56.044+0000] {subprocess.py:106} INFO - [SUCCESS] Scraped: https://recreation.northeastern.edu/new-england-conservatory-nec/
[2025-03-03T02:59:56.352+0000] {subprocess.py:106} INFO - [INFO] Visiting: https://recreation.northeastern.edu/appropriate-attire-and-equipment-guidelinesolicy/ (fail_count=0)
[2025-03-03T03:00:04.660+0000] {subprocess.py:106} INFO - [SUCCESS] Scraped: https://recreation.northeastern.edu/appropriate-attire-and-equipment-guidelinesolicy/
[2025-03-03T03:00:05.015+0000] {subprocess.py:106} INFO - [INFO] Visiting: https://recreation.northeastern.edu/instructional-recreation/ (fail_count=0)
[2025-03-03T03:00:10.951+0000] {subprocess.py:106} INFO - [SUCCESS] Scraped: https://recreation.northeastern.edu/instructional-recreation/
[2025-03-03T03:00:11.246+0000] {subprocess.py:106} INFO - [INFO] Visiting: https://recreation.northeastern.edu/students/ (fail_count=0)
[2025-03-03T03:00:20.065+0000] {subprocess.py:106} INFO - [SUCCESS] Scraped: https://recreation.northeastern.edu/students/
[2025-03-03T03:00:20.432+0000] {subprocess.py:106} INFO - [INFO] Visiting: https://recreation.northeastern.edu/become-an-instructor/ (fail_count=0)
[2025-03-03T03:00:27.369+0000] {subprocess.py:106} INFO - [SUCCESS] Scraped: https://recreation.northeastern.edu/become-an-instructor/
[2025-03-03T03:00:27.663+0000] {subprocess.py:106} INFO - [INFO] Visiting: https://recreation.northeastern.edu/membership/ (fail_count=0)
[2025-03-03T03:00:34.155+0000] {subprocess.py:106} INFO - [SKIPPED] Already Scraped: https://recreation.northeastern.edu/membership/
[2025-03-03T03:00:34.465+0000] {subprocess.py:106} INFO - [INFO] Visiting: https://recreation.northeastern.edu/intramural-sports/ (fail_count=0)
[2025-03-03T03:00:41.240+0000] {subprocess.py:106} INFO - [SUCCESS] Scraped: https://recreation.northeastern.edu/intramural-sports/
[2025-03-03T03:00:42.688+0000] {subprocess.py:106} INFO - [SUCCESS] Downloaded: https://recreation.northeastern.edu/files/2020/09/ProgramGuide.pdf
[2025-03-03T03:00:43.308+0000] {subprocess.py:106} INFO - [SUCCESS] Downloaded: https://recreation.northeastern.edu/files/2024/12/Marino-Spring-2025.pdf
[2025-03-03T03:00:43.309+0000] {subprocess.py:106} INFO - [INFO] Visiting: https://recreation.northeastern.edu/global-recreation-london-campus/ (fail_count=0)
[2025-03-03T03:00:52.167+0000] {subprocess.py:106} INFO - [SUCCESS] Scraped: https://recreation.northeastern.edu/global-recreation-london-campus/
[2025-03-03T03:00:52.460+0000] {subprocess.py:106} INFO - [INFO] Visiting: https://recreation.northeastern.edu/global-recreation-vancouver-campus/ (fail_count=0)
[2025-03-03T03:01:01.632+0000] {subprocess.py:106} INFO - [SUCCESS] Scraped: https://recreation.northeastern.edu/global-recreation-vancouver-campus/
[2025-03-03T03:01:01.932+0000] {subprocess.py:106} INFO - [INFO] Visiting: https://recreation.northeastern.edu/global-recreation-fitness-app/flex.fod247.fitness (fail_count=0)
[2025-03-03T03:01:11.848+0000] {subprocess.py:106} INFO - [SUCCESS] Scraped: https://recreation.northeastern.edu/global-recreation-fitness-app/flex.fod247.fitness
[2025-03-03T03:01:12.145+0000] {subprocess.py:106} INFO - [INFO] Visiting: https://recreation.northeastern.edu/hello-world/ (fail_count=0)
[2025-03-03T03:01:20.102+0000] {subprocess.py:106} INFO - [SUCCESS] Scraped: https://recreation.northeastern.edu/hello-world/
[2025-03-03T03:01:20.471+0000] {subprocess.py:106} INFO - [INFO] Visiting: https://recreation.northeastern.edu/category/uncategorized/ (fail_count=0)
[2025-03-03T03:01:30.492+0000] {subprocess.py:106} INFO - [SUCCESS] Scraped: https://recreation.northeastern.edu/category/uncategorized/
[2025-03-03T03:01:30.838+0000] {subprocess.py:106} INFO - [INFO] Visiting: https://recreation.northeastern.edu/author/crousseau/ (fail_count=0)
[2025-03-03T03:01:38.054+0000] {subprocess.py:106} INFO - [SUCCESS] Scraped: https://recreation.northeastern.edu/author/crousseau/
[2025-03-03T03:01:38.397+0000] {subprocess.py:106} INFO - [INFO] Visiting: https://recreation.northeastern.edu/title-with-featured-image-as-background/ (fail_count=0)
[2025-03-03T03:01:48.420+0000] {subprocess.py:106} INFO - [SUCCESS] Scraped: https://recreation.northeastern.edu/title-with-featured-image-as-background/
[2025-03-03T03:01:48.752+0000] {subprocess.py:106} INFO - [INFO] Visiting: https://recreation.northeastern.edu/blog-post/ (fail_count=0)
[2025-03-03T03:01:54.472+0000] {subprocess.py:106} INFO - [SUCCESS] Scraped: https://recreation.northeastern.edu/blog-post/
[2025-03-03T03:01:54.770+0000] {subprocess.py:106} INFO - [INFO] Visiting: https://recreation.northeastern.edu/wp-content/mu-plugins/lean-captcha/lc_ep.php (fail_count=0)
[2025-03-03T03:01:58.963+0000] {subprocess.py:106} INFO - [SUCCESS] Scraped: https://recreation.northeastern.edu/wp-content/mu-plugins/lean-captcha/lc_ep.php
[2025-03-03T03:01:59.245+0000] {subprocess.py:106} INFO - [INFO] Visiting: https://recreation.northeastern.edu/global-recreation-seattle-campus/ (fail_count=0)
[2025-03-03T03:02:09.326+0000] {subprocess.py:106} INFO - [SUCCESS] Scraped: https://recreation.northeastern.edu/global-recreation-seattle-campus/
[2025-03-03T03:02:09.683+0000] {subprocess.py:106} INFO - [INFO] Visiting: https://recreation.northeastern.edu/global-recreation-arlington-campus/ (fail_count=0)
[2025-03-03T03:02:17.516+0000] {subprocess.py:106} INFO - [SUCCESS] Scraped: https://recreation.northeastern.edu/global-recreation-arlington-campus/
[2025-03-03T03:02:18.209+0000] {subprocess.py:106} INFO - [SUCCESS] Downloaded: https://recreation.northeastern.edu/files/2020/09/FreeAgentHandoutWeb.pdf
[2025-03-03T03:02:18.209+0000] {subprocess.py:106} INFO - [INFO] Visiting: https://recreation.northeastern.edu/files/2020/09/1.jpg (fail_count=0)
[2025-03-03T03:02:26.555+0000] {subprocess.py:106} INFO - [SUCCESS] Scraped: https://recreation.northeastern.edu/files/2020/09/1.jpg
[2025-03-03T03:02:26.828+0000] {subprocess.py:106} INFO - [INFO] Visiting: https://recreation.northeastern.edu/files/2020/09/pool.jpg (fail_count=0)
[2025-03-03T03:02:31.514+0000] {subprocess.py:106} INFO - [SUCCESS] Scraped: https://recreation.northeastern.edu/files/2020/09/pool.jpg
[2025-03-03T03:02:31.750+0000] {subprocess.py:106} INFO - [INFO] Visiting: https://recreation.northeastern.edu/files/2020/09/3.png (fail_count=0)
[2025-03-03T03:02:36.134+0000] {subprocess.py:106} INFO - [SUCCESS] Scraped: https://recreation.northeastern.edu/files/2020/09/3.png
[2025-03-03T03:02:36.377+0000] {subprocess.py:106} INFO - [INFO] Visiting: https://recreation.northeastern.edu/files/2020/09/Matthews1.png (fail_count=0)
[2025-03-03T03:02:45.855+0000] {subprocess.py:106} INFO - [SUCCESS] Scraped: https://recreation.northeastern.edu/files/2020/09/Matthews1.png
[2025-03-03T03:02:46.110+0000] {subprocess.py:106} INFO - [INFO] Visiting: https://recreation.northeastern.edu/Guest Policy (fail_count=0)
[2025-03-03T03:02:52.038+0000] {subprocess.py:106} INFO - [SUCCESS] Scraped: https://recreation.northeastern.edu/Guest Policy
[2025-03-03T03:02:52.385+0000] {subprocess.py:106} INFO - [INFO] Visiting: https://recreation.northeastern.edu/Guest%20Policy (fail_count=0)
[2025-03-03T03:03:01.296+0000] {subprocess.py:106} INFO - [SUCCESS] Scraped: https://recreation.northeastern.edu/Guest%20Policy
[2025-03-03T03:03:01.605+0000] {subprocess.py:106} INFO - [INFO] Visiting: https://recreation.northeastern.edu/im-handbook-and-sport-rules/banned-equipment-and-jewelry-policy/ (fail_count=0)
[2025-03-03T03:03:10.531+0000] {subprocess.py:106} INFO - [SUCCESS] Scraped: https://recreation.northeastern.edu/im-handbook-and-sport-rules/banned-equipment-and-jewelry-policy/
[2025-03-03T03:03:23.593+0000] {subprocess.py:106} INFO - [SUCCESS] Downloaded: https://recreation.northeastern.edu/files/2024/09/Roux-Institute-Global-Recreation-Resource-Guide.pdf
[2025-03-03T03:03:23.593+0000] {subprocess.py:106} INFO - [INFO] Visiting: https://recreation.northeastern.edu/files/2020/09/Sarah-Olender.png (fail_count=0)
[2025-03-03T03:03:32.571+0000] {subprocess.py:106} INFO - [SUCCESS] Scraped: https://recreation.northeastern.edu/files/2020/09/Sarah-Olender.png
[2025-03-03T03:03:32.810+0000] {subprocess.py:106} INFO - [INFO] Visiting: https://recreation.northeastern.edu/files/2024/02/Jacob-Katz-3b5a8765000de9b7.png (fail_count=0)
[2025-03-03T03:03:38.337+0000] {subprocess.py:106} INFO - [SUCCESS] Scraped: https://recreation.northeastern.edu/files/2024/02/Jacob-Katz-3b5a8765000de9b7.png
[2025-03-03T03:03:38.566+0000] {subprocess.py:106} INFO - [INFO] Visiting: https://recreation.northeastern.edu/files/2020/09/Roya-Baalbaki.png (fail_count=0)
[2025-03-03T03:03:43.187+0000] {subprocess.py:106} INFO - [SUCCESS] Scraped: https://recreation.northeastern.edu/files/2020/09/Roya-Baalbaki.png
[2025-03-03T03:03:43.471+0000] {subprocess.py:106} INFO - [INFO] Visiting: https://recreation.northeastern.edu/files/2024/11/Sarah.png (fail_count=0)
[2025-03-03T03:03:49.153+0000] {subprocess.py:106} INFO - [SUCCESS] Scraped: https://recreation.northeastern.edu/files/2024/11/Sarah.png
[2025-03-03T03:03:49.459+0000] {subprocess.py:106} INFO - [INFO] Visiting: https://recreation.northeastern.edu/files/2020/09/Varun.png (fail_count=0)
[2025-03-03T03:03:57.009+0000] {subprocess.py:106} INFO - [SUCCESS] Scraped: https://recreation.northeastern.edu/files/2020/09/Varun.png
[2025-03-03T03:03:57.242+0000] {subprocess.py:106} INFO - [INFO] Visiting: https://recreation.northeastern.edu/files/2020/09/Jonah-Albrecht.png (fail_count=0)
[2025-03-03T03:04:05.993+0000] {subprocess.py:106} INFO - [SUCCESS] Scraped: https://recreation.northeastern.edu/files/2020/09/Jonah-Albrecht.png
[2025-03-03T03:04:06.326+0000] {subprocess.py:106} INFO - [INFO] Visiting: https://recreation.northeastern.edu/files/2025/01/4.png (fail_count=0)
[2025-03-03T03:04:12.850+0000] {subprocess.py:106} INFO - [SUCCESS] Scraped: https://recreation.northeastern.edu/files/2025/01/4.png
[2025-03-03T03:04:13.082+0000] {subprocess.py:106} INFO - [INFO] Visiting: https://recreation.northeastern.edu/files/2020/09/Sarah-Olender-IM.png (fail_count=0)
[2025-03-03T03:04:19.561+0000] {subprocess.py:106} INFO - [SUCCESS] Scraped: https://recreation.northeastern.edu/files/2020/09/Sarah-Olender-IM.png
[2025-03-03T03:04:19.797+0000] {subprocess.py:106} INFO - [INFO] Visiting: https://recreation.northeastern.edu/files/2024/04/Dylan-d72d2550bf26bae0.png (fail_count=0)
[2025-03-03T03:04:24.329+0000] {subprocess.py:106} INFO - [SUCCESS] Scraped: https://recreation.northeastern.edu/files/2024/04/Dylan-d72d2550bf26bae0.png
[2025-03-03T03:04:24.601+0000] {subprocess.py:106} INFO - [INFO] Visiting: https://recreation.northeastern.edu/files/2025/01/1.png (fail_count=0)
[2025-03-03T03:04:30.042+0000] {subprocess.py:106} INFO - [SUCCESS] Scraped: https://recreation.northeastern.edu/files/2025/01/1.png
[2025-03-03T03:04:30.271+0000] {subprocess.py:106} INFO - [INFO] Visiting: https://recreation.northeastern.edu/files/2020/09/Josue-Oviedo.png (fail_count=0)
[2025-03-03T03:04:38.281+0000] {subprocess.py:106} INFO - [SUCCESS] Scraped: https://recreation.northeastern.edu/files/2020/09/Josue-Oviedo.png
[2025-03-03T03:04:38.561+0000] {subprocess.py:106} INFO - [INFO] Visiting: https://recreation.northeastern.edu/files/2020/09/Alexandros-Zografos-Manos.png (fail_count=0)
[2025-03-03T03:04:47.012+0000] {subprocess.py:106} INFO - [SUCCESS] Scraped: https://recreation.northeastern.edu/files/2020/09/Alexandros-Zografos-Manos.png
[2025-03-03T03:04:47.299+0000] {subprocess.py:106} INFO - [INFO] Visiting: https://recreation.northeastern.edu/files/2024/09/Yashasvi.png (fail_count=0)
[2025-03-03T03:04:52.773+0000] {subprocess.py:106} INFO - [SUCCESS] Scraped: https://recreation.northeastern.edu/files/2024/09/Yashasvi.png
[2025-03-03T03:04:53.058+0000] {subprocess.py:106} INFO - [INFO] Visiting: https://recreation.northeastern.edu/files/2020/09/Cory-Luk.png (fail_count=0)
[2025-03-03T03:04:58.430+0000] {subprocess.py:106} INFO - [SUCCESS] Scraped: https://recreation.northeastern.edu/files/2020/09/Cory-Luk.png
[2025-03-03T03:04:58.653+0000] {subprocess.py:106} INFO - [INFO] Visiting: https://recreation.northeastern.edu/files/2023/11/Sai-Narmeta.png (fail_count=0)
[2025-03-03T03:05:04.380+0000] {subprocess.py:106} INFO - [SUCCESS] Scraped: https://recreation.northeastern.edu/files/2023/11/Sai-Narmeta.png
[2025-03-03T03:05:04.620+0000] {subprocess.py:106} INFO - [INFO] Visiting: https://recreation.northeastern.edu/files/2023/04/Samantha-Yip.png (fail_count=0)
[2025-03-03T03:05:09.067+0000] {subprocess.py:106} INFO - [SUCCESS] Scraped: https://recreation.northeastern.edu/files/2023/04/Samantha-Yip.png
[2025-03-03T03:05:09.300+0000] {subprocess.py:106} INFO - [INFO] Visiting: https://recreation.northeastern.edu/files/2020/09/Jacob.png (fail_count=0)
[2025-03-03T03:05:16.701+0000] {subprocess.py:106} INFO - [SUCCESS] Scraped: https://recreation.northeastern.edu/files/2020/09/Jacob.png
[2025-03-03T03:05:16.930+0000] {subprocess.py:106} INFO - [INFO] Visiting: https://recreation.northeastern.edu/files/2023/08/Michael-Davis.png (fail_count=0)
[2025-03-03T03:05:25.388+0000] {subprocess.py:106} INFO - [SUCCESS] Scraped: https://recreation.northeastern.edu/files/2023/08/Michael-Davis.png
[2025-03-03T03:05:25.616+0000] {subprocess.py:106} INFO - [INFO] Visiting: https://recreation.northeastern.edu/files/2023/03/Daria-Listkova.png (fail_count=0)
[2025-03-03T03:05:31.111+0000] {subprocess.py:106} INFO - [SUCCESS] Scraped: https://recreation.northeastern.edu/files/2023/03/Daria-Listkova.png
[2025-03-03T03:05:31.623+0000] {subprocess.py:106} INFO - [INFO] Visiting: https://recreation.northeastern.edu/files/2023/12/Julia-Lo.png (fail_count=0)
[2025-03-03T03:05:38.926+0000] {subprocess.py:106} INFO - [SUCCESS] Scraped: https://recreation.northeastern.edu/files/2023/12/Julia-Lo.png
[2025-03-03T03:05:39.198+0000] {subprocess.py:106} INFO - [INFO] Visiting: https://recreation.northeastern.edu/files/2020/09/Matt-Fritz-IM.png (fail_count=0)
[2025-03-03T03:05:44.810+0000] {subprocess.py:106} INFO - [SUCCESS] Scraped: https://recreation.northeastern.edu/files/2020/09/Matt-Fritz-IM.png
[2025-03-03T03:05:45.086+0000] {subprocess.py:106} INFO - [INFO] Visiting: https://recreation.northeastern.edu/files/2023/03/Shivam-Joshi.png (fail_count=0)
[2025-03-03T03:05:52.045+0000] {subprocess.py:106} INFO - [SUCCESS] Scraped: https://recreation.northeastern.edu/files/2023/03/Shivam-Joshi.png
[2025-03-03T03:05:52.298+0000] {subprocess.py:106} INFO - [INFO] Visiting: https://recreation.northeastern.edu/files/2020/09/Jatinder-Bali.png (fail_count=0)
[2025-03-03T03:05:58.859+0000] {subprocess.py:106} INFO - [SUCCESS] Scraped: https://recreation.northeastern.edu/files/2020/09/Jatinder-Bali.png
[2025-03-03T03:05:59.086+0000] {subprocess.py:106} INFO - [INFO] Visiting: https://recreation.northeastern.edu/files/2023/10/Joshua-Miller.png (fail_count=0)
[2025-03-03T03:06:08.066+0000] {subprocess.py:106} INFO - [SUCCESS] Scraped: https://recreation.northeastern.edu/files/2023/10/Joshua-Miller.png
[2025-03-03T03:06:08.351+0000] {subprocess.py:106} INFO - [INFO] Visiting: https://recreation.northeastern.edu/files/2024/02/Shreyas-Terdalkar-fe8e571c91c85eb8.png (fail_count=0)
[2025-03-03T03:06:13.854+0000] {subprocess.py:106} INFO - [SUCCESS] Scraped: https://recreation.northeastern.edu/files/2024/02/Shreyas-Terdalkar-fe8e571c91c85eb8.png
[2025-03-03T03:06:14.147+0000] {subprocess.py:106} INFO - [INFO] Visiting: https://recreation.northeastern.edu/files/2020/09/Maria-Paula-Acosta-Bello.png (fail_count=0)
[2025-03-03T03:06:20.589+0000] {subprocess.py:106} INFO - [SUCCESS] Scraped: https://recreation.northeastern.edu/files/2020/09/Maria-Paula-Acosta-Bello.png
[2025-03-03T03:06:20.812+0000] {subprocess.py:106} INFO - [INFO] Visiting: https://recreation.northeastern.edu/files/2022/07/Prashanth-Krishnamsetty.png (fail_count=0)
[2025-03-03T03:06:25.355+0000] {subprocess.py:106} INFO - [SUCCESS] Scraped: https://recreation.northeastern.edu/files/2022/07/Prashanth-Krishnamsetty.png
[2025-03-03T03:06:25.630+0000] {subprocess.py:106} INFO - [INFO] Visiting: https://recreation.northeastern.edu/files/2022/09/Emma-Castle.jpg (fail_count=0)
[2025-03-03T03:06:32.265+0000] {subprocess.py:106} INFO - [SUCCESS] Scraped: https://recreation.northeastern.edu/files/2022/09/Emma-Castle.jpg
[2025-03-03T03:06:32.494+0000] {subprocess.py:106} INFO - [INFO] Visiting: https://recreation.northeastern.edu/files/2022/11/Ishan-Shah-.png (fail_count=0)
[2025-03-03T03:06:40.024+0000] {subprocess.py:106} INFO - [SUCCESS] Scraped: https://recreation.northeastern.edu/files/2022/11/Ishan-Shah-.png
[2025-03-03T03:06:40.260+0000] {subprocess.py:106} INFO - [INFO] Visiting: https://recreation.northeastern.edu/files/2023/11/Tatyana-Boiano.png (fail_count=0)
[2025-03-03T03:06:47.749+0000] {subprocess.py:106} INFO - [SUCCESS] Scraped: https://recreation.northeastern.edu/files/2023/11/Tatyana-Boiano.png
[2025-03-03T03:06:47.980+0000] {subprocess.py:106} INFO - [INFO] Visiting: https://recreation.northeastern.edu/files/2023/09/Ashish-Sharma.png (fail_count=0)
[2025-03-03T03:06:52.541+0000] {subprocess.py:106} INFO - [SUCCESS] Scraped: https://recreation.northeastern.edu/files/2023/09/Ashish-Sharma.png
[2025-03-03T03:06:52.819+0000] {subprocess.py:106} INFO - [INFO] Visiting: https://recreation.northeastern.edu/files/2022/11/Tiana-Sheddy.png (fail_count=0)
[2025-03-03T03:06:57.203+0000] {subprocess.py:106} INFO - [SUCCESS] Scraped: https://recreation.northeastern.edu/files/2022/11/Tiana-Sheddy.png
[2025-03-03T03:06:57.428+0000] {subprocess.py:106} INFO - [INFO] Visiting: https://recreation.northeastern.edu/files/2023/01/Mehal-Patel.png (fail_count=0)
[2025-03-03T03:07:04.244+0000] {subprocess.py:106} INFO - [SUCCESS] Scraped: https://recreation.northeastern.edu/files/2023/01/Mehal-Patel.png
[2025-03-03T03:07:04.479+0000] {subprocess.py:106} INFO - [INFO] Visiting: https://recreation.northeastern.edu/files/2020/09/Keval-Shah.png (fail_count=0)
[2025-03-03T03:07:09.024+0000] {subprocess.py:106} INFO - [SUCCESS] Scraped: https://recreation.northeastern.edu/files/2020/09/Keval-Shah.png
[2025-03-03T03:07:09.246+0000] {subprocess.py:106} INFO - [INFO] Visiting: https://recreation.northeastern.edu/files/2020/09/Rachel-Luccarelli.png (fail_count=0)
[2025-03-03T03:07:14.772+0000] {subprocess.py:106} INFO - [SUCCESS] Scraped: https://recreation.northeastern.edu/files/2020/09/Rachel-Luccarelli.png
[2025-03-03T03:07:15.006+0000] {subprocess.py:106} INFO - [INFO] Visiting: https://recreation.northeastern.edu/files/2023/04/Kaneesha-Ranade.png (fail_count=0)
[2025-03-03T03:07:22.460+0000] {subprocess.py:106} INFO - [SUCCESS] Scraped: https://recreation.northeastern.edu/files/2023/04/Kaneesha-Ranade.png
[2025-03-03T03:07:22.730+0000] {subprocess.py:106} INFO - [INFO] Visiting: https://recreation.northeastern.edu/files/2022/07/Pedro-Escobar.png (fail_count=0)
[2025-03-03T03:07:30.210+0000] {subprocess.py:106} INFO - [SUCCESS] Scraped: https://recreation.northeastern.edu/files/2022/07/Pedro-Escobar.png
[2025-03-03T03:07:30.441+0000] {subprocess.py:106} INFO - [INFO] Visiting: https://recreation.northeastern.edu/files/2023/04/Vatsal-kheni.png (fail_count=0)
[2025-03-03T03:07:39.263+0000] {subprocess.py:106} INFO - [SUCCESS] Scraped: https://recreation.northeastern.edu/files/2023/04/Vatsal-kheni.png
[2025-03-03T03:07:39.533+0000] {subprocess.py:106} INFO - [INFO] Visiting: https://recreation.northeastern.edu/files/2022/07/Nicole-Roach.png (fail_count=0)
[2025-03-03T03:07:47.208+0000] {subprocess.py:106} INFO - [SUCCESS] Scraped: https://recreation.northeastern.edu/files/2022/07/Nicole-Roach.png
[2025-03-03T03:07:47.484+0000] {subprocess.py:106} INFO - [INFO] Visiting: https://recreation.northeastern.edu/files/2023/09/Jack-Butler.png (fail_count=0)
[2025-03-03T03:07:53.996+0000] {subprocess.py:106} INFO - [SUCCESS] Scraped: https://recreation.northeastern.edu/files/2023/09/Jack-Butler.png
[2025-03-03T03:07:54.221+0000] {subprocess.py:106} INFO - [INFO] Visiting: https://recreation.northeastern.edu/files/2020/09/Rachael-Biega.png (fail_count=0)
[2025-03-03T03:07:59.746+0000] {subprocess.py:106} INFO - [SUCCESS] Scraped: https://recreation.northeastern.edu/files/2020/09/Rachael-Biega.png
[2025-03-03T03:07:59.984+0000] {subprocess.py:106} INFO - [INFO] Visiting: https://recreation.northeastern.edu/files/2025/01/3.png (fail_count=0)
[2025-03-03T03:08:04.885+0000] {subprocess.py:106} INFO - [SUCCESS] Scraped: https://recreation.northeastern.edu/files/2025/01/3.png
[2025-03-03T03:08:05.173+0000] {subprocess.py:106} INFO - [INFO] Visiting: https://recreation.northeastern.edu/files/2020/09/Zachary-Umans.png (fail_count=0)
[2025-03-03T03:08:14.707+0000] {subprocess.py:106} INFO - [SUCCESS] Scraped: https://recreation.northeastern.edu/files/2020/09/Zachary-Umans.png
[2025-03-03T03:08:14.934+0000] {subprocess.py:106} INFO - [INFO] Visiting: https://recreation.northeastern.edu/files/2020/09/Rachel-Miramontes.png (fail_count=0)
[2025-03-03T03:08:21.674+0000] {subprocess.py:106} INFO - [SUCCESS] Scraped: https://recreation.northeastern.edu/files/2020/09/Rachel-Miramontes.png
[2025-03-03T03:08:21.893+0000] {subprocess.py:106} INFO - [INFO] Visiting: https://recreation.northeastern.edu/files/2024/03/Ria-Nath-373a813884a1e09e.png (fail_count=0)
[2025-03-03T03:08:29.698+0000] {subprocess.py:106} INFO - [SUCCESS] Scraped: https://recreation.northeastern.edu/files/2024/03/Ria-Nath-373a813884a1e09e.png
[2025-03-03T03:08:29.957+0000] {subprocess.py:106} INFO - [INFO] Visiting: https://recreation.northeastern.edu/files/2023/04/Robbie-Neumann.png (fail_count=0)
[2025-03-03T03:08:40.591+0000] {subprocess.py:106} INFO - [SUCCESS] Scraped: https://recreation.northeastern.edu/files/2023/04/Robbie-Neumann.png
[2025-03-03T03:08:40.814+0000] {subprocess.py:106} INFO - [INFO] Visiting: https://recreation.northeastern.edu/files/2022/12/Sarah-Baker.png (fail_count=0)
[2025-03-03T03:08:46.265+0000] {subprocess.py:106} INFO - [SUCCESS] Scraped: https://recreation.northeastern.edu/files/2022/12/Sarah-Baker.png
[2025-03-03T03:08:46.558+0000] {subprocess.py:106} INFO - [INFO] Visiting: https://recreation.northeastern.edu/files/2023/05/Mihir-Joshi-.png (fail_count=0)
[2025-03-03T03:08:54.222+0000] {subprocess.py:106} INFO - [SUCCESS] Scraped: https://recreation.northeastern.edu/files/2023/05/Mihir-Joshi-.png
[2025-03-03T03:08:54.493+0000] {subprocess.py:106} INFO - [INFO] Visiting: https://recreation.northeastern.edu/files/2020/09/Emily-Tran.png (fail_count=0)
[2025-03-03T03:09:02.878+0000] {subprocess.py:106} INFO - [SUCCESS] Scraped: https://recreation.northeastern.edu/files/2020/09/Emily-Tran.png
[2025-03-03T03:09:03.122+0000] {subprocess.py:106} INFO - [INFO] Visiting: https://recreation.northeastern.edu/files/2023/04/Mira-Gandhi.png (fail_count=0)
[2025-03-03T03:09:07.763+0000] {subprocess.py:106} INFO - [SUCCESS] Scraped: https://recreation.northeastern.edu/files/2023/04/Mira-Gandhi.png
[2025-03-03T03:09:07.994+0000] {subprocess.py:106} INFO - [INFO] Visiting: https://recreation.northeastern.edu/files/2024/03/Genevieve-Steever-7d1cbeca0cae3f39.png (fail_count=0)
[2025-03-03T03:09:14.455+0000] {subprocess.py:106} INFO - [SUCCESS] Scraped: https://recreation.northeastern.edu/files/2024/03/Genevieve-Steever-7d1cbeca0cae3f39.png
[2025-03-03T03:09:14.725+0000] {subprocess.py:106} INFO - [INFO] Visiting: https://recreation.northeastern.edu/files/2022/06/Bri-Kelly.png (fail_count=0)
[2025-03-03T03:09:19.181+0000] {subprocess.py:106} INFO - [SUCCESS] Scraped: https://recreation.northeastern.edu/files/2022/06/Bri-Kelly.png
[2025-03-03T03:09:19.453+0000] {subprocess.py:106} INFO - [INFO] Visiting: https://recreation.northeastern.edu/files/2023/12/Caroline-Ho.png (fail_count=0)
[2025-03-03T03:09:23.912+0000] {subprocess.py:106} INFO - [SUCCESS] Scraped: https://recreation.northeastern.edu/files/2023/12/Caroline-Ho.png
[2025-03-03T03:09:24.190+0000] {subprocess.py:106} INFO - [INFO] Visiting: https://recreation.northeastern.edu/files/2023/11/Sofia-Murray.png (fail_count=0)
[2025-03-03T03:09:30.663+0000] {subprocess.py:106} INFO - [SUCCESS] Scraped: https://recreation.northeastern.edu/files/2023/11/Sofia-Murray.png
[2025-03-03T03:09:30.900+0000] {subprocess.py:106} INFO - [INFO] Visiting: https://recreation.northeastern.edu/files/2024/05/Leticia.png (fail_count=0)
[2025-03-03T03:09:36.548+0000] {subprocess.py:106} INFO - [SUCCESS] Scraped: https://recreation.northeastern.edu/files/2024/05/Leticia.png
[2025-03-03T03:09:36.843+0000] {subprocess.py:106} INFO - [INFO] Visiting: https://recreation.northeastern.edu/files/2024/04/Lauren-0714aeed58ab0147.png (fail_count=0)
[2025-03-03T03:09:44.329+0000] {subprocess.py:106} INFO - [SUCCESS] Scraped: https://recreation.northeastern.edu/files/2024/04/Lauren-0714aeed58ab0147.png
[2025-03-03T03:09:44.557+0000] {subprocess.py:106} INFO - [INFO] Visiting: https://recreation.northeastern.edu/files/2020/09/Sarah-Baker.png (fail_count=0)
[2025-03-03T03:09:52.009+0000] {subprocess.py:106} INFO - [SUCCESS] Scraped: https://recreation.northeastern.edu/files/2020/09/Sarah-Baker.png
[2025-03-03T03:09:52.238+0000] {subprocess.py:106} INFO - [INFO] Visiting: https://recreation.northeastern.edu/files/2024/02/Belle-McNamara-5014f9021e4d48d4.png (fail_count=0)
[2025-03-03T03:09:58.753+0000] {subprocess.py:106} INFO - [SUCCESS] Scraped: https://recreation.northeastern.edu/files/2024/02/Belle-McNamara-5014f9021e4d48d4.png
[2025-03-03T03:09:59.042+0000] {subprocess.py:106} INFO - [INFO] Visiting: https://recreation.northeastern.edu/files/2020/09/Aabha-Parikh.png (fail_count=0)
[2025-03-03T03:10:04.670+0000] {subprocess.py:106} INFO - [SUCCESS] Scraped: https://recreation.northeastern.edu/files/2020/09/Aabha-Parikh.png
[2025-03-03T03:10:04.907+0000] {subprocess.py:106} INFO - [INFO] Visiting: https://recreation.northeastern.edu/files/2024/11/Sophia.png (fail_count=0)
[2025-03-03T03:10:11.356+0000] {subprocess.py:106} INFO - [SUCCESS] Scraped: https://recreation.northeastern.edu/files/2024/11/Sophia.png
[2025-03-03T03:10:11.640+0000] {subprocess.py:106} INFO - [INFO] Visiting: https://recreation.northeastern.edu/files/2020/09/Mitesha-Jadhav.png (fail_count=0)
[2025-03-03T03:10:17.021+0000] {subprocess.py:106} INFO - [SUCCESS] Scraped: https://recreation.northeastern.edu/files/2020/09/Mitesha-Jadhav.png
[2025-03-03T03:10:17.249+0000] {subprocess.py:106} INFO - [INFO] Visiting: https://recreation.northeastern.edu/files/2020/09/Sandy-Saliba.png (fail_count=0)
[2025-03-03T03:10:24.689+0000] {subprocess.py:106} INFO - [SUCCESS] Scraped: https://recreation.northeastern.edu/files/2020/09/Sandy-Saliba.png
[2025-03-03T03:10:24.960+0000] {subprocess.py:106} INFO - [INFO] Visiting: https://recreation.northeastern.edu/files/2020/09/Sarah-Jacobs.png (fail_count=0)
[2025-03-03T03:10:31.575+0000] {subprocess.py:106} INFO - [SUCCESS] Scraped: https://recreation.northeastern.edu/files/2020/09/Sarah-Jacobs.png
[2025-03-03T03:10:31.801+0000] {subprocess.py:106} INFO - [INFO] Visiting: https://recreation.northeastern.edu/files/2020/09/Matt-Fritz.png (fail_count=0)
[2025-03-03T03:10:36.737+0000] {subprocess.py:106} INFO - [SUCCESS] Scraped: https://recreation.northeastern.edu/files/2020/09/Matt-Fritz.png
[2025-03-03T03:10:36.975+0000] {subprocess.py:106} INFO - [INFO] Visiting: https://recreation.northeastern.edu/files/2020/09/Natalie-Noland.png (fail_count=0)
[2025-03-03T03:10:46.209+0000] {subprocess.py:106} INFO - [SUCCESS] Scraped: https://recreation.northeastern.edu/files/2020/09/Natalie-Noland.png
[2025-03-03T03:10:46.452+0000] {subprocess.py:106} INFO - [INFO] Visiting: https://recreation.northeastern.edu/files/2022/08/Sakshee-Naik.png (fail_count=0)
[2025-03-03T03:10:51.817+0000] {subprocess.py:106} INFO - [SUCCESS] Scraped: https://recreation.northeastern.edu/files/2022/08/Sakshee-Naik.png
[2025-03-03T03:10:52.051+0000] {subprocess.py:106} INFO - [INFO] Visiting: https://recreation.northeastern.edu/files/2024/08/Emily.png (fail_count=0)
[2025-03-03T03:10:56.673+0000] {subprocess.py:106} INFO - [SUCCESS] Scraped: https://recreation.northeastern.edu/files/2024/08/Emily.png
[2025-03-03T03:10:56.952+0000] {subprocess.py:106} INFO - [INFO] Visiting: https://recreation.northeastern.edu/files/2023/04/Emma-McGarrity.png (fail_count=0)
[2025-03-03T03:11:05.193+0000] {subprocess.py:106} INFO - [SUCCESS] Scraped: https://recreation.northeastern.edu/files/2023/04/Emma-McGarrity.png
[2025-03-03T03:11:05.440+0000] {subprocess.py:106} INFO - [INFO] Visiting: https://recreation.northeastern.edu/files/2023/02/Sacha-Sergent.png (fail_count=0)
[2025-03-03T03:11:11.404+0000] {subprocess.py:106} INFO - [SUCCESS] Scraped: https://recreation.northeastern.edu/files/2023/02/Sacha-Sergent.png
[2025-03-03T03:11:11.647+0000] {subprocess.py:106} INFO - [INFO] Visiting: https://recreation.northeastern.edu/files/2020/09/Thomas-Cunningham.png (fail_count=0)
[2025-03-03T03:11:16.510+0000] {subprocess.py:106} INFO - [SUCCESS] Scraped: https://recreation.northeastern.edu/files/2020/09/Thomas-Cunningham.png
[2025-03-03T03:11:16.787+0000] {subprocess.py:106} INFO - [INFO] Visiting: https://recreation.northeastern.edu/files/2020/09/Jamila-Yunusa.png (fail_count=0)
[2025-03-03T03:11:24.558+0000] {subprocess.py:106} INFO - [SUCCESS] Scraped: https://recreation.northeastern.edu/files/2020/09/Jamila-Yunusa.png
[2025-03-03T03:11:24.847+0000] {subprocess.py:106} INFO - [INFO] Visiting: https://recreation.northeastern.edu/files/2023/02/Emily-Aliotta.png (fail_count=0)
[2025-03-03T03:11:29.916+0000] {subprocess.py:106} INFO - [SUCCESS] Scraped: https://recreation.northeastern.edu/files/2023/02/Emily-Aliotta.png
[2025-03-03T03:11:30.213+0000] {subprocess.py:106} INFO - [INFO] Visiting: https://recreation.northeastern.edu/files/2020/09/Liam-Moore.png (fail_count=0)
[2025-03-03T03:11:38.989+0000] {subprocess.py:106} INFO - [SUCCESS] Scraped: https://recreation.northeastern.edu/files/2020/09/Liam-Moore.png
[2025-03-03T03:11:39.270+0000] {subprocess.py:106} INFO - [INFO] Visiting: https://recreation.northeastern.edu/files/2023/02/Genevieve-Steever.png (fail_count=0)
[2025-03-03T03:11:45.712+0000] {subprocess.py:106} INFO - [SUCCESS] Scraped: https://recreation.northeastern.edu/files/2023/02/Genevieve-Steever.png
[2025-03-03T03:11:45.995+0000] {subprocess.py:106} INFO - [INFO] Visiting: https://recreation.northeastern.edu/files/2023/03/Dennis-Simmons.png (fail_count=0)
[2025-03-03T03:11:52.475+0000] {subprocess.py:106} INFO - [SUCCESS] Scraped: https://recreation.northeastern.edu/files/2023/03/Dennis-Simmons.png
[2025-03-03T03:11:52.709+0000] {subprocess.py:106} INFO - [INFO] Visiting: https://recreation.northeastern.edu/files/2024/11/Shub.png (fail_count=0)
[2025-03-03T03:11:57.077+0000] {subprocess.py:106} INFO - [SUCCESS] Scraped: https://recreation.northeastern.edu/files/2024/11/Shub.png
[2025-03-03T03:11:57.297+0000] {subprocess.py:106} INFO - [INFO] Visiting: https://recreation.northeastern.edu/files/2023/09/Sarah-Jacobs.png (fail_count=0)
[2025-03-03T03:12:05.002+0000] {subprocess.py:106} INFO - [SUCCESS] Scraped: https://recreation.northeastern.edu/files/2023/09/Sarah-Jacobs.png
[2025-03-03T03:12:05.238+0000] {subprocess.py:106} INFO - [INFO] Visiting: https://recreation.northeastern.edu/files/2020/09/Sarah-Adamo.png (fail_count=0)
[2025-03-03T03:12:10.689+0000] {subprocess.py:106} INFO - [SUCCESS] Scraped: https://recreation.northeastern.edu/files/2020/09/Sarah-Adamo.png
[2025-03-03T03:12:10.963+0000] {subprocess.py:106} INFO - [INFO] Visiting: https://recreation.northeastern.edu/files/2024/11/Vedant.png (fail_count=0)
[2025-03-03T03:12:17.485+0000] {subprocess.py:106} INFO - [SUCCESS] Scraped: https://recreation.northeastern.edu/files/2024/11/Vedant.png
[2025-03-03T03:12:17.718+0000] {subprocess.py:106} INFO - [INFO] Visiting: https://recreation.northeastern.edu/files/2023/01/Vinny-Coppola.png (fail_count=0)
[2025-03-03T03:12:24.209+0000] {subprocess.py:106} INFO - [SUCCESS] Scraped: https://recreation.northeastern.edu/files/2023/01/Vinny-Coppola.png
[2025-03-03T03:12:24.528+0000] {subprocess.py:106} INFO - [INFO] Visiting: https://recreation.northeastern.edu/files/2024/11/Guna.png (fail_count=0)
[2025-03-03T03:12:30.015+0000] {subprocess.py:106} INFO - [SUCCESS] Scraped: https://recreation.northeastern.edu/files/2024/11/Guna.png
[2025-03-03T03:12:30.309+0000] {subprocess.py:106} INFO - [INFO] Visiting: https://recreation.northeastern.edu/files/2024/04/Kiki-1ddcf7504fe73add.png (fail_count=0)
[2025-03-03T03:12:34.685+0000] {subprocess.py:106} INFO - [SUCCESS] Scraped: https://recreation.northeastern.edu/files/2024/04/Kiki-1ddcf7504fe73add.png
[2025-03-03T03:12:34.933+0000] {subprocess.py:106} INFO - [INFO] Visiting: https://recreation.northeastern.edu/files/2020/09/Dakota-Wintrode.png (fail_count=0)
[2025-03-03T03:12:40.691+0000] {subprocess.py:106} INFO - [SUCCESS] Scraped: https://recreation.northeastern.edu/files/2020/09/Dakota-Wintrode.png
[2025-03-03T03:12:40.966+0000] {subprocess.py:106} INFO - [INFO] Visiting: https://recreation.northeastern.edu/files/2022/11/Qian-Jing.png (fail_count=0)
[2025-03-03T03:12:46.376+0000] {subprocess.py:106} INFO - [SUCCESS] Scraped: https://recreation.northeastern.edu/files/2022/11/Qian-Jing.png
[2025-03-03T03:12:46.613+0000] {subprocess.py:106} INFO - [INFO] Visiting: https://recreation.northeastern.edu/files/2023/03/Belle-McNamara.png (fail_count=0)
[2025-03-03T03:12:51.031+0000] {subprocess.py:106} INFO - [SUCCESS] Scraped: https://recreation.northeastern.edu/files/2023/03/Belle-McNamara.png
[2025-03-03T03:12:51.254+0000] {subprocess.py:106} INFO - [INFO] Visiting: https://recreation.northeastern.edu/files/2022/12/Elena-Castellini-.png (fail_count=0)
[2025-03-03T03:12:57.959+0000] {subprocess.py:106} INFO - [SUCCESS] Scraped: https://recreation.northeastern.edu/files/2022/12/Elena-Castellini-.png
[2025-03-03T03:12:58.183+0000] {subprocess.py:106} INFO - [INFO] Visiting: https://recreation.northeastern.edu/files/2023/08/Sacha-Sergent.png (fail_count=0)
[2025-03-03T03:13:03.602+0000] {subprocess.py:106} INFO - [SUCCESS] Scraped: https://recreation.northeastern.edu/files/2023/08/Sacha-Sergent.png
[2025-03-03T03:13:03.823+0000] {subprocess.py:106} INFO - [INFO] Visiting: https://recreation.northeastern.edu/files/2023/12/Donovan-Holt.png (fail_count=0)
[2025-03-03T03:13:08.864+0000] {subprocess.py:106} INFO - [SUCCESS] Scraped: https://recreation.northeastern.edu/files/2023/12/Donovan-Holt.png
[2025-03-03T03:13:09.109+0000] {subprocess.py:106} INFO - [INFO] Visiting: https://recreation.northeastern.edu/files/2022/06/Jake-OShea.png (fail_count=0)
[2025-03-03T03:13:15.628+0000] {subprocess.py:106} INFO - [SUCCESS] Scraped: https://recreation.northeastern.edu/files/2022/06/Jake-OShea.png
[2025-03-03T03:13:15.859+0000] {subprocess.py:106} INFO - [INFO] Visiting: https://recreation.northeastern.edu/files/2022/10/Neha-Swaminathan.png (fail_count=0)
[2025-03-03T03:13:24.807+0000] {subprocess.py:106} INFO - [SUCCESS] Scraped: https://recreation.northeastern.edu/files/2022/10/Neha-Swaminathan.png
[2025-03-03T03:13:25.055+0000] {subprocess.py:106} INFO - [INFO] Visiting: https://recreation.northeastern.edu/files/2022/12/Jack-Butler.png (fail_count=0)
[2025-03-03T03:13:33.870+0000] {subprocess.py:106} INFO - [SUCCESS] Scraped: https://recreation.northeastern.edu/files/2022/12/Jack-Butler.png
[2025-03-03T03:13:34.146+0000] {subprocess.py:106} INFO - [INFO] Visiting: https://recreation.northeastern.edu/files/2024/03/Nate-Parker-dd222d15ba5df192.png (fail_count=0)
[2025-03-03T03:13:42.060+0000] {subprocess.py:106} INFO - [SUCCESS] Scraped: https://recreation.northeastern.edu/files/2024/03/Nate-Parker-dd222d15ba5df192.png
[2025-03-03T03:13:42.292+0000] {subprocess.py:106} INFO - [INFO] Visiting: https://recreation.northeastern.edu/files/2024/05/Melanie.png (fail_count=0)
[2025-03-03T03:13:51.101+0000] {subprocess.py:106} INFO - [SUCCESS] Scraped: https://recreation.northeastern.edu/files/2024/05/Melanie.png
[2025-03-03T03:13:51.324+0000] {subprocess.py:106} INFO - [INFO] Visiting: https://recreation.northeastern.edu/files/2020/09/Alison-Sheng.png (fail_count=0)
[2025-03-03T03:13:56.808+0000] {subprocess.py:106} INFO - [SUCCESS] Scraped: https://recreation.northeastern.edu/files/2020/09/Alison-Sheng.png
[2025-03-03T03:13:57.042+0000] {subprocess.py:106} INFO - [INFO] Visiting: https://recreation.northeastern.edu/files/2024/05/Abby.png (fail_count=0)
[2025-03-03T03:14:05.555+0000] {subprocess.py:106} INFO - [SUCCESS] Scraped: https://recreation.northeastern.edu/files/2024/05/Abby.png
[2025-03-03T03:14:07.307+0000] {subprocess.py:106} INFO - [SUCCESS] Downloaded: https://recreation.northeastern.edu/files/2024/09/Roux-Institute-Global-Recreation-Resource-Guide-2.pdf
[2025-03-03T03:14:07.932+0000] {subprocess.py:106} INFO - [SUCCESS] Downloaded: https://recreation.northeastern.edu/files/2024/09/London-Global-Recreation-Resource-Guide.pdf
[2025-03-03T03:14:08.507+0000] {subprocess.py:106} INFO - [SUCCESS] Downloaded: https://recreation.northeastern.edu/files/2024/09/Silicon-Valley-Global-Recreation-Resource-Guide-1.pdf
[2025-03-03T03:14:09.314+0000] {subprocess.py:106} INFO - [SUCCESS] Downloaded: https://recreation.northeastern.edu/files/2024/09/Vancouver-Global-Recreation-Resource-Guide-1.pdf
[2025-03-03T03:14:10.073+0000] {subprocess.py:106} INFO - [SUCCESS] Downloaded: https://recreation.northeastern.edu/files/2024/09/Arlington-Global-Recreation-Resource-Guide-1.pdf
[2025-03-03T03:14:10.256+0000] {subprocess.py:106} INFO - [ERROR] Failed to download https://recreation.northeastern.edu/files/2024/09/Toronto-Global-Recreation-Resource-Guide-1.pdf (status=599)
[2025-03-03T03:14:10.798+0000] {subprocess.py:106} INFO - [SUCCESS] Downloaded: https://recreation.northeastern.edu/files/2024/09/Updated-Seattle-Resource-Guide.pdf
[2025-03-03T03:14:10.871+0000] {subprocess.py:106} INFO - [INFO] Scraping Complete!
[2025-03-03T03:14:10.944+0000] {subprocess.py:110} INFO - Command exited with return code 0
[2025-03-03T03:14:10.972+0000] {taskinstance.py:341} INFO - ::group::Post task execution logs
[2025-03-03T03:14:10.973+0000] {taskinstance.py:353} INFO - Marking task as SUCCESS. dag_id=scraping_pipeline_gcs, task_id=extract_data, run_id=manual__2025-03-03T02:32:09.757318+00:00, execution_date=20250303T023209, start_date=20250303T024445, end_date=20250303T031410
[2025-03-03T03:14:11.001+0000] {logging_mixin.py:190} INFO - Task instance in success state
[2025-03-03T03:14:11.002+0000] {logging_mixin.py:190} INFO -  Previous state of the Task instance: running
[2025-03-03T03:14:11.002+0000] {logging_mixin.py:190} INFO - Dag name:scraping_pipeline_gcs queued_at:2025-03-03 02:32:09.783098+00:00
[2025-03-03T03:14:11.003+0000] {logging_mixin.py:190} INFO - Task hostname:672a2cd6a90a operator:BashOperator
[2025-03-03T03:14:11.042+0000] {local_task_job_runner.py:266} INFO - Task exited with return code 0
[2025-03-03T03:14:11.075+0000] {taskinstance.py:3901} INFO - 1 downstream tasks scheduled from follow-on schedule check
[2025-03-03T03:14:11.078+0000] {local_task_job_runner.py:245} INFO - ::endgroup::
