[2025-04-13T00:29:58.905+0000] {processor.py:186} INFO - Started process (PID=10063) to work on /home/airflow/.local/lib/python3.12/site-packages/airflow/example_dags/example_short_circuit_operator.py
[2025-04-13T00:29:58.905+0000] {processor.py:914} INFO - Processing file /home/airflow/.local/lib/python3.12/site-packages/airflow/example_dags/example_short_circuit_operator.py for tasks to queue
[2025-04-13T00:29:58.907+0000] {logging_mixin.py:190} INFO - [2025-04-13T00:29:58.906+0000] {dagbag.py:588} INFO - Filling up the DagBag from /home/airflow/.local/lib/python3.12/site-packages/airflow/example_dags/example_short_circuit_operator.py
[2025-04-13T00:29:58.914+0000] {processor.py:925} INFO - DAG(s) 'example_short_circuit_operator' retrieved from /home/airflow/.local/lib/python3.12/site-packages/airflow/example_dags/example_short_circuit_operator.py
[2025-04-13T00:29:59.024+0000] {logging_mixin.py:190} INFO - [2025-04-13T00:29:59.023+0000] {dag.py:3239} INFO - Sync 1 DAGs
[2025-04-13T00:29:59.037+0000] {logging_mixin.py:190} INFO - [2025-04-13T00:29:59.037+0000] {dag.py:4180} INFO - Setting next_dagrun for example_short_circuit_operator to None, run_after=None
[2025-04-13T00:29:59.061+0000] {processor.py:208} INFO - Processing /home/airflow/.local/lib/python3.12/site-packages/airflow/example_dags/example_short_circuit_operator.py took 0.161 seconds
[2025-04-13T00:30:29.963+0000] {processor.py:186} INFO - Started process (PID=10132) to work on /home/airflow/.local/lib/python3.12/site-packages/airflow/example_dags/example_short_circuit_operator.py
[2025-04-13T00:30:29.964+0000] {processor.py:914} INFO - Processing file /home/airflow/.local/lib/python3.12/site-packages/airflow/example_dags/example_short_circuit_operator.py for tasks to queue
[2025-04-13T00:30:29.965+0000] {logging_mixin.py:190} INFO - [2025-04-13T00:30:29.965+0000] {dagbag.py:588} INFO - Filling up the DagBag from /home/airflow/.local/lib/python3.12/site-packages/airflow/example_dags/example_short_circuit_operator.py
[2025-04-13T00:30:29.975+0000] {processor.py:925} INFO - DAG(s) 'example_short_circuit_operator' retrieved from /home/airflow/.local/lib/python3.12/site-packages/airflow/example_dags/example_short_circuit_operator.py
[2025-04-13T00:30:30.001+0000] {logging_mixin.py:190} INFO - [2025-04-13T00:30:30.000+0000] {dag.py:3239} INFO - Sync 1 DAGs
[2025-04-13T00:30:30.016+0000] {logging_mixin.py:190} INFO - [2025-04-13T00:30:30.016+0000] {dag.py:4180} INFO - Setting next_dagrun for example_short_circuit_operator to None, run_after=None
[2025-04-13T00:30:30.033+0000] {processor.py:208} INFO - Processing /home/airflow/.local/lib/python3.12/site-packages/airflow/example_dags/example_short_circuit_operator.py took 0.075 seconds
[2025-04-13T00:31:01.139+0000] {processor.py:186} INFO - Started process (PID=10201) to work on /home/airflow/.local/lib/python3.12/site-packages/airflow/example_dags/example_short_circuit_operator.py
[2025-04-13T00:31:01.140+0000] {processor.py:914} INFO - Processing file /home/airflow/.local/lib/python3.12/site-packages/airflow/example_dags/example_short_circuit_operator.py for tasks to queue
[2025-04-13T00:31:01.141+0000] {logging_mixin.py:190} INFO - [2025-04-13T00:31:01.141+0000] {dagbag.py:588} INFO - Filling up the DagBag from /home/airflow/.local/lib/python3.12/site-packages/airflow/example_dags/example_short_circuit_operator.py
[2025-04-13T00:31:01.150+0000] {processor.py:925} INFO - DAG(s) 'example_short_circuit_operator' retrieved from /home/airflow/.local/lib/python3.12/site-packages/airflow/example_dags/example_short_circuit_operator.py
[2025-04-13T00:31:01.174+0000] {logging_mixin.py:190} INFO - [2025-04-13T00:31:01.173+0000] {dag.py:3239} INFO - Sync 1 DAGs
[2025-04-13T00:31:01.188+0000] {logging_mixin.py:190} INFO - [2025-04-13T00:31:01.188+0000] {dag.py:4180} INFO - Setting next_dagrun for example_short_circuit_operator to None, run_after=None
[2025-04-13T00:31:01.208+0000] {processor.py:208} INFO - Processing /home/airflow/.local/lib/python3.12/site-packages/airflow/example_dags/example_short_circuit_operator.py took 0.075 seconds
[2025-04-13T00:31:32.633+0000] {processor.py:186} INFO - Started process (PID=10276) to work on /home/airflow/.local/lib/python3.12/site-packages/airflow/example_dags/example_short_circuit_operator.py
[2025-04-13T00:31:32.634+0000] {processor.py:914} INFO - Processing file /home/airflow/.local/lib/python3.12/site-packages/airflow/example_dags/example_short_circuit_operator.py for tasks to queue
[2025-04-13T00:31:32.635+0000] {logging_mixin.py:190} INFO - [2025-04-13T00:31:32.635+0000] {dagbag.py:588} INFO - Filling up the DagBag from /home/airflow/.local/lib/python3.12/site-packages/airflow/example_dags/example_short_circuit_operator.py
[2025-04-13T00:31:32.644+0000] {processor.py:925} INFO - DAG(s) 'example_short_circuit_operator' retrieved from /home/airflow/.local/lib/python3.12/site-packages/airflow/example_dags/example_short_circuit_operator.py
[2025-04-13T00:31:32.669+0000] {logging_mixin.py:190} INFO - [2025-04-13T00:31:32.667+0000] {dag.py:3239} INFO - Sync 1 DAGs
[2025-04-13T00:31:32.683+0000] {logging_mixin.py:190} INFO - [2025-04-13T00:31:32.683+0000] {dag.py:4180} INFO - Setting next_dagrun for example_short_circuit_operator to None, run_after=None
[2025-04-13T00:31:32.703+0000] {processor.py:208} INFO - Processing /home/airflow/.local/lib/python3.12/site-packages/airflow/example_dags/example_short_circuit_operator.py took 0.074 seconds
[2025-04-13T00:32:03.834+0000] {processor.py:186} INFO - Started process (PID=10345) to work on /home/airflow/.local/lib/python3.12/site-packages/airflow/example_dags/example_short_circuit_operator.py
[2025-04-13T00:32:03.834+0000] {processor.py:914} INFO - Processing file /home/airflow/.local/lib/python3.12/site-packages/airflow/example_dags/example_short_circuit_operator.py for tasks to queue
[2025-04-13T00:32:03.836+0000] {logging_mixin.py:190} INFO - [2025-04-13T00:32:03.836+0000] {dagbag.py:588} INFO - Filling up the DagBag from /home/airflow/.local/lib/python3.12/site-packages/airflow/example_dags/example_short_circuit_operator.py
[2025-04-13T00:32:03.844+0000] {processor.py:925} INFO - DAG(s) 'example_short_circuit_operator' retrieved from /home/airflow/.local/lib/python3.12/site-packages/airflow/example_dags/example_short_circuit_operator.py
[2025-04-13T00:32:03.867+0000] {logging_mixin.py:190} INFO - [2025-04-13T00:32:03.866+0000] {dag.py:3239} INFO - Sync 1 DAGs
[2025-04-13T00:32:03.881+0000] {logging_mixin.py:190} INFO - [2025-04-13T00:32:03.881+0000] {dag.py:4180} INFO - Setting next_dagrun for example_short_circuit_operator to None, run_after=None
[2025-04-13T00:32:03.899+0000] {processor.py:208} INFO - Processing /home/airflow/.local/lib/python3.12/site-packages/airflow/example_dags/example_short_circuit_operator.py took 0.071 seconds
