[2025-04-13T00:30:02.033+0000] {processor.py:186} INFO - Started process (PID=10106) to work on /home/airflow/.local/lib/python3.12/site-packages/airflow/example_dags/example_branch_operator.py
[2025-04-13T00:30:02.033+0000] {processor.py:914} INFO - Processing file /home/airflow/.local/lib/python3.12/site-packages/airflow/example_dags/example_branch_operator.py for tasks to queue
[2025-04-13T00:30:02.034+0000] {logging_mixin.py:190} INFO - [2025-04-13T00:30:02.034+0000] {dagbag.py:588} INFO - Filling up the DagBag from /home/airflow/.local/lib/python3.12/site-packages/airflow/example_dags/example_branch_operator.py
[2025-04-13T00:30:02.051+0000] {processor.py:925} INFO - DAG(s) 'example_branch_operator' retrieved from /home/airflow/.local/lib/python3.12/site-packages/airflow/example_dags/example_branch_operator.py
[2025-04-13T00:30:02.153+0000] {logging_mixin.py:190} INFO - [2025-04-13T00:30:02.153+0000] {dag.py:3239} INFO - Sync 1 DAGs
[2025-04-13T00:30:02.172+0000] {logging_mixin.py:190} INFO - [2025-04-13T00:30:02.172+0000] {dag.py:4180} INFO - Setting next_dagrun for example_branch_operator to 2025-04-12 00:00:00+00:00, run_after=2025-04-13 00:00:00+00:00
[2025-04-13T00:30:02.190+0000] {processor.py:208} INFO - Processing /home/airflow/.local/lib/python3.12/site-packages/airflow/example_dags/example_branch_operator.py took 0.162 seconds
[2025-04-13T00:30:33.161+0000] {processor.py:186} INFO - Started process (PID=10175) to work on /home/airflow/.local/lib/python3.12/site-packages/airflow/example_dags/example_branch_operator.py
[2025-04-13T00:30:33.161+0000] {processor.py:914} INFO - Processing file /home/airflow/.local/lib/python3.12/site-packages/airflow/example_dags/example_branch_operator.py for tasks to queue
[2025-04-13T00:30:33.162+0000] {logging_mixin.py:190} INFO - [2025-04-13T00:30:33.162+0000] {dagbag.py:588} INFO - Filling up the DagBag from /home/airflow/.local/lib/python3.12/site-packages/airflow/example_dags/example_branch_operator.py
[2025-04-13T00:30:33.180+0000] {processor.py:925} INFO - DAG(s) 'example_branch_operator' retrieved from /home/airflow/.local/lib/python3.12/site-packages/airflow/example_dags/example_branch_operator.py
[2025-04-13T00:30:33.209+0000] {logging_mixin.py:190} INFO - [2025-04-13T00:30:33.209+0000] {dag.py:3239} INFO - Sync 1 DAGs
[2025-04-13T00:30:33.232+0000] {logging_mixin.py:190} INFO - [2025-04-13T00:30:33.231+0000] {dag.py:4180} INFO - Setting next_dagrun for example_branch_operator to 2025-04-12 00:00:00+00:00, run_after=2025-04-13 00:00:00+00:00
[2025-04-13T00:30:33.247+0000] {processor.py:208} INFO - Processing /home/airflow/.local/lib/python3.12/site-packages/airflow/example_dags/example_branch_operator.py took 0.092 seconds
[2025-04-13T00:31:04.176+0000] {processor.py:186} INFO - Started process (PID=10244) to work on /home/airflow/.local/lib/python3.12/site-packages/airflow/example_dags/example_branch_operator.py
[2025-04-13T00:31:04.177+0000] {processor.py:914} INFO - Processing file /home/airflow/.local/lib/python3.12/site-packages/airflow/example_dags/example_branch_operator.py for tasks to queue
[2025-04-13T00:31:04.178+0000] {logging_mixin.py:190} INFO - [2025-04-13T00:31:04.178+0000] {dagbag.py:588} INFO - Filling up the DagBag from /home/airflow/.local/lib/python3.12/site-packages/airflow/example_dags/example_branch_operator.py
[2025-04-13T00:31:04.196+0000] {processor.py:925} INFO - DAG(s) 'example_branch_operator' retrieved from /home/airflow/.local/lib/python3.12/site-packages/airflow/example_dags/example_branch_operator.py
[2025-04-13T00:31:04.226+0000] {logging_mixin.py:190} INFO - [2025-04-13T00:31:04.226+0000] {dag.py:3239} INFO - Sync 1 DAGs
[2025-04-13T00:31:04.251+0000] {logging_mixin.py:190} INFO - [2025-04-13T00:31:04.251+0000] {dag.py:4180} INFO - Setting next_dagrun for example_branch_operator to 2025-04-12 00:00:00+00:00, run_after=2025-04-13 00:00:00+00:00
[2025-04-13T00:31:04.269+0000] {processor.py:208} INFO - Processing /home/airflow/.local/lib/python3.12/site-packages/airflow/example_dags/example_branch_operator.py took 0.097 seconds
[2025-04-13T00:31:35.035+0000] {processor.py:186} INFO - Started process (PID=10313) to work on /home/airflow/.local/lib/python3.12/site-packages/airflow/example_dags/example_branch_operator.py
[2025-04-13T00:31:35.036+0000] {processor.py:914} INFO - Processing file /home/airflow/.local/lib/python3.12/site-packages/airflow/example_dags/example_branch_operator.py for tasks to queue
[2025-04-13T00:31:35.037+0000] {logging_mixin.py:190} INFO - [2025-04-13T00:31:35.037+0000] {dagbag.py:588} INFO - Filling up the DagBag from /home/airflow/.local/lib/python3.12/site-packages/airflow/example_dags/example_branch_operator.py
[2025-04-13T00:31:35.054+0000] {processor.py:925} INFO - DAG(s) 'example_branch_operator' retrieved from /home/airflow/.local/lib/python3.12/site-packages/airflow/example_dags/example_branch_operator.py
[2025-04-13T00:31:35.087+0000] {logging_mixin.py:190} INFO - [2025-04-13T00:31:35.086+0000] {dag.py:3239} INFO - Sync 1 DAGs
[2025-04-13T00:31:35.112+0000] {logging_mixin.py:190} INFO - [2025-04-13T00:31:35.112+0000] {dag.py:4180} INFO - Setting next_dagrun for example_branch_operator to 2025-04-12 00:00:00+00:00, run_after=2025-04-13 00:00:00+00:00
[2025-04-13T00:31:35.130+0000] {processor.py:208} INFO - Processing /home/airflow/.local/lib/python3.12/site-packages/airflow/example_dags/example_branch_operator.py took 0.100 seconds
[2025-04-13T00:32:06.052+0000] {processor.py:186} INFO - Started process (PID=10384) to work on /home/airflow/.local/lib/python3.12/site-packages/airflow/example_dags/example_branch_operator.py
[2025-04-13T00:32:06.052+0000] {processor.py:914} INFO - Processing file /home/airflow/.local/lib/python3.12/site-packages/airflow/example_dags/example_branch_operator.py for tasks to queue
[2025-04-13T00:32:06.053+0000] {logging_mixin.py:190} INFO - [2025-04-13T00:32:06.053+0000] {dagbag.py:588} INFO - Filling up the DagBag from /home/airflow/.local/lib/python3.12/site-packages/airflow/example_dags/example_branch_operator.py
[2025-04-13T00:32:06.070+0000] {processor.py:925} INFO - DAG(s) 'example_branch_operator' retrieved from /home/airflow/.local/lib/python3.12/site-packages/airflow/example_dags/example_branch_operator.py
[2025-04-13T00:32:06.098+0000] {logging_mixin.py:190} INFO - [2025-04-13T00:32:06.098+0000] {dag.py:3239} INFO - Sync 1 DAGs
[2025-04-13T00:32:06.121+0000] {logging_mixin.py:190} INFO - [2025-04-13T00:32:06.120+0000] {dag.py:4180} INFO - Setting next_dagrun for example_branch_operator to 2025-04-12 00:00:00+00:00, run_after=2025-04-13 00:00:00+00:00
[2025-04-13T00:32:06.138+0000] {processor.py:208} INFO - Processing /home/airflow/.local/lib/python3.12/site-packages/airflow/example_dags/example_branch_operator.py took 0.091 seconds
