[2025-04-13T00:29:58.517+0000] {processor.py:186} INFO - Started process (PID=10059) to work on /home/airflow/.local/lib/python3.12/site-packages/airflow/example_dags/example_nested_branch_dag.py
[2025-04-13T00:29:58.518+0000] {processor.py:914} INFO - Processing file /home/airflow/.local/lib/python3.12/site-packages/airflow/example_dags/example_nested_branch_dag.py for tasks to queue
[2025-04-13T00:29:58.521+0000] {logging_mixin.py:190} INFO - [2025-04-13T00:29:58.520+0000] {dagbag.py:588} INFO - Filling up the DagBag from /home/airflow/.local/lib/python3.12/site-packages/airflow/example_dags/example_nested_branch_dag.py
[2025-04-13T00:29:58.537+0000] {processor.py:925} INFO - DAG(s) 'example_nested_branch_dag' retrieved from /home/airflow/.local/lib/python3.12/site-packages/airflow/example_dags/example_nested_branch_dag.py
[2025-04-13T00:29:58.643+0000] {logging_mixin.py:190} INFO - [2025-04-13T00:29:58.643+0000] {dag.py:3239} INFO - Sync 1 DAGs
[2025-04-13T00:29:58.666+0000] {logging_mixin.py:190} INFO - [2025-04-13T00:29:58.666+0000] {dag.py:4180} INFO - Setting next_dagrun for example_nested_branch_dag to 2025-04-12 00:00:00+00:00, run_after=2025-04-13 00:00:00+00:00
[2025-04-13T00:29:58.687+0000] {processor.py:208} INFO - Processing /home/airflow/.local/lib/python3.12/site-packages/airflow/example_dags/example_nested_branch_dag.py took 0.175 seconds
[2025-04-13T00:30:29.622+0000] {processor.py:186} INFO - Started process (PID=10128) to work on /home/airflow/.local/lib/python3.12/site-packages/airflow/example_dags/example_nested_branch_dag.py
[2025-04-13T00:30:29.622+0000] {processor.py:914} INFO - Processing file /home/airflow/.local/lib/python3.12/site-packages/airflow/example_dags/example_nested_branch_dag.py for tasks to queue
[2025-04-13T00:30:29.623+0000] {logging_mixin.py:190} INFO - [2025-04-13T00:30:29.623+0000] {dagbag.py:588} INFO - Filling up the DagBag from /home/airflow/.local/lib/python3.12/site-packages/airflow/example_dags/example_nested_branch_dag.py
[2025-04-13T00:30:29.634+0000] {processor.py:925} INFO - DAG(s) 'example_nested_branch_dag' retrieved from /home/airflow/.local/lib/python3.12/site-packages/airflow/example_dags/example_nested_branch_dag.py
[2025-04-13T00:30:29.657+0000] {logging_mixin.py:190} INFO - [2025-04-13T00:30:29.656+0000] {dag.py:3239} INFO - Sync 1 DAGs
[2025-04-13T00:30:29.679+0000] {logging_mixin.py:190} INFO - [2025-04-13T00:30:29.679+0000] {dag.py:4180} INFO - Setting next_dagrun for example_nested_branch_dag to 2025-04-12 00:00:00+00:00, run_after=2025-04-13 00:00:00+00:00
[2025-04-13T00:30:29.695+0000] {processor.py:208} INFO - Processing /home/airflow/.local/lib/python3.12/site-packages/airflow/example_dags/example_nested_branch_dag.py took 0.078 seconds
[2025-04-13T00:31:00.857+0000] {processor.py:186} INFO - Started process (PID=10197) to work on /home/airflow/.local/lib/python3.12/site-packages/airflow/example_dags/example_nested_branch_dag.py
[2025-04-13T00:31:00.858+0000] {processor.py:914} INFO - Processing file /home/airflow/.local/lib/python3.12/site-packages/airflow/example_dags/example_nested_branch_dag.py for tasks to queue
[2025-04-13T00:31:00.860+0000] {logging_mixin.py:190} INFO - [2025-04-13T00:31:00.860+0000] {dagbag.py:588} INFO - Filling up the DagBag from /home/airflow/.local/lib/python3.12/site-packages/airflow/example_dags/example_nested_branch_dag.py
[2025-04-13T00:31:00.871+0000] {processor.py:925} INFO - DAG(s) 'example_nested_branch_dag' retrieved from /home/airflow/.local/lib/python3.12/site-packages/airflow/example_dags/example_nested_branch_dag.py
[2025-04-13T00:31:00.896+0000] {logging_mixin.py:190} INFO - [2025-04-13T00:31:00.895+0000] {dag.py:3239} INFO - Sync 1 DAGs
[2025-04-13T00:31:00.919+0000] {logging_mixin.py:190} INFO - [2025-04-13T00:31:00.919+0000] {dag.py:4180} INFO - Setting next_dagrun for example_nested_branch_dag to 2025-04-12 00:00:00+00:00, run_after=2025-04-13 00:00:00+00:00
[2025-04-13T00:31:00.936+0000] {processor.py:208} INFO - Processing /home/airflow/.local/lib/python3.12/site-packages/airflow/example_dags/example_nested_branch_dag.py took 0.085 seconds
[2025-04-13T00:31:32.389+0000] {processor.py:186} INFO - Started process (PID=10272) to work on /home/airflow/.local/lib/python3.12/site-packages/airflow/example_dags/example_nested_branch_dag.py
[2025-04-13T00:31:32.390+0000] {processor.py:914} INFO - Processing file /home/airflow/.local/lib/python3.12/site-packages/airflow/example_dags/example_nested_branch_dag.py for tasks to queue
[2025-04-13T00:31:32.391+0000] {logging_mixin.py:190} INFO - [2025-04-13T00:31:32.391+0000] {dagbag.py:588} INFO - Filling up the DagBag from /home/airflow/.local/lib/python3.12/site-packages/airflow/example_dags/example_nested_branch_dag.py
[2025-04-13T00:31:32.402+0000] {processor.py:925} INFO - DAG(s) 'example_nested_branch_dag' retrieved from /home/airflow/.local/lib/python3.12/site-packages/airflow/example_dags/example_nested_branch_dag.py
[2025-04-13T00:31:32.424+0000] {logging_mixin.py:190} INFO - [2025-04-13T00:31:32.423+0000] {dag.py:3239} INFO - Sync 1 DAGs
[2025-04-13T00:31:32.446+0000] {logging_mixin.py:190} INFO - [2025-04-13T00:31:32.446+0000] {dag.py:4180} INFO - Setting next_dagrun for example_nested_branch_dag to 2025-04-12 00:00:00+00:00, run_after=2025-04-13 00:00:00+00:00
[2025-04-13T00:31:32.463+0000] {processor.py:208} INFO - Processing /home/airflow/.local/lib/python3.12/site-packages/airflow/example_dags/example_nested_branch_dag.py took 0.079 seconds
[2025-04-13T00:32:03.601+0000] {processor.py:186} INFO - Started process (PID=10341) to work on /home/airflow/.local/lib/python3.12/site-packages/airflow/example_dags/example_nested_branch_dag.py
[2025-04-13T00:32:03.601+0000] {processor.py:914} INFO - Processing file /home/airflow/.local/lib/python3.12/site-packages/airflow/example_dags/example_nested_branch_dag.py for tasks to queue
[2025-04-13T00:32:03.603+0000] {logging_mixin.py:190} INFO - [2025-04-13T00:32:03.603+0000] {dagbag.py:588} INFO - Filling up the DagBag from /home/airflow/.local/lib/python3.12/site-packages/airflow/example_dags/example_nested_branch_dag.py
[2025-04-13T00:32:03.613+0000] {processor.py:925} INFO - DAG(s) 'example_nested_branch_dag' retrieved from /home/airflow/.local/lib/python3.12/site-packages/airflow/example_dags/example_nested_branch_dag.py
[2025-04-13T00:32:03.636+0000] {logging_mixin.py:190} INFO - [2025-04-13T00:32:03.636+0000] {dag.py:3239} INFO - Sync 1 DAGs
[2025-04-13T00:32:03.661+0000] {logging_mixin.py:190} INFO - [2025-04-13T00:32:03.660+0000] {dag.py:4180} INFO - Setting next_dagrun for example_nested_branch_dag to 2025-04-12 00:00:00+00:00, run_after=2025-04-13 00:00:00+00:00
[2025-04-13T00:32:03.677+0000] {processor.py:208} INFO - Processing /home/airflow/.local/lib/python3.12/site-packages/airflow/example_dags/example_nested_branch_dag.py took 0.081 seconds
