[2025-04-13T00:30:02.030+0000] {processor.py:186} INFO - Started process (PID=10105) to work on /home/airflow/.local/lib/python3.12/site-packages/airflow/example_dags/example_params_ui_tutorial.py
[2025-04-13T00:30:02.031+0000] {processor.py:914} INFO - Processing file /home/airflow/.local/lib/python3.12/site-packages/airflow/example_dags/example_params_ui_tutorial.py for tasks to queue
[2025-04-13T00:30:02.032+0000] {logging_mixin.py:190} INFO - [2025-04-13T00:30:02.032+0000] {dagbag.py:588} INFO - Filling up the DagBag from /home/airflow/.local/lib/python3.12/site-packages/airflow/example_dags/example_params_ui_tutorial.py
[2025-04-13T00:30:02.041+0000] {processor.py:925} INFO - DAG(s) 'example_params_ui_tutorial' retrieved from /home/airflow/.local/lib/python3.12/site-packages/airflow/example_dags/example_params_ui_tutorial.py
[2025-04-13T00:30:02.156+0000] {logging_mixin.py:190} INFO - [2025-04-13T00:30:02.156+0000] {dag.py:3239} INFO - Sync 1 DAGs
[2025-04-13T00:30:02.168+0000] {logging_mixin.py:190} INFO - [2025-04-13T00:30:02.168+0000] {dag.py:4180} INFO - Setting next_dagrun for example_params_ui_tutorial to None, run_after=None
[2025-04-13T00:30:02.185+0000] {processor.py:208} INFO - Processing /home/airflow/.local/lib/python3.12/site-packages/airflow/example_dags/example_params_ui_tutorial.py took 0.160 seconds
[2025-04-13T00:30:33.155+0000] {processor.py:186} INFO - Started process (PID=10174) to work on /home/airflow/.local/lib/python3.12/site-packages/airflow/example_dags/example_params_ui_tutorial.py
[2025-04-13T00:30:33.156+0000] {processor.py:914} INFO - Processing file /home/airflow/.local/lib/python3.12/site-packages/airflow/example_dags/example_params_ui_tutorial.py for tasks to queue
[2025-04-13T00:30:33.157+0000] {logging_mixin.py:190} INFO - [2025-04-13T00:30:33.157+0000] {dagbag.py:588} INFO - Filling up the DagBag from /home/airflow/.local/lib/python3.12/site-packages/airflow/example_dags/example_params_ui_tutorial.py
[2025-04-13T00:30:33.166+0000] {processor.py:925} INFO - DAG(s) 'example_params_ui_tutorial' retrieved from /home/airflow/.local/lib/python3.12/site-packages/airflow/example_dags/example_params_ui_tutorial.py
[2025-04-13T00:30:33.210+0000] {logging_mixin.py:190} INFO - [2025-04-13T00:30:33.210+0000] {dag.py:3239} INFO - Sync 1 DAGs
[2025-04-13T00:30:33.222+0000] {logging_mixin.py:190} INFO - [2025-04-13T00:30:33.222+0000] {dag.py:4180} INFO - Setting next_dagrun for example_params_ui_tutorial to None, run_after=None
[2025-04-13T00:30:33.240+0000] {processor.py:208} INFO - Processing /home/airflow/.local/lib/python3.12/site-packages/airflow/example_dags/example_params_ui_tutorial.py took 0.089 seconds
[2025-04-13T00:31:04.172+0000] {processor.py:186} INFO - Started process (PID=10243) to work on /home/airflow/.local/lib/python3.12/site-packages/airflow/example_dags/example_params_ui_tutorial.py
[2025-04-13T00:31:04.173+0000] {processor.py:914} INFO - Processing file /home/airflow/.local/lib/python3.12/site-packages/airflow/example_dags/example_params_ui_tutorial.py for tasks to queue
[2025-04-13T00:31:04.174+0000] {logging_mixin.py:190} INFO - [2025-04-13T00:31:04.174+0000] {dagbag.py:588} INFO - Filling up the DagBag from /home/airflow/.local/lib/python3.12/site-packages/airflow/example_dags/example_params_ui_tutorial.py
[2025-04-13T00:31:04.183+0000] {processor.py:925} INFO - DAG(s) 'example_params_ui_tutorial' retrieved from /home/airflow/.local/lib/python3.12/site-packages/airflow/example_dags/example_params_ui_tutorial.py
[2025-04-13T00:31:04.228+0000] {logging_mixin.py:190} INFO - [2025-04-13T00:31:04.228+0000] {dag.py:3239} INFO - Sync 1 DAGs
[2025-04-13T00:31:04.242+0000] {logging_mixin.py:190} INFO - [2025-04-13T00:31:04.242+0000] {dag.py:4180} INFO - Setting next_dagrun for example_params_ui_tutorial to None, run_after=None
[2025-04-13T00:31:04.261+0000] {processor.py:208} INFO - Processing /home/airflow/.local/lib/python3.12/site-packages/airflow/example_dags/example_params_ui_tutorial.py took 0.095 seconds
[2025-04-13T00:31:35.030+0000] {processor.py:186} INFO - Started process (PID=10312) to work on /home/airflow/.local/lib/python3.12/site-packages/airflow/example_dags/example_params_ui_tutorial.py
[2025-04-13T00:31:35.031+0000] {processor.py:914} INFO - Processing file /home/airflow/.local/lib/python3.12/site-packages/airflow/example_dags/example_params_ui_tutorial.py for tasks to queue
[2025-04-13T00:31:35.032+0000] {logging_mixin.py:190} INFO - [2025-04-13T00:31:35.032+0000] {dagbag.py:588} INFO - Filling up the DagBag from /home/airflow/.local/lib/python3.12/site-packages/airflow/example_dags/example_params_ui_tutorial.py
[2025-04-13T00:31:35.042+0000] {processor.py:925} INFO - DAG(s) 'example_params_ui_tutorial' retrieved from /home/airflow/.local/lib/python3.12/site-packages/airflow/example_dags/example_params_ui_tutorial.py
[2025-04-13T00:31:35.092+0000] {logging_mixin.py:190} INFO - [2025-04-13T00:31:35.091+0000] {dag.py:3239} INFO - Sync 1 DAGs
[2025-04-13T00:31:35.106+0000] {logging_mixin.py:190} INFO - [2025-04-13T00:31:35.106+0000] {dag.py:4180} INFO - Setting next_dagrun for example_params_ui_tutorial to None, run_after=None
[2025-04-13T00:31:35.126+0000] {processor.py:208} INFO - Processing /home/airflow/.local/lib/python3.12/site-packages/airflow/example_dags/example_params_ui_tutorial.py took 0.100 seconds
[2025-04-13T00:32:06.037+0000] {processor.py:186} INFO - Started process (PID=10383) to work on /home/airflow/.local/lib/python3.12/site-packages/airflow/example_dags/example_params_ui_tutorial.py
[2025-04-13T00:32:06.038+0000] {processor.py:914} INFO - Processing file /home/airflow/.local/lib/python3.12/site-packages/airflow/example_dags/example_params_ui_tutorial.py for tasks to queue
[2025-04-13T00:32:06.040+0000] {logging_mixin.py:190} INFO - [2025-04-13T00:32:06.039+0000] {dagbag.py:588} INFO - Filling up the DagBag from /home/airflow/.local/lib/python3.12/site-packages/airflow/example_dags/example_params_ui_tutorial.py
[2025-04-13T00:32:06.048+0000] {processor.py:925} INFO - DAG(s) 'example_params_ui_tutorial' retrieved from /home/airflow/.local/lib/python3.12/site-packages/airflow/example_dags/example_params_ui_tutorial.py
[2025-04-13T00:32:06.091+0000] {logging_mixin.py:190} INFO - [2025-04-13T00:32:06.091+0000] {dag.py:3239} INFO - Sync 1 DAGs
[2025-04-13T00:32:06.105+0000] {logging_mixin.py:190} INFO - [2025-04-13T00:32:06.104+0000] {dag.py:4180} INFO - Setting next_dagrun for example_params_ui_tutorial to None, run_after=None
[2025-04-13T00:32:06.120+0000] {processor.py:208} INFO - Processing /home/airflow/.local/lib/python3.12/site-packages/airflow/example_dags/example_params_ui_tutorial.py took 0.088 seconds
