[2025-04-13T00:30:01.731+0000] {processor.py:186} INFO - Started process (PID=10093) to work on /home/airflow/.local/lib/python3.12/site-packages/airflow/example_dags/example_latest_only_with_trigger.py
[2025-04-13T00:30:01.731+0000] {processor.py:914} INFO - Processing file /home/airflow/.local/lib/python3.12/site-packages/airflow/example_dags/example_latest_only_with_trigger.py for tasks to queue
[2025-04-13T00:30:01.733+0000] {logging_mixin.py:190} INFO - [2025-04-13T00:30:01.732+0000] {dagbag.py:588} INFO - Filling up the DagBag from /home/airflow/.local/lib/python3.12/site-packages/airflow/example_dags/example_latest_only_with_trigger.py
[2025-04-13T00:30:01.740+0000] {processor.py:925} INFO - DAG(s) 'latest_only_with_trigger' retrieved from /home/airflow/.local/lib/python3.12/site-packages/airflow/example_dags/example_latest_only_with_trigger.py
[2025-04-13T00:30:01.837+0000] {logging_mixin.py:190} INFO - [2025-04-13T00:30:01.837+0000] {dag.py:3239} INFO - Sync 1 DAGs
[2025-04-13T00:30:01.855+0000] {logging_mixin.py:190} INFO - [2025-04-13T00:30:01.855+0000] {dag.py:4180} INFO - Setting next_dagrun for latest_only_with_trigger to 2025-04-12 20:00:00+00:00, run_after=2025-04-13 00:00:00+00:00
[2025-04-13T00:30:01.872+0000] {processor.py:208} INFO - Processing /home/airflow/.local/lib/python3.12/site-packages/airflow/example_dags/example_latest_only_with_trigger.py took 0.146 seconds
[2025-04-13T00:30:31.951+0000] {processor.py:186} INFO - Started process (PID=10163) to work on /home/airflow/.local/lib/python3.12/site-packages/airflow/example_dags/example_latest_only_with_trigger.py
[2025-04-13T00:30:31.952+0000] {processor.py:914} INFO - Processing file /home/airflow/.local/lib/python3.12/site-packages/airflow/example_dags/example_latest_only_with_trigger.py for tasks to queue
[2025-04-13T00:30:31.953+0000] {logging_mixin.py:190} INFO - [2025-04-13T00:30:31.953+0000] {dagbag.py:588} INFO - Filling up the DagBag from /home/airflow/.local/lib/python3.12/site-packages/airflow/example_dags/example_latest_only_with_trigger.py
[2025-04-13T00:30:31.960+0000] {processor.py:925} INFO - DAG(s) 'latest_only_with_trigger' retrieved from /home/airflow/.local/lib/python3.12/site-packages/airflow/example_dags/example_latest_only_with_trigger.py
[2025-04-13T00:30:31.979+0000] {logging_mixin.py:190} INFO - [2025-04-13T00:30:31.979+0000] {dag.py:3239} INFO - Sync 1 DAGs
[2025-04-13T00:30:32.001+0000] {logging_mixin.py:190} INFO - [2025-04-13T00:30:32.001+0000] {dag.py:4180} INFO - Setting next_dagrun for latest_only_with_trigger to 2025-04-12 20:00:00+00:00, run_after=2025-04-13 00:00:00+00:00
[2025-04-13T00:30:32.020+0000] {processor.py:208} INFO - Processing /home/airflow/.local/lib/python3.12/site-packages/airflow/example_dags/example_latest_only_with_trigger.py took 0.073 seconds
[2025-04-13T00:31:02.883+0000] {processor.py:186} INFO - Started process (PID=10237) to work on /home/airflow/.local/lib/python3.12/site-packages/airflow/example_dags/example_latest_only_with_trigger.py
[2025-04-13T00:31:02.884+0000] {processor.py:914} INFO - Processing file /home/airflow/.local/lib/python3.12/site-packages/airflow/example_dags/example_latest_only_with_trigger.py for tasks to queue
[2025-04-13T00:31:02.885+0000] {logging_mixin.py:190} INFO - [2025-04-13T00:31:02.884+0000] {dagbag.py:588} INFO - Filling up the DagBag from /home/airflow/.local/lib/python3.12/site-packages/airflow/example_dags/example_latest_only_with_trigger.py
[2025-04-13T00:31:02.893+0000] {processor.py:925} INFO - DAG(s) 'latest_only_with_trigger' retrieved from /home/airflow/.local/lib/python3.12/site-packages/airflow/example_dags/example_latest_only_with_trigger.py
[2025-04-13T00:31:02.914+0000] {logging_mixin.py:190} INFO - [2025-04-13T00:31:02.914+0000] {dag.py:3239} INFO - Sync 1 DAGs
[2025-04-13T00:31:02.942+0000] {logging_mixin.py:190} INFO - [2025-04-13T00:31:02.942+0000] {dag.py:4180} INFO - Setting next_dagrun for latest_only_with_trigger to 2025-04-12 20:00:00+00:00, run_after=2025-04-13 00:00:00+00:00
[2025-04-13T00:31:02.963+0000] {processor.py:208} INFO - Processing /home/airflow/.local/lib/python3.12/site-packages/airflow/example_dags/example_latest_only_with_trigger.py took 0.086 seconds
[2025-04-13T00:31:34.535+0000] {processor.py:186} INFO - Started process (PID=10306) to work on /home/airflow/.local/lib/python3.12/site-packages/airflow/example_dags/example_latest_only_with_trigger.py
[2025-04-13T00:31:34.535+0000] {processor.py:914} INFO - Processing file /home/airflow/.local/lib/python3.12/site-packages/airflow/example_dags/example_latest_only_with_trigger.py for tasks to queue
[2025-04-13T00:31:34.537+0000] {logging_mixin.py:190} INFO - [2025-04-13T00:31:34.537+0000] {dagbag.py:588} INFO - Filling up the DagBag from /home/airflow/.local/lib/python3.12/site-packages/airflow/example_dags/example_latest_only_with_trigger.py
[2025-04-13T00:31:34.548+0000] {processor.py:925} INFO - DAG(s) 'latest_only_with_trigger' retrieved from /home/airflow/.local/lib/python3.12/site-packages/airflow/example_dags/example_latest_only_with_trigger.py
[2025-04-13T00:31:34.574+0000] {logging_mixin.py:190} INFO - [2025-04-13T00:31:34.573+0000] {dag.py:3239} INFO - Sync 1 DAGs
[2025-04-13T00:31:34.604+0000] {logging_mixin.py:190} INFO - [2025-04-13T00:31:34.603+0000] {dag.py:4180} INFO - Setting next_dagrun for latest_only_with_trigger to 2025-04-12 20:00:00+00:00, run_after=2025-04-13 00:00:00+00:00
[2025-04-13T00:31:34.631+0000] {processor.py:208} INFO - Processing /home/airflow/.local/lib/python3.12/site-packages/airflow/example_dags/example_latest_only_with_trigger.py took 0.103 seconds
[2025-04-13T00:32:05.597+0000] {processor.py:186} INFO - Started process (PID=10377) to work on /home/airflow/.local/lib/python3.12/site-packages/airflow/example_dags/example_latest_only_with_trigger.py
[2025-04-13T00:32:05.598+0000] {processor.py:914} INFO - Processing file /home/airflow/.local/lib/python3.12/site-packages/airflow/example_dags/example_latest_only_with_trigger.py for tasks to queue
[2025-04-13T00:32:05.599+0000] {logging_mixin.py:190} INFO - [2025-04-13T00:32:05.599+0000] {dagbag.py:588} INFO - Filling up the DagBag from /home/airflow/.local/lib/python3.12/site-packages/airflow/example_dags/example_latest_only_with_trigger.py
[2025-04-13T00:32:05.607+0000] {processor.py:925} INFO - DAG(s) 'latest_only_with_trigger' retrieved from /home/airflow/.local/lib/python3.12/site-packages/airflow/example_dags/example_latest_only_with_trigger.py
[2025-04-13T00:32:05.628+0000] {logging_mixin.py:190} INFO - [2025-04-13T00:32:05.627+0000] {dag.py:3239} INFO - Sync 1 DAGs
[2025-04-13T00:32:05.650+0000] {logging_mixin.py:190} INFO - [2025-04-13T00:32:05.650+0000] {dag.py:4180} INFO - Setting next_dagrun for latest_only_with_trigger to 2025-04-12 20:00:00+00:00, run_after=2025-04-13 00:00:00+00:00
[2025-04-13T00:32:05.671+0000] {processor.py:208} INFO - Processing /home/airflow/.local/lib/python3.12/site-packages/airflow/example_dags/example_latest_only_with_trigger.py took 0.080 seconds
