[2025-04-13T00:29:59.862+0000] {processor.py:186} INFO - Started process (PID=10073) to work on /home/airflow/.local/lib/python3.12/site-packages/airflow/example_dags/example_branch_python_dop_operator_3.py
[2025-04-13T00:29:59.862+0000] {processor.py:914} INFO - Processing file /home/airflow/.local/lib/python3.12/site-packages/airflow/example_dags/example_branch_python_dop_operator_3.py for tasks to queue
[2025-04-13T00:29:59.864+0000] {logging_mixin.py:190} INFO - [2025-04-13T00:29:59.863+0000] {dagbag.py:588} INFO - Filling up the DagBag from /home/airflow/.local/lib/python3.12/site-packages/airflow/example_dags/example_branch_python_dop_operator_3.py
[2025-04-13T00:29:59.873+0000] {processor.py:925} INFO - DAG(s) 'example_branch_dop_operator_v3' retrieved from /home/airflow/.local/lib/python3.12/site-packages/airflow/example_dags/example_branch_python_dop_operator_3.py
[2025-04-13T00:29:59.964+0000] {logging_mixin.py:190} INFO - [2025-04-13T00:29:59.964+0000] {dag.py:3239} INFO - Sync 1 DAGs
[2025-04-13T00:29:59.991+0000] {logging_mixin.py:190} INFO - [2025-04-13T00:29:59.991+0000] {dag.py:4180} INFO - Setting next_dagrun for example_branch_dop_operator_v3 to 2025-04-13 00:28:00+00:00, run_after=2025-04-13 00:29:00+00:00
[2025-04-13T00:30:00.010+0000] {processor.py:208} INFO - Processing /home/airflow/.local/lib/python3.12/site-packages/airflow/example_dags/example_branch_python_dop_operator_3.py took 0.154 seconds
[2025-04-13T00:30:30.662+0000] {processor.py:186} INFO - Started process (PID=10142) to work on /home/airflow/.local/lib/python3.12/site-packages/airflow/example_dags/example_branch_python_dop_operator_3.py
[2025-04-13T00:30:30.663+0000] {processor.py:914} INFO - Processing file /home/airflow/.local/lib/python3.12/site-packages/airflow/example_dags/example_branch_python_dop_operator_3.py for tasks to queue
[2025-04-13T00:30:30.664+0000] {logging_mixin.py:190} INFO - [2025-04-13T00:30:30.663+0000] {dagbag.py:588} INFO - Filling up the DagBag from /home/airflow/.local/lib/python3.12/site-packages/airflow/example_dags/example_branch_python_dop_operator_3.py
[2025-04-13T00:30:30.675+0000] {processor.py:925} INFO - DAG(s) 'example_branch_dop_operator_v3' retrieved from /home/airflow/.local/lib/python3.12/site-packages/airflow/example_dags/example_branch_python_dop_operator_3.py
[2025-04-13T00:30:30.694+0000] {logging_mixin.py:190} INFO - [2025-04-13T00:30:30.694+0000] {dag.py:3239} INFO - Sync 1 DAGs
[2025-04-13T00:30:30.719+0000] {logging_mixin.py:190} INFO - [2025-04-13T00:30:30.719+0000] {dag.py:4180} INFO - Setting next_dagrun for example_branch_dop_operator_v3 to 2025-04-13 00:29:00+00:00, run_after=2025-04-13 00:30:00+00:00
[2025-04-13T00:30:30.735+0000] {processor.py:208} INFO - Processing /home/airflow/.local/lib/python3.12/site-packages/airflow/example_dags/example_branch_python_dop_operator_3.py took 0.078 seconds
[2025-04-13T00:31:01.723+0000] {processor.py:186} INFO - Started process (PID=10211) to work on /home/airflow/.local/lib/python3.12/site-packages/airflow/example_dags/example_branch_python_dop_operator_3.py
[2025-04-13T00:31:01.724+0000] {processor.py:914} INFO - Processing file /home/airflow/.local/lib/python3.12/site-packages/airflow/example_dags/example_branch_python_dop_operator_3.py for tasks to queue
[2025-04-13T00:31:01.725+0000] {logging_mixin.py:190} INFO - [2025-04-13T00:31:01.725+0000] {dagbag.py:588} INFO - Filling up the DagBag from /home/airflow/.local/lib/python3.12/site-packages/airflow/example_dags/example_branch_python_dop_operator_3.py
[2025-04-13T00:31:01.735+0000] {processor.py:925} INFO - DAG(s) 'example_branch_dop_operator_v3' retrieved from /home/airflow/.local/lib/python3.12/site-packages/airflow/example_dags/example_branch_python_dop_operator_3.py
[2025-04-13T00:31:01.755+0000] {logging_mixin.py:190} INFO - [2025-04-13T00:31:01.754+0000] {dag.py:3239} INFO - Sync 1 DAGs
[2025-04-13T00:31:01.781+0000] {logging_mixin.py:190} INFO - [2025-04-13T00:31:01.781+0000] {dag.py:4180} INFO - Setting next_dagrun for example_branch_dop_operator_v3 to 2025-04-13 00:30:00+00:00, run_after=2025-04-13 00:31:00+00:00
[2025-04-13T00:31:01.799+0000] {processor.py:208} INFO - Processing /home/airflow/.local/lib/python3.12/site-packages/airflow/example_dags/example_branch_python_dop_operator_3.py took 0.082 seconds
[2025-04-13T00:31:33.313+0000] {processor.py:186} INFO - Started process (PID=10286) to work on /home/airflow/.local/lib/python3.12/site-packages/airflow/example_dags/example_branch_python_dop_operator_3.py
[2025-04-13T00:31:33.314+0000] {processor.py:914} INFO - Processing file /home/airflow/.local/lib/python3.12/site-packages/airflow/example_dags/example_branch_python_dop_operator_3.py for tasks to queue
[2025-04-13T00:31:33.315+0000] {logging_mixin.py:190} INFO - [2025-04-13T00:31:33.315+0000] {dagbag.py:588} INFO - Filling up the DagBag from /home/airflow/.local/lib/python3.12/site-packages/airflow/example_dags/example_branch_python_dop_operator_3.py
[2025-04-13T00:31:33.327+0000] {processor.py:925} INFO - DAG(s) 'example_branch_dop_operator_v3' retrieved from /home/airflow/.local/lib/python3.12/site-packages/airflow/example_dags/example_branch_python_dop_operator_3.py
[2025-04-13T00:31:33.347+0000] {logging_mixin.py:190} INFO - [2025-04-13T00:31:33.347+0000] {dag.py:3239} INFO - Sync 1 DAGs
[2025-04-13T00:31:33.377+0000] {logging_mixin.py:190} INFO - [2025-04-13T00:31:33.377+0000] {dag.py:4180} INFO - Setting next_dagrun for example_branch_dop_operator_v3 to 2025-04-13 00:30:00+00:00, run_after=2025-04-13 00:31:00+00:00
[2025-04-13T00:31:33.396+0000] {processor.py:208} INFO - Processing /home/airflow/.local/lib/python3.12/site-packages/airflow/example_dags/example_branch_python_dop_operator_3.py took 0.088 seconds
[2025-04-13T00:32:04.397+0000] {processor.py:186} INFO - Started process (PID=10355) to work on /home/airflow/.local/lib/python3.12/site-packages/airflow/example_dags/example_branch_python_dop_operator_3.py
[2025-04-13T00:32:04.398+0000] {processor.py:914} INFO - Processing file /home/airflow/.local/lib/python3.12/site-packages/airflow/example_dags/example_branch_python_dop_operator_3.py for tasks to queue
[2025-04-13T00:32:04.399+0000] {logging_mixin.py:190} INFO - [2025-04-13T00:32:04.399+0000] {dagbag.py:588} INFO - Filling up the DagBag from /home/airflow/.local/lib/python3.12/site-packages/airflow/example_dags/example_branch_python_dop_operator_3.py
[2025-04-13T00:32:04.409+0000] {processor.py:925} INFO - DAG(s) 'example_branch_dop_operator_v3' retrieved from /home/airflow/.local/lib/python3.12/site-packages/airflow/example_dags/example_branch_python_dop_operator_3.py
[2025-04-13T00:32:04.428+0000] {logging_mixin.py:190} INFO - [2025-04-13T00:32:04.428+0000] {dag.py:3239} INFO - Sync 1 DAGs
[2025-04-13T00:32:04.453+0000] {logging_mixin.py:190} INFO - [2025-04-13T00:32:04.453+0000] {dag.py:4180} INFO - Setting next_dagrun for example_branch_dop_operator_v3 to 2025-04-13 00:31:00+00:00, run_after=2025-04-13 00:32:00+00:00
[2025-04-13T00:32:04.471+0000] {processor.py:208} INFO - Processing /home/airflow/.local/lib/python3.12/site-packages/airflow/example_dags/example_branch_python_dop_operator_3.py took 0.079 seconds
