[2025-04-13T00:29:42.148+0000] {processor.py:186} INFO - Started process (PID=10049) to work on /home/airflow/.local/lib/python3.12/site-packages/airflow/example_dags/example_datasets.py
[2025-04-13T00:29:42.149+0000] {processor.py:914} INFO - Processing file /home/airflow/.local/lib/python3.12/site-packages/airflow/example_dags/example_datasets.py for tasks to queue
[2025-04-13T00:29:42.150+0000] {logging_mixin.py:190} INFO - [2025-04-13T00:29:42.150+0000] {dagbag.py:588} INFO - Filling up the DagBag from /home/airflow/.local/lib/python3.12/site-packages/airflow/example_dags/example_datasets.py
[2025-04-13T00:29:42.771+0000] {processor.py:925} INFO - DAG(s) 'dataset_consumes_1', 'consume_1_and_2_with_dataset_expressions', 'dataset_produces_2', 'dataset_consumes_1_never_scheduled', 'dataset_produces_1', 'consume_1_or_both_2_and_3_with_dataset_expressions', 'dataset_consumes_unknown_never_scheduled', 'conditional_dataset_and_time_based_timetable', 'consume_1_or_2_with_dataset_expressions', 'dataset_consumes_1_and_2' retrieved from /home/airflow/.local/lib/python3.12/site-packages/airflow/example_dags/example_datasets.py
[2025-04-13T00:29:43.078+0000] {logging_mixin.py:190} INFO - [2025-04-13T00:29:43.077+0000] {dag.py:3239} INFO - Sync 10 DAGs
[2025-04-13T00:29:43.102+0000] {logging_mixin.py:190} INFO - [2025-04-13T00:29:43.102+0000] {dag.py:4180} INFO - Setting next_dagrun for conditional_dataset_and_time_based_timetable to 2025-04-09 01:00:00+00:00, run_after=2025-04-09 01:00:00+00:00
[2025-04-13T00:29:43.106+0000] {logging_mixin.py:190} INFO - [2025-04-13T00:29:43.106+0000] {dag.py:4180} INFO - Setting next_dagrun for consume_1_and_2_with_dataset_expressions to None, run_after=None
[2025-04-13T00:29:43.107+0000] {logging_mixin.py:190} INFO - [2025-04-13T00:29:43.107+0000] {dag.py:4180} INFO - Setting next_dagrun for consume_1_or_2_with_dataset_expressions to None, run_after=None
[2025-04-13T00:29:43.109+0000] {logging_mixin.py:190} INFO - [2025-04-13T00:29:43.109+0000] {dag.py:4180} INFO - Setting next_dagrun for consume_1_or_both_2_and_3_with_dataset_expressions to None, run_after=None
[2025-04-13T00:29:43.111+0000] {logging_mixin.py:190} INFO - [2025-04-13T00:29:43.110+0000] {dag.py:4180} INFO - Setting next_dagrun for dataset_consumes_1 to None, run_after=None
[2025-04-13T00:29:43.112+0000] {logging_mixin.py:190} INFO - [2025-04-13T00:29:43.112+0000] {dag.py:4180} INFO - Setting next_dagrun for dataset_consumes_1_and_2 to None, run_after=None
[2025-04-13T00:29:43.113+0000] {logging_mixin.py:190} INFO - [2025-04-13T00:29:43.113+0000] {dag.py:4180} INFO - Setting next_dagrun for dataset_consumes_1_never_scheduled to None, run_after=None
[2025-04-13T00:29:43.115+0000] {logging_mixin.py:190} INFO - [2025-04-13T00:29:43.115+0000] {dag.py:4180} INFO - Setting next_dagrun for dataset_consumes_unknown_never_scheduled to None, run_after=None
[2025-04-13T00:29:43.117+0000] {logging_mixin.py:190} INFO - [2025-04-13T00:29:43.117+0000] {dag.py:4180} INFO - Setting next_dagrun for dataset_produces_1 to 2025-04-12 00:00:00+00:00, run_after=2025-04-13 00:00:00+00:00
[2025-04-13T00:29:43.119+0000] {logging_mixin.py:190} INFO - [2025-04-13T00:29:43.119+0000] {dag.py:4180} INFO - Setting next_dagrun for dataset_produces_2 to None, run_after=None
[2025-04-13T00:29:43.157+0000] {processor.py:208} INFO - Processing /home/airflow/.local/lib/python3.12/site-packages/airflow/example_dags/example_datasets.py took 1.013 seconds
[2025-04-13T00:30:13.555+0000] {processor.py:186} INFO - Started process (PID=10119) to work on /home/airflow/.local/lib/python3.12/site-packages/airflow/example_dags/example_datasets.py
[2025-04-13T00:30:13.555+0000] {processor.py:914} INFO - Processing file /home/airflow/.local/lib/python3.12/site-packages/airflow/example_dags/example_datasets.py for tasks to queue
[2025-04-13T00:30:13.556+0000] {logging_mixin.py:190} INFO - [2025-04-13T00:30:13.556+0000] {dagbag.py:588} INFO - Filling up the DagBag from /home/airflow/.local/lib/python3.12/site-packages/airflow/example_dags/example_datasets.py
[2025-04-13T00:30:13.935+0000] {processor.py:925} INFO - DAG(s) 'conditional_dataset_and_time_based_timetable', 'consume_1_or_2_with_dataset_expressions', 'dataset_produces_1', 'dataset_consumes_1_and_2', 'dataset_consumes_1', 'dataset_produces_2', 'dataset_consumes_unknown_never_scheduled', 'consume_1_and_2_with_dataset_expressions', 'consume_1_or_both_2_and_3_with_dataset_expressions', 'dataset_consumes_1_never_scheduled' retrieved from /home/airflow/.local/lib/python3.12/site-packages/airflow/example_dags/example_datasets.py
[2025-04-13T00:30:13.975+0000] {logging_mixin.py:190} INFO - [2025-04-13T00:30:13.974+0000] {dag.py:3239} INFO - Sync 10 DAGs
[2025-04-13T00:30:14.002+0000] {logging_mixin.py:190} INFO - [2025-04-13T00:30:14.002+0000] {dag.py:4180} INFO - Setting next_dagrun for conditional_dataset_and_time_based_timetable to 2025-04-09 01:00:00+00:00, run_after=2025-04-09 01:00:00+00:00
[2025-04-13T00:30:14.007+0000] {logging_mixin.py:190} INFO - [2025-04-13T00:30:14.006+0000] {dag.py:4180} INFO - Setting next_dagrun for consume_1_and_2_with_dataset_expressions to None, run_after=None
[2025-04-13T00:30:14.008+0000] {logging_mixin.py:190} INFO - [2025-04-13T00:30:14.008+0000] {dag.py:4180} INFO - Setting next_dagrun for consume_1_or_2_with_dataset_expressions to None, run_after=None
[2025-04-13T00:30:14.010+0000] {logging_mixin.py:190} INFO - [2025-04-13T00:30:14.010+0000] {dag.py:4180} INFO - Setting next_dagrun for consume_1_or_both_2_and_3_with_dataset_expressions to None, run_after=None
[2025-04-13T00:30:14.011+0000] {logging_mixin.py:190} INFO - [2025-04-13T00:30:14.011+0000] {dag.py:4180} INFO - Setting next_dagrun for dataset_consumes_1 to None, run_after=None
[2025-04-13T00:30:14.013+0000] {logging_mixin.py:190} INFO - [2025-04-13T00:30:14.013+0000] {dag.py:4180} INFO - Setting next_dagrun for dataset_consumes_1_and_2 to None, run_after=None
[2025-04-13T00:30:14.015+0000] {logging_mixin.py:190} INFO - [2025-04-13T00:30:14.014+0000] {dag.py:4180} INFO - Setting next_dagrun for dataset_consumes_1_never_scheduled to None, run_after=None
[2025-04-13T00:30:14.016+0000] {logging_mixin.py:190} INFO - [2025-04-13T00:30:14.016+0000] {dag.py:4180} INFO - Setting next_dagrun for dataset_consumes_unknown_never_scheduled to None, run_after=None
[2025-04-13T00:30:14.019+0000] {logging_mixin.py:190} INFO - [2025-04-13T00:30:14.019+0000] {dag.py:4180} INFO - Setting next_dagrun for dataset_produces_1 to 2025-04-12 00:00:00+00:00, run_after=2025-04-13 00:00:00+00:00
[2025-04-13T00:30:14.021+0000] {logging_mixin.py:190} INFO - [2025-04-13T00:30:14.020+0000] {dag.py:4180} INFO - Setting next_dagrun for dataset_produces_2 to None, run_after=None
[2025-04-13T00:30:14.057+0000] {processor.py:208} INFO - Processing /home/airflow/.local/lib/python3.12/site-packages/airflow/example_dags/example_datasets.py took 0.507 seconds
[2025-04-13T00:30:44.265+0000] {processor.py:186} INFO - Started process (PID=10188) to work on /home/airflow/.local/lib/python3.12/site-packages/airflow/example_dags/example_datasets.py
[2025-04-13T00:30:44.266+0000] {processor.py:914} INFO - Processing file /home/airflow/.local/lib/python3.12/site-packages/airflow/example_dags/example_datasets.py for tasks to queue
[2025-04-13T00:30:44.267+0000] {logging_mixin.py:190} INFO - [2025-04-13T00:30:44.267+0000] {dagbag.py:588} INFO - Filling up the DagBag from /home/airflow/.local/lib/python3.12/site-packages/airflow/example_dags/example_datasets.py
[2025-04-13T00:30:44.684+0000] {processor.py:925} INFO - DAG(s) 'dataset_consumes_unknown_never_scheduled', 'dataset_consumes_1_and_2', 'consume_1_or_2_with_dataset_expressions', 'conditional_dataset_and_time_based_timetable', 'dataset_consumes_1', 'consume_1_or_both_2_and_3_with_dataset_expressions', 'dataset_produces_2', 'dataset_consumes_1_never_scheduled', 'dataset_produces_1', 'consume_1_and_2_with_dataset_expressions' retrieved from /home/airflow/.local/lib/python3.12/site-packages/airflow/example_dags/example_datasets.py
[2025-04-13T00:30:44.726+0000] {logging_mixin.py:190} INFO - [2025-04-13T00:30:44.726+0000] {dag.py:3239} INFO - Sync 10 DAGs
[2025-04-13T00:30:44.749+0000] {logging_mixin.py:190} INFO - [2025-04-13T00:30:44.749+0000] {dag.py:4180} INFO - Setting next_dagrun for conditional_dataset_and_time_based_timetable to 2025-04-09 01:00:00+00:00, run_after=2025-04-09 01:00:00+00:00
[2025-04-13T00:30:44.753+0000] {logging_mixin.py:190} INFO - [2025-04-13T00:30:44.753+0000] {dag.py:4180} INFO - Setting next_dagrun for consume_1_and_2_with_dataset_expressions to None, run_after=None
[2025-04-13T00:30:44.755+0000] {logging_mixin.py:190} INFO - [2025-04-13T00:30:44.755+0000] {dag.py:4180} INFO - Setting next_dagrun for consume_1_or_2_with_dataset_expressions to None, run_after=None
[2025-04-13T00:30:44.756+0000] {logging_mixin.py:190} INFO - [2025-04-13T00:30:44.756+0000] {dag.py:4180} INFO - Setting next_dagrun for consume_1_or_both_2_and_3_with_dataset_expressions to None, run_after=None
[2025-04-13T00:30:44.757+0000] {logging_mixin.py:190} INFO - [2025-04-13T00:30:44.757+0000] {dag.py:4180} INFO - Setting next_dagrun for dataset_consumes_1 to None, run_after=None
[2025-04-13T00:30:44.759+0000] {logging_mixin.py:190} INFO - [2025-04-13T00:30:44.759+0000] {dag.py:4180} INFO - Setting next_dagrun for dataset_consumes_1_and_2 to None, run_after=None
[2025-04-13T00:30:44.760+0000] {logging_mixin.py:190} INFO - [2025-04-13T00:30:44.760+0000] {dag.py:4180} INFO - Setting next_dagrun for dataset_consumes_1_never_scheduled to None, run_after=None
[2025-04-13T00:30:44.761+0000] {logging_mixin.py:190} INFO - [2025-04-13T00:30:44.761+0000] {dag.py:4180} INFO - Setting next_dagrun for dataset_consumes_unknown_never_scheduled to None, run_after=None
[2025-04-13T00:30:44.763+0000] {logging_mixin.py:190} INFO - [2025-04-13T00:30:44.763+0000] {dag.py:4180} INFO - Setting next_dagrun for dataset_produces_1 to 2025-04-12 00:00:00+00:00, run_after=2025-04-13 00:00:00+00:00
[2025-04-13T00:30:44.764+0000] {logging_mixin.py:190} INFO - [2025-04-13T00:30:44.764+0000] {dag.py:4180} INFO - Setting next_dagrun for dataset_produces_2 to None, run_after=None
[2025-04-13T00:30:44.801+0000] {processor.py:208} INFO - Processing /home/airflow/.local/lib/python3.12/site-packages/airflow/example_dags/example_datasets.py took 0.540 seconds
[2025-04-13T00:31:15.076+0000] {processor.py:186} INFO - Started process (PID=10257) to work on /home/airflow/.local/lib/python3.12/site-packages/airflow/example_dags/example_datasets.py
[2025-04-13T00:31:15.077+0000] {processor.py:914} INFO - Processing file /home/airflow/.local/lib/python3.12/site-packages/airflow/example_dags/example_datasets.py for tasks to queue
[2025-04-13T00:31:15.078+0000] {logging_mixin.py:190} INFO - [2025-04-13T00:31:15.078+0000] {dagbag.py:588} INFO - Filling up the DagBag from /home/airflow/.local/lib/python3.12/site-packages/airflow/example_dags/example_datasets.py
[2025-04-13T00:31:15.458+0000] {processor.py:925} INFO - DAG(s) 'consume_1_and_2_with_dataset_expressions', 'consume_1_or_2_with_dataset_expressions', 'dataset_produces_1', 'dataset_consumes_1_never_scheduled', 'consume_1_or_both_2_and_3_with_dataset_expressions', 'dataset_consumes_unknown_never_scheduled', 'conditional_dataset_and_time_based_timetable', 'dataset_produces_2', 'dataset_consumes_1', 'dataset_consumes_1_and_2' retrieved from /home/airflow/.local/lib/python3.12/site-packages/airflow/example_dags/example_datasets.py
[2025-04-13T00:31:15.495+0000] {logging_mixin.py:190} INFO - [2025-04-13T00:31:15.494+0000] {dag.py:3239} INFO - Sync 10 DAGs
[2025-04-13T00:31:15.516+0000] {logging_mixin.py:190} INFO - [2025-04-13T00:31:15.516+0000] {dag.py:4180} INFO - Setting next_dagrun for conditional_dataset_and_time_based_timetable to 2025-04-09 01:00:00+00:00, run_after=2025-04-09 01:00:00+00:00
[2025-04-13T00:31:15.520+0000] {logging_mixin.py:190} INFO - [2025-04-13T00:31:15.520+0000] {dag.py:4180} INFO - Setting next_dagrun for consume_1_and_2_with_dataset_expressions to None, run_after=None
[2025-04-13T00:31:15.521+0000] {logging_mixin.py:190} INFO - [2025-04-13T00:31:15.521+0000] {dag.py:4180} INFO - Setting next_dagrun for consume_1_or_2_with_dataset_expressions to None, run_after=None
[2025-04-13T00:31:15.522+0000] {logging_mixin.py:190} INFO - [2025-04-13T00:31:15.522+0000] {dag.py:4180} INFO - Setting next_dagrun for consume_1_or_both_2_and_3_with_dataset_expressions to None, run_after=None
[2025-04-13T00:31:15.523+0000] {logging_mixin.py:190} INFO - [2025-04-13T00:31:15.523+0000] {dag.py:4180} INFO - Setting next_dagrun for dataset_consumes_1 to None, run_after=None
[2025-04-13T00:31:15.524+0000] {logging_mixin.py:190} INFO - [2025-04-13T00:31:15.524+0000] {dag.py:4180} INFO - Setting next_dagrun for dataset_consumes_1_and_2 to None, run_after=None
[2025-04-13T00:31:15.525+0000] {logging_mixin.py:190} INFO - [2025-04-13T00:31:15.525+0000] {dag.py:4180} INFO - Setting next_dagrun for dataset_consumes_1_never_scheduled to None, run_after=None
[2025-04-13T00:31:15.526+0000] {logging_mixin.py:190} INFO - [2025-04-13T00:31:15.526+0000] {dag.py:4180} INFO - Setting next_dagrun for dataset_consumes_unknown_never_scheduled to None, run_after=None
[2025-04-13T00:31:15.528+0000] {logging_mixin.py:190} INFO - [2025-04-13T00:31:15.528+0000] {dag.py:4180} INFO - Setting next_dagrun for dataset_produces_1 to 2025-04-12 00:00:00+00:00, run_after=2025-04-13 00:00:00+00:00
[2025-04-13T00:31:15.529+0000] {logging_mixin.py:190} INFO - [2025-04-13T00:31:15.529+0000] {dag.py:4180} INFO - Setting next_dagrun for dataset_produces_2 to None, run_after=None
[2025-04-13T00:31:15.556+0000] {processor.py:208} INFO - Processing /home/airflow/.local/lib/python3.12/site-packages/airflow/example_dags/example_datasets.py took 0.485 seconds
[2025-04-13T00:31:45.851+0000] {processor.py:186} INFO - Started process (PID=10326) to work on /home/airflow/.local/lib/python3.12/site-packages/airflow/example_dags/example_datasets.py
[2025-04-13T00:31:45.852+0000] {processor.py:914} INFO - Processing file /home/airflow/.local/lib/python3.12/site-packages/airflow/example_dags/example_datasets.py for tasks to queue
[2025-04-13T00:31:45.853+0000] {logging_mixin.py:190} INFO - [2025-04-13T00:31:45.853+0000] {dagbag.py:588} INFO - Filling up the DagBag from /home/airflow/.local/lib/python3.12/site-packages/airflow/example_dags/example_datasets.py
[2025-04-13T00:31:46.234+0000] {processor.py:925} INFO - DAG(s) 'dataset_produces_1', 'dataset_consumes_1', 'dataset_produces_2', 'consume_1_or_2_with_dataset_expressions', 'consume_1_or_both_2_and_3_with_dataset_expressions', 'conditional_dataset_and_time_based_timetable', 'consume_1_and_2_with_dataset_expressions', 'dataset_consumes_1_never_scheduled', 'dataset_consumes_1_and_2', 'dataset_consumes_unknown_never_scheduled' retrieved from /home/airflow/.local/lib/python3.12/site-packages/airflow/example_dags/example_datasets.py
[2025-04-13T00:31:46.270+0000] {logging_mixin.py:190} INFO - [2025-04-13T00:31:46.270+0000] {dag.py:3239} INFO - Sync 10 DAGs
[2025-04-13T00:31:46.293+0000] {logging_mixin.py:190} INFO - [2025-04-13T00:31:46.293+0000] {dag.py:4180} INFO - Setting next_dagrun for conditional_dataset_and_time_based_timetable to 2025-04-09 01:00:00+00:00, run_after=2025-04-09 01:00:00+00:00
[2025-04-13T00:31:46.297+0000] {logging_mixin.py:190} INFO - [2025-04-13T00:31:46.297+0000] {dag.py:4180} INFO - Setting next_dagrun for consume_1_and_2_with_dataset_expressions to None, run_after=None
[2025-04-13T00:31:46.298+0000] {logging_mixin.py:190} INFO - [2025-04-13T00:31:46.298+0000] {dag.py:4180} INFO - Setting next_dagrun for consume_1_or_2_with_dataset_expressions to None, run_after=None
[2025-04-13T00:31:46.300+0000] {logging_mixin.py:190} INFO - [2025-04-13T00:31:46.299+0000] {dag.py:4180} INFO - Setting next_dagrun for consume_1_or_both_2_and_3_with_dataset_expressions to None, run_after=None
[2025-04-13T00:31:46.301+0000] {logging_mixin.py:190} INFO - [2025-04-13T00:31:46.301+0000] {dag.py:4180} INFO - Setting next_dagrun for dataset_consumes_1 to None, run_after=None
[2025-04-13T00:31:46.302+0000] {logging_mixin.py:190} INFO - [2025-04-13T00:31:46.302+0000] {dag.py:4180} INFO - Setting next_dagrun for dataset_consumes_1_and_2 to None, run_after=None
[2025-04-13T00:31:46.303+0000] {logging_mixin.py:190} INFO - [2025-04-13T00:31:46.303+0000] {dag.py:4180} INFO - Setting next_dagrun for dataset_consumes_1_never_scheduled to None, run_after=None
[2025-04-13T00:31:46.304+0000] {logging_mixin.py:190} INFO - [2025-04-13T00:31:46.304+0000] {dag.py:4180} INFO - Setting next_dagrun for dataset_consumes_unknown_never_scheduled to None, run_after=None
[2025-04-13T00:31:46.306+0000] {logging_mixin.py:190} INFO - [2025-04-13T00:31:46.306+0000] {dag.py:4180} INFO - Setting next_dagrun for dataset_produces_1 to 2025-04-12 00:00:00+00:00, run_after=2025-04-13 00:00:00+00:00
[2025-04-13T00:31:46.308+0000] {logging_mixin.py:190} INFO - [2025-04-13T00:31:46.308+0000] {dag.py:4180} INFO - Setting next_dagrun for dataset_produces_2 to None, run_after=None
[2025-04-13T00:31:46.338+0000] {processor.py:208} INFO - Processing /home/airflow/.local/lib/python3.12/site-packages/airflow/example_dags/example_datasets.py took 0.493 seconds
[2025-04-13T00:32:16.701+0000] {processor.py:186} INFO - Started process (PID=10395) to work on /home/airflow/.local/lib/python3.12/site-packages/airflow/example_dags/example_datasets.py
[2025-04-13T00:32:16.702+0000] {processor.py:914} INFO - Processing file /home/airflow/.local/lib/python3.12/site-packages/airflow/example_dags/example_datasets.py for tasks to queue
[2025-04-13T00:32:16.703+0000] {logging_mixin.py:190} INFO - [2025-04-13T00:32:16.703+0000] {dagbag.py:588} INFO - Filling up the DagBag from /home/airflow/.local/lib/python3.12/site-packages/airflow/example_dags/example_datasets.py
[2025-04-13T00:32:17.158+0000] {processor.py:925} INFO - DAG(s) 'consume_1_and_2_with_dataset_expressions', 'dataset_consumes_1', 'dataset_produces_1', 'consume_1_or_2_with_dataset_expressions', 'dataset_consumes_1_never_scheduled', 'dataset_consumes_unknown_never_scheduled', 'consume_1_or_both_2_and_3_with_dataset_expressions', 'conditional_dataset_and_time_based_timetable', 'dataset_consumes_1_and_2', 'dataset_produces_2' retrieved from /home/airflow/.local/lib/python3.12/site-packages/airflow/example_dags/example_datasets.py
[2025-04-13T00:32:17.199+0000] {logging_mixin.py:190} INFO - [2025-04-13T00:32:17.199+0000] {dag.py:3239} INFO - Sync 10 DAGs
[2025-04-13T00:32:17.224+0000] {logging_mixin.py:190} INFO - [2025-04-13T00:32:17.224+0000] {dag.py:4180} INFO - Setting next_dagrun for conditional_dataset_and_time_based_timetable to 2025-04-09 01:00:00+00:00, run_after=2025-04-09 01:00:00+00:00
[2025-04-13T00:32:17.230+0000] {logging_mixin.py:190} INFO - [2025-04-13T00:32:17.229+0000] {dag.py:4180} INFO - Setting next_dagrun for consume_1_and_2_with_dataset_expressions to None, run_after=None
[2025-04-13T00:32:17.231+0000] {logging_mixin.py:190} INFO - [2025-04-13T00:32:17.231+0000] {dag.py:4180} INFO - Setting next_dagrun for consume_1_or_2_with_dataset_expressions to None, run_after=None
[2025-04-13T00:32:17.232+0000] {logging_mixin.py:190} INFO - [2025-04-13T00:32:17.232+0000] {dag.py:4180} INFO - Setting next_dagrun for consume_1_or_both_2_and_3_with_dataset_expressions to None, run_after=None
[2025-04-13T00:32:17.233+0000] {logging_mixin.py:190} INFO - [2025-04-13T00:32:17.233+0000] {dag.py:4180} INFO - Setting next_dagrun for dataset_consumes_1 to None, run_after=None
[2025-04-13T00:32:17.235+0000] {logging_mixin.py:190} INFO - [2025-04-13T00:32:17.235+0000] {dag.py:4180} INFO - Setting next_dagrun for dataset_consumes_1_and_2 to None, run_after=None
[2025-04-13T00:32:17.236+0000] {logging_mixin.py:190} INFO - [2025-04-13T00:32:17.236+0000] {dag.py:4180} INFO - Setting next_dagrun for dataset_consumes_1_never_scheduled to None, run_after=None
[2025-04-13T00:32:17.238+0000] {logging_mixin.py:190} INFO - [2025-04-13T00:32:17.238+0000] {dag.py:4180} INFO - Setting next_dagrun for dataset_consumes_unknown_never_scheduled to None, run_after=None
[2025-04-13T00:32:17.240+0000] {logging_mixin.py:190} INFO - [2025-04-13T00:32:17.240+0000] {dag.py:4180} INFO - Setting next_dagrun for dataset_produces_1 to 2025-04-12 00:00:00+00:00, run_after=2025-04-13 00:00:00+00:00
[2025-04-13T00:32:17.242+0000] {logging_mixin.py:190} INFO - [2025-04-13T00:32:17.241+0000] {dag.py:4180} INFO - Setting next_dagrun for dataset_produces_2 to None, run_after=None
[2025-04-13T00:32:17.272+0000] {processor.py:208} INFO - Processing /home/airflow/.local/lib/python3.12/site-packages/airflow/example_dags/example_datasets.py took 0.577 seconds
