[2025-04-13T00:30:00.875+0000] {processor.py:186} INFO - Started process (PID=10084) to work on /home/airflow/.local/lib/python3.12/site-packages/airflow/example_dags/example_latest_only.py
[2025-04-13T00:30:00.876+0000] {processor.py:914} INFO - Processing file /home/airflow/.local/lib/python3.12/site-packages/airflow/example_dags/example_latest_only.py for tasks to queue
[2025-04-13T00:30:00.877+0000] {logging_mixin.py:190} INFO - [2025-04-13T00:30:00.876+0000] {dagbag.py:588} INFO - Filling up the DagBag from /home/airflow/.local/lib/python3.12/site-packages/airflow/example_dags/example_latest_only.py
[2025-04-13T00:30:00.884+0000] {processor.py:925} INFO - DAG(s) 'latest_only' retrieved from /home/airflow/.local/lib/python3.12/site-packages/airflow/example_dags/example_latest_only.py
[2025-04-13T00:30:01.014+0000] {logging_mixin.py:190} INFO - [2025-04-13T00:30:01.013+0000] {dag.py:3239} INFO - Sync 1 DAGs
[2025-04-13T00:30:01.034+0000] {logging_mixin.py:190} INFO - [2025-04-13T00:30:01.034+0000] {dag.py:4180} INFO - Setting next_dagrun for latest_only to 2025-04-12 20:00:00+00:00, run_after=2025-04-13 00:00:00+00:00
[2025-04-13T00:30:01.052+0000] {processor.py:208} INFO - Processing /home/airflow/.local/lib/python3.12/site-packages/airflow/example_dags/example_latest_only.py took 0.147 seconds
[2025-04-13T00:30:31.316+0000] {processor.py:186} INFO - Started process (PID=10153) to work on /home/airflow/.local/lib/python3.12/site-packages/airflow/example_dags/example_latest_only.py
[2025-04-13T00:30:31.317+0000] {processor.py:914} INFO - Processing file /home/airflow/.local/lib/python3.12/site-packages/airflow/example_dags/example_latest_only.py for tasks to queue
[2025-04-13T00:30:31.319+0000] {logging_mixin.py:190} INFO - [2025-04-13T00:30:31.318+0000] {dagbag.py:588} INFO - Filling up the DagBag from /home/airflow/.local/lib/python3.12/site-packages/airflow/example_dags/example_latest_only.py
[2025-04-13T00:30:31.325+0000] {processor.py:925} INFO - DAG(s) 'latest_only' retrieved from /home/airflow/.local/lib/python3.12/site-packages/airflow/example_dags/example_latest_only.py
[2025-04-13T00:30:31.345+0000] {logging_mixin.py:190} INFO - [2025-04-13T00:30:31.345+0000] {dag.py:3239} INFO - Sync 1 DAGs
[2025-04-13T00:30:31.368+0000] {logging_mixin.py:190} INFO - [2025-04-13T00:30:31.367+0000] {dag.py:4180} INFO - Setting next_dagrun for latest_only to 2025-04-12 20:00:00+00:00, run_after=2025-04-13 00:00:00+00:00
[2025-04-13T00:30:31.385+0000] {processor.py:208} INFO - Processing /home/airflow/.local/lib/python3.12/site-packages/airflow/example_dags/example_latest_only.py took 0.073 seconds
[2025-04-13T00:31:02.354+0000] {processor.py:186} INFO - Started process (PID=10228) to work on /home/airflow/.local/lib/python3.12/site-packages/airflow/example_dags/example_latest_only.py
[2025-04-13T00:31:02.355+0000] {processor.py:914} INFO - Processing file /home/airflow/.local/lib/python3.12/site-packages/airflow/example_dags/example_latest_only.py for tasks to queue
[2025-04-13T00:31:02.356+0000] {logging_mixin.py:190} INFO - [2025-04-13T00:31:02.355+0000] {dagbag.py:588} INFO - Filling up the DagBag from /home/airflow/.local/lib/python3.12/site-packages/airflow/example_dags/example_latest_only.py
[2025-04-13T00:31:02.362+0000] {processor.py:925} INFO - DAG(s) 'latest_only' retrieved from /home/airflow/.local/lib/python3.12/site-packages/airflow/example_dags/example_latest_only.py
[2025-04-13T00:31:02.383+0000] {logging_mixin.py:190} INFO - [2025-04-13T00:31:02.382+0000] {dag.py:3239} INFO - Sync 1 DAGs
[2025-04-13T00:31:02.405+0000] {logging_mixin.py:190} INFO - [2025-04-13T00:31:02.405+0000] {dag.py:4180} INFO - Setting next_dagrun for latest_only to 2025-04-12 20:00:00+00:00, run_after=2025-04-13 00:00:00+00:00
[2025-04-13T00:31:02.422+0000] {processor.py:208} INFO - Processing /home/airflow/.local/lib/python3.12/site-packages/airflow/example_dags/example_latest_only.py took 0.073 seconds
[2025-04-13T00:31:33.972+0000] {processor.py:186} INFO - Started process (PID=10297) to work on /home/airflow/.local/lib/python3.12/site-packages/airflow/example_dags/example_latest_only.py
[2025-04-13T00:31:33.973+0000] {processor.py:914} INFO - Processing file /home/airflow/.local/lib/python3.12/site-packages/airflow/example_dags/example_latest_only.py for tasks to queue
[2025-04-13T00:31:33.974+0000] {logging_mixin.py:190} INFO - [2025-04-13T00:31:33.974+0000] {dagbag.py:588} INFO - Filling up the DagBag from /home/airflow/.local/lib/python3.12/site-packages/airflow/example_dags/example_latest_only.py
[2025-04-13T00:31:33.981+0000] {processor.py:925} INFO - DAG(s) 'latest_only' retrieved from /home/airflow/.local/lib/python3.12/site-packages/airflow/example_dags/example_latest_only.py
[2025-04-13T00:31:34.002+0000] {logging_mixin.py:190} INFO - [2025-04-13T00:31:34.001+0000] {dag.py:3239} INFO - Sync 1 DAGs
[2025-04-13T00:31:34.024+0000] {logging_mixin.py:190} INFO - [2025-04-13T00:31:34.023+0000] {dag.py:4180} INFO - Setting next_dagrun for latest_only to 2025-04-12 20:00:00+00:00, run_after=2025-04-13 00:00:00+00:00
[2025-04-13T00:31:34.043+0000] {processor.py:208} INFO - Processing /home/airflow/.local/lib/python3.12/site-packages/airflow/example_dags/example_latest_only.py took 0.076 seconds
[2025-04-13T00:32:05.090+0000] {processor.py:186} INFO - Started process (PID=10368) to work on /home/airflow/.local/lib/python3.12/site-packages/airflow/example_dags/example_latest_only.py
[2025-04-13T00:32:05.091+0000] {processor.py:914} INFO - Processing file /home/airflow/.local/lib/python3.12/site-packages/airflow/example_dags/example_latest_only.py for tasks to queue
[2025-04-13T00:32:05.092+0000] {logging_mixin.py:190} INFO - [2025-04-13T00:32:05.092+0000] {dagbag.py:588} INFO - Filling up the DagBag from /home/airflow/.local/lib/python3.12/site-packages/airflow/example_dags/example_latest_only.py
[2025-04-13T00:32:05.099+0000] {processor.py:925} INFO - DAG(s) 'latest_only' retrieved from /home/airflow/.local/lib/python3.12/site-packages/airflow/example_dags/example_latest_only.py
[2025-04-13T00:32:05.117+0000] {logging_mixin.py:190} INFO - [2025-04-13T00:32:05.117+0000] {dag.py:3239} INFO - Sync 1 DAGs
[2025-04-13T00:32:05.139+0000] {logging_mixin.py:190} INFO - [2025-04-13T00:32:05.139+0000] {dag.py:4180} INFO - Setting next_dagrun for latest_only to 2025-04-12 20:00:00+00:00, run_after=2025-04-13 00:00:00+00:00
[2025-04-13T00:32:05.155+0000] {processor.py:208} INFO - Processing /home/airflow/.local/lib/python3.12/site-packages/airflow/example_dags/example_latest_only.py took 0.070 seconds
