[2025-04-13T00:30:00.797+0000] {processor.py:186} INFO - Started process (PID=10083) to work on /home/airflow/.local/lib/python3.12/site-packages/airflow/example_dags/example_complex.py
[2025-04-13T00:30:00.798+0000] {processor.py:914} INFO - Processing file /home/airflow/.local/lib/python3.12/site-packages/airflow/example_dags/example_complex.py for tasks to queue
[2025-04-13T00:30:00.799+0000] {logging_mixin.py:190} INFO - [2025-04-13T00:30:00.799+0000] {dagbag.py:588} INFO - Filling up the DagBag from /home/airflow/.local/lib/python3.12/site-packages/airflow/example_dags/example_complex.py
[2025-04-13T00:30:00.811+0000] {processor.py:925} INFO - DAG(s) 'example_complex' retrieved from /home/airflow/.local/lib/python3.12/site-packages/airflow/example_dags/example_complex.py
[2025-04-13T00:30:00.953+0000] {logging_mixin.py:190} INFO - [2025-04-13T00:30:00.953+0000] {dag.py:3239} INFO - Sync 1 DAGs
[2025-04-13T00:30:00.964+0000] {logging_mixin.py:190} INFO - [2025-04-13T00:30:00.964+0000] {dag.py:4180} INFO - Setting next_dagrun for example_complex to None, run_after=None
[2025-04-13T00:30:00.982+0000] {processor.py:208} INFO - Processing /home/airflow/.local/lib/python3.12/site-packages/airflow/example_dags/example_complex.py took 0.155 seconds
[2025-04-13T00:30:31.285+0000] {processor.py:186} INFO - Started process (PID=10152) to work on /home/airflow/.local/lib/python3.12/site-packages/airflow/example_dags/example_complex.py
[2025-04-13T00:30:31.286+0000] {processor.py:914} INFO - Processing file /home/airflow/.local/lib/python3.12/site-packages/airflow/example_dags/example_complex.py for tasks to queue
[2025-04-13T00:30:31.287+0000] {logging_mixin.py:190} INFO - [2025-04-13T00:30:31.287+0000] {dagbag.py:588} INFO - Filling up the DagBag from /home/airflow/.local/lib/python3.12/site-packages/airflow/example_dags/example_complex.py
[2025-04-13T00:30:31.300+0000] {processor.py:925} INFO - DAG(s) 'example_complex' retrieved from /home/airflow/.local/lib/python3.12/site-packages/airflow/example_dags/example_complex.py
[2025-04-13T00:30:31.336+0000] {logging_mixin.py:190} INFO - [2025-04-13T00:30:31.336+0000] {dag.py:3239} INFO - Sync 1 DAGs
[2025-04-13T00:30:31.351+0000] {logging_mixin.py:190} INFO - [2025-04-13T00:30:31.351+0000] {dag.py:4180} INFO - Setting next_dagrun for example_complex to None, run_after=None
[2025-04-13T00:30:31.369+0000] {processor.py:208} INFO - Processing /home/airflow/.local/lib/python3.12/site-packages/airflow/example_dags/example_complex.py took 0.090 seconds
[2025-04-13T00:31:02.322+0000] {processor.py:186} INFO - Started process (PID=10227) to work on /home/airflow/.local/lib/python3.12/site-packages/airflow/example_dags/example_complex.py
[2025-04-13T00:31:02.323+0000] {processor.py:914} INFO - Processing file /home/airflow/.local/lib/python3.12/site-packages/airflow/example_dags/example_complex.py for tasks to queue
[2025-04-13T00:31:02.325+0000] {logging_mixin.py:190} INFO - [2025-04-13T00:31:02.324+0000] {dagbag.py:588} INFO - Filling up the DagBag from /home/airflow/.local/lib/python3.12/site-packages/airflow/example_dags/example_complex.py
[2025-04-13T00:31:02.336+0000] {processor.py:925} INFO - DAG(s) 'example_complex' retrieved from /home/airflow/.local/lib/python3.12/site-packages/airflow/example_dags/example_complex.py
[2025-04-13T00:31:02.367+0000] {logging_mixin.py:190} INFO - [2025-04-13T00:31:02.366+0000] {dag.py:3239} INFO - Sync 1 DAGs
[2025-04-13T00:31:02.381+0000] {logging_mixin.py:190} INFO - [2025-04-13T00:31:02.381+0000] {dag.py:4180} INFO - Setting next_dagrun for example_complex to None, run_after=None
[2025-04-13T00:31:02.400+0000] {processor.py:208} INFO - Processing /home/airflow/.local/lib/python3.12/site-packages/airflow/example_dags/example_complex.py took 0.083 seconds
[2025-04-13T00:31:33.947+0000] {processor.py:186} INFO - Started process (PID=10296) to work on /home/airflow/.local/lib/python3.12/site-packages/airflow/example_dags/example_complex.py
[2025-04-13T00:31:33.948+0000] {processor.py:914} INFO - Processing file /home/airflow/.local/lib/python3.12/site-packages/airflow/example_dags/example_complex.py for tasks to queue
[2025-04-13T00:31:33.949+0000] {logging_mixin.py:190} INFO - [2025-04-13T00:31:33.949+0000] {dagbag.py:588} INFO - Filling up the DagBag from /home/airflow/.local/lib/python3.12/site-packages/airflow/example_dags/example_complex.py
[2025-04-13T00:31:33.962+0000] {processor.py:925} INFO - DAG(s) 'example_complex' retrieved from /home/airflow/.local/lib/python3.12/site-packages/airflow/example_dags/example_complex.py
[2025-04-13T00:31:33.994+0000] {logging_mixin.py:190} INFO - [2025-04-13T00:31:33.993+0000] {dag.py:3239} INFO - Sync 1 DAGs
[2025-04-13T00:31:34.007+0000] {logging_mixin.py:190} INFO - [2025-04-13T00:31:34.007+0000] {dag.py:4180} INFO - Setting next_dagrun for example_complex to None, run_after=None
[2025-04-13T00:31:34.025+0000] {processor.py:208} INFO - Processing /home/airflow/.local/lib/python3.12/site-packages/airflow/example_dags/example_complex.py took 0.083 seconds
[2025-04-13T00:32:05.054+0000] {processor.py:186} INFO - Started process (PID=10367) to work on /home/airflow/.local/lib/python3.12/site-packages/airflow/example_dags/example_complex.py
[2025-04-13T00:32:05.055+0000] {processor.py:914} INFO - Processing file /home/airflow/.local/lib/python3.12/site-packages/airflow/example_dags/example_complex.py for tasks to queue
[2025-04-13T00:32:05.056+0000] {logging_mixin.py:190} INFO - [2025-04-13T00:32:05.056+0000] {dagbag.py:588} INFO - Filling up the DagBag from /home/airflow/.local/lib/python3.12/site-packages/airflow/example_dags/example_complex.py
[2025-04-13T00:32:05.068+0000] {processor.py:925} INFO - DAG(s) 'example_complex' retrieved from /home/airflow/.local/lib/python3.12/site-packages/airflow/example_dags/example_complex.py
[2025-04-13T00:32:05.098+0000] {logging_mixin.py:190} INFO - [2025-04-13T00:32:05.097+0000] {dag.py:3239} INFO - Sync 1 DAGs
[2025-04-13T00:32:05.110+0000] {logging_mixin.py:190} INFO - [2025-04-13T00:32:05.110+0000] {dag.py:4180} INFO - Setting next_dagrun for example_complex to None, run_after=None
[2025-04-13T00:32:05.127+0000] {processor.py:208} INFO - Processing /home/airflow/.local/lib/python3.12/site-packages/airflow/example_dags/example_complex.py took 0.078 seconds
