[2025-04-13T00:29:43.171+0000] {processor.py:186} INFO - Started process (PID=10051) to work on /home/airflow/.local/lib/python3.12/site-packages/airflow/example_dags/example_inlet_event_extra.py
[2025-04-13T00:29:43.172+0000] {processor.py:914} INFO - Processing file /home/airflow/.local/lib/python3.12/site-packages/airflow/example_dags/example_inlet_event_extra.py for tasks to queue
[2025-04-13T00:29:43.173+0000] {logging_mixin.py:190} INFO - [2025-04-13T00:29:43.173+0000] {dagbag.py:588} INFO - Filling up the DagBag from /home/airflow/.local/lib/python3.12/site-packages/airflow/example_dags/example_inlet_event_extra.py
[2025-04-13T00:29:43.907+0000] {processor.py:925} INFO - DAG(s) 'read_dataset_event', 'read_dataset_event_from_classic' retrieved from /home/airflow/.local/lib/python3.12/site-packages/airflow/example_dags/example_inlet_event_extra.py
[2025-04-13T00:29:44.177+0000] {logging_mixin.py:190} INFO - [2025-04-13T00:29:44.177+0000] {dag.py:3239} INFO - Sync 2 DAGs
[2025-04-13T00:29:44.230+0000] {logging_mixin.py:190} INFO - [2025-04-13T00:29:44.230+0000] {dag.py:4180} INFO - Setting next_dagrun for read_dataset_event to 2025-04-12 00:00:00+00:00, run_after=2025-04-13 00:00:00+00:00
[2025-04-13T00:29:44.249+0000] {logging_mixin.py:190} INFO - [2025-04-13T00:29:44.248+0000] {dag.py:4180} INFO - Setting next_dagrun for read_dataset_event_from_classic to 2025-04-12 00:00:00+00:00, run_after=2025-04-13 00:00:00+00:00
[2025-04-13T00:29:44.344+0000] {processor.py:208} INFO - Processing /home/airflow/.local/lib/python3.12/site-packages/airflow/example_dags/example_inlet_event_extra.py took 1.178 seconds
[2025-04-13T00:30:15.072+0000] {processor.py:186} INFO - Started process (PID=10120) to work on /home/airflow/.local/lib/python3.12/site-packages/airflow/example_dags/example_inlet_event_extra.py
[2025-04-13T00:30:15.073+0000] {processor.py:914} INFO - Processing file /home/airflow/.local/lib/python3.12/site-packages/airflow/example_dags/example_inlet_event_extra.py for tasks to queue
[2025-04-13T00:30:15.074+0000] {logging_mixin.py:190} INFO - [2025-04-13T00:30:15.073+0000] {dagbag.py:588} INFO - Filling up the DagBag from /home/airflow/.local/lib/python3.12/site-packages/airflow/example_dags/example_inlet_event_extra.py
[2025-04-13T00:30:15.513+0000] {processor.py:925} INFO - DAG(s) 'read_dataset_event', 'read_dataset_event_from_classic' retrieved from /home/airflow/.local/lib/python3.12/site-packages/airflow/example_dags/example_inlet_event_extra.py
[2025-04-13T00:30:15.538+0000] {logging_mixin.py:190} INFO - [2025-04-13T00:30:15.538+0000] {dag.py:3239} INFO - Sync 2 DAGs
[2025-04-13T00:30:15.567+0000] {logging_mixin.py:190} INFO - [2025-04-13T00:30:15.566+0000] {dag.py:4180} INFO - Setting next_dagrun for read_dataset_event to 2025-04-12 00:00:00+00:00, run_after=2025-04-13 00:00:00+00:00
[2025-04-13T00:30:15.574+0000] {logging_mixin.py:190} INFO - [2025-04-13T00:30:15.574+0000] {dag.py:4180} INFO - Setting next_dagrun for read_dataset_event_from_classic to 2025-04-12 00:00:00+00:00, run_after=2025-04-13 00:00:00+00:00
[2025-04-13T00:30:15.600+0000] {processor.py:208} INFO - Processing /home/airflow/.local/lib/python3.12/site-packages/airflow/example_dags/example_inlet_event_extra.py took 0.534 seconds
[2025-04-13T00:30:45.874+0000] {processor.py:186} INFO - Started process (PID=10189) to work on /home/airflow/.local/lib/python3.12/site-packages/airflow/example_dags/example_inlet_event_extra.py
[2025-04-13T00:30:45.874+0000] {processor.py:914} INFO - Processing file /home/airflow/.local/lib/python3.12/site-packages/airflow/example_dags/example_inlet_event_extra.py for tasks to queue
[2025-04-13T00:30:45.875+0000] {logging_mixin.py:190} INFO - [2025-04-13T00:30:45.875+0000] {dagbag.py:588} INFO - Filling up the DagBag from /home/airflow/.local/lib/python3.12/site-packages/airflow/example_dags/example_inlet_event_extra.py
[2025-04-13T00:30:46.296+0000] {processor.py:925} INFO - DAG(s) 'read_dataset_event', 'read_dataset_event_from_classic' retrieved from /home/airflow/.local/lib/python3.12/site-packages/airflow/example_dags/example_inlet_event_extra.py
[2025-04-13T00:30:46.319+0000] {logging_mixin.py:190} INFO - [2025-04-13T00:30:46.319+0000] {dag.py:3239} INFO - Sync 2 DAGs
[2025-04-13T00:30:46.345+0000] {logging_mixin.py:190} INFO - [2025-04-13T00:30:46.345+0000] {dag.py:4180} INFO - Setting next_dagrun for read_dataset_event to 2025-04-12 00:00:00+00:00, run_after=2025-04-13 00:00:00+00:00
[2025-04-13T00:30:46.351+0000] {logging_mixin.py:190} INFO - [2025-04-13T00:30:46.351+0000] {dag.py:4180} INFO - Setting next_dagrun for read_dataset_event_from_classic to 2025-04-12 00:00:00+00:00, run_after=2025-04-13 00:00:00+00:00
[2025-04-13T00:30:46.368+0000] {processor.py:208} INFO - Processing /home/airflow/.local/lib/python3.12/site-packages/airflow/example_dags/example_inlet_event_extra.py took 0.500 seconds
[2025-04-13T00:31:16.628+0000] {processor.py:186} INFO - Started process (PID=10258) to work on /home/airflow/.local/lib/python3.12/site-packages/airflow/example_dags/example_inlet_event_extra.py
[2025-04-13T00:31:16.629+0000] {processor.py:914} INFO - Processing file /home/airflow/.local/lib/python3.12/site-packages/airflow/example_dags/example_inlet_event_extra.py for tasks to queue
[2025-04-13T00:31:16.630+0000] {logging_mixin.py:190} INFO - [2025-04-13T00:31:16.630+0000] {dagbag.py:588} INFO - Filling up the DagBag from /home/airflow/.local/lib/python3.12/site-packages/airflow/example_dags/example_inlet_event_extra.py
[2025-04-13T00:31:17.145+0000] {processor.py:925} INFO - DAG(s) 'read_dataset_event_from_classic', 'read_dataset_event' retrieved from /home/airflow/.local/lib/python3.12/site-packages/airflow/example_dags/example_inlet_event_extra.py
[2025-04-13T00:31:17.165+0000] {logging_mixin.py:190} INFO - [2025-04-13T00:31:17.165+0000] {dag.py:3239} INFO - Sync 2 DAGs
[2025-04-13T00:31:17.188+0000] {logging_mixin.py:190} INFO - [2025-04-13T00:31:17.188+0000] {dag.py:4180} INFO - Setting next_dagrun for read_dataset_event to 2025-04-12 00:00:00+00:00, run_after=2025-04-13 00:00:00+00:00
[2025-04-13T00:31:17.193+0000] {logging_mixin.py:190} INFO - [2025-04-13T00:31:17.193+0000] {dag.py:4180} INFO - Setting next_dagrun for read_dataset_event_from_classic to 2025-04-12 00:00:00+00:00, run_after=2025-04-13 00:00:00+00:00
[2025-04-13T00:31:17.208+0000] {processor.py:208} INFO - Processing /home/airflow/.local/lib/python3.12/site-packages/airflow/example_dags/example_inlet_event_extra.py took 0.585 seconds
[2025-04-13T00:31:47.345+0000] {processor.py:186} INFO - Started process (PID=10327) to work on /home/airflow/.local/lib/python3.12/site-packages/airflow/example_dags/example_inlet_event_extra.py
[2025-04-13T00:31:47.346+0000] {processor.py:914} INFO - Processing file /home/airflow/.local/lib/python3.12/site-packages/airflow/example_dags/example_inlet_event_extra.py for tasks to queue
[2025-04-13T00:31:47.347+0000] {logging_mixin.py:190} INFO - [2025-04-13T00:31:47.347+0000] {dagbag.py:588} INFO - Filling up the DagBag from /home/airflow/.local/lib/python3.12/site-packages/airflow/example_dags/example_inlet_event_extra.py
[2025-04-13T00:31:47.732+0000] {processor.py:925} INFO - DAG(s) 'read_dataset_event', 'read_dataset_event_from_classic' retrieved from /home/airflow/.local/lib/python3.12/site-packages/airflow/example_dags/example_inlet_event_extra.py
[2025-04-13T00:31:47.749+0000] {logging_mixin.py:190} INFO - [2025-04-13T00:31:47.749+0000] {dag.py:3239} INFO - Sync 2 DAGs
[2025-04-13T00:31:47.768+0000] {logging_mixin.py:190} INFO - [2025-04-13T00:31:47.768+0000] {dag.py:4180} INFO - Setting next_dagrun for read_dataset_event to 2025-04-12 00:00:00+00:00, run_after=2025-04-13 00:00:00+00:00
[2025-04-13T00:31:47.773+0000] {logging_mixin.py:190} INFO - [2025-04-13T00:31:47.773+0000] {dag.py:4180} INFO - Setting next_dagrun for read_dataset_event_from_classic to 2025-04-12 00:00:00+00:00, run_after=2025-04-13 00:00:00+00:00
[2025-04-13T00:31:47.786+0000] {processor.py:208} INFO - Processing /home/airflow/.local/lib/python3.12/site-packages/airflow/example_dags/example_inlet_event_extra.py took 0.446 seconds
[2025-04-13T00:32:18.260+0000] {processor.py:186} INFO - Started process (PID=10398) to work on /home/airflow/.local/lib/python3.12/site-packages/airflow/example_dags/example_inlet_event_extra.py
[2025-04-13T00:32:18.261+0000] {processor.py:914} INFO - Processing file /home/airflow/.local/lib/python3.12/site-packages/airflow/example_dags/example_inlet_event_extra.py for tasks to queue
[2025-04-13T00:32:18.262+0000] {logging_mixin.py:190} INFO - [2025-04-13T00:32:18.262+0000] {dagbag.py:588} INFO - Filling up the DagBag from /home/airflow/.local/lib/python3.12/site-packages/airflow/example_dags/example_inlet_event_extra.py
[2025-04-13T00:32:18.694+0000] {processor.py:925} INFO - DAG(s) 'read_dataset_event_from_classic', 'read_dataset_event' retrieved from /home/airflow/.local/lib/python3.12/site-packages/airflow/example_dags/example_inlet_event_extra.py
[2025-04-13T00:32:18.714+0000] {logging_mixin.py:190} INFO - [2025-04-13T00:32:18.713+0000] {dag.py:3239} INFO - Sync 2 DAGs
[2025-04-13T00:32:18.736+0000] {logging_mixin.py:190} INFO - [2025-04-13T00:32:18.735+0000] {dag.py:4180} INFO - Setting next_dagrun for read_dataset_event to 2025-04-12 00:00:00+00:00, run_after=2025-04-13 00:00:00+00:00
[2025-04-13T00:32:18.741+0000] {logging_mixin.py:190} INFO - [2025-04-13T00:32:18.741+0000] {dag.py:4180} INFO - Setting next_dagrun for read_dataset_event_from_classic to 2025-04-12 00:00:00+00:00, run_after=2025-04-13 00:00:00+00:00
[2025-04-13T00:32:18.758+0000] {processor.py:208} INFO - Processing /home/airflow/.local/lib/python3.12/site-packages/airflow/example_dags/example_inlet_event_extra.py took 0.503 seconds
