[2025-04-13T00:30:11.525+0000] {processor.py:186} INFO - Started process (PID=10116) to work on /home/airflow/.local/lib/python3.12/site-packages/airflow/example_dags/example_dag_decorator.py
[2025-04-13T00:30:11.525+0000] {processor.py:914} INFO - Processing file /home/airflow/.local/lib/python3.12/site-packages/airflow/example_dags/example_dag_decorator.py for tasks to queue
[2025-04-13T00:30:11.526+0000] {logging_mixin.py:190} INFO - [2025-04-13T00:30:11.526+0000] {dagbag.py:588} INFO - Filling up the DagBag from /home/airflow/.local/lib/python3.12/site-packages/airflow/example_dags/example_dag_decorator.py
[2025-04-13T00:30:11.668+0000] {processor.py:925} INFO - DAG(s) 'example_dag_decorator' retrieved from /home/airflow/.local/lib/python3.12/site-packages/airflow/example_dags/example_dag_decorator.py
[2025-04-13T00:30:11.768+0000] {logging_mixin.py:190} INFO - [2025-04-13T00:30:11.767+0000] {dag.py:3239} INFO - Sync 1 DAGs
[2025-04-13T00:30:11.952+0000] {logging_mixin.py:190} INFO - [2025-04-13T00:30:11.952+0000] {dag.py:4180} INFO - Setting next_dagrun for example_dag_decorator to None, run_after=None
[2025-04-13T00:30:11.970+0000] {processor.py:208} INFO - Processing /home/airflow/.local/lib/python3.12/site-packages/airflow/example_dags/example_dag_decorator.py took 0.450 seconds
[2025-04-13T00:30:42.775+0000] {processor.py:186} INFO - Started process (PID=10185) to work on /home/airflow/.local/lib/python3.12/site-packages/airflow/example_dags/example_dag_decorator.py
[2025-04-13T00:30:42.776+0000] {processor.py:914} INFO - Processing file /home/airflow/.local/lib/python3.12/site-packages/airflow/example_dags/example_dag_decorator.py for tasks to queue
[2025-04-13T00:30:42.777+0000] {logging_mixin.py:190} INFO - [2025-04-13T00:30:42.777+0000] {dagbag.py:588} INFO - Filling up the DagBag from /home/airflow/.local/lib/python3.12/site-packages/airflow/example_dags/example_dag_decorator.py
[2025-04-13T00:30:42.919+0000] {processor.py:925} INFO - DAG(s) 'example_dag_decorator' retrieved from /home/airflow/.local/lib/python3.12/site-packages/airflow/example_dags/example_dag_decorator.py
[2025-04-13T00:30:43.015+0000] {logging_mixin.py:190} INFO - [2025-04-13T00:30:43.014+0000] {dag.py:3239} INFO - Sync 1 DAGs
[2025-04-13T00:30:43.187+0000] {logging_mixin.py:190} INFO - [2025-04-13T00:30:43.187+0000] {dag.py:4180} INFO - Setting next_dagrun for example_dag_decorator to None, run_after=None
[2025-04-13T00:30:43.204+0000] {processor.py:208} INFO - Processing /home/airflow/.local/lib/python3.12/site-packages/airflow/example_dags/example_dag_decorator.py took 0.433 seconds
[2025-04-13T00:31:14.091+0000] {processor.py:186} INFO - Started process (PID=10254) to work on /home/airflow/.local/lib/python3.12/site-packages/airflow/example_dags/example_dag_decorator.py
[2025-04-13T00:31:14.092+0000] {processor.py:914} INFO - Processing file /home/airflow/.local/lib/python3.12/site-packages/airflow/example_dags/example_dag_decorator.py for tasks to queue
[2025-04-13T00:31:14.093+0000] {logging_mixin.py:190} INFO - [2025-04-13T00:31:14.093+0000] {dagbag.py:588} INFO - Filling up the DagBag from /home/airflow/.local/lib/python3.12/site-packages/airflow/example_dags/example_dag_decorator.py
[2025-04-13T00:31:14.235+0000] {processor.py:925} INFO - DAG(s) 'example_dag_decorator' retrieved from /home/airflow/.local/lib/python3.12/site-packages/airflow/example_dags/example_dag_decorator.py
[2025-04-13T00:31:14.331+0000] {logging_mixin.py:190} INFO - [2025-04-13T00:31:14.330+0000] {dag.py:3239} INFO - Sync 1 DAGs
[2025-04-13T00:31:14.507+0000] {logging_mixin.py:190} INFO - [2025-04-13T00:31:14.507+0000] {dag.py:4180} INFO - Setting next_dagrun for example_dag_decorator to None, run_after=None
[2025-04-13T00:31:14.523+0000] {processor.py:208} INFO - Processing /home/airflow/.local/lib/python3.12/site-packages/airflow/example_dags/example_dag_decorator.py took 0.437 seconds
[2025-04-13T00:31:44.743+0000] {processor.py:186} INFO - Started process (PID=10323) to work on /home/airflow/.local/lib/python3.12/site-packages/airflow/example_dags/example_dag_decorator.py
[2025-04-13T00:31:44.744+0000] {processor.py:914} INFO - Processing file /home/airflow/.local/lib/python3.12/site-packages/airflow/example_dags/example_dag_decorator.py for tasks to queue
[2025-04-13T00:31:44.745+0000] {logging_mixin.py:190} INFO - [2025-04-13T00:31:44.744+0000] {dagbag.py:588} INFO - Filling up the DagBag from /home/airflow/.local/lib/python3.12/site-packages/airflow/example_dags/example_dag_decorator.py
[2025-04-13T00:31:44.920+0000] {processor.py:925} INFO - DAG(s) 'example_dag_decorator' retrieved from /home/airflow/.local/lib/python3.12/site-packages/airflow/example_dags/example_dag_decorator.py
[2025-04-13T00:31:45.218+0000] {logging_mixin.py:190} INFO - [2025-04-13T00:31:45.217+0000] {dag.py:3239} INFO - Sync 1 DAGs
[2025-04-13T00:31:45.234+0000] {logging_mixin.py:190} INFO - [2025-04-13T00:31:45.233+0000] {dag.py:4180} INFO - Setting next_dagrun for example_dag_decorator to None, run_after=None
[2025-04-13T00:31:45.254+0000] {processor.py:208} INFO - Processing /home/airflow/.local/lib/python3.12/site-packages/airflow/example_dags/example_dag_decorator.py took 0.518 seconds
[2025-04-13T00:32:15.575+0000] {processor.py:186} INFO - Started process (PID=10392) to work on /home/airflow/.local/lib/python3.12/site-packages/airflow/example_dags/example_dag_decorator.py
[2025-04-13T00:32:15.576+0000] {processor.py:914} INFO - Processing file /home/airflow/.local/lib/python3.12/site-packages/airflow/example_dags/example_dag_decorator.py for tasks to queue
[2025-04-13T00:32:15.578+0000] {logging_mixin.py:190} INFO - [2025-04-13T00:32:15.578+0000] {dagbag.py:588} INFO - Filling up the DagBag from /home/airflow/.local/lib/python3.12/site-packages/airflow/example_dags/example_dag_decorator.py
[2025-04-13T00:32:15.776+0000] {processor.py:925} INFO - DAG(s) 'example_dag_decorator' retrieved from /home/airflow/.local/lib/python3.12/site-packages/airflow/example_dags/example_dag_decorator.py
[2025-04-13T00:32:16.041+0000] {logging_mixin.py:190} INFO - [2025-04-13T00:32:16.041+0000] {dag.py:3239} INFO - Sync 1 DAGs
[2025-04-13T00:32:16.053+0000] {logging_mixin.py:190} INFO - [2025-04-13T00:32:16.052+0000] {dag.py:4180} INFO - Setting next_dagrun for example_dag_decorator to None, run_after=None
[2025-04-13T00:32:16.068+0000] {processor.py:208} INFO - Processing /home/airflow/.local/lib/python3.12/site-packages/airflow/example_dags/example_dag_decorator.py took 0.499 seconds
