[2025-04-13T00:29:57.521+0000] {processor.py:186} INFO - Started process (PID=10054) to work on /home/airflow/.local/lib/python3.12/site-packages/airflow/example_dags/example_dataset_alias.py
[2025-04-13T00:29:57.522+0000] {processor.py:914} INFO - Processing file /home/airflow/.local/lib/python3.12/site-packages/airflow/example_dags/example_dataset_alias.py for tasks to queue
[2025-04-13T00:29:57.523+0000] {logging_mixin.py:190} INFO - [2025-04-13T00:29:57.523+0000] {dagbag.py:588} INFO - Filling up the DagBag from /home/airflow/.local/lib/python3.12/site-packages/airflow/example_dags/example_dataset_alias.py
[2025-04-13T00:29:58.101+0000] {processor.py:925} INFO - DAG(s) 'dataset_alias_example_alias_producer', 'dataset_s3_bucket_producer', 'dataset_alias_example_alias_consumer', 'dataset_s3_bucket_consumer' retrieved from /home/airflow/.local/lib/python3.12/site-packages/airflow/example_dags/example_dataset_alias.py
[2025-04-13T00:29:58.237+0000] {logging_mixin.py:190} INFO - [2025-04-13T00:29:58.237+0000] {dag.py:3239} INFO - Sync 4 DAGs
[2025-04-13T00:29:58.257+0000] {logging_mixin.py:190} INFO - [2025-04-13T00:29:58.257+0000] {dag.py:4180} INFO - Setting next_dagrun for dataset_alias_example_alias_consumer to None, run_after=None
[2025-04-13T00:29:58.260+0000] {logging_mixin.py:190} INFO - [2025-04-13T00:29:58.260+0000] {dag.py:4180} INFO - Setting next_dagrun for dataset_alias_example_alias_producer to None, run_after=None
[2025-04-13T00:29:58.261+0000] {logging_mixin.py:190} INFO - [2025-04-13T00:29:58.261+0000] {dag.py:4180} INFO - Setting next_dagrun for dataset_s3_bucket_consumer to None, run_after=None
[2025-04-13T00:29:58.262+0000] {logging_mixin.py:190} INFO - [2025-04-13T00:29:58.262+0000] {dag.py:4180} INFO - Setting next_dagrun for dataset_s3_bucket_producer to None, run_after=None
[2025-04-13T00:29:58.282+0000] {processor.py:208} INFO - Processing /home/airflow/.local/lib/python3.12/site-packages/airflow/example_dags/example_dataset_alias.py took 0.767 seconds
[2025-04-13T00:30:28.971+0000] {processor.py:186} INFO - Started process (PID=10123) to work on /home/airflow/.local/lib/python3.12/site-packages/airflow/example_dags/example_dataset_alias.py
[2025-04-13T00:30:28.972+0000] {processor.py:914} INFO - Processing file /home/airflow/.local/lib/python3.12/site-packages/airflow/example_dags/example_dataset_alias.py for tasks to queue
[2025-04-13T00:30:28.973+0000] {logging_mixin.py:190} INFO - [2025-04-13T00:30:28.973+0000] {dagbag.py:588} INFO - Filling up the DagBag from /home/airflow/.local/lib/python3.12/site-packages/airflow/example_dags/example_dataset_alias.py
[2025-04-13T00:30:29.401+0000] {processor.py:925} INFO - DAG(s) 'dataset_s3_bucket_producer', 'dataset_s3_bucket_consumer', 'dataset_alias_example_alias_consumer', 'dataset_alias_example_alias_producer' retrieved from /home/airflow/.local/lib/python3.12/site-packages/airflow/example_dags/example_dataset_alias.py
[2025-04-13T00:30:29.418+0000] {logging_mixin.py:190} INFO - [2025-04-13T00:30:29.418+0000] {dag.py:3239} INFO - Sync 4 DAGs
[2025-04-13T00:30:29.438+0000] {logging_mixin.py:190} INFO - [2025-04-13T00:30:29.438+0000] {dag.py:4180} INFO - Setting next_dagrun for dataset_alias_example_alias_consumer to None, run_after=None
[2025-04-13T00:30:29.440+0000] {logging_mixin.py:190} INFO - [2025-04-13T00:30:29.440+0000] {dag.py:4180} INFO - Setting next_dagrun for dataset_alias_example_alias_producer to None, run_after=None
[2025-04-13T00:30:29.443+0000] {logging_mixin.py:190} INFO - [2025-04-13T00:30:29.443+0000] {dag.py:4180} INFO - Setting next_dagrun for dataset_s3_bucket_consumer to None, run_after=None
[2025-04-13T00:30:29.445+0000] {logging_mixin.py:190} INFO - [2025-04-13T00:30:29.445+0000] {dag.py:4180} INFO - Setting next_dagrun for dataset_s3_bucket_producer to None, run_after=None
[2025-04-13T00:30:29.465+0000] {processor.py:208} INFO - Processing /home/airflow/.local/lib/python3.12/site-packages/airflow/example_dags/example_dataset_alias.py took 0.498 seconds
[2025-04-13T00:31:00.186+0000] {processor.py:186} INFO - Started process (PID=10192) to work on /home/airflow/.local/lib/python3.12/site-packages/airflow/example_dags/example_dataset_alias.py
[2025-04-13T00:31:00.186+0000] {processor.py:914} INFO - Processing file /home/airflow/.local/lib/python3.12/site-packages/airflow/example_dags/example_dataset_alias.py for tasks to queue
[2025-04-13T00:31:00.187+0000] {logging_mixin.py:190} INFO - [2025-04-13T00:31:00.187+0000] {dagbag.py:588} INFO - Filling up the DagBag from /home/airflow/.local/lib/python3.12/site-packages/airflow/example_dags/example_dataset_alias.py
[2025-04-13T00:31:00.640+0000] {processor.py:925} INFO - DAG(s) 'dataset_alias_example_alias_consumer', 'dataset_alias_example_alias_producer', 'dataset_s3_bucket_consumer', 'dataset_s3_bucket_producer' retrieved from /home/airflow/.local/lib/python3.12/site-packages/airflow/example_dags/example_dataset_alias.py
[2025-04-13T00:31:00.662+0000] {logging_mixin.py:190} INFO - [2025-04-13T00:31:00.661+0000] {dag.py:3239} INFO - Sync 4 DAGs
[2025-04-13T00:31:00.684+0000] {logging_mixin.py:190} INFO - [2025-04-13T00:31:00.684+0000] {dag.py:4180} INFO - Setting next_dagrun for dataset_alias_example_alias_consumer to None, run_after=None
[2025-04-13T00:31:00.687+0000] {logging_mixin.py:190} INFO - [2025-04-13T00:31:00.687+0000] {dag.py:4180} INFO - Setting next_dagrun for dataset_alias_example_alias_producer to None, run_after=None
[2025-04-13T00:31:00.690+0000] {logging_mixin.py:190} INFO - [2025-04-13T00:31:00.689+0000] {dag.py:4180} INFO - Setting next_dagrun for dataset_s3_bucket_consumer to None, run_after=None
[2025-04-13T00:31:00.691+0000] {logging_mixin.py:190} INFO - [2025-04-13T00:31:00.691+0000] {dag.py:4180} INFO - Setting next_dagrun for dataset_s3_bucket_producer to None, run_after=None
[2025-04-13T00:31:00.710+0000] {processor.py:208} INFO - Processing /home/airflow/.local/lib/python3.12/site-packages/airflow/example_dags/example_dataset_alias.py took 0.530 seconds
[2025-04-13T00:31:31.595+0000] {processor.py:186} INFO - Started process (PID=10261) to work on /home/airflow/.local/lib/python3.12/site-packages/airflow/example_dags/example_dataset_alias.py
[2025-04-13T00:31:31.596+0000] {processor.py:914} INFO - Processing file /home/airflow/.local/lib/python3.12/site-packages/airflow/example_dags/example_dataset_alias.py for tasks to queue
[2025-04-13T00:31:31.597+0000] {logging_mixin.py:190} INFO - [2025-04-13T00:31:31.597+0000] {dagbag.py:588} INFO - Filling up the DagBag from /home/airflow/.local/lib/python3.12/site-packages/airflow/example_dags/example_dataset_alias.py
[2025-04-13T00:31:32.061+0000] {processor.py:925} INFO - DAG(s) 'dataset_alias_example_alias_consumer', 'dataset_alias_example_alias_producer', 'dataset_s3_bucket_producer', 'dataset_s3_bucket_consumer' retrieved from /home/airflow/.local/lib/python3.12/site-packages/airflow/example_dags/example_dataset_alias.py
[2025-04-13T00:31:32.082+0000] {logging_mixin.py:190} INFO - [2025-04-13T00:31:32.081+0000] {dag.py:3239} INFO - Sync 4 DAGs
[2025-04-13T00:31:32.104+0000] {logging_mixin.py:190} INFO - [2025-04-13T00:31:32.104+0000] {dag.py:4180} INFO - Setting next_dagrun for dataset_alias_example_alias_consumer to None, run_after=None
[2025-04-13T00:31:32.107+0000] {logging_mixin.py:190} INFO - [2025-04-13T00:31:32.107+0000] {dag.py:4180} INFO - Setting next_dagrun for dataset_alias_example_alias_producer to None, run_after=None
[2025-04-13T00:31:32.109+0000] {logging_mixin.py:190} INFO - [2025-04-13T00:31:32.109+0000] {dag.py:4180} INFO - Setting next_dagrun for dataset_s3_bucket_consumer to None, run_after=None
[2025-04-13T00:31:32.110+0000] {logging_mixin.py:190} INFO - [2025-04-13T00:31:32.110+0000] {dag.py:4180} INFO - Setting next_dagrun for dataset_s3_bucket_producer to None, run_after=None
[2025-04-13T00:31:32.131+0000] {processor.py:208} INFO - Processing /home/airflow/.local/lib/python3.12/site-packages/airflow/example_dags/example_dataset_alias.py took 0.541 seconds
[2025-04-13T00:32:02.843+0000] {processor.py:186} INFO - Started process (PID=10336) to work on /home/airflow/.local/lib/python3.12/site-packages/airflow/example_dags/example_dataset_alias.py
[2025-04-13T00:32:02.843+0000] {processor.py:914} INFO - Processing file /home/airflow/.local/lib/python3.12/site-packages/airflow/example_dags/example_dataset_alias.py for tasks to queue
[2025-04-13T00:32:02.845+0000] {logging_mixin.py:190} INFO - [2025-04-13T00:32:02.844+0000] {dagbag.py:588} INFO - Filling up the DagBag from /home/airflow/.local/lib/python3.12/site-packages/airflow/example_dags/example_dataset_alias.py
[2025-04-13T00:32:03.275+0000] {processor.py:925} INFO - DAG(s) 'dataset_s3_bucket_producer', 'dataset_s3_bucket_consumer', 'dataset_alias_example_alias_consumer', 'dataset_alias_example_alias_producer' retrieved from /home/airflow/.local/lib/python3.12/site-packages/airflow/example_dags/example_dataset_alias.py
[2025-04-13T00:32:03.293+0000] {logging_mixin.py:190} INFO - [2025-04-13T00:32:03.293+0000] {dag.py:3239} INFO - Sync 4 DAGs
[2025-04-13T00:32:03.314+0000] {logging_mixin.py:190} INFO - [2025-04-13T00:32:03.314+0000] {dag.py:4180} INFO - Setting next_dagrun for dataset_alias_example_alias_consumer to None, run_after=None
[2025-04-13T00:32:03.317+0000] {logging_mixin.py:190} INFO - [2025-04-13T00:32:03.317+0000] {dag.py:4180} INFO - Setting next_dagrun for dataset_alias_example_alias_producer to None, run_after=None
[2025-04-13T00:32:03.320+0000] {logging_mixin.py:190} INFO - [2025-04-13T00:32:03.320+0000] {dag.py:4180} INFO - Setting next_dagrun for dataset_s3_bucket_consumer to None, run_after=None
[2025-04-13T00:32:03.321+0000] {logging_mixin.py:190} INFO - [2025-04-13T00:32:03.321+0000] {dag.py:4180} INFO - Setting next_dagrun for dataset_s3_bucket_producer to None, run_after=None
[2025-04-13T00:32:03.340+0000] {processor.py:208} INFO - Processing /home/airflow/.local/lib/python3.12/site-packages/airflow/example_dags/example_dataset_alias.py took 0.502 seconds
