[2025-04-13T00:29:58.864+0000] {processor.py:186} INFO - Started process (PID=10062) to work on /home/airflow/.local/lib/python3.12/site-packages/airflow/example_dags/example_kubernetes_executor.py
[2025-04-13T00:29:58.865+0000] {processor.py:914} INFO - Processing file /home/airflow/.local/lib/python3.12/site-packages/airflow/example_dags/example_kubernetes_executor.py for tasks to queue
[2025-04-13T00:29:58.866+0000] {logging_mixin.py:190} INFO - [2025-04-13T00:29:58.866+0000] {dagbag.py:588} INFO - Filling up the DagBag from /home/airflow/.local/lib/python3.12/site-packages/airflow/example_dags/example_kubernetes_executor.py
[2025-04-13T00:29:58.880+0000] {processor.py:925} INFO - DAG(s) 'example_kubernetes_executor' retrieved from /home/airflow/.local/lib/python3.12/site-packages/airflow/example_dags/example_kubernetes_executor.py
[2025-04-13T00:29:58.977+0000] {logging_mixin.py:190} INFO - [2025-04-13T00:29:58.977+0000] {dag.py:3239} INFO - Sync 1 DAGs
[2025-04-13T00:29:58.994+0000] {logging_mixin.py:190} INFO - [2025-04-13T00:29:58.993+0000] {dag.py:4180} INFO - Setting next_dagrun for example_kubernetes_executor to None, run_after=None
[2025-04-13T00:29:59.013+0000] {processor.py:208} INFO - Processing /home/airflow/.local/lib/python3.12/site-packages/airflow/example_dags/example_kubernetes_executor.py took 0.154 seconds
[2025-04-13T00:30:29.959+0000] {processor.py:186} INFO - Started process (PID=10131) to work on /home/airflow/.local/lib/python3.12/site-packages/airflow/example_dags/example_kubernetes_executor.py
[2025-04-13T00:30:29.960+0000] {processor.py:914} INFO - Processing file /home/airflow/.local/lib/python3.12/site-packages/airflow/example_dags/example_kubernetes_executor.py for tasks to queue
[2025-04-13T00:30:29.961+0000] {logging_mixin.py:190} INFO - [2025-04-13T00:30:29.961+0000] {dagbag.py:588} INFO - Filling up the DagBag from /home/airflow/.local/lib/python3.12/site-packages/airflow/example_dags/example_kubernetes_executor.py
[2025-04-13T00:30:29.979+0000] {processor.py:925} INFO - DAG(s) 'example_kubernetes_executor' retrieved from /home/airflow/.local/lib/python3.12/site-packages/airflow/example_dags/example_kubernetes_executor.py
[2025-04-13T00:30:30.004+0000] {logging_mixin.py:190} INFO - [2025-04-13T00:30:30.003+0000] {dag.py:3239} INFO - Sync 1 DAGs
[2025-04-13T00:30:30.018+0000] {logging_mixin.py:190} INFO - [2025-04-13T00:30:30.017+0000] {dag.py:4180} INFO - Setting next_dagrun for example_kubernetes_executor to None, run_after=None
[2025-04-13T00:30:30.034+0000] {processor.py:208} INFO - Processing /home/airflow/.local/lib/python3.12/site-packages/airflow/example_dags/example_kubernetes_executor.py took 0.080 seconds
[2025-04-13T00:31:01.091+0000] {processor.py:186} INFO - Started process (PID=10200) to work on /home/airflow/.local/lib/python3.12/site-packages/airflow/example_dags/example_kubernetes_executor.py
[2025-04-13T00:31:01.092+0000] {processor.py:914} INFO - Processing file /home/airflow/.local/lib/python3.12/site-packages/airflow/example_dags/example_kubernetes_executor.py for tasks to queue
[2025-04-13T00:31:01.093+0000] {logging_mixin.py:190} INFO - [2025-04-13T00:31:01.093+0000] {dagbag.py:588} INFO - Filling up the DagBag from /home/airflow/.local/lib/python3.12/site-packages/airflow/example_dags/example_kubernetes_executor.py
[2025-04-13T00:31:01.109+0000] {processor.py:925} INFO - DAG(s) 'example_kubernetes_executor' retrieved from /home/airflow/.local/lib/python3.12/site-packages/airflow/example_dags/example_kubernetes_executor.py
[2025-04-13T00:31:01.133+0000] {logging_mixin.py:190} INFO - [2025-04-13T00:31:01.132+0000] {dag.py:3239} INFO - Sync 1 DAGs
[2025-04-13T00:31:01.147+0000] {logging_mixin.py:190} INFO - [2025-04-13T00:31:01.147+0000] {dag.py:4180} INFO - Setting next_dagrun for example_kubernetes_executor to None, run_after=None
[2025-04-13T00:31:01.167+0000] {processor.py:208} INFO - Processing /home/airflow/.local/lib/python3.12/site-packages/airflow/example_dags/example_kubernetes_executor.py took 0.081 seconds
[2025-04-13T00:31:32.628+0000] {processor.py:186} INFO - Started process (PID=10275) to work on /home/airflow/.local/lib/python3.12/site-packages/airflow/example_dags/example_kubernetes_executor.py
[2025-04-13T00:31:32.629+0000] {processor.py:914} INFO - Processing file /home/airflow/.local/lib/python3.12/site-packages/airflow/example_dags/example_kubernetes_executor.py for tasks to queue
[2025-04-13T00:31:32.630+0000] {logging_mixin.py:190} INFO - [2025-04-13T00:31:32.630+0000] {dagbag.py:588} INFO - Filling up the DagBag from /home/airflow/.local/lib/python3.12/site-packages/airflow/example_dags/example_kubernetes_executor.py
[2025-04-13T00:31:32.644+0000] {processor.py:925} INFO - DAG(s) 'example_kubernetes_executor' retrieved from /home/airflow/.local/lib/python3.12/site-packages/airflow/example_dags/example_kubernetes_executor.py
[2025-04-13T00:31:32.669+0000] {logging_mixin.py:190} INFO - [2025-04-13T00:31:32.669+0000] {dag.py:3239} INFO - Sync 1 DAGs
[2025-04-13T00:31:32.683+0000] {logging_mixin.py:190} INFO - [2025-04-13T00:31:32.683+0000] {dag.py:4180} INFO - Setting next_dagrun for example_kubernetes_executor to None, run_after=None
[2025-04-13T00:31:32.701+0000] {processor.py:208} INFO - Processing /home/airflow/.local/lib/python3.12/site-packages/airflow/example_dags/example_kubernetes_executor.py took 0.078 seconds
[2025-04-13T00:32:03.725+0000] {processor.py:186} INFO - Started process (PID=10344) to work on /home/airflow/.local/lib/python3.12/site-packages/airflow/example_dags/example_kubernetes_executor.py
[2025-04-13T00:32:03.725+0000] {processor.py:914} INFO - Processing file /home/airflow/.local/lib/python3.12/site-packages/airflow/example_dags/example_kubernetes_executor.py for tasks to queue
[2025-04-13T00:32:03.727+0000] {logging_mixin.py:190} INFO - [2025-04-13T00:32:03.726+0000] {dagbag.py:588} INFO - Filling up the DagBag from /home/airflow/.local/lib/python3.12/site-packages/airflow/example_dags/example_kubernetes_executor.py
[2025-04-13T00:32:03.741+0000] {processor.py:925} INFO - DAG(s) 'example_kubernetes_executor' retrieved from /home/airflow/.local/lib/python3.12/site-packages/airflow/example_dags/example_kubernetes_executor.py
[2025-04-13T00:32:03.764+0000] {logging_mixin.py:190} INFO - [2025-04-13T00:32:03.764+0000] {dag.py:3239} INFO - Sync 1 DAGs
[2025-04-13T00:32:03.780+0000] {logging_mixin.py:190} INFO - [2025-04-13T00:32:03.779+0000] {dag.py:4180} INFO - Setting next_dagrun for example_kubernetes_executor to None, run_after=None
[2025-04-13T00:32:03.796+0000] {processor.py:208} INFO - Processing /home/airflow/.local/lib/python3.12/site-packages/airflow/example_dags/example_kubernetes_executor.py took 0.076 seconds
