[2025-04-13T00:29:59.430+0000] {processor.py:186} INFO - Started process (PID=10068) to work on /home/airflow/.local/lib/python3.12/site-packages/airflow/example_dags/example_python_operator.py
[2025-04-13T00:29:59.431+0000] {processor.py:914} INFO - Processing file /home/airflow/.local/lib/python3.12/site-packages/airflow/example_dags/example_python_operator.py for tasks to queue
[2025-04-13T00:29:59.432+0000] {logging_mixin.py:190} INFO - [2025-04-13T00:29:59.432+0000] {dagbag.py:588} INFO - Filling up the DagBag from /home/airflow/.local/lib/python3.12/site-packages/airflow/example_dags/example_python_operator.py
[2025-04-13T00:29:59.444+0000] {processor.py:925} INFO - DAG(s) 'example_python_operator' retrieved from /home/airflow/.local/lib/python3.12/site-packages/airflow/example_dags/example_python_operator.py
[2025-04-13T00:29:59.545+0000] {logging_mixin.py:190} INFO - [2025-04-13T00:29:59.545+0000] {dag.py:3239} INFO - Sync 1 DAGs
[2025-04-13T00:29:59.557+0000] {logging_mixin.py:190} INFO - [2025-04-13T00:29:59.556+0000] {dag.py:4180} INFO - Setting next_dagrun for example_python_operator to None, run_after=None
[2025-04-13T00:29:59.575+0000] {processor.py:208} INFO - Processing /home/airflow/.local/lib/python3.12/site-packages/airflow/example_dags/example_python_operator.py took 0.150 seconds
[2025-04-13T00:30:30.360+0000] {processor.py:186} INFO - Started process (PID=10137) to work on /home/airflow/.local/lib/python3.12/site-packages/airflow/example_dags/example_python_operator.py
[2025-04-13T00:30:30.361+0000] {processor.py:914} INFO - Processing file /home/airflow/.local/lib/python3.12/site-packages/airflow/example_dags/example_python_operator.py for tasks to queue
[2025-04-13T00:30:30.362+0000] {logging_mixin.py:190} INFO - [2025-04-13T00:30:30.362+0000] {dagbag.py:588} INFO - Filling up the DagBag from /home/airflow/.local/lib/python3.12/site-packages/airflow/example_dags/example_python_operator.py
[2025-04-13T00:30:30.377+0000] {processor.py:925} INFO - DAG(s) 'example_python_operator' retrieved from /home/airflow/.local/lib/python3.12/site-packages/airflow/example_dags/example_python_operator.py
[2025-04-13T00:30:30.401+0000] {logging_mixin.py:190} INFO - [2025-04-13T00:30:30.400+0000] {dag.py:3239} INFO - Sync 1 DAGs
[2025-04-13T00:30:30.417+0000] {logging_mixin.py:190} INFO - [2025-04-13T00:30:30.417+0000] {dag.py:4180} INFO - Setting next_dagrun for example_python_operator to None, run_after=None
[2025-04-13T00:30:30.436+0000] {processor.py:208} INFO - Processing /home/airflow/.local/lib/python3.12/site-packages/airflow/example_dags/example_python_operator.py took 0.082 seconds
[2025-04-13T00:31:01.444+0000] {processor.py:186} INFO - Started process (PID=10206) to work on /home/airflow/.local/lib/python3.12/site-packages/airflow/example_dags/example_python_operator.py
[2025-04-13T00:31:01.444+0000] {processor.py:914} INFO - Processing file /home/airflow/.local/lib/python3.12/site-packages/airflow/example_dags/example_python_operator.py for tasks to queue
[2025-04-13T00:31:01.446+0000] {logging_mixin.py:190} INFO - [2025-04-13T00:31:01.445+0000] {dagbag.py:588} INFO - Filling up the DagBag from /home/airflow/.local/lib/python3.12/site-packages/airflow/example_dags/example_python_operator.py
[2025-04-13T00:31:01.457+0000] {processor.py:925} INFO - DAG(s) 'example_python_operator' retrieved from /home/airflow/.local/lib/python3.12/site-packages/airflow/example_dags/example_python_operator.py
[2025-04-13T00:31:01.479+0000] {logging_mixin.py:190} INFO - [2025-04-13T00:31:01.479+0000] {dag.py:3239} INFO - Sync 1 DAGs
[2025-04-13T00:31:01.494+0000] {logging_mixin.py:190} INFO - [2025-04-13T00:31:01.494+0000] {dag.py:4180} INFO - Setting next_dagrun for example_python_operator to None, run_after=None
[2025-04-13T00:31:01.513+0000] {processor.py:208} INFO - Processing /home/airflow/.local/lib/python3.12/site-packages/airflow/example_dags/example_python_operator.py took 0.076 seconds
[2025-04-13T00:31:33.018+0000] {processor.py:186} INFO - Started process (PID=10281) to work on /home/airflow/.local/lib/python3.12/site-packages/airflow/example_dags/example_python_operator.py
[2025-04-13T00:31:33.019+0000] {processor.py:914} INFO - Processing file /home/airflow/.local/lib/python3.12/site-packages/airflow/example_dags/example_python_operator.py for tasks to queue
[2025-04-13T00:31:33.020+0000] {logging_mixin.py:190} INFO - [2025-04-13T00:31:33.020+0000] {dagbag.py:588} INFO - Filling up the DagBag from /home/airflow/.local/lib/python3.12/site-packages/airflow/example_dags/example_python_operator.py
[2025-04-13T00:31:33.033+0000] {processor.py:925} INFO - DAG(s) 'example_python_operator' retrieved from /home/airflow/.local/lib/python3.12/site-packages/airflow/example_dags/example_python_operator.py
[2025-04-13T00:31:33.055+0000] {logging_mixin.py:190} INFO - [2025-04-13T00:31:33.054+0000] {dag.py:3239} INFO - Sync 1 DAGs
[2025-04-13T00:31:33.072+0000] {logging_mixin.py:190} INFO - [2025-04-13T00:31:33.071+0000] {dag.py:4180} INFO - Setting next_dagrun for example_python_operator to None, run_after=None
[2025-04-13T00:31:33.091+0000] {processor.py:208} INFO - Processing /home/airflow/.local/lib/python3.12/site-packages/airflow/example_dags/example_python_operator.py took 0.079 seconds
[2025-04-13T00:32:04.153+0000] {processor.py:186} INFO - Started process (PID=10350) to work on /home/airflow/.local/lib/python3.12/site-packages/airflow/example_dags/example_python_operator.py
[2025-04-13T00:32:04.153+0000] {processor.py:914} INFO - Processing file /home/airflow/.local/lib/python3.12/site-packages/airflow/example_dags/example_python_operator.py for tasks to queue
[2025-04-13T00:32:04.154+0000] {logging_mixin.py:190} INFO - [2025-04-13T00:32:04.154+0000] {dagbag.py:588} INFO - Filling up the DagBag from /home/airflow/.local/lib/python3.12/site-packages/airflow/example_dags/example_python_operator.py
[2025-04-13T00:32:04.166+0000] {processor.py:925} INFO - DAG(s) 'example_python_operator' retrieved from /home/airflow/.local/lib/python3.12/site-packages/airflow/example_dags/example_python_operator.py
[2025-04-13T00:32:04.187+0000] {logging_mixin.py:190} INFO - [2025-04-13T00:32:04.186+0000] {dag.py:3239} INFO - Sync 1 DAGs
[2025-04-13T00:32:04.200+0000] {logging_mixin.py:190} INFO - [2025-04-13T00:32:04.199+0000] {dag.py:4180} INFO - Setting next_dagrun for example_python_operator to None, run_after=None
[2025-04-13T00:32:04.218+0000] {processor.py:208} INFO - Processing /home/airflow/.local/lib/python3.12/site-packages/airflow/example_dags/example_python_operator.py took 0.070 seconds
