[2025-04-13T00:30:01.279+0000] {processor.py:186} INFO - Started process (PID=10088) to work on /home/airflow/.local/lib/python3.12/site-packages/airflow/example_dags/example_bash_operator.py
[2025-04-13T00:30:01.280+0000] {processor.py:914} INFO - Processing file /home/airflow/.local/lib/python3.12/site-packages/airflow/example_dags/example_bash_operator.py for tasks to queue
[2025-04-13T00:30:01.281+0000] {logging_mixin.py:190} INFO - [2025-04-13T00:30:01.281+0000] {dagbag.py:588} INFO - Filling up the DagBag from /home/airflow/.local/lib/python3.12/site-packages/airflow/example_dags/example_bash_operator.py
[2025-04-13T00:30:01.294+0000] {processor.py:925} INFO - DAG(s) 'example_bash_operator' retrieved from /home/airflow/.local/lib/python3.12/site-packages/airflow/example_dags/example_bash_operator.py
[2025-04-13T00:30:01.397+0000] {logging_mixin.py:190} INFO - [2025-04-13T00:30:01.396+0000] {dag.py:3239} INFO - Sync 1 DAGs
[2025-04-13T00:30:01.415+0000] {logging_mixin.py:190} INFO - [2025-04-13T00:30:01.415+0000] {dag.py:4180} INFO - Setting next_dagrun for example_bash_operator to 2025-04-12 00:00:00+00:00, run_after=2025-04-13 00:00:00+00:00
[2025-04-13T00:30:01.432+0000] {processor.py:208} INFO - Processing /home/airflow/.local/lib/python3.12/site-packages/airflow/example_dags/example_bash_operator.py took 0.158 seconds
[2025-04-13T00:30:31.529+0000] {processor.py:186} INFO - Started process (PID=10157) to work on /home/airflow/.local/lib/python3.12/site-packages/airflow/example_dags/example_bash_operator.py
[2025-04-13T00:30:31.530+0000] {processor.py:914} INFO - Processing file /home/airflow/.local/lib/python3.12/site-packages/airflow/example_dags/example_bash_operator.py for tasks to queue
[2025-04-13T00:30:31.531+0000] {logging_mixin.py:190} INFO - [2025-04-13T00:30:31.531+0000] {dagbag.py:588} INFO - Filling up the DagBag from /home/airflow/.local/lib/python3.12/site-packages/airflow/example_dags/example_bash_operator.py
[2025-04-13T00:30:31.543+0000] {processor.py:925} INFO - DAG(s) 'example_bash_operator' retrieved from /home/airflow/.local/lib/python3.12/site-packages/airflow/example_dags/example_bash_operator.py
[2025-04-13T00:30:31.570+0000] {logging_mixin.py:190} INFO - [2025-04-13T00:30:31.570+0000] {dag.py:3239} INFO - Sync 1 DAGs
[2025-04-13T00:30:31.592+0000] {logging_mixin.py:190} INFO - [2025-04-13T00:30:31.592+0000] {dag.py:4180} INFO - Setting next_dagrun for example_bash_operator to 2025-04-12 00:00:00+00:00, run_after=2025-04-13 00:00:00+00:00
[2025-04-13T00:30:31.609+0000] {processor.py:208} INFO - Processing /home/airflow/.local/lib/python3.12/site-packages/airflow/example_dags/example_bash_operator.py took 0.085 seconds
[2025-04-13T00:31:02.579+0000] {processor.py:186} INFO - Started process (PID=10232) to work on /home/airflow/.local/lib/python3.12/site-packages/airflow/example_dags/example_bash_operator.py
[2025-04-13T00:31:02.580+0000] {processor.py:914} INFO - Processing file /home/airflow/.local/lib/python3.12/site-packages/airflow/example_dags/example_bash_operator.py for tasks to queue
[2025-04-13T00:31:02.581+0000] {logging_mixin.py:190} INFO - [2025-04-13T00:31:02.581+0000] {dagbag.py:588} INFO - Filling up the DagBag from /home/airflow/.local/lib/python3.12/site-packages/airflow/example_dags/example_bash_operator.py
[2025-04-13T00:31:02.594+0000] {processor.py:925} INFO - DAG(s) 'example_bash_operator' retrieved from /home/airflow/.local/lib/python3.12/site-packages/airflow/example_dags/example_bash_operator.py
[2025-04-13T00:31:02.622+0000] {logging_mixin.py:190} INFO - [2025-04-13T00:31:02.622+0000] {dag.py:3239} INFO - Sync 1 DAGs
[2025-04-13T00:31:02.647+0000] {logging_mixin.py:190} INFO - [2025-04-13T00:31:02.646+0000] {dag.py:4180} INFO - Setting next_dagrun for example_bash_operator to 2025-04-12 00:00:00+00:00, run_after=2025-04-13 00:00:00+00:00
[2025-04-13T00:31:02.665+0000] {processor.py:208} INFO - Processing /home/airflow/.local/lib/python3.12/site-packages/airflow/example_dags/example_bash_operator.py took 0.091 seconds
[2025-04-13T00:31:34.213+0000] {processor.py:186} INFO - Started process (PID=10301) to work on /home/airflow/.local/lib/python3.12/site-packages/airflow/example_dags/example_bash_operator.py
[2025-04-13T00:31:34.214+0000] {processor.py:914} INFO - Processing file /home/airflow/.local/lib/python3.12/site-packages/airflow/example_dags/example_bash_operator.py for tasks to queue
[2025-04-13T00:31:34.215+0000] {logging_mixin.py:190} INFO - [2025-04-13T00:31:34.215+0000] {dagbag.py:588} INFO - Filling up the DagBag from /home/airflow/.local/lib/python3.12/site-packages/airflow/example_dags/example_bash_operator.py
[2025-04-13T00:31:34.228+0000] {processor.py:925} INFO - DAG(s) 'example_bash_operator' retrieved from /home/airflow/.local/lib/python3.12/site-packages/airflow/example_dags/example_bash_operator.py
[2025-04-13T00:31:34.257+0000] {logging_mixin.py:190} INFO - [2025-04-13T00:31:34.257+0000] {dag.py:3239} INFO - Sync 1 DAGs
[2025-04-13T00:31:34.282+0000] {logging_mixin.py:190} INFO - [2025-04-13T00:31:34.281+0000] {dag.py:4180} INFO - Setting next_dagrun for example_bash_operator to 2025-04-12 00:00:00+00:00, run_after=2025-04-13 00:00:00+00:00
[2025-04-13T00:31:34.300+0000] {processor.py:208} INFO - Processing /home/airflow/.local/lib/python3.12/site-packages/airflow/example_dags/example_bash_operator.py took 0.093 seconds
[2025-04-13T00:32:05.301+0000] {processor.py:186} INFO - Started process (PID=10372) to work on /home/airflow/.local/lib/python3.12/site-packages/airflow/example_dags/example_bash_operator.py
[2025-04-13T00:32:05.302+0000] {processor.py:914} INFO - Processing file /home/airflow/.local/lib/python3.12/site-packages/airflow/example_dags/example_bash_operator.py for tasks to queue
[2025-04-13T00:32:05.303+0000] {logging_mixin.py:190} INFO - [2025-04-13T00:32:05.303+0000] {dagbag.py:588} INFO - Filling up the DagBag from /home/airflow/.local/lib/python3.12/site-packages/airflow/example_dags/example_bash_operator.py
[2025-04-13T00:32:05.318+0000] {processor.py:925} INFO - DAG(s) 'example_bash_operator' retrieved from /home/airflow/.local/lib/python3.12/site-packages/airflow/example_dags/example_bash_operator.py
[2025-04-13T00:32:05.344+0000] {logging_mixin.py:190} INFO - [2025-04-13T00:32:05.343+0000] {dag.py:3239} INFO - Sync 1 DAGs
[2025-04-13T00:32:05.368+0000] {logging_mixin.py:190} INFO - [2025-04-13T00:32:05.368+0000] {dag.py:4180} INFO - Setting next_dagrun for example_bash_operator to 2025-04-12 00:00:00+00:00, run_after=2025-04-13 00:00:00+00:00
[2025-04-13T00:32:05.390+0000] {processor.py:208} INFO - Processing /home/airflow/.local/lib/python3.12/site-packages/airflow/example_dags/example_bash_operator.py took 0.093 seconds
