[2025-04-13T00:30:01.208+0000] {processor.py:186} INFO - Started process (PID=10087) to work on /home/airflow/.local/lib/python3.12/site-packages/airflow/example_dags/example_skip_dag.py
[2025-04-13T00:30:01.209+0000] {processor.py:914} INFO - Processing file /home/airflow/.local/lib/python3.12/site-packages/airflow/example_dags/example_skip_dag.py for tasks to queue
[2025-04-13T00:30:01.210+0000] {logging_mixin.py:190} INFO - [2025-04-13T00:30:01.210+0000] {dagbag.py:588} INFO - Filling up the DagBag from /home/airflow/.local/lib/python3.12/site-packages/airflow/example_dags/example_skip_dag.py
[2025-04-13T00:30:01.218+0000] {processor.py:925} INFO - DAG(s) 'example_skip_dag' retrieved from /home/airflow/.local/lib/python3.12/site-packages/airflow/example_dags/example_skip_dag.py
[2025-04-13T00:30:01.320+0000] {logging_mixin.py:190} INFO - [2025-04-13T00:30:01.320+0000] {dag.py:3239} INFO - Sync 1 DAGs
[2025-04-13T00:30:01.339+0000] {logging_mixin.py:190} INFO - [2025-04-13T00:30:01.338+0000] {dag.py:4180} INFO - Setting next_dagrun for example_skip_dag to 2025-04-12 00:00:00+00:00, run_after=2025-04-13 00:00:00+00:00
[2025-04-13T00:30:01.355+0000] {processor.py:208} INFO - Processing /home/airflow/.local/lib/python3.12/site-packages/airflow/example_dags/example_skip_dag.py took 0.152 seconds
[2025-04-13T00:30:31.514+0000] {processor.py:186} INFO - Started process (PID=10156) to work on /home/airflow/.local/lib/python3.12/site-packages/airflow/example_dags/example_skip_dag.py
[2025-04-13T00:30:31.515+0000] {processor.py:914} INFO - Processing file /home/airflow/.local/lib/python3.12/site-packages/airflow/example_dags/example_skip_dag.py for tasks to queue
[2025-04-13T00:30:31.516+0000] {logging_mixin.py:190} INFO - [2025-04-13T00:30:31.516+0000] {dagbag.py:588} INFO - Filling up the DagBag from /home/airflow/.local/lib/python3.12/site-packages/airflow/example_dags/example_skip_dag.py
[2025-04-13T00:30:31.524+0000] {processor.py:925} INFO - DAG(s) 'example_skip_dag' retrieved from /home/airflow/.local/lib/python3.12/site-packages/airflow/example_dags/example_skip_dag.py
[2025-04-13T00:30:31.544+0000] {logging_mixin.py:190} INFO - [2025-04-13T00:30:31.543+0000] {dag.py:3239} INFO - Sync 1 DAGs
[2025-04-13T00:30:31.567+0000] {logging_mixin.py:190} INFO - [2025-04-13T00:30:31.566+0000] {dag.py:4180} INFO - Setting next_dagrun for example_skip_dag to 2025-04-12 00:00:00+00:00, run_after=2025-04-13 00:00:00+00:00
[2025-04-13T00:30:31.582+0000] {processor.py:208} INFO - Processing /home/airflow/.local/lib/python3.12/site-packages/airflow/example_dags/example_skip_dag.py took 0.072 seconds
[2025-04-13T00:31:02.545+0000] {processor.py:186} INFO - Started process (PID=10231) to work on /home/airflow/.local/lib/python3.12/site-packages/airflow/example_dags/example_skip_dag.py
[2025-04-13T00:31:02.545+0000] {processor.py:914} INFO - Processing file /home/airflow/.local/lib/python3.12/site-packages/airflow/example_dags/example_skip_dag.py for tasks to queue
[2025-04-13T00:31:02.547+0000] {logging_mixin.py:190} INFO - [2025-04-13T00:31:02.546+0000] {dagbag.py:588} INFO - Filling up the DagBag from /home/airflow/.local/lib/python3.12/site-packages/airflow/example_dags/example_skip_dag.py
[2025-04-13T00:31:02.555+0000] {processor.py:925} INFO - DAG(s) 'example_skip_dag' retrieved from /home/airflow/.local/lib/python3.12/site-packages/airflow/example_dags/example_skip_dag.py
[2025-04-13T00:31:02.575+0000] {logging_mixin.py:190} INFO - [2025-04-13T00:31:02.575+0000] {dag.py:3239} INFO - Sync 1 DAGs
[2025-04-13T00:31:02.599+0000] {logging_mixin.py:190} INFO - [2025-04-13T00:31:02.599+0000] {dag.py:4180} INFO - Setting next_dagrun for example_skip_dag to 2025-04-12 00:00:00+00:00, run_after=2025-04-13 00:00:00+00:00
[2025-04-13T00:31:02.616+0000] {processor.py:208} INFO - Processing /home/airflow/.local/lib/python3.12/site-packages/airflow/example_dags/example_skip_dag.py took 0.077 seconds
[2025-04-13T00:31:34.165+0000] {processor.py:186} INFO - Started process (PID=10300) to work on /home/airflow/.local/lib/python3.12/site-packages/airflow/example_dags/example_skip_dag.py
[2025-04-13T00:31:34.166+0000] {processor.py:914} INFO - Processing file /home/airflow/.local/lib/python3.12/site-packages/airflow/example_dags/example_skip_dag.py for tasks to queue
[2025-04-13T00:31:34.169+0000] {logging_mixin.py:190} INFO - [2025-04-13T00:31:34.169+0000] {dagbag.py:588} INFO - Filling up the DagBag from /home/airflow/.local/lib/python3.12/site-packages/airflow/example_dags/example_skip_dag.py
[2025-04-13T00:31:34.184+0000] {processor.py:925} INFO - DAG(s) 'example_skip_dag' retrieved from /home/airflow/.local/lib/python3.12/site-packages/airflow/example_dags/example_skip_dag.py
[2025-04-13T00:31:34.208+0000] {logging_mixin.py:190} INFO - [2025-04-13T00:31:34.208+0000] {dag.py:3239} INFO - Sync 1 DAGs
[2025-04-13T00:31:34.231+0000] {logging_mixin.py:190} INFO - [2025-04-13T00:31:34.231+0000] {dag.py:4180} INFO - Setting next_dagrun for example_skip_dag to 2025-04-12 00:00:00+00:00, run_after=2025-04-13 00:00:00+00:00
[2025-04-13T00:31:34.251+0000] {processor.py:208} INFO - Processing /home/airflow/.local/lib/python3.12/site-packages/airflow/example_dags/example_skip_dag.py took 0.091 seconds
[2025-04-13T00:32:05.260+0000] {processor.py:186} INFO - Started process (PID=10371) to work on /home/airflow/.local/lib/python3.12/site-packages/airflow/example_dags/example_skip_dag.py
[2025-04-13T00:32:05.261+0000] {processor.py:914} INFO - Processing file /home/airflow/.local/lib/python3.12/site-packages/airflow/example_dags/example_skip_dag.py for tasks to queue
[2025-04-13T00:32:05.262+0000] {logging_mixin.py:190} INFO - [2025-04-13T00:32:05.262+0000] {dagbag.py:588} INFO - Filling up the DagBag from /home/airflow/.local/lib/python3.12/site-packages/airflow/example_dags/example_skip_dag.py
[2025-04-13T00:32:05.270+0000] {processor.py:925} INFO - DAG(s) 'example_skip_dag' retrieved from /home/airflow/.local/lib/python3.12/site-packages/airflow/example_dags/example_skip_dag.py
[2025-04-13T00:32:05.290+0000] {logging_mixin.py:190} INFO - [2025-04-13T00:32:05.289+0000] {dag.py:3239} INFO - Sync 1 DAGs
[2025-04-13T00:32:05.313+0000] {logging_mixin.py:190} INFO - [2025-04-13T00:32:05.313+0000] {dag.py:4180} INFO - Setting next_dagrun for example_skip_dag to 2025-04-12 00:00:00+00:00, run_after=2025-04-13 00:00:00+00:00
[2025-04-13T00:32:05.331+0000] {processor.py:208} INFO - Processing /home/airflow/.local/lib/python3.12/site-packages/airflow/example_dags/example_skip_dag.py took 0.075 seconds
