[2025-04-13T00:29:59.328+0000] {processor.py:186} INFO - Started process (PID=10067) to work on /home/airflow/.local/lib/python3.12/site-packages/airflow/example_dags/example_setup_teardown.py
[2025-04-13T00:29:59.329+0000] {processor.py:914} INFO - Processing file /home/airflow/.local/lib/python3.12/site-packages/airflow/example_dags/example_setup_teardown.py for tasks to queue
[2025-04-13T00:29:59.330+0000] {logging_mixin.py:190} INFO - [2025-04-13T00:29:59.330+0000] {dagbag.py:588} INFO - Filling up the DagBag from /home/airflow/.local/lib/python3.12/site-packages/airflow/example_dags/example_setup_teardown.py
[2025-04-13T00:29:59.338+0000] {processor.py:925} INFO - DAG(s) 'example_setup_teardown' retrieved from /home/airflow/.local/lib/python3.12/site-packages/airflow/example_dags/example_setup_teardown.py
[2025-04-13T00:29:59.435+0000] {logging_mixin.py:190} INFO - [2025-04-13T00:29:59.435+0000] {dag.py:3239} INFO - Sync 1 DAGs
[2025-04-13T00:29:59.448+0000] {logging_mixin.py:190} INFO - [2025-04-13T00:29:59.448+0000] {dag.py:4180} INFO - Setting next_dagrun for example_setup_teardown to None, run_after=None
[2025-04-13T00:29:59.465+0000] {processor.py:208} INFO - Processing /home/airflow/.local/lib/python3.12/site-packages/airflow/example_dags/example_setup_teardown.py took 0.142 seconds
[2025-04-13T00:30:30.326+0000] {processor.py:186} INFO - Started process (PID=10136) to work on /home/airflow/.local/lib/python3.12/site-packages/airflow/example_dags/example_setup_teardown.py
[2025-04-13T00:30:30.327+0000] {processor.py:914} INFO - Processing file /home/airflow/.local/lib/python3.12/site-packages/airflow/example_dags/example_setup_teardown.py for tasks to queue
[2025-04-13T00:30:30.328+0000] {logging_mixin.py:190} INFO - [2025-04-13T00:30:30.328+0000] {dagbag.py:588} INFO - Filling up the DagBag from /home/airflow/.local/lib/python3.12/site-packages/airflow/example_dags/example_setup_teardown.py
[2025-04-13T00:30:30.341+0000] {processor.py:925} INFO - DAG(s) 'example_setup_teardown' retrieved from /home/airflow/.local/lib/python3.12/site-packages/airflow/example_dags/example_setup_teardown.py
[2025-04-13T00:30:30.362+0000] {logging_mixin.py:190} INFO - [2025-04-13T00:30:30.362+0000] {dag.py:3239} INFO - Sync 1 DAGs
[2025-04-13T00:30:30.377+0000] {logging_mixin.py:190} INFO - [2025-04-13T00:30:30.377+0000] {dag.py:4180} INFO - Setting next_dagrun for example_setup_teardown to None, run_after=None
[2025-04-13T00:30:30.397+0000] {processor.py:208} INFO - Processing /home/airflow/.local/lib/python3.12/site-packages/airflow/example_dags/example_setup_teardown.py took 0.077 seconds
[2025-04-13T00:31:01.402+0000] {processor.py:186} INFO - Started process (PID=10205) to work on /home/airflow/.local/lib/python3.12/site-packages/airflow/example_dags/example_setup_teardown.py
[2025-04-13T00:31:01.403+0000] {processor.py:914} INFO - Processing file /home/airflow/.local/lib/python3.12/site-packages/airflow/example_dags/example_setup_teardown.py for tasks to queue
[2025-04-13T00:31:01.404+0000] {logging_mixin.py:190} INFO - [2025-04-13T00:31:01.404+0000] {dagbag.py:588} INFO - Filling up the DagBag from /home/airflow/.local/lib/python3.12/site-packages/airflow/example_dags/example_setup_teardown.py
[2025-04-13T00:31:01.413+0000] {processor.py:925} INFO - DAG(s) 'example_setup_teardown' retrieved from /home/airflow/.local/lib/python3.12/site-packages/airflow/example_dags/example_setup_teardown.py
[2025-04-13T00:31:01.433+0000] {logging_mixin.py:190} INFO - [2025-04-13T00:31:01.433+0000] {dag.py:3239} INFO - Sync 1 DAGs
[2025-04-13T00:31:01.449+0000] {logging_mixin.py:190} INFO - [2025-04-13T00:31:01.449+0000] {dag.py:4180} INFO - Setting next_dagrun for example_setup_teardown to None, run_after=None
[2025-04-13T00:31:01.468+0000] {processor.py:208} INFO - Processing /home/airflow/.local/lib/python3.12/site-packages/airflow/example_dags/example_setup_teardown.py took 0.072 seconds
[2025-04-13T00:31:32.978+0000] {processor.py:186} INFO - Started process (PID=10280) to work on /home/airflow/.local/lib/python3.12/site-packages/airflow/example_dags/example_setup_teardown.py
[2025-04-13T00:31:32.979+0000] {processor.py:914} INFO - Processing file /home/airflow/.local/lib/python3.12/site-packages/airflow/example_dags/example_setup_teardown.py for tasks to queue
[2025-04-13T00:31:32.980+0000] {logging_mixin.py:190} INFO - [2025-04-13T00:31:32.979+0000] {dagbag.py:588} INFO - Filling up the DagBag from /home/airflow/.local/lib/python3.12/site-packages/airflow/example_dags/example_setup_teardown.py
[2025-04-13T00:31:32.989+0000] {processor.py:925} INFO - DAG(s) 'example_setup_teardown' retrieved from /home/airflow/.local/lib/python3.12/site-packages/airflow/example_dags/example_setup_teardown.py
[2025-04-13T00:31:33.009+0000] {logging_mixin.py:190} INFO - [2025-04-13T00:31:33.008+0000] {dag.py:3239} INFO - Sync 1 DAGs
[2025-04-13T00:31:33.023+0000] {logging_mixin.py:190} INFO - [2025-04-13T00:31:33.023+0000] {dag.py:4180} INFO - Setting next_dagrun for example_setup_teardown to None, run_after=None
[2025-04-13T00:31:33.041+0000] {processor.py:208} INFO - Processing /home/airflow/.local/lib/python3.12/site-packages/airflow/example_dags/example_setup_teardown.py took 0.069 seconds
[2025-04-13T00:32:04.093+0000] {processor.py:186} INFO - Started process (PID=10349) to work on /home/airflow/.local/lib/python3.12/site-packages/airflow/example_dags/example_setup_teardown.py
[2025-04-13T00:32:04.094+0000] {processor.py:914} INFO - Processing file /home/airflow/.local/lib/python3.12/site-packages/airflow/example_dags/example_setup_teardown.py for tasks to queue
[2025-04-13T00:32:04.095+0000] {logging_mixin.py:190} INFO - [2025-04-13T00:32:04.095+0000] {dagbag.py:588} INFO - Filling up the DagBag from /home/airflow/.local/lib/python3.12/site-packages/airflow/example_dags/example_setup_teardown.py
[2025-04-13T00:32:04.104+0000] {processor.py:925} INFO - DAG(s) 'example_setup_teardown' retrieved from /home/airflow/.local/lib/python3.12/site-packages/airflow/example_dags/example_setup_teardown.py
[2025-04-13T00:32:04.123+0000] {logging_mixin.py:190} INFO - [2025-04-13T00:32:04.123+0000] {dag.py:3239} INFO - Sync 1 DAGs
[2025-04-13T00:32:04.136+0000] {logging_mixin.py:190} INFO - [2025-04-13T00:32:04.136+0000] {dag.py:4180} INFO - Setting next_dagrun for example_setup_teardown to None, run_after=None
[2025-04-13T00:32:04.152+0000] {processor.py:208} INFO - Processing /home/airflow/.local/lib/python3.12/site-packages/airflow/example_dags/example_setup_teardown.py took 0.064 seconds
