[2025-04-13T00:29:58.723+0000] {processor.py:186} INFO - Started process (PID=10061) to work on /home/airflow/.local/lib/python3.12/site-packages/airflow/example_dags/example_sla_dag.py
[2025-04-13T00:29:58.724+0000] {processor.py:914} INFO - Processing file /home/airflow/.local/lib/python3.12/site-packages/airflow/example_dags/example_sla_dag.py for tasks to queue
[2025-04-13T00:29:58.725+0000] {logging_mixin.py:190} INFO - [2025-04-13T00:29:58.725+0000] {dagbag.py:588} INFO - Filling up the DagBag from /home/airflow/.local/lib/python3.12/site-packages/airflow/example_dags/example_sla_dag.py
[2025-04-13T00:29:58.736+0000] {processor.py:925} INFO - DAG(s) 'example_sla_dag' retrieved from /home/airflow/.local/lib/python3.12/site-packages/airflow/example_dags/example_sla_dag.py
[2025-04-13T00:29:58.830+0000] {logging_mixin.py:190} INFO - [2025-04-13T00:29:58.830+0000] {dag.py:3239} INFO - Sync 1 DAGs
[2025-04-13T00:29:58.852+0000] {logging_mixin.py:190} INFO - [2025-04-13T00:29:58.852+0000] {dag.py:4180} INFO - Setting next_dagrun for example_sla_dag to 2025-04-13 00:26:00+00:00, run_after=2025-04-13 00:28:00+00:00
[2025-04-13T00:29:58.868+0000] {processor.py:208} INFO - Processing /home/airflow/.local/lib/python3.12/site-packages/airflow/example_dags/example_sla_dag.py took 0.150 seconds
[2025-04-13T00:30:29.837+0000] {processor.py:186} INFO - Started process (PID=10130) to work on /home/airflow/.local/lib/python3.12/site-packages/airflow/example_dags/example_sla_dag.py
[2025-04-13T00:30:29.838+0000] {processor.py:914} INFO - Processing file /home/airflow/.local/lib/python3.12/site-packages/airflow/example_dags/example_sla_dag.py for tasks to queue
[2025-04-13T00:30:29.839+0000] {logging_mixin.py:190} INFO - [2025-04-13T00:30:29.839+0000] {dagbag.py:588} INFO - Filling up the DagBag from /home/airflow/.local/lib/python3.12/site-packages/airflow/example_dags/example_sla_dag.py
[2025-04-13T00:30:29.848+0000] {processor.py:925} INFO - DAG(s) 'example_sla_dag' retrieved from /home/airflow/.local/lib/python3.12/site-packages/airflow/example_dags/example_sla_dag.py
[2025-04-13T00:30:29.869+0000] {logging_mixin.py:190} INFO - [2025-04-13T00:30:29.868+0000] {dag.py:3239} INFO - Sync 1 DAGs
[2025-04-13T00:30:29.892+0000] {logging_mixin.py:190} INFO - [2025-04-13T00:30:29.892+0000] {dag.py:4180} INFO - Setting next_dagrun for example_sla_dag to 2025-04-13 00:28:00+00:00, run_after=2025-04-13 00:30:00+00:00
[2025-04-13T00:30:29.907+0000] {processor.py:208} INFO - Processing /home/airflow/.local/lib/python3.12/site-packages/airflow/example_dags/example_sla_dag.py took 0.075 seconds
[2025-04-13T00:31:00.974+0000] {processor.py:186} INFO - Started process (PID=10199) to work on /home/airflow/.local/lib/python3.12/site-packages/airflow/example_dags/example_sla_dag.py
[2025-04-13T00:31:00.974+0000] {processor.py:914} INFO - Processing file /home/airflow/.local/lib/python3.12/site-packages/airflow/example_dags/example_sla_dag.py for tasks to queue
[2025-04-13T00:31:00.976+0000] {logging_mixin.py:190} INFO - [2025-04-13T00:31:00.976+0000] {dagbag.py:588} INFO - Filling up the DagBag from /home/airflow/.local/lib/python3.12/site-packages/airflow/example_dags/example_sla_dag.py
[2025-04-13T00:31:01.031+0000] {processor.py:925} INFO - DAG(s) 'example_sla_dag' retrieved from /home/airflow/.local/lib/python3.12/site-packages/airflow/example_dags/example_sla_dag.py
[2025-04-13T00:31:01.051+0000] {logging_mixin.py:190} INFO - [2025-04-13T00:31:01.050+0000] {dag.py:3239} INFO - Sync 1 DAGs
[2025-04-13T00:31:01.078+0000] {logging_mixin.py:190} INFO - [2025-04-13T00:31:01.078+0000] {dag.py:4180} INFO - Setting next_dagrun for example_sla_dag to 2025-04-13 00:28:00+00:00, run_after=2025-04-13 00:30:00+00:00
[2025-04-13T00:31:01.096+0000] {processor.py:208} INFO - Processing /home/airflow/.local/lib/python3.12/site-packages/airflow/example_dags/example_sla_dag.py took 0.082 seconds
[2025-04-13T00:31:32.503+0000] {processor.py:186} INFO - Started process (PID=10274) to work on /home/airflow/.local/lib/python3.12/site-packages/airflow/example_dags/example_sla_dag.py
[2025-04-13T00:31:32.504+0000] {processor.py:914} INFO - Processing file /home/airflow/.local/lib/python3.12/site-packages/airflow/example_dags/example_sla_dag.py for tasks to queue
[2025-04-13T00:31:32.506+0000] {logging_mixin.py:190} INFO - [2025-04-13T00:31:32.505+0000] {dagbag.py:588} INFO - Filling up the DagBag from /home/airflow/.local/lib/python3.12/site-packages/airflow/example_dags/example_sla_dag.py
[2025-04-13T00:31:32.515+0000] {processor.py:925} INFO - DAG(s) 'example_sla_dag' retrieved from /home/airflow/.local/lib/python3.12/site-packages/airflow/example_dags/example_sla_dag.py
[2025-04-13T00:31:32.535+0000] {logging_mixin.py:190} INFO - [2025-04-13T00:31:32.534+0000] {dag.py:3239} INFO - Sync 1 DAGs
[2025-04-13T00:31:32.563+0000] {logging_mixin.py:190} INFO - [2025-04-13T00:31:32.563+0000] {dag.py:4180} INFO - Setting next_dagrun for example_sla_dag to 2025-04-13 00:28:00+00:00, run_after=2025-04-13 00:30:00+00:00
[2025-04-13T00:31:32.582+0000] {processor.py:208} INFO - Processing /home/airflow/.local/lib/python3.12/site-packages/airflow/example_dags/example_sla_dag.py took 0.084 seconds
[2025-04-13T00:32:03.718+0000] {processor.py:186} INFO - Started process (PID=10343) to work on /home/airflow/.local/lib/python3.12/site-packages/airflow/example_dags/example_sla_dag.py
[2025-04-13T00:32:03.719+0000] {processor.py:914} INFO - Processing file /home/airflow/.local/lib/python3.12/site-packages/airflow/example_dags/example_sla_dag.py for tasks to queue
[2025-04-13T00:32:03.721+0000] {logging_mixin.py:190} INFO - [2025-04-13T00:32:03.720+0000] {dagbag.py:588} INFO - Filling up the DagBag from /home/airflow/.local/lib/python3.12/site-packages/airflow/example_dags/example_sla_dag.py
[2025-04-13T00:32:03.730+0000] {processor.py:925} INFO - DAG(s) 'example_sla_dag' retrieved from /home/airflow/.local/lib/python3.12/site-packages/airflow/example_dags/example_sla_dag.py
[2025-04-13T00:32:03.748+0000] {logging_mixin.py:190} INFO - [2025-04-13T00:32:03.748+0000] {dag.py:3239} INFO - Sync 1 DAGs
[2025-04-13T00:32:03.775+0000] {logging_mixin.py:190} INFO - [2025-04-13T00:32:03.775+0000] {dag.py:4180} INFO - Setting next_dagrun for example_sla_dag to 2025-04-13 00:30:00+00:00, run_after=2025-04-13 00:32:00+00:00
[2025-04-13T00:32:03.792+0000] {processor.py:208} INFO - Processing /home/airflow/.local/lib/python3.12/site-packages/airflow/example_dags/example_sla_dag.py took 0.079 seconds
