[2025-04-13T00:29:59.689+0000] {processor.py:186} INFO - Started process (PID=10071) to work on /home/airflow/.local/lib/python3.12/site-packages/airflow/example_dags/example_display_name.py
[2025-04-13T00:29:59.690+0000] {processor.py:914} INFO - Processing file /home/airflow/.local/lib/python3.12/site-packages/airflow/example_dags/example_display_name.py for tasks to queue
[2025-04-13T00:29:59.691+0000] {logging_mixin.py:190} INFO - [2025-04-13T00:29:59.691+0000] {dagbag.py:588} INFO - Filling up the DagBag from /home/airflow/.local/lib/python3.12/site-packages/airflow/example_dags/example_display_name.py
[2025-04-13T00:29:59.698+0000] {processor.py:925} INFO - DAG(s) 'example_display_name' retrieved from /home/airflow/.local/lib/python3.12/site-packages/airflow/example_dags/example_display_name.py
[2025-04-13T00:29:59.795+0000] {logging_mixin.py:190} INFO - [2025-04-13T00:29:59.795+0000] {dag.py:3239} INFO - Sync 1 DAGs
[2025-04-13T00:29:59.808+0000] {logging_mixin.py:190} INFO - [2025-04-13T00:29:59.808+0000] {dag.py:4180} INFO - Setting next_dagrun for example_display_name to None, run_after=None
[2025-04-13T00:29:59.824+0000] {processor.py:208} INFO - Processing /home/airflow/.local/lib/python3.12/site-packages/airflow/example_dags/example_display_name.py took 0.140 seconds
[2025-04-13T00:30:30.557+0000] {processor.py:186} INFO - Started process (PID=10140) to work on /home/airflow/.local/lib/python3.12/site-packages/airflow/example_dags/example_display_name.py
[2025-04-13T00:30:30.558+0000] {processor.py:914} INFO - Processing file /home/airflow/.local/lib/python3.12/site-packages/airflow/example_dags/example_display_name.py for tasks to queue
[2025-04-13T00:30:30.559+0000] {logging_mixin.py:190} INFO - [2025-04-13T00:30:30.559+0000] {dagbag.py:588} INFO - Filling up the DagBag from /home/airflow/.local/lib/python3.12/site-packages/airflow/example_dags/example_display_name.py
[2025-04-13T00:30:30.570+0000] {processor.py:925} INFO - DAG(s) 'example_display_name' retrieved from /home/airflow/.local/lib/python3.12/site-packages/airflow/example_dags/example_display_name.py
[2025-04-13T00:30:30.590+0000] {logging_mixin.py:190} INFO - [2025-04-13T00:30:30.589+0000] {dag.py:3239} INFO - Sync 1 DAGs
[2025-04-13T00:30:30.605+0000] {logging_mixin.py:190} INFO - [2025-04-13T00:30:30.605+0000] {dag.py:4180} INFO - Setting next_dagrun for example_display_name to None, run_after=None
[2025-04-13T00:30:30.624+0000] {processor.py:208} INFO - Processing /home/airflow/.local/lib/python3.12/site-packages/airflow/example_dags/example_display_name.py took 0.072 seconds
[2025-04-13T00:31:01.621+0000] {processor.py:186} INFO - Started process (PID=10209) to work on /home/airflow/.local/lib/python3.12/site-packages/airflow/example_dags/example_display_name.py
[2025-04-13T00:31:01.622+0000] {processor.py:914} INFO - Processing file /home/airflow/.local/lib/python3.12/site-packages/airflow/example_dags/example_display_name.py for tasks to queue
[2025-04-13T00:31:01.623+0000] {logging_mixin.py:190} INFO - [2025-04-13T00:31:01.622+0000] {dagbag.py:588} INFO - Filling up the DagBag from /home/airflow/.local/lib/python3.12/site-packages/airflow/example_dags/example_display_name.py
[2025-04-13T00:31:01.630+0000] {processor.py:925} INFO - DAG(s) 'example_display_name' retrieved from /home/airflow/.local/lib/python3.12/site-packages/airflow/example_dags/example_display_name.py
[2025-04-13T00:31:01.650+0000] {logging_mixin.py:190} INFO - [2025-04-13T00:31:01.650+0000] {dag.py:3239} INFO - Sync 1 DAGs
[2025-04-13T00:31:01.665+0000] {logging_mixin.py:190} INFO - [2025-04-13T00:31:01.665+0000] {dag.py:4180} INFO - Setting next_dagrun for example_display_name to None, run_after=None
[2025-04-13T00:31:01.683+0000] {processor.py:208} INFO - Processing /home/airflow/.local/lib/python3.12/site-packages/airflow/example_dags/example_display_name.py took 0.067 seconds
[2025-04-13T00:31:33.212+0000] {processor.py:186} INFO - Started process (PID=10284) to work on /home/airflow/.local/lib/python3.12/site-packages/airflow/example_dags/example_display_name.py
[2025-04-13T00:31:33.213+0000] {processor.py:914} INFO - Processing file /home/airflow/.local/lib/python3.12/site-packages/airflow/example_dags/example_display_name.py for tasks to queue
[2025-04-13T00:31:33.214+0000] {logging_mixin.py:190} INFO - [2025-04-13T00:31:33.214+0000] {dagbag.py:588} INFO - Filling up the DagBag from /home/airflow/.local/lib/python3.12/site-packages/airflow/example_dags/example_display_name.py
[2025-04-13T00:31:33.222+0000] {processor.py:925} INFO - DAG(s) 'example_display_name' retrieved from /home/airflow/.local/lib/python3.12/site-packages/airflow/example_dags/example_display_name.py
[2025-04-13T00:31:33.241+0000] {logging_mixin.py:190} INFO - [2025-04-13T00:31:33.241+0000] {dag.py:3239} INFO - Sync 1 DAGs
[2025-04-13T00:31:33.256+0000] {logging_mixin.py:190} INFO - [2025-04-13T00:31:33.255+0000] {dag.py:4180} INFO - Setting next_dagrun for example_display_name to None, run_after=None
[2025-04-13T00:31:33.275+0000] {processor.py:208} INFO - Processing /home/airflow/.local/lib/python3.12/site-packages/airflow/example_dags/example_display_name.py took 0.067 seconds
[2025-04-13T00:32:04.301+0000] {processor.py:186} INFO - Started process (PID=10353) to work on /home/airflow/.local/lib/python3.12/site-packages/airflow/example_dags/example_display_name.py
[2025-04-13T00:32:04.302+0000] {processor.py:914} INFO - Processing file /home/airflow/.local/lib/python3.12/site-packages/airflow/example_dags/example_display_name.py for tasks to queue
[2025-04-13T00:32:04.304+0000] {logging_mixin.py:190} INFO - [2025-04-13T00:32:04.303+0000] {dagbag.py:588} INFO - Filling up the DagBag from /home/airflow/.local/lib/python3.12/site-packages/airflow/example_dags/example_display_name.py
[2025-04-13T00:32:04.310+0000] {processor.py:925} INFO - DAG(s) 'example_display_name' retrieved from /home/airflow/.local/lib/python3.12/site-packages/airflow/example_dags/example_display_name.py
[2025-04-13T00:32:04.329+0000] {logging_mixin.py:190} INFO - [2025-04-13T00:32:04.329+0000] {dag.py:3239} INFO - Sync 1 DAGs
[2025-04-13T00:32:04.343+0000] {logging_mixin.py:190} INFO - [2025-04-13T00:32:04.342+0000] {dag.py:4180} INFO - Setting next_dagrun for example_display_name to None, run_after=None
[2025-04-13T00:32:04.360+0000] {processor.py:208} INFO - Processing /home/airflow/.local/lib/python3.12/site-packages/airflow/example_dags/example_display_name.py took 0.064 seconds
