[2025-04-13T00:30:11.140+0000] {processor.py:186} INFO - Started process (PID=10112) to work on /home/airflow/.local/lib/python3.12/site-packages/airflow/example_dags/example_external_task_marker_dag.py
[2025-04-13T00:30:11.140+0000] {processor.py:914} INFO - Processing file /home/airflow/.local/lib/python3.12/site-packages/airflow/example_dags/example_external_task_marker_dag.py for tasks to queue
[2025-04-13T00:30:11.141+0000] {logging_mixin.py:190} INFO - [2025-04-13T00:30:11.141+0000] {dagbag.py:588} INFO - Filling up the DagBag from /home/airflow/.local/lib/python3.12/site-packages/airflow/example_dags/example_external_task_marker_dag.py
[2025-04-13T00:30:11.149+0000] {processor.py:925} INFO - DAG(s) 'example_external_task_marker_child', 'example_external_task_marker_parent' retrieved from /home/airflow/.local/lib/python3.12/site-packages/airflow/example_dags/example_external_task_marker_dag.py
[2025-04-13T00:30:11.271+0000] {logging_mixin.py:190} INFO - [2025-04-13T00:30:11.270+0000] {dag.py:3239} INFO - Sync 2 DAGs
[2025-04-13T00:30:11.283+0000] {logging_mixin.py:190} INFO - [2025-04-13T00:30:11.283+0000] {dag.py:4180} INFO - Setting next_dagrun for example_external_task_marker_child to None, run_after=None
[2025-04-13T00:30:11.287+0000] {logging_mixin.py:190} INFO - [2025-04-13T00:30:11.286+0000] {dag.py:4180} INFO - Setting next_dagrun for example_external_task_marker_parent to None, run_after=None
[2025-04-13T00:30:11.303+0000] {processor.py:208} INFO - Processing /home/airflow/.local/lib/python3.12/site-packages/airflow/example_dags/example_external_task_marker_dag.py took 0.169 seconds
[2025-04-13T00:30:41.637+0000] {processor.py:186} INFO - Started process (PID=10181) to work on /home/airflow/.local/lib/python3.12/site-packages/airflow/example_dags/example_external_task_marker_dag.py
[2025-04-13T00:30:41.638+0000] {processor.py:914} INFO - Processing file /home/airflow/.local/lib/python3.12/site-packages/airflow/example_dags/example_external_task_marker_dag.py for tasks to queue
[2025-04-13T00:30:41.639+0000] {logging_mixin.py:190} INFO - [2025-04-13T00:30:41.639+0000] {dagbag.py:588} INFO - Filling up the DagBag from /home/airflow/.local/lib/python3.12/site-packages/airflow/example_dags/example_external_task_marker_dag.py
[2025-04-13T00:30:41.647+0000] {processor.py:925} INFO - DAG(s) 'example_external_task_marker_parent', 'example_external_task_marker_child' retrieved from /home/airflow/.local/lib/python3.12/site-packages/airflow/example_dags/example_external_task_marker_dag.py
[2025-04-13T00:30:41.670+0000] {logging_mixin.py:190} INFO - [2025-04-13T00:30:41.669+0000] {dag.py:3239} INFO - Sync 2 DAGs
[2025-04-13T00:30:41.685+0000] {logging_mixin.py:190} INFO - [2025-04-13T00:30:41.684+0000] {dag.py:4180} INFO - Setting next_dagrun for example_external_task_marker_child to None, run_after=None
[2025-04-13T00:30:41.688+0000] {logging_mixin.py:190} INFO - [2025-04-13T00:30:41.688+0000] {dag.py:4180} INFO - Setting next_dagrun for example_external_task_marker_parent to None, run_after=None
[2025-04-13T00:30:41.703+0000] {processor.py:208} INFO - Processing /home/airflow/.local/lib/python3.12/site-packages/airflow/example_dags/example_external_task_marker_dag.py took 0.071 seconds
[2025-04-13T00:31:11.853+0000] {processor.py:186} INFO - Started process (PID=10250) to work on /home/airflow/.local/lib/python3.12/site-packages/airflow/example_dags/example_external_task_marker_dag.py
[2025-04-13T00:31:11.854+0000] {processor.py:914} INFO - Processing file /home/airflow/.local/lib/python3.12/site-packages/airflow/example_dags/example_external_task_marker_dag.py for tasks to queue
[2025-04-13T00:31:11.855+0000] {logging_mixin.py:190} INFO - [2025-04-13T00:31:11.854+0000] {dagbag.py:588} INFO - Filling up the DagBag from /home/airflow/.local/lib/python3.12/site-packages/airflow/example_dags/example_external_task_marker_dag.py
[2025-04-13T00:31:11.862+0000] {processor.py:925} INFO - DAG(s) 'example_external_task_marker_child', 'example_external_task_marker_parent' retrieved from /home/airflow/.local/lib/python3.12/site-packages/airflow/example_dags/example_external_task_marker_dag.py
[2025-04-13T00:31:11.883+0000] {logging_mixin.py:190} INFO - [2025-04-13T00:31:11.882+0000] {dag.py:3239} INFO - Sync 2 DAGs
[2025-04-13T00:31:11.896+0000] {logging_mixin.py:190} INFO - [2025-04-13T00:31:11.896+0000] {dag.py:4180} INFO - Setting next_dagrun for example_external_task_marker_child to None, run_after=None
[2025-04-13T00:31:11.899+0000] {logging_mixin.py:190} INFO - [2025-04-13T00:31:11.899+0000] {dag.py:4180} INFO - Setting next_dagrun for example_external_task_marker_parent to None, run_after=None
[2025-04-13T00:31:11.913+0000] {processor.py:208} INFO - Processing /home/airflow/.local/lib/python3.12/site-packages/airflow/example_dags/example_external_task_marker_dag.py took 0.065 seconds
[2025-04-13T00:31:42.497+0000] {processor.py:186} INFO - Started process (PID=10319) to work on /home/airflow/.local/lib/python3.12/site-packages/airflow/example_dags/example_external_task_marker_dag.py
[2025-04-13T00:31:42.498+0000] {processor.py:914} INFO - Processing file /home/airflow/.local/lib/python3.12/site-packages/airflow/example_dags/example_external_task_marker_dag.py for tasks to queue
[2025-04-13T00:31:42.499+0000] {logging_mixin.py:190} INFO - [2025-04-13T00:31:42.499+0000] {dagbag.py:588} INFO - Filling up the DagBag from /home/airflow/.local/lib/python3.12/site-packages/airflow/example_dags/example_external_task_marker_dag.py
[2025-04-13T00:31:42.506+0000] {processor.py:925} INFO - DAG(s) 'example_external_task_marker_parent', 'example_external_task_marker_child' retrieved from /home/airflow/.local/lib/python3.12/site-packages/airflow/example_dags/example_external_task_marker_dag.py
[2025-04-13T00:31:42.526+0000] {logging_mixin.py:190} INFO - [2025-04-13T00:31:42.526+0000] {dag.py:3239} INFO - Sync 2 DAGs
[2025-04-13T00:31:42.540+0000] {logging_mixin.py:190} INFO - [2025-04-13T00:31:42.540+0000] {dag.py:4180} INFO - Setting next_dagrun for example_external_task_marker_child to None, run_after=None
[2025-04-13T00:31:42.544+0000] {logging_mixin.py:190} INFO - [2025-04-13T00:31:42.544+0000] {dag.py:4180} INFO - Setting next_dagrun for example_external_task_marker_parent to None, run_after=None
[2025-04-13T00:31:42.558+0000] {processor.py:208} INFO - Processing /home/airflow/.local/lib/python3.12/site-packages/airflow/example_dags/example_external_task_marker_dag.py took 0.066 seconds
[2025-04-13T00:32:13.323+0000] {processor.py:186} INFO - Started process (PID=10388) to work on /home/airflow/.local/lib/python3.12/site-packages/airflow/example_dags/example_external_task_marker_dag.py
[2025-04-13T00:32:13.324+0000] {processor.py:914} INFO - Processing file /home/airflow/.local/lib/python3.12/site-packages/airflow/example_dags/example_external_task_marker_dag.py for tasks to queue
[2025-04-13T00:32:13.325+0000] {logging_mixin.py:190} INFO - [2025-04-13T00:32:13.324+0000] {dagbag.py:588} INFO - Filling up the DagBag from /home/airflow/.local/lib/python3.12/site-packages/airflow/example_dags/example_external_task_marker_dag.py
[2025-04-13T00:32:13.332+0000] {processor.py:925} INFO - DAG(s) 'example_external_task_marker_child', 'example_external_task_marker_parent' retrieved from /home/airflow/.local/lib/python3.12/site-packages/airflow/example_dags/example_external_task_marker_dag.py
[2025-04-13T00:32:13.354+0000] {logging_mixin.py:190} INFO - [2025-04-13T00:32:13.353+0000] {dag.py:3239} INFO - Sync 2 DAGs
[2025-04-13T00:32:13.368+0000] {logging_mixin.py:190} INFO - [2025-04-13T00:32:13.368+0000] {dag.py:4180} INFO - Setting next_dagrun for example_external_task_marker_child to None, run_after=None
[2025-04-13T00:32:13.372+0000] {logging_mixin.py:190} INFO - [2025-04-13T00:32:13.372+0000] {dag.py:4180} INFO - Setting next_dagrun for example_external_task_marker_parent to None, run_after=None
[2025-04-13T00:32:13.388+0000] {processor.py:208} INFO - Processing /home/airflow/.local/lib/python3.12/site-packages/airflow/example_dags/example_external_task_marker_dag.py took 0.071 seconds
