[2025-04-13T00:30:01.557+0000] {processor.py:186} INFO - Started process (PID=10091) to work on /home/airflow/.local/lib/python3.12/site-packages/airflow/example_dags/example_python_decorator.py
[2025-04-13T00:30:01.557+0000] {processor.py:914} INFO - Processing file /home/airflow/.local/lib/python3.12/site-packages/airflow/example_dags/example_python_decorator.py for tasks to queue
[2025-04-13T00:30:01.559+0000] {logging_mixin.py:190} INFO - [2025-04-13T00:30:01.558+0000] {dagbag.py:588} INFO - Filling up the DagBag from /home/airflow/.local/lib/python3.12/site-packages/airflow/example_dags/example_python_decorator.py
[2025-04-13T00:30:01.571+0000] {processor.py:925} INFO - DAG(s) 'example_python_decorator' retrieved from /home/airflow/.local/lib/python3.12/site-packages/airflow/example_dags/example_python_decorator.py
[2025-04-13T00:30:01.666+0000] {logging_mixin.py:190} INFO - [2025-04-13T00:30:01.666+0000] {dag.py:3239} INFO - Sync 1 DAGs
[2025-04-13T00:30:01.677+0000] {logging_mixin.py:190} INFO - [2025-04-13T00:30:01.677+0000] {dag.py:4180} INFO - Setting next_dagrun for example_python_decorator to None, run_after=None
[2025-04-13T00:30:01.694+0000] {processor.py:208} INFO - Processing /home/airflow/.local/lib/python3.12/site-packages/airflow/example_dags/example_python_decorator.py took 0.142 seconds
[2025-04-13T00:30:31.769+0000] {processor.py:186} INFO - Started process (PID=10160) to work on /home/airflow/.local/lib/python3.12/site-packages/airflow/example_dags/example_python_decorator.py
[2025-04-13T00:30:31.770+0000] {processor.py:914} INFO - Processing file /home/airflow/.local/lib/python3.12/site-packages/airflow/example_dags/example_python_decorator.py for tasks to queue
[2025-04-13T00:30:31.771+0000] {logging_mixin.py:190} INFO - [2025-04-13T00:30:31.771+0000] {dagbag.py:588} INFO - Filling up the DagBag from /home/airflow/.local/lib/python3.12/site-packages/airflow/example_dags/example_python_decorator.py
[2025-04-13T00:30:31.786+0000] {processor.py:925} INFO - DAG(s) 'example_python_decorator' retrieved from /home/airflow/.local/lib/python3.12/site-packages/airflow/example_dags/example_python_decorator.py
[2025-04-13T00:30:31.807+0000] {logging_mixin.py:190} INFO - [2025-04-13T00:30:31.807+0000] {dag.py:3239} INFO - Sync 1 DAGs
[2025-04-13T00:30:31.821+0000] {logging_mixin.py:190} INFO - [2025-04-13T00:30:31.821+0000] {dag.py:4180} INFO - Setting next_dagrun for example_python_decorator to None, run_after=None
[2025-04-13T00:30:31.839+0000] {processor.py:208} INFO - Processing /home/airflow/.local/lib/python3.12/site-packages/airflow/example_dags/example_python_decorator.py took 0.075 seconds
[2025-04-13T00:31:02.759+0000] {processor.py:186} INFO - Started process (PID=10235) to work on /home/airflow/.local/lib/python3.12/site-packages/airflow/example_dags/example_python_decorator.py
[2025-04-13T00:31:02.760+0000] {processor.py:914} INFO - Processing file /home/airflow/.local/lib/python3.12/site-packages/airflow/example_dags/example_python_decorator.py for tasks to queue
[2025-04-13T00:31:02.761+0000] {logging_mixin.py:190} INFO - [2025-04-13T00:31:02.761+0000] {dagbag.py:588} INFO - Filling up the DagBag from /home/airflow/.local/lib/python3.12/site-packages/airflow/example_dags/example_python_decorator.py
[2025-04-13T00:31:02.779+0000] {processor.py:925} INFO - DAG(s) 'example_python_decorator' retrieved from /home/airflow/.local/lib/python3.12/site-packages/airflow/example_dags/example_python_decorator.py
[2025-04-13T00:31:02.802+0000] {logging_mixin.py:190} INFO - [2025-04-13T00:31:02.802+0000] {dag.py:3239} INFO - Sync 1 DAGs
[2025-04-13T00:31:02.817+0000] {logging_mixin.py:190} INFO - [2025-04-13T00:31:02.817+0000] {dag.py:4180} INFO - Setting next_dagrun for example_python_decorator to None, run_after=None
[2025-04-13T00:31:02.836+0000] {processor.py:208} INFO - Processing /home/airflow/.local/lib/python3.12/site-packages/airflow/example_dags/example_python_decorator.py took 0.084 seconds
[2025-04-13T00:31:34.397+0000] {processor.py:186} INFO - Started process (PID=10304) to work on /home/airflow/.local/lib/python3.12/site-packages/airflow/example_dags/example_python_decorator.py
[2025-04-13T00:31:34.398+0000] {processor.py:914} INFO - Processing file /home/airflow/.local/lib/python3.12/site-packages/airflow/example_dags/example_python_decorator.py for tasks to queue
[2025-04-13T00:31:34.399+0000] {logging_mixin.py:190} INFO - [2025-04-13T00:31:34.398+0000] {dagbag.py:588} INFO - Filling up the DagBag from /home/airflow/.local/lib/python3.12/site-packages/airflow/example_dags/example_python_decorator.py
[2025-04-13T00:31:34.413+0000] {processor.py:925} INFO - DAG(s) 'example_python_decorator' retrieved from /home/airflow/.local/lib/python3.12/site-packages/airflow/example_dags/example_python_decorator.py
[2025-04-13T00:31:34.440+0000] {logging_mixin.py:190} INFO - [2025-04-13T00:31:34.439+0000] {dag.py:3239} INFO - Sync 1 DAGs
[2025-04-13T00:31:34.458+0000] {logging_mixin.py:190} INFO - [2025-04-13T00:31:34.458+0000] {dag.py:4180} INFO - Setting next_dagrun for example_python_decorator to None, run_after=None
[2025-04-13T00:31:34.484+0000] {processor.py:208} INFO - Processing /home/airflow/.local/lib/python3.12/site-packages/airflow/example_dags/example_python_decorator.py took 0.092 seconds
[2025-04-13T00:32:05.479+0000] {processor.py:186} INFO - Started process (PID=10375) to work on /home/airflow/.local/lib/python3.12/site-packages/airflow/example_dags/example_python_decorator.py
[2025-04-13T00:32:05.479+0000] {processor.py:914} INFO - Processing file /home/airflow/.local/lib/python3.12/site-packages/airflow/example_dags/example_python_decorator.py for tasks to queue
[2025-04-13T00:32:05.481+0000] {logging_mixin.py:190} INFO - [2025-04-13T00:32:05.480+0000] {dagbag.py:588} INFO - Filling up the DagBag from /home/airflow/.local/lib/python3.12/site-packages/airflow/example_dags/example_python_decorator.py
[2025-04-13T00:32:05.494+0000] {processor.py:925} INFO - DAG(s) 'example_python_decorator' retrieved from /home/airflow/.local/lib/python3.12/site-packages/airflow/example_dags/example_python_decorator.py
[2025-04-13T00:32:05.517+0000] {logging_mixin.py:190} INFO - [2025-04-13T00:32:05.516+0000] {dag.py:3239} INFO - Sync 1 DAGs
[2025-04-13T00:32:05.535+0000] {logging_mixin.py:190} INFO - [2025-04-13T00:32:05.535+0000] {dag.py:4180} INFO - Setting next_dagrun for example_python_decorator to None, run_after=None
[2025-04-13T00:32:05.557+0000] {processor.py:208} INFO - Processing /home/airflow/.local/lib/python3.12/site-packages/airflow/example_dags/example_python_decorator.py took 0.084 seconds
