[2025-04-13T00:30:11.325+0000] {processor.py:186} INFO - Started process (PID=10114) to work on /home/airflow/.local/lib/python3.12/site-packages/airflow/example_dags/example_xcomargs.py
[2025-04-13T00:30:11.326+0000] {processor.py:914} INFO - Processing file /home/airflow/.local/lib/python3.12/site-packages/airflow/example_dags/example_xcomargs.py for tasks to queue
[2025-04-13T00:30:11.327+0000] {logging_mixin.py:190} INFO - [2025-04-13T00:30:11.326+0000] {dagbag.py:588} INFO - Filling up the DagBag from /home/airflow/.local/lib/python3.12/site-packages/airflow/example_dags/example_xcomargs.py
[2025-04-13T00:30:11.337+0000] {processor.py:925} INFO - DAG(s) 'example_xcom_args_with_operators', 'example_xcom_args' retrieved from /home/airflow/.local/lib/python3.12/site-packages/airflow/example_dags/example_xcomargs.py
[2025-04-13T00:30:11.452+0000] {logging_mixin.py:190} INFO - [2025-04-13T00:30:11.452+0000] {dag.py:3239} INFO - Sync 2 DAGs
[2025-04-13T00:30:11.464+0000] {logging_mixin.py:190} INFO - [2025-04-13T00:30:11.464+0000] {dag.py:4180} INFO - Setting next_dagrun for example_xcom_args to None, run_after=None
[2025-04-13T00:30:11.468+0000] {logging_mixin.py:190} INFO - [2025-04-13T00:30:11.468+0000] {dag.py:4180} INFO - Setting next_dagrun for example_xcom_args_with_operators to None, run_after=None
[2025-04-13T00:30:11.484+0000] {processor.py:208} INFO - Processing /home/airflow/.local/lib/python3.12/site-packages/airflow/example_dags/example_xcomargs.py took 0.164 seconds
[2025-04-13T00:30:41.747+0000] {processor.py:186} INFO - Started process (PID=10183) to work on /home/airflow/.local/lib/python3.12/site-packages/airflow/example_dags/example_xcomargs.py
[2025-04-13T00:30:41.747+0000] {processor.py:914} INFO - Processing file /home/airflow/.local/lib/python3.12/site-packages/airflow/example_dags/example_xcomargs.py for tasks to queue
[2025-04-13T00:30:41.748+0000] {logging_mixin.py:190} INFO - [2025-04-13T00:30:41.748+0000] {dagbag.py:588} INFO - Filling up the DagBag from /home/airflow/.local/lib/python3.12/site-packages/airflow/example_dags/example_xcomargs.py
[2025-04-13T00:30:41.757+0000] {processor.py:925} INFO - DAG(s) 'example_xcom_args', 'example_xcom_args_with_operators' retrieved from /home/airflow/.local/lib/python3.12/site-packages/airflow/example_dags/example_xcomargs.py
[2025-04-13T00:30:41.779+0000] {logging_mixin.py:190} INFO - [2025-04-13T00:30:41.779+0000] {dag.py:3239} INFO - Sync 2 DAGs
[2025-04-13T00:30:41.793+0000] {logging_mixin.py:190} INFO - [2025-04-13T00:30:41.793+0000] {dag.py:4180} INFO - Setting next_dagrun for example_xcom_args to None, run_after=None
[2025-04-13T00:30:41.797+0000] {logging_mixin.py:190} INFO - [2025-04-13T00:30:41.797+0000] {dag.py:4180} INFO - Setting next_dagrun for example_xcom_args_with_operators to None, run_after=None
[2025-04-13T00:30:41.813+0000] {processor.py:208} INFO - Processing /home/airflow/.local/lib/python3.12/site-packages/airflow/example_dags/example_xcomargs.py took 0.072 seconds
[2025-04-13T00:31:12.060+0000] {processor.py:186} INFO - Started process (PID=10253) to work on /home/airflow/.local/lib/python3.12/site-packages/airflow/example_dags/example_xcomargs.py
[2025-04-13T00:31:12.061+0000] {processor.py:914} INFO - Processing file /home/airflow/.local/lib/python3.12/site-packages/airflow/example_dags/example_xcomargs.py for tasks to queue
[2025-04-13T00:31:12.062+0000] {logging_mixin.py:190} INFO - [2025-04-13T00:31:12.062+0000] {dagbag.py:588} INFO - Filling up the DagBag from /home/airflow/.local/lib/python3.12/site-packages/airflow/example_dags/example_xcomargs.py
[2025-04-13T00:31:12.071+0000] {processor.py:925} INFO - DAG(s) 'example_xcom_args_with_operators', 'example_xcom_args' retrieved from /home/airflow/.local/lib/python3.12/site-packages/airflow/example_dags/example_xcomargs.py
[2025-04-13T00:31:12.094+0000] {logging_mixin.py:190} INFO - [2025-04-13T00:31:12.094+0000] {dag.py:3239} INFO - Sync 2 DAGs
[2025-04-13T00:31:12.108+0000] {logging_mixin.py:190} INFO - [2025-04-13T00:31:12.108+0000] {dag.py:4180} INFO - Setting next_dagrun for example_xcom_args to None, run_after=None
[2025-04-13T00:31:12.112+0000] {logging_mixin.py:190} INFO - [2025-04-13T00:31:12.112+0000] {dag.py:4180} INFO - Setting next_dagrun for example_xcom_args_with_operators to None, run_after=None
[2025-04-13T00:31:12.125+0000] {processor.py:208} INFO - Processing /home/airflow/.local/lib/python3.12/site-packages/airflow/example_dags/example_xcomargs.py took 0.070 seconds
[2025-04-13T00:31:42.598+0000] {processor.py:186} INFO - Started process (PID=10321) to work on /home/airflow/.local/lib/python3.12/site-packages/airflow/example_dags/example_xcomargs.py
[2025-04-13T00:31:42.599+0000] {processor.py:914} INFO - Processing file /home/airflow/.local/lib/python3.12/site-packages/airflow/example_dags/example_xcomargs.py for tasks to queue
[2025-04-13T00:31:42.600+0000] {logging_mixin.py:190} INFO - [2025-04-13T00:31:42.600+0000] {dagbag.py:588} INFO - Filling up the DagBag from /home/airflow/.local/lib/python3.12/site-packages/airflow/example_dags/example_xcomargs.py
[2025-04-13T00:31:42.610+0000] {processor.py:925} INFO - DAG(s) 'example_xcom_args', 'example_xcom_args_with_operators' retrieved from /home/airflow/.local/lib/python3.12/site-packages/airflow/example_dags/example_xcomargs.py
[2025-04-13T00:31:42.631+0000] {logging_mixin.py:190} INFO - [2025-04-13T00:31:42.631+0000] {dag.py:3239} INFO - Sync 2 DAGs
[2025-04-13T00:31:42.645+0000] {logging_mixin.py:190} INFO - [2025-04-13T00:31:42.645+0000] {dag.py:4180} INFO - Setting next_dagrun for example_xcom_args to None, run_after=None
[2025-04-13T00:31:42.649+0000] {logging_mixin.py:190} INFO - [2025-04-13T00:31:42.649+0000] {dag.py:4180} INFO - Setting next_dagrun for example_xcom_args_with_operators to None, run_after=None
[2025-04-13T00:31:42.664+0000] {processor.py:208} INFO - Processing /home/airflow/.local/lib/python3.12/site-packages/airflow/example_dags/example_xcomargs.py took 0.071 seconds
[2025-04-13T00:32:13.432+0000] {processor.py:186} INFO - Started process (PID=10390) to work on /home/airflow/.local/lib/python3.12/site-packages/airflow/example_dags/example_xcomargs.py
[2025-04-13T00:32:13.432+0000] {processor.py:914} INFO - Processing file /home/airflow/.local/lib/python3.12/site-packages/airflow/example_dags/example_xcomargs.py for tasks to queue
[2025-04-13T00:32:13.434+0000] {logging_mixin.py:190} INFO - [2025-04-13T00:32:13.433+0000] {dagbag.py:588} INFO - Filling up the DagBag from /home/airflow/.local/lib/python3.12/site-packages/airflow/example_dags/example_xcomargs.py
[2025-04-13T00:32:13.444+0000] {processor.py:925} INFO - DAG(s) 'example_xcom_args_with_operators', 'example_xcom_args' retrieved from /home/airflow/.local/lib/python3.12/site-packages/airflow/example_dags/example_xcomargs.py
[2025-04-13T00:32:13.466+0000] {logging_mixin.py:190} INFO - [2025-04-13T00:32:13.466+0000] {dag.py:3239} INFO - Sync 2 DAGs
[2025-04-13T00:32:13.481+0000] {logging_mixin.py:190} INFO - [2025-04-13T00:32:13.480+0000] {dag.py:4180} INFO - Setting next_dagrun for example_xcom_args to None, run_after=None
[2025-04-13T00:32:13.485+0000] {logging_mixin.py:190} INFO - [2025-04-13T00:32:13.485+0000] {dag.py:4180} INFO - Setting next_dagrun for example_xcom_args_with_operators to None, run_after=None
[2025-04-13T00:32:13.501+0000] {processor.py:208} INFO - Processing /home/airflow/.local/lib/python3.12/site-packages/airflow/example_dags/example_xcomargs.py took 0.075 seconds
