[2025-04-13T00:29:58.681+0000] {processor.py:186} INFO - Started process (PID=10060) to work on /home/airflow/.local/lib/python3.12/site-packages/airflow/example_dags/example_branch_labels.py
[2025-04-13T00:29:58.682+0000] {processor.py:914} INFO - Processing file /home/airflow/.local/lib/python3.12/site-packages/airflow/example_dags/example_branch_labels.py for tasks to queue
[2025-04-13T00:29:58.683+0000] {logging_mixin.py:190} INFO - [2025-04-13T00:29:58.683+0000] {dagbag.py:588} INFO - Filling up the DagBag from /home/airflow/.local/lib/python3.12/site-packages/airflow/example_dags/example_branch_labels.py
[2025-04-13T00:29:58.692+0000] {processor.py:925} INFO - DAG(s) 'example_branch_labels' retrieved from /home/airflow/.local/lib/python3.12/site-packages/airflow/example_dags/example_branch_labels.py
[2025-04-13T00:29:58.788+0000] {logging_mixin.py:190} INFO - [2025-04-13T00:29:58.788+0000] {dag.py:3239} INFO - Sync 1 DAGs
[2025-04-13T00:29:58.808+0000] {logging_mixin.py:190} INFO - [2025-04-13T00:29:58.808+0000] {dag.py:4180} INFO - Setting next_dagrun for example_branch_labels to 2025-04-12 00:00:00+00:00, run_after=2025-04-13 00:00:00+00:00
[2025-04-13T00:29:58.825+0000] {processor.py:208} INFO - Processing /home/airflow/.local/lib/python3.12/site-packages/airflow/example_dags/example_branch_labels.py took 0.149 seconds
[2025-04-13T00:30:29.729+0000] {processor.py:186} INFO - Started process (PID=10129) to work on /home/airflow/.local/lib/python3.12/site-packages/airflow/example_dags/example_branch_labels.py
[2025-04-13T00:30:29.730+0000] {processor.py:914} INFO - Processing file /home/airflow/.local/lib/python3.12/site-packages/airflow/example_dags/example_branch_labels.py for tasks to queue
[2025-04-13T00:30:29.731+0000] {logging_mixin.py:190} INFO - [2025-04-13T00:30:29.731+0000] {dagbag.py:588} INFO - Filling up the DagBag from /home/airflow/.local/lib/python3.12/site-packages/airflow/example_dags/example_branch_labels.py
[2025-04-13T00:30:29.739+0000] {processor.py:925} INFO - DAG(s) 'example_branch_labels' retrieved from /home/airflow/.local/lib/python3.12/site-packages/airflow/example_dags/example_branch_labels.py
[2025-04-13T00:30:29.761+0000] {logging_mixin.py:190} INFO - [2025-04-13T00:30:29.761+0000] {dag.py:3239} INFO - Sync 1 DAGs
[2025-04-13T00:30:29.783+0000] {logging_mixin.py:190} INFO - [2025-04-13T00:30:29.782+0000] {dag.py:4180} INFO - Setting next_dagrun for example_branch_labels to 2025-04-12 00:00:00+00:00, run_after=2025-04-13 00:00:00+00:00
[2025-04-13T00:30:29.797+0000] {processor.py:208} INFO - Processing /home/airflow/.local/lib/python3.12/site-packages/airflow/example_dags/example_branch_labels.py took 0.073 seconds
[2025-04-13T00:31:00.929+0000] {processor.py:186} INFO - Started process (PID=10198) to work on /home/airflow/.local/lib/python3.12/site-packages/airflow/example_dags/example_branch_labels.py
[2025-04-13T00:31:00.930+0000] {processor.py:914} INFO - Processing file /home/airflow/.local/lib/python3.12/site-packages/airflow/example_dags/example_branch_labels.py for tasks to queue
[2025-04-13T00:31:00.932+0000] {logging_mixin.py:190} INFO - [2025-04-13T00:31:00.931+0000] {dagbag.py:588} INFO - Filling up the DagBag from /home/airflow/.local/lib/python3.12/site-packages/airflow/example_dags/example_branch_labels.py
[2025-04-13T00:31:00.941+0000] {processor.py:925} INFO - DAG(s) 'example_branch_labels' retrieved from /home/airflow/.local/lib/python3.12/site-packages/airflow/example_dags/example_branch_labels.py
[2025-04-13T00:31:00.962+0000] {logging_mixin.py:190} INFO - [2025-04-13T00:31:00.962+0000] {dag.py:3239} INFO - Sync 1 DAGs
[2025-04-13T00:31:01.034+0000] {logging_mixin.py:190} INFO - [2025-04-13T00:31:01.033+0000] {dag.py:4180} INFO - Setting next_dagrun for example_branch_labels to 2025-04-12 00:00:00+00:00, run_after=2025-04-13 00:00:00+00:00
[2025-04-13T00:31:01.051+0000] {processor.py:208} INFO - Processing /home/airflow/.local/lib/python3.12/site-packages/airflow/example_dags/example_branch_labels.py took 0.081 seconds
[2025-04-13T00:31:32.400+0000] {processor.py:186} INFO - Started process (PID=10273) to work on /home/airflow/.local/lib/python3.12/site-packages/airflow/example_dags/example_branch_labels.py
[2025-04-13T00:31:32.401+0000] {processor.py:914} INFO - Processing file /home/airflow/.local/lib/python3.12/site-packages/airflow/example_dags/example_branch_labels.py for tasks to queue
[2025-04-13T00:31:32.402+0000] {logging_mixin.py:190} INFO - [2025-04-13T00:31:32.402+0000] {dagbag.py:588} INFO - Filling up the DagBag from /home/airflow/.local/lib/python3.12/site-packages/airflow/example_dags/example_branch_labels.py
[2025-04-13T00:31:32.412+0000] {processor.py:925} INFO - DAG(s) 'example_branch_labels' retrieved from /home/airflow/.local/lib/python3.12/site-packages/airflow/example_dags/example_branch_labels.py
[2025-04-13T00:31:32.433+0000] {logging_mixin.py:190} INFO - [2025-04-13T00:31:32.432+0000] {dag.py:3239} INFO - Sync 1 DAGs
[2025-04-13T00:31:32.456+0000] {logging_mixin.py:190} INFO - [2025-04-13T00:31:32.456+0000] {dag.py:4180} INFO - Setting next_dagrun for example_branch_labels to 2025-04-12 00:00:00+00:00, run_after=2025-04-13 00:00:00+00:00
[2025-04-13T00:31:32.473+0000] {processor.py:208} INFO - Processing /home/airflow/.local/lib/python3.12/site-packages/airflow/example_dags/example_branch_labels.py took 0.078 seconds
[2025-04-13T00:32:03.605+0000] {processor.py:186} INFO - Started process (PID=10342) to work on /home/airflow/.local/lib/python3.12/site-packages/airflow/example_dags/example_branch_labels.py
[2025-04-13T00:32:03.606+0000] {processor.py:914} INFO - Processing file /home/airflow/.local/lib/python3.12/site-packages/airflow/example_dags/example_branch_labels.py for tasks to queue
[2025-04-13T00:32:03.607+0000] {logging_mixin.py:190} INFO - [2025-04-13T00:32:03.607+0000] {dagbag.py:588} INFO - Filling up the DagBag from /home/airflow/.local/lib/python3.12/site-packages/airflow/example_dags/example_branch_labels.py
[2025-04-13T00:32:03.616+0000] {processor.py:925} INFO - DAG(s) 'example_branch_labels' retrieved from /home/airflow/.local/lib/python3.12/site-packages/airflow/example_dags/example_branch_labels.py
[2025-04-13T00:32:03.637+0000] {logging_mixin.py:190} INFO - [2025-04-13T00:32:03.636+0000] {dag.py:3239} INFO - Sync 1 DAGs
[2025-04-13T00:32:03.660+0000] {logging_mixin.py:190} INFO - [2025-04-13T00:32:03.660+0000] {dag.py:4180} INFO - Setting next_dagrun for example_branch_labels to 2025-04-12 00:00:00+00:00, run_after=2025-04-13 00:00:00+00:00
[2025-04-13T00:32:03.675+0000] {processor.py:208} INFO - Processing /home/airflow/.local/lib/python3.12/site-packages/airflow/example_dags/example_branch_labels.py took 0.075 seconds
