[2025-04-13T00:29:59.245+0000] {processor.py:186} INFO - Started process (PID=10066) to work on /home/airflow/.local/lib/python3.12/site-packages/airflow/example_dags/tutorial.py
[2025-04-13T00:29:59.246+0000] {processor.py:914} INFO - Processing file /home/airflow/.local/lib/python3.12/site-packages/airflow/example_dags/tutorial.py for tasks to queue
[2025-04-13T00:29:59.248+0000] {logging_mixin.py:190} INFO - [2025-04-13T00:29:59.247+0000] {dagbag.py:588} INFO - Filling up the DagBag from /home/airflow/.local/lib/python3.12/site-packages/airflow/example_dags/tutorial.py
[2025-04-13T00:29:59.256+0000] {processor.py:925} INFO - DAG(s) 'tutorial' retrieved from /home/airflow/.local/lib/python3.12/site-packages/airflow/example_dags/tutorial.py
[2025-04-13T00:29:59.354+0000] {logging_mixin.py:190} INFO - [2025-04-13T00:29:59.354+0000] {dag.py:3239} INFO - Sync 1 DAGs
[2025-04-13T00:29:59.374+0000] {logging_mixin.py:190} INFO - [2025-04-13T00:29:59.374+0000] {dag.py:4180} INFO - Setting next_dagrun for tutorial to 2025-04-12 00:00:00+00:00, run_after=2025-04-13 00:00:00+00:00
[2025-04-13T00:29:59.391+0000] {processor.py:208} INFO - Processing /home/airflow/.local/lib/python3.12/site-packages/airflow/example_dags/tutorial.py took 0.151 seconds
[2025-04-13T00:30:30.201+0000] {processor.py:186} INFO - Started process (PID=10135) to work on /home/airflow/.local/lib/python3.12/site-packages/airflow/example_dags/tutorial.py
[2025-04-13T00:30:30.202+0000] {processor.py:914} INFO - Processing file /home/airflow/.local/lib/python3.12/site-packages/airflow/example_dags/tutorial.py for tasks to queue
[2025-04-13T00:30:30.203+0000] {logging_mixin.py:190} INFO - [2025-04-13T00:30:30.203+0000] {dagbag.py:588} INFO - Filling up the DagBag from /home/airflow/.local/lib/python3.12/site-packages/airflow/example_dags/tutorial.py
[2025-04-13T00:30:30.215+0000] {processor.py:925} INFO - DAG(s) 'tutorial' retrieved from /home/airflow/.local/lib/python3.12/site-packages/airflow/example_dags/tutorial.py
[2025-04-13T00:30:30.236+0000] {logging_mixin.py:190} INFO - [2025-04-13T00:30:30.236+0000] {dag.py:3239} INFO - Sync 1 DAGs
[2025-04-13T00:30:30.262+0000] {logging_mixin.py:190} INFO - [2025-04-13T00:30:30.262+0000] {dag.py:4180} INFO - Setting next_dagrun for tutorial to 2025-04-12 00:00:00+00:00, run_after=2025-04-13 00:00:00+00:00
[2025-04-13T00:30:30.283+0000] {processor.py:208} INFO - Processing /home/airflow/.local/lib/python3.12/site-packages/airflow/example_dags/tutorial.py took 0.088 seconds
[2025-04-13T00:31:01.325+0000] {processor.py:186} INFO - Started process (PID=10204) to work on /home/airflow/.local/lib/python3.12/site-packages/airflow/example_dags/tutorial.py
[2025-04-13T00:31:01.326+0000] {processor.py:914} INFO - Processing file /home/airflow/.local/lib/python3.12/site-packages/airflow/example_dags/tutorial.py for tasks to queue
[2025-04-13T00:31:01.327+0000] {logging_mixin.py:190} INFO - [2025-04-13T00:31:01.327+0000] {dagbag.py:588} INFO - Filling up the DagBag from /home/airflow/.local/lib/python3.12/site-packages/airflow/example_dags/tutorial.py
[2025-04-13T00:31:01.336+0000] {processor.py:925} INFO - DAG(s) 'tutorial' retrieved from /home/airflow/.local/lib/python3.12/site-packages/airflow/example_dags/tutorial.py
[2025-04-13T00:31:01.356+0000] {logging_mixin.py:190} INFO - [2025-04-13T00:31:01.355+0000] {dag.py:3239} INFO - Sync 1 DAGs
[2025-04-13T00:31:01.380+0000] {logging_mixin.py:190} INFO - [2025-04-13T00:31:01.380+0000] {dag.py:4180} INFO - Setting next_dagrun for tutorial to 2025-04-12 00:00:00+00:00, run_after=2025-04-13 00:00:00+00:00
[2025-04-13T00:31:01.400+0000] {processor.py:208} INFO - Processing /home/airflow/.local/lib/python3.12/site-packages/airflow/example_dags/tutorial.py took 0.082 seconds
[2025-04-13T00:31:32.863+0000] {processor.py:186} INFO - Started process (PID=10279) to work on /home/airflow/.local/lib/python3.12/site-packages/airflow/example_dags/tutorial.py
[2025-04-13T00:31:32.863+0000] {processor.py:914} INFO - Processing file /home/airflow/.local/lib/python3.12/site-packages/airflow/example_dags/tutorial.py for tasks to queue
[2025-04-13T00:31:32.864+0000] {logging_mixin.py:190} INFO - [2025-04-13T00:31:32.864+0000] {dagbag.py:588} INFO - Filling up the DagBag from /home/airflow/.local/lib/python3.12/site-packages/airflow/example_dags/tutorial.py
[2025-04-13T00:31:32.872+0000] {processor.py:925} INFO - DAG(s) 'tutorial' retrieved from /home/airflow/.local/lib/python3.12/site-packages/airflow/example_dags/tutorial.py
[2025-04-13T00:31:32.893+0000] {logging_mixin.py:190} INFO - [2025-04-13T00:31:32.893+0000] {dag.py:3239} INFO - Sync 1 DAGs
[2025-04-13T00:31:32.916+0000] {logging_mixin.py:190} INFO - [2025-04-13T00:31:32.916+0000] {dag.py:4180} INFO - Setting next_dagrun for tutorial to 2025-04-12 00:00:00+00:00, run_after=2025-04-13 00:00:00+00:00
[2025-04-13T00:31:32.939+0000] {processor.py:208} INFO - Processing /home/airflow/.local/lib/python3.12/site-packages/airflow/example_dags/tutorial.py took 0.081 seconds
[2025-04-13T00:32:04.046+0000] {processor.py:186} INFO - Started process (PID=10348) to work on /home/airflow/.local/lib/python3.12/site-packages/airflow/example_dags/tutorial.py
[2025-04-13T00:32:04.046+0000] {processor.py:914} INFO - Processing file /home/airflow/.local/lib/python3.12/site-packages/airflow/example_dags/tutorial.py for tasks to queue
[2025-04-13T00:32:04.047+0000] {logging_mixin.py:190} INFO - [2025-04-13T00:32:04.047+0000] {dagbag.py:588} INFO - Filling up the DagBag from /home/airflow/.local/lib/python3.12/site-packages/airflow/example_dags/tutorial.py
[2025-04-13T00:32:04.055+0000] {processor.py:925} INFO - DAG(s) 'tutorial' retrieved from /home/airflow/.local/lib/python3.12/site-packages/airflow/example_dags/tutorial.py
[2025-04-13T00:32:04.074+0000] {logging_mixin.py:190} INFO - [2025-04-13T00:32:04.074+0000] {dag.py:3239} INFO - Sync 1 DAGs
[2025-04-13T00:32:04.097+0000] {logging_mixin.py:190} INFO - [2025-04-13T00:32:04.097+0000] {dag.py:4180} INFO - Setting next_dagrun for tutorial to 2025-04-12 00:00:00+00:00, run_after=2025-04-13 00:00:00+00:00
[2025-04-13T00:32:04.114+0000] {processor.py:208} INFO - Processing /home/airflow/.local/lib/python3.12/site-packages/airflow/example_dags/tutorial.py took 0.073 seconds
