[2025-04-13T00:29:59.502+0000] {processor.py:186} INFO - Started process (PID=10069) to work on /home/airflow/.local/lib/python3.12/site-packages/airflow/example_dags/tutorial_taskflow_templates.py
[2025-04-13T00:29:59.503+0000] {processor.py:914} INFO - Processing file /home/airflow/.local/lib/python3.12/site-packages/airflow/example_dags/tutorial_taskflow_templates.py for tasks to queue
[2025-04-13T00:29:59.504+0000] {logging_mixin.py:190} INFO - [2025-04-13T00:29:59.504+0000] {dagbag.py:588} INFO - Filling up the DagBag from /home/airflow/.local/lib/python3.12/site-packages/airflow/example_dags/tutorial_taskflow_templates.py
[2025-04-13T00:29:59.517+0000] {processor.py:925} INFO - DAG(s) 'tutorial_taskflow_templates' retrieved from /home/airflow/.local/lib/python3.12/site-packages/airflow/example_dags/tutorial_taskflow_templates.py
[2025-04-13T00:29:59.615+0000] {logging_mixin.py:190} INFO - [2025-04-13T00:29:59.615+0000] {dag.py:3239} INFO - Sync 1 DAGs
[2025-04-13T00:29:59.635+0000] {logging_mixin.py:190} INFO - [2025-04-13T00:29:59.635+0000] {dag.py:4180} INFO - Setting next_dagrun for tutorial_taskflow_templates to 2025-04-12 00:00:00+00:00, run_after=2025-04-13 00:00:00+00:00
[2025-04-13T00:29:59.651+0000] {processor.py:208} INFO - Processing /home/airflow/.local/lib/python3.12/site-packages/airflow/example_dags/tutorial_taskflow_templates.py took 0.154 seconds
[2025-04-13T00:30:30.438+0000] {processor.py:186} INFO - Started process (PID=10138) to work on /home/airflow/.local/lib/python3.12/site-packages/airflow/example_dags/tutorial_taskflow_templates.py
[2025-04-13T00:30:30.439+0000] {processor.py:914} INFO - Processing file /home/airflow/.local/lib/python3.12/site-packages/airflow/example_dags/tutorial_taskflow_templates.py for tasks to queue
[2025-04-13T00:30:30.440+0000] {logging_mixin.py:190} INFO - [2025-04-13T00:30:30.440+0000] {dagbag.py:588} INFO - Filling up the DagBag from /home/airflow/.local/lib/python3.12/site-packages/airflow/example_dags/tutorial_taskflow_templates.py
[2025-04-13T00:30:30.456+0000] {processor.py:925} INFO - DAG(s) 'tutorial_taskflow_templates' retrieved from /home/airflow/.local/lib/python3.12/site-packages/airflow/example_dags/tutorial_taskflow_templates.py
[2025-04-13T00:30:30.476+0000] {logging_mixin.py:190} INFO - [2025-04-13T00:30:30.476+0000] {dag.py:3239} INFO - Sync 1 DAGs
[2025-04-13T00:30:30.501+0000] {logging_mixin.py:190} INFO - [2025-04-13T00:30:30.501+0000] {dag.py:4180} INFO - Setting next_dagrun for tutorial_taskflow_templates to 2025-04-12 00:00:00+00:00, run_after=2025-04-13 00:00:00+00:00
[2025-04-13T00:30:30.518+0000] {processor.py:208} INFO - Processing /home/airflow/.local/lib/python3.12/site-packages/airflow/example_dags/tutorial_taskflow_templates.py took 0.086 seconds
[2025-04-13T00:31:01.506+0000] {processor.py:186} INFO - Started process (PID=10207) to work on /home/airflow/.local/lib/python3.12/site-packages/airflow/example_dags/tutorial_taskflow_templates.py
[2025-04-13T00:31:01.507+0000] {processor.py:914} INFO - Processing file /home/airflow/.local/lib/python3.12/site-packages/airflow/example_dags/tutorial_taskflow_templates.py for tasks to queue
[2025-04-13T00:31:01.508+0000] {logging_mixin.py:190} INFO - [2025-04-13T00:31:01.508+0000] {dagbag.py:588} INFO - Filling up the DagBag from /home/airflow/.local/lib/python3.12/site-packages/airflow/example_dags/tutorial_taskflow_templates.py
[2025-04-13T00:31:01.522+0000] {processor.py:925} INFO - DAG(s) 'tutorial_taskflow_templates' retrieved from /home/airflow/.local/lib/python3.12/site-packages/airflow/example_dags/tutorial_taskflow_templates.py
[2025-04-13T00:31:01.542+0000] {logging_mixin.py:190} INFO - [2025-04-13T00:31:01.541+0000] {dag.py:3239} INFO - Sync 1 DAGs
[2025-04-13T00:31:01.565+0000] {logging_mixin.py:190} INFO - [2025-04-13T00:31:01.565+0000] {dag.py:4180} INFO - Setting next_dagrun for tutorial_taskflow_templates to 2025-04-12 00:00:00+00:00, run_after=2025-04-13 00:00:00+00:00
[2025-04-13T00:31:01.584+0000] {processor.py:208} INFO - Processing /home/airflow/.local/lib/python3.12/site-packages/airflow/example_dags/tutorial_taskflow_templates.py took 0.083 seconds
[2025-04-13T00:31:33.087+0000] {processor.py:186} INFO - Started process (PID=10282) to work on /home/airflow/.local/lib/python3.12/site-packages/airflow/example_dags/tutorial_taskflow_templates.py
[2025-04-13T00:31:33.088+0000] {processor.py:914} INFO - Processing file /home/airflow/.local/lib/python3.12/site-packages/airflow/example_dags/tutorial_taskflow_templates.py for tasks to queue
[2025-04-13T00:31:33.089+0000] {logging_mixin.py:190} INFO - [2025-04-13T00:31:33.089+0000] {dagbag.py:588} INFO - Filling up the DagBag from /home/airflow/.local/lib/python3.12/site-packages/airflow/example_dags/tutorial_taskflow_templates.py
[2025-04-13T00:31:33.104+0000] {processor.py:925} INFO - DAG(s) 'tutorial_taskflow_templates' retrieved from /home/airflow/.local/lib/python3.12/site-packages/airflow/example_dags/tutorial_taskflow_templates.py
[2025-04-13T00:31:33.125+0000] {logging_mixin.py:190} INFO - [2025-04-13T00:31:33.124+0000] {dag.py:3239} INFO - Sync 1 DAGs
[2025-04-13T00:31:33.150+0000] {logging_mixin.py:190} INFO - [2025-04-13T00:31:33.150+0000] {dag.py:4180} INFO - Setting next_dagrun for tutorial_taskflow_templates to 2025-04-12 00:00:00+00:00, run_after=2025-04-13 00:00:00+00:00
[2025-04-13T00:31:33.172+0000] {processor.py:208} INFO - Processing /home/airflow/.local/lib/python3.12/site-packages/airflow/example_dags/tutorial_taskflow_templates.py took 0.090 seconds
[2025-04-13T00:32:04.189+0000] {processor.py:186} INFO - Started process (PID=10351) to work on /home/airflow/.local/lib/python3.12/site-packages/airflow/example_dags/tutorial_taskflow_templates.py
[2025-04-13T00:32:04.190+0000] {processor.py:914} INFO - Processing file /home/airflow/.local/lib/python3.12/site-packages/airflow/example_dags/tutorial_taskflow_templates.py for tasks to queue
[2025-04-13T00:32:04.191+0000] {logging_mixin.py:190} INFO - [2025-04-13T00:32:04.191+0000] {dagbag.py:588} INFO - Filling up the DagBag from /home/airflow/.local/lib/python3.12/site-packages/airflow/example_dags/tutorial_taskflow_templates.py
[2025-04-13T00:32:04.202+0000] {processor.py:925} INFO - DAG(s) 'tutorial_taskflow_templates' retrieved from /home/airflow/.local/lib/python3.12/site-packages/airflow/example_dags/tutorial_taskflow_templates.py
[2025-04-13T00:32:04.223+0000] {logging_mixin.py:190} INFO - [2025-04-13T00:32:04.223+0000] {dag.py:3239} INFO - Sync 1 DAGs
[2025-04-13T00:32:04.247+0000] {logging_mixin.py:190} INFO - [2025-04-13T00:32:04.247+0000] {dag.py:4180} INFO - Setting next_dagrun for tutorial_taskflow_templates to 2025-04-12 00:00:00+00:00, run_after=2025-04-13 00:00:00+00:00
[2025-04-13T00:32:04.263+0000] {processor.py:208} INFO - Processing /home/airflow/.local/lib/python3.12/site-packages/airflow/example_dags/tutorial_taskflow_templates.py took 0.079 seconds
