[2025-04-13T00:29:46.231+0000] {processor.py:186} INFO - Started process (PID=10052) to work on /home/airflow/.local/lib/python3.12/site-packages/airflow/example_dags/tutorial_taskflow_api.py
[2025-04-13T00:29:46.232+0000] {processor.py:914} INFO - Processing file /home/airflow/.local/lib/python3.12/site-packages/airflow/example_dags/tutorial_taskflow_api.py for tasks to queue
[2025-04-13T00:29:46.233+0000] {logging_mixin.py:190} INFO - [2025-04-13T00:29:46.233+0000] {dagbag.py:588} INFO - Filling up the DagBag from /home/airflow/.local/lib/python3.12/site-packages/airflow/example_dags/tutorial_taskflow_api.py
[2025-04-13T00:29:46.241+0000] {processor.py:925} INFO - DAG(s) 'tutorial_taskflow_api' retrieved from /home/airflow/.local/lib/python3.12/site-packages/airflow/example_dags/tutorial_taskflow_api.py
[2025-04-13T00:29:46.369+0000] {logging_mixin.py:190} INFO - [2025-04-13T00:29:46.369+0000] {dag.py:3239} INFO - Sync 1 DAGs
[2025-04-13T00:29:46.386+0000] {logging_mixin.py:190} INFO - [2025-04-13T00:29:46.385+0000] {dag.py:4180} INFO - Setting next_dagrun for tutorial_taskflow_api to None, run_after=None
[2025-04-13T00:29:46.410+0000] {processor.py:208} INFO - Processing /home/airflow/.local/lib/python3.12/site-packages/airflow/example_dags/tutorial_taskflow_api.py took 0.184 seconds
[2025-04-13T00:30:16.689+0000] {processor.py:186} INFO - Started process (PID=10121) to work on /home/airflow/.local/lib/python3.12/site-packages/airflow/example_dags/tutorial_taskflow_api.py
[2025-04-13T00:30:16.690+0000] {processor.py:914} INFO - Processing file /home/airflow/.local/lib/python3.12/site-packages/airflow/example_dags/tutorial_taskflow_api.py for tasks to queue
[2025-04-13T00:30:16.691+0000] {logging_mixin.py:190} INFO - [2025-04-13T00:30:16.691+0000] {dagbag.py:588} INFO - Filling up the DagBag from /home/airflow/.local/lib/python3.12/site-packages/airflow/example_dags/tutorial_taskflow_api.py
[2025-04-13T00:30:16.702+0000] {processor.py:925} INFO - DAG(s) 'tutorial_taskflow_api' retrieved from /home/airflow/.local/lib/python3.12/site-packages/airflow/example_dags/tutorial_taskflow_api.py
[2025-04-13T00:30:16.732+0000] {logging_mixin.py:190} INFO - [2025-04-13T00:30:16.729+0000] {dag.py:3239} INFO - Sync 1 DAGs
[2025-04-13T00:30:16.754+0000] {logging_mixin.py:190} INFO - [2025-04-13T00:30:16.754+0000] {dag.py:4180} INFO - Setting next_dagrun for tutorial_taskflow_api to None, run_after=None
[2025-04-13T00:30:16.780+0000] {processor.py:208} INFO - Processing /home/airflow/.local/lib/python3.12/site-packages/airflow/example_dags/tutorial_taskflow_api.py took 0.098 seconds
[2025-04-13T00:30:46.901+0000] {processor.py:186} INFO - Started process (PID=10190) to work on /home/airflow/.local/lib/python3.12/site-packages/airflow/example_dags/tutorial_taskflow_api.py
[2025-04-13T00:30:46.902+0000] {processor.py:914} INFO - Processing file /home/airflow/.local/lib/python3.12/site-packages/airflow/example_dags/tutorial_taskflow_api.py for tasks to queue
[2025-04-13T00:30:46.904+0000] {logging_mixin.py:190} INFO - [2025-04-13T00:30:46.903+0000] {dagbag.py:588} INFO - Filling up the DagBag from /home/airflow/.local/lib/python3.12/site-packages/airflow/example_dags/tutorial_taskflow_api.py
[2025-04-13T00:30:46.914+0000] {processor.py:925} INFO - DAG(s) 'tutorial_taskflow_api' retrieved from /home/airflow/.local/lib/python3.12/site-packages/airflow/example_dags/tutorial_taskflow_api.py
[2025-04-13T00:30:46.938+0000] {logging_mixin.py:190} INFO - [2025-04-13T00:30:46.938+0000] {dag.py:3239} INFO - Sync 1 DAGs
[2025-04-13T00:30:46.959+0000] {logging_mixin.py:190} INFO - [2025-04-13T00:30:46.959+0000] {dag.py:4180} INFO - Setting next_dagrun for tutorial_taskflow_api to None, run_after=None
[2025-04-13T00:30:46.981+0000] {processor.py:208} INFO - Processing /home/airflow/.local/lib/python3.12/site-packages/airflow/example_dags/tutorial_taskflow_api.py took 0.087 seconds
[2025-04-13T00:31:17.266+0000] {processor.py:186} INFO - Started process (PID=10259) to work on /home/airflow/.local/lib/python3.12/site-packages/airflow/example_dags/tutorial_taskflow_api.py
[2025-04-13T00:31:17.267+0000] {processor.py:914} INFO - Processing file /home/airflow/.local/lib/python3.12/site-packages/airflow/example_dags/tutorial_taskflow_api.py for tasks to queue
[2025-04-13T00:31:17.268+0000] {logging_mixin.py:190} INFO - [2025-04-13T00:31:17.268+0000] {dagbag.py:588} INFO - Filling up the DagBag from /home/airflow/.local/lib/python3.12/site-packages/airflow/example_dags/tutorial_taskflow_api.py
[2025-04-13T00:31:17.276+0000] {processor.py:925} INFO - DAG(s) 'tutorial_taskflow_api' retrieved from /home/airflow/.local/lib/python3.12/site-packages/airflow/example_dags/tutorial_taskflow_api.py
[2025-04-13T00:31:17.300+0000] {logging_mixin.py:190} INFO - [2025-04-13T00:31:17.299+0000] {dag.py:3239} INFO - Sync 1 DAGs
[2025-04-13T00:31:17.315+0000] {logging_mixin.py:190} INFO - [2025-04-13T00:31:17.315+0000] {dag.py:4180} INFO - Setting next_dagrun for tutorial_taskflow_api to None, run_after=None
[2025-04-13T00:31:17.336+0000] {processor.py:208} INFO - Processing /home/airflow/.local/lib/python3.12/site-packages/airflow/example_dags/tutorial_taskflow_api.py took 0.075 seconds
[2025-04-13T00:31:47.407+0000] {processor.py:186} INFO - Started process (PID=10328) to work on /home/airflow/.local/lib/python3.12/site-packages/airflow/example_dags/tutorial_taskflow_api.py
[2025-04-13T00:31:47.408+0000] {processor.py:914} INFO - Processing file /home/airflow/.local/lib/python3.12/site-packages/airflow/example_dags/tutorial_taskflow_api.py for tasks to queue
[2025-04-13T00:31:47.409+0000] {logging_mixin.py:190} INFO - [2025-04-13T00:31:47.409+0000] {dagbag.py:588} INFO - Filling up the DagBag from /home/airflow/.local/lib/python3.12/site-packages/airflow/example_dags/tutorial_taskflow_api.py
[2025-04-13T00:31:47.416+0000] {processor.py:925} INFO - DAG(s) 'tutorial_taskflow_api' retrieved from /home/airflow/.local/lib/python3.12/site-packages/airflow/example_dags/tutorial_taskflow_api.py
[2025-04-13T00:31:47.434+0000] {logging_mixin.py:190} INFO - [2025-04-13T00:31:47.434+0000] {dag.py:3239} INFO - Sync 1 DAGs
[2025-04-13T00:31:47.448+0000] {logging_mixin.py:190} INFO - [2025-04-13T00:31:47.447+0000] {dag.py:4180} INFO - Setting next_dagrun for tutorial_taskflow_api to None, run_after=None
[2025-04-13T00:31:47.465+0000] {processor.py:208} INFO - Processing /home/airflow/.local/lib/python3.12/site-packages/airflow/example_dags/tutorial_taskflow_api.py took 0.063 seconds
[2025-04-13T00:32:18.159+0000] {processor.py:186} INFO - Started process (PID=10396) to work on /home/airflow/.local/lib/python3.12/site-packages/airflow/example_dags/tutorial_taskflow_api.py
[2025-04-13T00:32:18.160+0000] {processor.py:914} INFO - Processing file /home/airflow/.local/lib/python3.12/site-packages/airflow/example_dags/tutorial_taskflow_api.py for tasks to queue
[2025-04-13T00:32:18.161+0000] {logging_mixin.py:190} INFO - [2025-04-13T00:32:18.161+0000] {dagbag.py:588} INFO - Filling up the DagBag from /home/airflow/.local/lib/python3.12/site-packages/airflow/example_dags/tutorial_taskflow_api.py
[2025-04-13T00:32:18.169+0000] {processor.py:925} INFO - DAG(s) 'tutorial_taskflow_api' retrieved from /home/airflow/.local/lib/python3.12/site-packages/airflow/example_dags/tutorial_taskflow_api.py
[2025-04-13T00:32:18.189+0000] {logging_mixin.py:190} INFO - [2025-04-13T00:32:18.188+0000] {dag.py:3239} INFO - Sync 1 DAGs
[2025-04-13T00:32:18.203+0000] {logging_mixin.py:190} INFO - [2025-04-13T00:32:18.203+0000] {dag.py:4180} INFO - Setting next_dagrun for tutorial_taskflow_api to None, run_after=None
[2025-04-13T00:32:18.222+0000] {processor.py:208} INFO - Processing /home/airflow/.local/lib/python3.12/site-packages/airflow/example_dags/tutorial_taskflow_api.py took 0.069 seconds
