[2025-04-13T00:29:58.348+0000] {processor.py:186} INFO - Started process (PID=10057) to work on /home/airflow/.local/lib/python3.12/site-packages/airflow/example_dags/tutorial_objectstorage.py
[2025-04-13T00:29:58.349+0000] {processor.py:914} INFO - Processing file /home/airflow/.local/lib/python3.12/site-packages/airflow/example_dags/tutorial_objectstorage.py for tasks to queue
[2025-04-13T00:29:58.350+0000] {logging_mixin.py:190} INFO - [2025-04-13T00:29:58.350+0000] {dagbag.py:588} INFO - Filling up the DagBag from /home/airflow/.local/lib/python3.12/site-packages/airflow/example_dags/tutorial_objectstorage.py
[2025-04-13T00:29:58.359+0000] {processor.py:925} INFO - DAG(s) 'tutorial_objectstorage' retrieved from /home/airflow/.local/lib/python3.12/site-packages/airflow/example_dags/tutorial_objectstorage.py
[2025-04-13T00:29:58.451+0000] {logging_mixin.py:190} INFO - [2025-04-13T00:29:58.451+0000] {dag.py:3239} INFO - Sync 1 DAGs
[2025-04-13T00:29:58.462+0000] {logging_mixin.py:190} INFO - [2025-04-13T00:29:58.462+0000] {dag.py:4180} INFO - Setting next_dagrun for tutorial_objectstorage to None, run_after=None
[2025-04-13T00:29:58.479+0000] {processor.py:208} INFO - Processing /home/airflow/.local/lib/python3.12/site-packages/airflow/example_dags/tutorial_objectstorage.py took 0.136 seconds
[2025-04-13T00:30:29.517+0000] {processor.py:186} INFO - Started process (PID=10126) to work on /home/airflow/.local/lib/python3.12/site-packages/airflow/example_dags/tutorial_objectstorage.py
[2025-04-13T00:30:29.518+0000] {processor.py:914} INFO - Processing file /home/airflow/.local/lib/python3.12/site-packages/airflow/example_dags/tutorial_objectstorage.py for tasks to queue
[2025-04-13T00:30:29.519+0000] {logging_mixin.py:190} INFO - [2025-04-13T00:30:29.519+0000] {dagbag.py:588} INFO - Filling up the DagBag from /home/airflow/.local/lib/python3.12/site-packages/airflow/example_dags/tutorial_objectstorage.py
[2025-04-13T00:30:29.528+0000] {processor.py:925} INFO - DAG(s) 'tutorial_objectstorage' retrieved from /home/airflow/.local/lib/python3.12/site-packages/airflow/example_dags/tutorial_objectstorage.py
[2025-04-13T00:30:29.547+0000] {logging_mixin.py:190} INFO - [2025-04-13T00:30:29.546+0000] {dag.py:3239} INFO - Sync 1 DAGs
[2025-04-13T00:30:29.559+0000] {logging_mixin.py:190} INFO - [2025-04-13T00:30:29.559+0000] {dag.py:4180} INFO - Setting next_dagrun for tutorial_objectstorage to None, run_after=None
[2025-04-13T00:30:29.574+0000] {processor.py:208} INFO - Processing /home/airflow/.local/lib/python3.12/site-packages/airflow/example_dags/tutorial_objectstorage.py took 0.062 seconds
[2025-04-13T00:31:00.755+0000] {processor.py:186} INFO - Started process (PID=10195) to work on /home/airflow/.local/lib/python3.12/site-packages/airflow/example_dags/tutorial_objectstorage.py
[2025-04-13T00:31:00.756+0000] {processor.py:914} INFO - Processing file /home/airflow/.local/lib/python3.12/site-packages/airflow/example_dags/tutorial_objectstorage.py for tasks to queue
[2025-04-13T00:31:00.757+0000] {logging_mixin.py:190} INFO - [2025-04-13T00:31:00.757+0000] {dagbag.py:588} INFO - Filling up the DagBag from /home/airflow/.local/lib/python3.12/site-packages/airflow/example_dags/tutorial_objectstorage.py
[2025-04-13T00:31:00.766+0000] {processor.py:925} INFO - DAG(s) 'tutorial_objectstorage' retrieved from /home/airflow/.local/lib/python3.12/site-packages/airflow/example_dags/tutorial_objectstorage.py
[2025-04-13T00:31:00.785+0000] {logging_mixin.py:190} INFO - [2025-04-13T00:31:00.785+0000] {dag.py:3239} INFO - Sync 1 DAGs
[2025-04-13T00:31:00.799+0000] {logging_mixin.py:190} INFO - [2025-04-13T00:31:00.798+0000] {dag.py:4180} INFO - Setting next_dagrun for tutorial_objectstorage to None, run_after=None
[2025-04-13T00:31:00.817+0000] {processor.py:208} INFO - Processing /home/airflow/.local/lib/python3.12/site-packages/airflow/example_dags/tutorial_objectstorage.py took 0.067 seconds
[2025-04-13T00:31:32.289+0000] {processor.py:186} INFO - Started process (PID=10270) to work on /home/airflow/.local/lib/python3.12/site-packages/airflow/example_dags/tutorial_objectstorage.py
[2025-04-13T00:31:32.290+0000] {processor.py:914} INFO - Processing file /home/airflow/.local/lib/python3.12/site-packages/airflow/example_dags/tutorial_objectstorage.py for tasks to queue
[2025-04-13T00:31:32.291+0000] {logging_mixin.py:190} INFO - [2025-04-13T00:31:32.291+0000] {dagbag.py:588} INFO - Filling up the DagBag from /home/airflow/.local/lib/python3.12/site-packages/airflow/example_dags/tutorial_objectstorage.py
[2025-04-13T00:31:32.299+0000] {processor.py:925} INFO - DAG(s) 'tutorial_objectstorage' retrieved from /home/airflow/.local/lib/python3.12/site-packages/airflow/example_dags/tutorial_objectstorage.py
[2025-04-13T00:31:32.318+0000] {logging_mixin.py:190} INFO - [2025-04-13T00:31:32.317+0000] {dag.py:3239} INFO - Sync 1 DAGs
[2025-04-13T00:31:32.331+0000] {logging_mixin.py:190} INFO - [2025-04-13T00:31:32.331+0000] {dag.py:4180} INFO - Setting next_dagrun for tutorial_objectstorage to None, run_after=None
[2025-04-13T00:31:32.348+0000] {processor.py:208} INFO - Processing /home/airflow/.local/lib/python3.12/site-packages/airflow/example_dags/tutorial_objectstorage.py took 0.064 seconds
[2025-04-13T00:32:03.392+0000] {processor.py:186} INFO - Started process (PID=10339) to work on /home/airflow/.local/lib/python3.12/site-packages/airflow/example_dags/tutorial_objectstorage.py
[2025-04-13T00:32:03.393+0000] {processor.py:914} INFO - Processing file /home/airflow/.local/lib/python3.12/site-packages/airflow/example_dags/tutorial_objectstorage.py for tasks to queue
[2025-04-13T00:32:03.394+0000] {logging_mixin.py:190} INFO - [2025-04-13T00:32:03.394+0000] {dagbag.py:588} INFO - Filling up the DagBag from /home/airflow/.local/lib/python3.12/site-packages/airflow/example_dags/tutorial_objectstorage.py
[2025-04-13T00:32:03.402+0000] {processor.py:925} INFO - DAG(s) 'tutorial_objectstorage' retrieved from /home/airflow/.local/lib/python3.12/site-packages/airflow/example_dags/tutorial_objectstorage.py
[2025-04-13T00:32:03.420+0000] {logging_mixin.py:190} INFO - [2025-04-13T00:32:03.420+0000] {dag.py:3239} INFO - Sync 1 DAGs
[2025-04-13T00:32:03.434+0000] {logging_mixin.py:190} INFO - [2025-04-13T00:32:03.433+0000] {dag.py:4180} INFO - Setting next_dagrun for tutorial_objectstorage to None, run_after=None
[2025-04-13T00:32:03.449+0000] {processor.py:208} INFO - Processing /home/airflow/.local/lib/python3.12/site-packages/airflow/example_dags/tutorial_objectstorage.py took 0.062 seconds
