[2025-03-02T23:27:19.692+0000] {local_task_job_runner.py:123} INFO - ::group::Pre task execution logs
[2025-03-02T23:27:19.705+0000] {taskinstance.py:2614} INFO - Dependencies all met for dep_context=non-requeueable deps ti=<TaskInstance: scraping_pipeline_gcs.dvc_push manual__2025-03-02T23:26:49.997529+00:00 [queued]>
[2025-03-02T23:27:19.711+0000] {taskinstance.py:2614} INFO - Dependencies all met for dep_context=requeueable deps ti=<TaskInstance: scraping_pipeline_gcs.dvc_push manual__2025-03-02T23:26:49.997529+00:00 [queued]>
[2025-03-02T23:27:19.712+0000] {taskinstance.py:2867} INFO - Starting attempt 1 of 3
[2025-03-02T23:27:19.720+0000] {taskinstance.py:2890} INFO - Executing <Task(PythonOperator): dvc_push> on 2025-03-02 23:26:49.997529+00:00
[2025-03-02T23:27:19.736+0000] {warnings.py:112} WARNING - /home/***/.local/lib/python3.12/site-packages/***/task/task_runner/standard_task_runner.py:70: DeprecationWarning: This process (pid=2140) is multi-threaded, use of fork() may lead to deadlocks in the child.
  pid = os.fork()

[2025-03-02T23:27:19.738+0000] {standard_task_runner.py:72} INFO - Started process 2142 to run task
[2025-03-02T23:27:19.739+0000] {standard_task_runner.py:104} INFO - Running: ['***', 'tasks', 'run', 'scraping_pipeline_gcs', 'dvc_push', 'manual__2025-03-02T23:26:49.997529+00:00', '--job-id', '201', '--raw', '--subdir', 'DAGS_FOLDER/dag.py', '--cfg-path', '/tmp/tmpw4a3bju8']
[2025-03-02T23:27:19.740+0000] {standard_task_runner.py:105} INFO - Job 201: Subtask dvc_push
[2025-03-02T23:27:19.779+0000] {task_command.py:467} INFO - Running <TaskInstance: scraping_pipeline_gcs.dvc_push manual__2025-03-02T23:26:49.997529+00:00 [running]> on host 5e87a20f9330
[2025-03-02T23:27:19.824+0000] {taskinstance.py:3134} INFO - Exporting env vars: AIRFLOW_CTX_DAG_OWNER='***' AIRFLOW_CTX_DAG_ID='scraping_pipeline_gcs' AIRFLOW_CTX_TASK_ID='dvc_push' AIRFLOW_CTX_EXECUTION_DATE='2025-03-02T23:26:49.997529+00:00' AIRFLOW_CTX_TRY_NUMBER='1' AIRFLOW_CTX_DAG_RUN_ID='manual__2025-03-02T23:26:49.997529+00:00'
[2025-03-02T23:27:19.825+0000] {logging_mixin.py:190} INFO - Task instance is in running state
[2025-03-02T23:27:19.825+0000] {logging_mixin.py:190} INFO -  Previous state of the Task instance: queued
[2025-03-02T23:27:19.825+0000] {logging_mixin.py:190} INFO - Current task name:dvc_push state:running start_date:2025-03-02 23:27:19.706316+00:00
[2025-03-02T23:27:19.826+0000] {logging_mixin.py:190} INFO - Dag name:scraping_pipeline_gcs and current dag run status:running
[2025-03-02T23:27:19.826+0000] {taskinstance.py:732} INFO - ::endgroup::
[2025-03-02T23:27:27.168+0000] {dag.py:77} INFO - ✅ DVC successfully tracked and pushed data to GCS.
[2025-03-02T23:27:27.222+0000] {python.py:240} INFO - Done. Returned value was: None
[2025-03-02T23:27:27.490+0000] {taskinstance.py:341} INFO - ::group::Post task execution logs
[2025-03-02T23:27:27.520+0000] {taskinstance.py:353} INFO - Marking task as SUCCESS. dag_id=scraping_pipeline_gcs, task_id=dvc_push, run_id=manual__2025-03-02T23:26:49.997529+00:00, execution_date=20250302T232649, start_date=20250302T232719, end_date=20250302T232727
[2025-03-02T23:27:27.763+0000] {logging_mixin.py:190} INFO - Task instance in success state
[2025-03-02T23:27:27.770+0000] {logging_mixin.py:190} INFO -  Previous state of the Task instance: running
[2025-03-02T23:27:27.771+0000] {logging_mixin.py:190} INFO - Dag name:scraping_pipeline_gcs queued_at:2025-03-02 23:26:50.058971+00:00
[2025-03-02T23:27:27.772+0000] {logging_mixin.py:190} INFO - Task hostname:5e87a20f9330 operator:PythonOperator
[2025-03-02T23:27:27.891+0000] {local_task_job_runner.py:266} INFO - Task exited with return code 0
[2025-03-02T23:27:28.397+0000] {taskinstance.py:3901} INFO - 1 downstream tasks scheduled from follow-on schedule check
[2025-03-02T23:27:28.413+0000] {local_task_job_runner.py:245} INFO - ::endgroup::
