[2025-03-03T02:32:16.586+0000] {local_task_job_runner.py:123} INFO - ::group::Pre task execution logs
[2025-03-03T02:32:16.606+0000] {taskinstance.py:2614} INFO - Dependencies all met for dep_context=non-requeueable deps ti=<TaskInstance: scraping_pipeline_gcs.set_env_vars scheduled__2025-03-02T00:00:00+00:00 [queued]>
[2025-03-03T02:32:16.615+0000] {taskinstance.py:2614} INFO - Dependencies all met for dep_context=requeueable deps ti=<TaskInstance: scraping_pipeline_gcs.set_env_vars scheduled__2025-03-02T00:00:00+00:00 [queued]>
[2025-03-03T02:32:16.615+0000] {taskinstance.py:2867} INFO - Starting attempt 1 of 3
[2025-03-03T02:32:16.631+0000] {taskinstance.py:2890} INFO - Executing <Task(BashOperator): set_env_vars> on 2025-03-02 00:00:00+00:00
[2025-03-03T02:32:16.642+0000] {warnings.py:112} WARNING - /home/***/.local/lib/python3.12/site-packages/***/task/task_runner/standard_task_runner.py:70: DeprecationWarning: This process (pid=199) is multi-threaded, use of fork() may lead to deadlocks in the child.
  pid = os.fork()

[2025-03-03T02:32:16.644+0000] {standard_task_runner.py:72} INFO - Started process 224 to run task
[2025-03-03T02:32:16.644+0000] {standard_task_runner.py:104} INFO - Running: ['***', 'tasks', 'run', 'scraping_pipeline_gcs', 'set_env_vars', 'scheduled__2025-03-02T00:00:00+00:00', '--job-id', '8', '--raw', '--subdir', 'DAGS_FOLDER/dag.py', '--cfg-path', '/tmp/tmpl0b6vw2c']
[2025-03-03T02:32:16.645+0000] {standard_task_runner.py:105} INFO - Job 8: Subtask set_env_vars
[2025-03-03T02:32:16.707+0000] {task_command.py:467} INFO - Running <TaskInstance: scraping_pipeline_gcs.set_env_vars scheduled__2025-03-02T00:00:00+00:00 [running]> on host 672a2cd6a90a
[2025-03-03T02:32:16.822+0000] {taskinstance.py:3134} INFO - Exporting env vars: AIRFLOW_CTX_DAG_OWNER='***' AIRFLOW_CTX_DAG_ID='scraping_pipeline_gcs' AIRFLOW_CTX_TASK_ID='set_env_vars' AIRFLOW_CTX_EXECUTION_DATE='2025-03-02T00:00:00+00:00' AIRFLOW_CTX_TRY_NUMBER='1' AIRFLOW_CTX_DAG_RUN_ID='scheduled__2025-03-02T00:00:00+00:00'
[2025-03-03T02:32:16.824+0000] {logging_mixin.py:190} INFO - Task instance is in running state
[2025-03-03T02:32:16.824+0000] {logging_mixin.py:190} INFO -  Previous state of the Task instance: queued
[2025-03-03T02:32:16.825+0000] {logging_mixin.py:190} INFO - Current task name:set_env_vars state:running start_date:2025-03-03 02:32:16.606699+00:00
[2025-03-03T02:32:16.825+0000] {logging_mixin.py:190} INFO - Dag name:scraping_pipeline_gcs and current dag run status:running
[2025-03-03T02:32:16.826+0000] {taskinstance.py:732} INFO - ::endgroup::
[2025-03-03T02:32:16.827+0000] {subprocess.py:78} INFO - Tmp dir root location: /tmp
[2025-03-03T02:32:16.829+0000] {subprocess.py:88} INFO - Running command: ['/usr/bin/bash', '-c', 'export GOOGLE_APPLICATION_CREDENTIALS=/opt/***/dags/src/gcs_creds.json']
[2025-03-03T02:32:16.852+0000] {subprocess.py:99} INFO - Output:
[2025-03-03T02:32:16.854+0000] {subprocess.py:110} INFO - Command exited with return code 0
[2025-03-03T02:32:16.884+0000] {taskinstance.py:341} INFO - ::group::Post task execution logs
[2025-03-03T02:32:16.885+0000] {taskinstance.py:353} INFO - Marking task as SUCCESS. dag_id=scraping_pipeline_gcs, task_id=set_env_vars, run_id=scheduled__2025-03-02T00:00:00+00:00, execution_date=20250302T000000, start_date=20250303T023216, end_date=20250303T023216
[2025-03-03T02:32:16.915+0000] {logging_mixin.py:190} INFO - Task instance in success state
[2025-03-03T02:32:16.915+0000] {logging_mixin.py:190} INFO -  Previous state of the Task instance: running
[2025-03-03T02:32:16.916+0000] {logging_mixin.py:190} INFO - Dag name:scraping_pipeline_gcs queued_at:2025-03-03 02:32:09.979322+00:00
[2025-03-03T02:32:16.916+0000] {logging_mixin.py:190} INFO - Task hostname:672a2cd6a90a operator:BashOperator
[2025-03-03T02:32:16.939+0000] {local_task_job_runner.py:266} INFO - Task exited with return code 0
[2025-03-03T02:32:16.949+0000] {local_task_job_runner.py:245} INFO - ::endgroup::
