[2025-04-13T00:29:52.543+0000] {processor.py:186} INFO - Started process (PID=10942) to work on /home/airflow/.local/lib/python3.12/site-packages/airflow/example_dags/example_bash_operator.py
[2025-04-13T00:29:52.544+0000] {processor.py:914} INFO - Processing file /home/airflow/.local/lib/python3.12/site-packages/airflow/example_dags/example_bash_operator.py for tasks to queue
[2025-04-13T00:29:52.545+0000] {logging_mixin.py:190} INFO - [2025-04-13T00:29:52.545+0000] {dagbag.py:588} INFO - Filling up the DagBag from /home/airflow/.local/lib/python3.12/site-packages/airflow/example_dags/example_bash_operator.py
[2025-04-13T00:29:52.558+0000] {processor.py:925} INFO - DAG(s) 'example_bash_operator' retrieved from /home/airflow/.local/lib/python3.12/site-packages/airflow/example_dags/example_bash_operator.py
[2025-04-13T00:29:52.674+0000] {logging_mixin.py:190} INFO - [2025-04-13T00:29:52.674+0000] {dag.py:3239} INFO - Sync 1 DAGs
[2025-04-13T00:29:52.697+0000] {logging_mixin.py:190} INFO - [2025-04-13T00:29:52.697+0000] {dag.py:4180} INFO - Setting next_dagrun for example_bash_operator to 2025-04-12 00:00:00+00:00, run_after=2025-04-13 00:00:00+00:00
[2025-04-13T00:29:52.713+0000] {processor.py:208} INFO - Processing /home/airflow/.local/lib/python3.12/site-packages/airflow/example_dags/example_bash_operator.py took 0.175 seconds
[2025-04-13T00:30:23.497+0000] {processor.py:186} INFO - Started process (PID=11006) to work on /home/airflow/.local/lib/python3.12/site-packages/airflow/example_dags/example_bash_operator.py
[2025-04-13T00:30:23.497+0000] {processor.py:914} INFO - Processing file /home/airflow/.local/lib/python3.12/site-packages/airflow/example_dags/example_bash_operator.py for tasks to queue
[2025-04-13T00:30:23.499+0000] {logging_mixin.py:190} INFO - [2025-04-13T00:30:23.498+0000] {dagbag.py:588} INFO - Filling up the DagBag from /home/airflow/.local/lib/python3.12/site-packages/airflow/example_dags/example_bash_operator.py
[2025-04-13T00:30:23.512+0000] {processor.py:925} INFO - DAG(s) 'example_bash_operator' retrieved from /home/airflow/.local/lib/python3.12/site-packages/airflow/example_dags/example_bash_operator.py
[2025-04-13T00:30:23.544+0000] {logging_mixin.py:190} INFO - [2025-04-13T00:30:23.544+0000] {dag.py:3239} INFO - Sync 1 DAGs
[2025-04-13T00:30:23.571+0000] {logging_mixin.py:190} INFO - [2025-04-13T00:30:23.570+0000] {dag.py:4180} INFO - Setting next_dagrun for example_bash_operator to 2025-04-12 00:00:00+00:00, run_after=2025-04-13 00:00:00+00:00
[2025-04-13T00:30:23.589+0000] {processor.py:208} INFO - Processing /home/airflow/.local/lib/python3.12/site-packages/airflow/example_dags/example_bash_operator.py took 0.097 seconds
[2025-04-13T00:30:54.174+0000] {processor.py:186} INFO - Started process (PID=11070) to work on /home/airflow/.local/lib/python3.12/site-packages/airflow/example_dags/example_bash_operator.py
[2025-04-13T00:30:54.175+0000] {processor.py:914} INFO - Processing file /home/airflow/.local/lib/python3.12/site-packages/airflow/example_dags/example_bash_operator.py for tasks to queue
[2025-04-13T00:30:54.176+0000] {logging_mixin.py:190} INFO - [2025-04-13T00:30:54.175+0000] {dagbag.py:588} INFO - Filling up the DagBag from /home/airflow/.local/lib/python3.12/site-packages/airflow/example_dags/example_bash_operator.py
[2025-04-13T00:30:54.188+0000] {processor.py:925} INFO - DAG(s) 'example_bash_operator' retrieved from /home/airflow/.local/lib/python3.12/site-packages/airflow/example_dags/example_bash_operator.py
[2025-04-13T00:30:54.217+0000] {logging_mixin.py:190} INFO - [2025-04-13T00:30:54.217+0000] {dag.py:3239} INFO - Sync 1 DAGs
[2025-04-13T00:30:54.241+0000] {logging_mixin.py:190} INFO - [2025-04-13T00:30:54.241+0000] {dag.py:4180} INFO - Setting next_dagrun for example_bash_operator to 2025-04-12 00:00:00+00:00, run_after=2025-04-13 00:00:00+00:00
[2025-04-13T00:30:54.257+0000] {processor.py:208} INFO - Processing /home/airflow/.local/lib/python3.12/site-packages/airflow/example_dags/example_bash_operator.py took 0.089 seconds
[2025-04-13T00:31:24.703+0000] {processor.py:186} INFO - Started process (PID=11134) to work on /home/airflow/.local/lib/python3.12/site-packages/airflow/example_dags/example_bash_operator.py
[2025-04-13T00:31:24.704+0000] {processor.py:914} INFO - Processing file /home/airflow/.local/lib/python3.12/site-packages/airflow/example_dags/example_bash_operator.py for tasks to queue
[2025-04-13T00:31:24.705+0000] {logging_mixin.py:190} INFO - [2025-04-13T00:31:24.705+0000] {dagbag.py:588} INFO - Filling up the DagBag from /home/airflow/.local/lib/python3.12/site-packages/airflow/example_dags/example_bash_operator.py
[2025-04-13T00:31:24.717+0000] {processor.py:925} INFO - DAG(s) 'example_bash_operator' retrieved from /home/airflow/.local/lib/python3.12/site-packages/airflow/example_dags/example_bash_operator.py
[2025-04-13T00:31:24.742+0000] {logging_mixin.py:190} INFO - [2025-04-13T00:31:24.741+0000] {dag.py:3239} INFO - Sync 1 DAGs
[2025-04-13T00:31:24.763+0000] {logging_mixin.py:190} INFO - [2025-04-13T00:31:24.763+0000] {dag.py:4180} INFO - Setting next_dagrun for example_bash_operator to 2025-04-12 00:00:00+00:00, run_after=2025-04-13 00:00:00+00:00
[2025-04-13T00:31:24.779+0000] {processor.py:208} INFO - Processing /home/airflow/.local/lib/python3.12/site-packages/airflow/example_dags/example_bash_operator.py took 0.082 seconds
[2025-04-13T00:31:55.435+0000] {processor.py:186} INFO - Started process (PID=11199) to work on /home/airflow/.local/lib/python3.12/site-packages/airflow/example_dags/example_bash_operator.py
[2025-04-13T00:31:55.436+0000] {processor.py:914} INFO - Processing file /home/airflow/.local/lib/python3.12/site-packages/airflow/example_dags/example_bash_operator.py for tasks to queue
[2025-04-13T00:31:55.437+0000] {logging_mixin.py:190} INFO - [2025-04-13T00:31:55.437+0000] {dagbag.py:588} INFO - Filling up the DagBag from /home/airflow/.local/lib/python3.12/site-packages/airflow/example_dags/example_bash_operator.py
[2025-04-13T00:31:55.450+0000] {processor.py:925} INFO - DAG(s) 'example_bash_operator' retrieved from /home/airflow/.local/lib/python3.12/site-packages/airflow/example_dags/example_bash_operator.py
[2025-04-13T00:31:55.478+0000] {logging_mixin.py:190} INFO - [2025-04-13T00:31:55.478+0000] {dag.py:3239} INFO - Sync 1 DAGs
[2025-04-13T00:31:55.504+0000] {logging_mixin.py:190} INFO - [2025-04-13T00:31:55.504+0000] {dag.py:4180} INFO - Setting next_dagrun for example_bash_operator to 2025-04-12 00:00:00+00:00, run_after=2025-04-13 00:00:00+00:00
[2025-04-13T00:31:55.524+0000] {processor.py:208} INFO - Processing /home/airflow/.local/lib/python3.12/site-packages/airflow/example_dags/example_bash_operator.py took 0.094 seconds
