[2025-04-13T00:29:49.679+0000] {processor.py:186} INFO - Started process (PID=10922) to work on /home/airflow/.local/lib/python3.12/site-packages/airflow/example_dags/example_branch_python_dop_operator_3.py
[2025-04-13T00:29:49.680+0000] {processor.py:914} INFO - Processing file /home/airflow/.local/lib/python3.12/site-packages/airflow/example_dags/example_branch_python_dop_operator_3.py for tasks to queue
[2025-04-13T00:29:49.681+0000] {logging_mixin.py:190} INFO - [2025-04-13T00:29:49.680+0000] {dagbag.py:588} INFO - Filling up the DagBag from /home/airflow/.local/lib/python3.12/site-packages/airflow/example_dags/example_branch_python_dop_operator_3.py
[2025-04-13T00:29:49.690+0000] {processor.py:925} INFO - DAG(s) 'example_branch_dop_operator_v3' retrieved from /home/airflow/.local/lib/python3.12/site-packages/airflow/example_dags/example_branch_python_dop_operator_3.py
[2025-04-13T00:29:49.794+0000] {logging_mixin.py:190} INFO - [2025-04-13T00:29:49.794+0000] {dag.py:3239} INFO - Sync 1 DAGs
[2025-04-13T00:29:49.820+0000] {logging_mixin.py:190} INFO - [2025-04-13T00:29:49.820+0000] {dag.py:4180} INFO - Setting next_dagrun for example_branch_dop_operator_v3 to 2025-04-13 00:28:00+00:00, run_after=2025-04-13 00:29:00+00:00
[2025-04-13T00:29:49.839+0000] {processor.py:208} INFO - Processing /home/airflow/.local/lib/python3.12/site-packages/airflow/example_dags/example_branch_python_dop_operator_3.py took 0.165 seconds
[2025-04-13T00:30:19.894+0000] {processor.py:186} INFO - Started process (PID=10986) to work on /home/airflow/.local/lib/python3.12/site-packages/airflow/example_dags/example_branch_python_dop_operator_3.py
[2025-04-13T00:30:19.895+0000] {processor.py:914} INFO - Processing file /home/airflow/.local/lib/python3.12/site-packages/airflow/example_dags/example_branch_python_dop_operator_3.py for tasks to queue
[2025-04-13T00:30:19.896+0000] {logging_mixin.py:190} INFO - [2025-04-13T00:30:19.895+0000] {dagbag.py:588} INFO - Filling up the DagBag from /home/airflow/.local/lib/python3.12/site-packages/airflow/example_dags/example_branch_python_dop_operator_3.py
[2025-04-13T00:30:19.905+0000] {processor.py:925} INFO - DAG(s) 'example_branch_dop_operator_v3' retrieved from /home/airflow/.local/lib/python3.12/site-packages/airflow/example_dags/example_branch_python_dop_operator_3.py
[2025-04-13T00:30:19.924+0000] {logging_mixin.py:190} INFO - [2025-04-13T00:30:19.924+0000] {dag.py:3239} INFO - Sync 1 DAGs
[2025-04-13T00:30:19.952+0000] {logging_mixin.py:190} INFO - [2025-04-13T00:30:19.951+0000] {dag.py:4180} INFO - Setting next_dagrun for example_branch_dop_operator_v3 to 2025-04-13 00:29:00+00:00, run_after=2025-04-13 00:30:00+00:00
[2025-04-13T00:30:19.970+0000] {processor.py:208} INFO - Processing /home/airflow/.local/lib/python3.12/site-packages/airflow/example_dags/example_branch_python_dop_operator_3.py took 0.082 seconds
[2025-04-13T00:30:50.298+0000] {processor.py:186} INFO - Started process (PID=11050) to work on /home/airflow/.local/lib/python3.12/site-packages/airflow/example_dags/example_branch_python_dop_operator_3.py
[2025-04-13T00:30:50.299+0000] {processor.py:914} INFO - Processing file /home/airflow/.local/lib/python3.12/site-packages/airflow/example_dags/example_branch_python_dop_operator_3.py for tasks to queue
[2025-04-13T00:30:50.300+0000] {logging_mixin.py:190} INFO - [2025-04-13T00:30:50.300+0000] {dagbag.py:588} INFO - Filling up the DagBag from /home/airflow/.local/lib/python3.12/site-packages/airflow/example_dags/example_branch_python_dop_operator_3.py
[2025-04-13T00:30:50.310+0000] {processor.py:925} INFO - DAG(s) 'example_branch_dop_operator_v3' retrieved from /home/airflow/.local/lib/python3.12/site-packages/airflow/example_dags/example_branch_python_dop_operator_3.py
[2025-04-13T00:30:50.329+0000] {logging_mixin.py:190} INFO - [2025-04-13T00:30:50.328+0000] {dag.py:3239} INFO - Sync 1 DAGs
[2025-04-13T00:30:50.358+0000] {logging_mixin.py:190} INFO - [2025-04-13T00:30:50.358+0000] {dag.py:4180} INFO - Setting next_dagrun for example_branch_dop_operator_v3 to 2025-04-13 00:29:00+00:00, run_after=2025-04-13 00:30:00+00:00
[2025-04-13T00:30:50.380+0000] {processor.py:208} INFO - Processing /home/airflow/.local/lib/python3.12/site-packages/airflow/example_dags/example_branch_python_dop_operator_3.py took 0.088 seconds
[2025-04-13T00:31:20.851+0000] {processor.py:186} INFO - Started process (PID=11114) to work on /home/airflow/.local/lib/python3.12/site-packages/airflow/example_dags/example_branch_python_dop_operator_3.py
[2025-04-13T00:31:20.851+0000] {processor.py:914} INFO - Processing file /home/airflow/.local/lib/python3.12/site-packages/airflow/example_dags/example_branch_python_dop_operator_3.py for tasks to queue
[2025-04-13T00:31:20.853+0000] {logging_mixin.py:190} INFO - [2025-04-13T00:31:20.852+0000] {dagbag.py:588} INFO - Filling up the DagBag from /home/airflow/.local/lib/python3.12/site-packages/airflow/example_dags/example_branch_python_dop_operator_3.py
[2025-04-13T00:31:20.863+0000] {processor.py:925} INFO - DAG(s) 'example_branch_dop_operator_v3' retrieved from /home/airflow/.local/lib/python3.12/site-packages/airflow/example_dags/example_branch_python_dop_operator_3.py
[2025-04-13T00:31:20.882+0000] {logging_mixin.py:190} INFO - [2025-04-13T00:31:20.881+0000] {dag.py:3239} INFO - Sync 1 DAGs
[2025-04-13T00:31:20.907+0000] {logging_mixin.py:190} INFO - [2025-04-13T00:31:20.907+0000] {dag.py:4180} INFO - Setting next_dagrun for example_branch_dop_operator_v3 to 2025-04-13 00:30:00+00:00, run_after=2025-04-13 00:31:00+00:00
[2025-04-13T00:31:20.925+0000] {processor.py:208} INFO - Processing /home/airflow/.local/lib/python3.12/site-packages/airflow/example_dags/example_branch_python_dop_operator_3.py took 0.079 seconds
[2025-04-13T00:31:51.456+0000] {processor.py:186} INFO - Started process (PID=11178) to work on /home/airflow/.local/lib/python3.12/site-packages/airflow/example_dags/example_branch_python_dop_operator_3.py
[2025-04-13T00:31:51.456+0000] {processor.py:914} INFO - Processing file /home/airflow/.local/lib/python3.12/site-packages/airflow/example_dags/example_branch_python_dop_operator_3.py for tasks to queue
[2025-04-13T00:31:51.458+0000] {logging_mixin.py:190} INFO - [2025-04-13T00:31:51.458+0000] {dagbag.py:588} INFO - Filling up the DagBag from /home/airflow/.local/lib/python3.12/site-packages/airflow/example_dags/example_branch_python_dop_operator_3.py
[2025-04-13T00:31:51.467+0000] {processor.py:925} INFO - DAG(s) 'example_branch_dop_operator_v3' retrieved from /home/airflow/.local/lib/python3.12/site-packages/airflow/example_dags/example_branch_python_dop_operator_3.py
[2025-04-13T00:31:51.486+0000] {logging_mixin.py:190} INFO - [2025-04-13T00:31:51.485+0000] {dag.py:3239} INFO - Sync 1 DAGs
[2025-04-13T00:31:51.511+0000] {logging_mixin.py:190} INFO - [2025-04-13T00:31:51.511+0000] {dag.py:4180} INFO - Setting next_dagrun for example_branch_dop_operator_v3 to 2025-04-13 00:30:00+00:00, run_after=2025-04-13 00:31:00+00:00
[2025-04-13T00:31:51.528+0000] {processor.py:208} INFO - Processing /home/airflow/.local/lib/python3.12/site-packages/airflow/example_dags/example_branch_python_dop_operator_3.py took 0.077 seconds
