[2025-04-13T00:29:50.929+0000] {processor.py:186} INFO - Started process (PID=10931) to work on /home/airflow/.local/lib/python3.12/site-packages/airflow/example_dags/example_sensors.py
[2025-04-13T00:29:50.930+0000] {processor.py:914} INFO - Processing file /home/airflow/.local/lib/python3.12/site-packages/airflow/example_dags/example_sensors.py for tasks to queue
[2025-04-13T00:29:50.931+0000] {logging_mixin.py:190} INFO - [2025-04-13T00:29:50.931+0000] {dagbag.py:588} INFO - Filling up the DagBag from /home/airflow/.local/lib/python3.12/site-packages/airflow/example_dags/example_sensors.py
[2025-04-13T00:29:50.943+0000] {processor.py:925} INFO - DAG(s) 'example_sensors' retrieved from /home/airflow/.local/lib/python3.12/site-packages/airflow/example_dags/example_sensors.py
[2025-04-13T00:29:51.062+0000] {logging_mixin.py:190} INFO - [2025-04-13T00:29:51.062+0000] {dag.py:3239} INFO - Sync 1 DAGs
[2025-04-13T00:29:51.074+0000] {logging_mixin.py:190} INFO - [2025-04-13T00:29:51.074+0000] {dag.py:4180} INFO - Setting next_dagrun for example_sensors to None, run_after=None
[2025-04-13T00:29:51.095+0000] {processor.py:208} INFO - Processing /home/airflow/.local/lib/python3.12/site-packages/airflow/example_dags/example_sensors.py took 0.172 seconds
[2025-04-13T00:30:21.810+0000] {processor.py:186} INFO - Started process (PID=10995) to work on /home/airflow/.local/lib/python3.12/site-packages/airflow/example_dags/example_sensors.py
[2025-04-13T00:30:21.811+0000] {processor.py:914} INFO - Processing file /home/airflow/.local/lib/python3.12/site-packages/airflow/example_dags/example_sensors.py for tasks to queue
[2025-04-13T00:30:21.812+0000] {logging_mixin.py:190} INFO - [2025-04-13T00:30:21.812+0000] {dagbag.py:588} INFO - Filling up the DagBag from /home/airflow/.local/lib/python3.12/site-packages/airflow/example_dags/example_sensors.py
[2025-04-13T00:30:21.823+0000] {processor.py:925} INFO - DAG(s) 'example_sensors' retrieved from /home/airflow/.local/lib/python3.12/site-packages/airflow/example_dags/example_sensors.py
[2025-04-13T00:30:21.852+0000] {logging_mixin.py:190} INFO - [2025-04-13T00:30:21.852+0000] {dag.py:3239} INFO - Sync 1 DAGs
[2025-04-13T00:30:21.868+0000] {logging_mixin.py:190} INFO - [2025-04-13T00:30:21.868+0000] {dag.py:4180} INFO - Setting next_dagrun for example_sensors to None, run_after=None
[2025-04-13T00:30:21.888+0000] {processor.py:208} INFO - Processing /home/airflow/.local/lib/python3.12/site-packages/airflow/example_dags/example_sensors.py took 0.083 seconds
[2025-04-13T00:30:52.461+0000] {processor.py:186} INFO - Started process (PID=11059) to work on /home/airflow/.local/lib/python3.12/site-packages/airflow/example_dags/example_sensors.py
[2025-04-13T00:30:52.462+0000] {processor.py:914} INFO - Processing file /home/airflow/.local/lib/python3.12/site-packages/airflow/example_dags/example_sensors.py for tasks to queue
[2025-04-13T00:30:52.463+0000] {logging_mixin.py:190} INFO - [2025-04-13T00:30:52.463+0000] {dagbag.py:588} INFO - Filling up the DagBag from /home/airflow/.local/lib/python3.12/site-packages/airflow/example_dags/example_sensors.py
[2025-04-13T00:30:52.475+0000] {processor.py:925} INFO - DAG(s) 'example_sensors' retrieved from /home/airflow/.local/lib/python3.12/site-packages/airflow/example_dags/example_sensors.py
[2025-04-13T00:30:52.500+0000] {logging_mixin.py:190} INFO - [2025-04-13T00:30:52.500+0000] {dag.py:3239} INFO - Sync 1 DAGs
[2025-04-13T00:30:52.515+0000] {logging_mixin.py:190} INFO - [2025-04-13T00:30:52.514+0000] {dag.py:4180} INFO - Setting next_dagrun for example_sensors to None, run_after=None
[2025-04-13T00:30:52.532+0000] {processor.py:208} INFO - Processing /home/airflow/.local/lib/python3.12/site-packages/airflow/example_dags/example_sensors.py took 0.076 seconds
[2025-04-13T00:31:23.060+0000] {processor.py:186} INFO - Started process (PID=11123) to work on /home/airflow/.local/lib/python3.12/site-packages/airflow/example_dags/example_sensors.py
[2025-04-13T00:31:23.061+0000] {processor.py:914} INFO - Processing file /home/airflow/.local/lib/python3.12/site-packages/airflow/example_dags/example_sensors.py for tasks to queue
[2025-04-13T00:31:23.062+0000] {logging_mixin.py:190} INFO - [2025-04-13T00:31:23.062+0000] {dagbag.py:588} INFO - Filling up the DagBag from /home/airflow/.local/lib/python3.12/site-packages/airflow/example_dags/example_sensors.py
[2025-04-13T00:31:23.073+0000] {processor.py:925} INFO - DAG(s) 'example_sensors' retrieved from /home/airflow/.local/lib/python3.12/site-packages/airflow/example_dags/example_sensors.py
[2025-04-13T00:31:23.098+0000] {logging_mixin.py:190} INFO - [2025-04-13T00:31:23.097+0000] {dag.py:3239} INFO - Sync 1 DAGs
[2025-04-13T00:31:23.111+0000] {logging_mixin.py:190} INFO - [2025-04-13T00:31:23.110+0000] {dag.py:4180} INFO - Setting next_dagrun for example_sensors to None, run_after=None
[2025-04-13T00:31:23.127+0000] {processor.py:208} INFO - Processing /home/airflow/.local/lib/python3.12/site-packages/airflow/example_dags/example_sensors.py took 0.072 seconds
[2025-04-13T00:31:53.465+0000] {processor.py:186} INFO - Started process (PID=11187) to work on /home/airflow/.local/lib/python3.12/site-packages/airflow/example_dags/example_sensors.py
[2025-04-13T00:31:53.466+0000] {processor.py:914} INFO - Processing file /home/airflow/.local/lib/python3.12/site-packages/airflow/example_dags/example_sensors.py for tasks to queue
[2025-04-13T00:31:53.468+0000] {logging_mixin.py:190} INFO - [2025-04-13T00:31:53.468+0000] {dagbag.py:588} INFO - Filling up the DagBag from /home/airflow/.local/lib/python3.12/site-packages/airflow/example_dags/example_sensors.py
[2025-04-13T00:31:53.481+0000] {processor.py:925} INFO - DAG(s) 'example_sensors' retrieved from /home/airflow/.local/lib/python3.12/site-packages/airflow/example_dags/example_sensors.py
[2025-04-13T00:31:53.513+0000] {logging_mixin.py:190} INFO - [2025-04-13T00:31:53.512+0000] {dag.py:3239} INFO - Sync 1 DAGs
[2025-04-13T00:31:53.530+0000] {logging_mixin.py:190} INFO - [2025-04-13T00:31:53.529+0000] {dag.py:4180} INFO - Setting next_dagrun for example_sensors to None, run_after=None
[2025-04-13T00:31:53.600+0000] {processor.py:208} INFO - Processing /home/airflow/.local/lib/python3.12/site-packages/airflow/example_dags/example_sensors.py took 0.142 seconds
