[2025-04-13T00:29:51.325+0000] {processor.py:186} INFO - Started process (PID=10934) to work on /home/airflow/.local/lib/python3.12/site-packages/airflow/example_dags/example_short_circuit_decorator.py
[2025-04-13T00:29:51.326+0000] {processor.py:914} INFO - Processing file /home/airflow/.local/lib/python3.12/site-packages/airflow/example_dags/example_short_circuit_decorator.py for tasks to queue
[2025-04-13T00:29:51.327+0000] {logging_mixin.py:190} INFO - [2025-04-13T00:29:51.327+0000] {dagbag.py:588} INFO - Filling up the DagBag from /home/airflow/.local/lib/python3.12/site-packages/airflow/example_dags/example_short_circuit_decorator.py
[2025-04-13T00:29:51.338+0000] {processor.py:925} INFO - DAG(s) 'example_short_circuit_decorator' retrieved from /home/airflow/.local/lib/python3.12/site-packages/airflow/example_dags/example_short_circuit_decorator.py
[2025-04-13T00:29:51.445+0000] {logging_mixin.py:190} INFO - [2025-04-13T00:29:51.444+0000] {dag.py:3239} INFO - Sync 1 DAGs
[2025-04-13T00:29:51.459+0000] {logging_mixin.py:190} INFO - [2025-04-13T00:29:51.459+0000] {dag.py:4180} INFO - Setting next_dagrun for example_short_circuit_decorator to None, run_after=None
[2025-04-13T00:29:51.476+0000] {processor.py:208} INFO - Processing /home/airflow/.local/lib/python3.12/site-packages/airflow/example_dags/example_short_circuit_decorator.py took 0.156 seconds
[2025-04-13T00:30:21.968+0000] {processor.py:186} INFO - Started process (PID=10998) to work on /home/airflow/.local/lib/python3.12/site-packages/airflow/example_dags/example_short_circuit_decorator.py
[2025-04-13T00:30:21.969+0000] {processor.py:914} INFO - Processing file /home/airflow/.local/lib/python3.12/site-packages/airflow/example_dags/example_short_circuit_decorator.py for tasks to queue
[2025-04-13T00:30:21.970+0000] {logging_mixin.py:190} INFO - [2025-04-13T00:30:21.970+0000] {dagbag.py:588} INFO - Filling up the DagBag from /home/airflow/.local/lib/python3.12/site-packages/airflow/example_dags/example_short_circuit_decorator.py
[2025-04-13T00:30:21.980+0000] {processor.py:925} INFO - DAG(s) 'example_short_circuit_decorator' retrieved from /home/airflow/.local/lib/python3.12/site-packages/airflow/example_dags/example_short_circuit_decorator.py
[2025-04-13T00:30:22.002+0000] {logging_mixin.py:190} INFO - [2025-04-13T00:30:22.002+0000] {dag.py:3239} INFO - Sync 1 DAGs
[2025-04-13T00:30:22.016+0000] {logging_mixin.py:190} INFO - [2025-04-13T00:30:22.016+0000] {dag.py:4180} INFO - Setting next_dagrun for example_short_circuit_decorator to None, run_after=None
[2025-04-13T00:30:22.034+0000] {processor.py:208} INFO - Processing /home/airflow/.local/lib/python3.12/site-packages/airflow/example_dags/example_short_circuit_decorator.py took 0.071 seconds
[2025-04-13T00:30:52.604+0000] {processor.py:186} INFO - Started process (PID=11062) to work on /home/airflow/.local/lib/python3.12/site-packages/airflow/example_dags/example_short_circuit_decorator.py
[2025-04-13T00:30:52.605+0000] {processor.py:914} INFO - Processing file /home/airflow/.local/lib/python3.12/site-packages/airflow/example_dags/example_short_circuit_decorator.py for tasks to queue
[2025-04-13T00:30:52.606+0000] {logging_mixin.py:190} INFO - [2025-04-13T00:30:52.606+0000] {dagbag.py:588} INFO - Filling up the DagBag from /home/airflow/.local/lib/python3.12/site-packages/airflow/example_dags/example_short_circuit_decorator.py
[2025-04-13T00:30:52.616+0000] {processor.py:925} INFO - DAG(s) 'example_short_circuit_decorator' retrieved from /home/airflow/.local/lib/python3.12/site-packages/airflow/example_dags/example_short_circuit_decorator.py
[2025-04-13T00:30:52.639+0000] {logging_mixin.py:190} INFO - [2025-04-13T00:30:52.639+0000] {dag.py:3239} INFO - Sync 1 DAGs
[2025-04-13T00:30:52.654+0000] {logging_mixin.py:190} INFO - [2025-04-13T00:30:52.654+0000] {dag.py:4180} INFO - Setting next_dagrun for example_short_circuit_decorator to None, run_after=None
[2025-04-13T00:30:52.671+0000] {processor.py:208} INFO - Processing /home/airflow/.local/lib/python3.12/site-packages/airflow/example_dags/example_short_circuit_decorator.py took 0.072 seconds
[2025-04-13T00:31:23.176+0000] {processor.py:186} INFO - Started process (PID=11126) to work on /home/airflow/.local/lib/python3.12/site-packages/airflow/example_dags/example_short_circuit_decorator.py
[2025-04-13T00:31:23.176+0000] {processor.py:914} INFO - Processing file /home/airflow/.local/lib/python3.12/site-packages/airflow/example_dags/example_short_circuit_decorator.py for tasks to queue
[2025-04-13T00:31:23.177+0000] {logging_mixin.py:190} INFO - [2025-04-13T00:31:23.177+0000] {dagbag.py:588} INFO - Filling up the DagBag from /home/airflow/.local/lib/python3.12/site-packages/airflow/example_dags/example_short_circuit_decorator.py
[2025-04-13T00:31:23.187+0000] {processor.py:925} INFO - DAG(s) 'example_short_circuit_decorator' retrieved from /home/airflow/.local/lib/python3.12/site-packages/airflow/example_dags/example_short_circuit_decorator.py
[2025-04-13T00:31:23.209+0000] {logging_mixin.py:190} INFO - [2025-04-13T00:31:23.209+0000] {dag.py:3239} INFO - Sync 1 DAGs
[2025-04-13T00:31:23.225+0000] {logging_mixin.py:190} INFO - [2025-04-13T00:31:23.225+0000] {dag.py:4180} INFO - Setting next_dagrun for example_short_circuit_decorator to None, run_after=None
[2025-04-13T00:31:23.242+0000] {processor.py:208} INFO - Processing /home/airflow/.local/lib/python3.12/site-packages/airflow/example_dags/example_short_circuit_decorator.py took 0.072 seconds
[2025-04-13T00:31:53.833+0000] {processor.py:186} INFO - Started process (PID=11190) to work on /home/airflow/.local/lib/python3.12/site-packages/airflow/example_dags/example_short_circuit_decorator.py
[2025-04-13T00:31:53.833+0000] {processor.py:914} INFO - Processing file /home/airflow/.local/lib/python3.12/site-packages/airflow/example_dags/example_short_circuit_decorator.py for tasks to queue
[2025-04-13T00:31:53.834+0000] {logging_mixin.py:190} INFO - [2025-04-13T00:31:53.834+0000] {dagbag.py:588} INFO - Filling up the DagBag from /home/airflow/.local/lib/python3.12/site-packages/airflow/example_dags/example_short_circuit_decorator.py
[2025-04-13T00:31:53.844+0000] {processor.py:925} INFO - DAG(s) 'example_short_circuit_decorator' retrieved from /home/airflow/.local/lib/python3.12/site-packages/airflow/example_dags/example_short_circuit_decorator.py
[2025-04-13T00:31:53.869+0000] {logging_mixin.py:190} INFO - [2025-04-13T00:31:53.869+0000] {dag.py:3239} INFO - Sync 1 DAGs
[2025-04-13T00:31:53.887+0000] {logging_mixin.py:190} INFO - [2025-04-13T00:31:53.886+0000] {dag.py:4180} INFO - Setting next_dagrun for example_short_circuit_decorator to None, run_after=None
[2025-04-13T00:31:53.905+0000] {processor.py:208} INFO - Processing /home/airflow/.local/lib/python3.12/site-packages/airflow/example_dags/example_short_circuit_decorator.py took 0.078 seconds
