[2025-04-13T00:29:50.910+0000] {processor.py:186} INFO - Started process (PID=10930) to work on /home/airflow/.local/lib/python3.12/site-packages/airflow/example_dags/example_subdag_operator.py
[2025-04-13T00:29:50.911+0000] {processor.py:914} INFO - Processing file /home/airflow/.local/lib/python3.12/site-packages/airflow/example_dags/example_subdag_operator.py for tasks to queue
[2025-04-13T00:29:50.913+0000] {logging_mixin.py:190} INFO - [2025-04-13T00:29:50.913+0000] {dagbag.py:588} INFO - Filling up the DagBag from /home/airflow/.local/lib/python3.12/site-packages/airflow/example_dags/example_subdag_operator.py
[2025-04-13T00:29:50.938+0000] {processor.py:925} INFO - DAG(s) 'example_subdag_operator.section-1', 'example_subdag_operator.section-2', 'example_subdag_operator' retrieved from /home/airflow/.local/lib/python3.12/site-packages/airflow/example_dags/example_subdag_operator.py
[2025-04-13T00:29:51.037+0000] {logging_mixin.py:190} INFO - [2025-04-13T00:29:51.036+0000] {dag.py:3239} INFO - Sync 3 DAGs
[2025-04-13T00:29:51.058+0000] {logging_mixin.py:190} INFO - [2025-04-13T00:29:51.058+0000] {dag.py:4180} INFO - Setting next_dagrun for example_subdag_operator to 2022-01-01 00:00:00+00:00, run_after=2022-01-01 00:00:00+00:00
[2025-04-13T00:29:51.062+0000] {logging_mixin.py:190} INFO - [2025-04-13T00:29:51.062+0000] {dag.py:4180} INFO - Setting next_dagrun for example_subdag_operator.section-1 to None, run_after=None
[2025-04-13T00:29:51.063+0000] {logging_mixin.py:190} INFO - [2025-04-13T00:29:51.063+0000] {dag.py:4180} INFO - Setting next_dagrun for example_subdag_operator.section-2 to None, run_after=None
[2025-04-13T00:29:51.071+0000] {logging_mixin.py:190} INFO - [2025-04-13T00:29:51.071+0000] {dag.py:3239} INFO - Sync 2 DAGs
[2025-04-13T00:29:51.077+0000] {logging_mixin.py:190} INFO - [2025-04-13T00:29:51.077+0000] {dag.py:4180} INFO - Setting next_dagrun for example_subdag_operator.section-1 to None, run_after=None
[2025-04-13T00:29:51.078+0000] {logging_mixin.py:190} INFO - [2025-04-13T00:29:51.078+0000] {dag.py:4180} INFO - Setting next_dagrun for example_subdag_operator.section-2 to None, run_after=None
[2025-04-13T00:29:51.090+0000] {processor.py:208} INFO - Processing /home/airflow/.local/lib/python3.12/site-packages/airflow/example_dags/example_subdag_operator.py took 0.185 seconds
[2025-04-13T00:30:21.728+0000] {processor.py:186} INFO - Started process (PID=10994) to work on /home/airflow/.local/lib/python3.12/site-packages/airflow/example_dags/example_subdag_operator.py
[2025-04-13T00:30:21.728+0000] {processor.py:914} INFO - Processing file /home/airflow/.local/lib/python3.12/site-packages/airflow/example_dags/example_subdag_operator.py for tasks to queue
[2025-04-13T00:30:21.730+0000] {logging_mixin.py:190} INFO - [2025-04-13T00:30:21.729+0000] {dagbag.py:588} INFO - Filling up the DagBag from /home/airflow/.local/lib/python3.12/site-packages/airflow/example_dags/example_subdag_operator.py
[2025-04-13T00:30:21.754+0000] {processor.py:925} INFO - DAG(s) 'example_subdag_operator.section-1', 'example_subdag_operator.section-2', 'example_subdag_operator' retrieved from /home/airflow/.local/lib/python3.12/site-packages/airflow/example_dags/example_subdag_operator.py
[2025-04-13T00:30:21.770+0000] {logging_mixin.py:190} INFO - [2025-04-13T00:30:21.770+0000] {dag.py:3239} INFO - Sync 3 DAGs
[2025-04-13T00:30:21.798+0000] {logging_mixin.py:190} INFO - [2025-04-13T00:30:21.798+0000] {dag.py:4180} INFO - Setting next_dagrun for example_subdag_operator to 2022-01-01 00:00:00+00:00, run_after=2022-01-01 00:00:00+00:00
[2025-04-13T00:30:21.803+0000] {logging_mixin.py:190} INFO - [2025-04-13T00:30:21.802+0000] {dag.py:4180} INFO - Setting next_dagrun for example_subdag_operator.section-1 to None, run_after=None
[2025-04-13T00:30:21.804+0000] {logging_mixin.py:190} INFO - [2025-04-13T00:30:21.804+0000] {dag.py:4180} INFO - Setting next_dagrun for example_subdag_operator.section-2 to None, run_after=None
[2025-04-13T00:30:21.812+0000] {logging_mixin.py:190} INFO - [2025-04-13T00:30:21.811+0000] {dag.py:3239} INFO - Sync 2 DAGs
[2025-04-13T00:30:21.817+0000] {logging_mixin.py:190} INFO - [2025-04-13T00:30:21.817+0000] {dag.py:4180} INFO - Setting next_dagrun for example_subdag_operator.section-1 to None, run_after=None
[2025-04-13T00:30:21.818+0000] {logging_mixin.py:190} INFO - [2025-04-13T00:30:21.817+0000] {dag.py:4180} INFO - Setting next_dagrun for example_subdag_operator.section-2 to None, run_after=None
[2025-04-13T00:30:21.829+0000] {processor.py:208} INFO - Processing /home/airflow/.local/lib/python3.12/site-packages/airflow/example_dags/example_subdag_operator.py took 0.107 seconds
[2025-04-13T00:30:52.373+0000] {processor.py:186} INFO - Started process (PID=11058) to work on /home/airflow/.local/lib/python3.12/site-packages/airflow/example_dags/example_subdag_operator.py
[2025-04-13T00:30:52.374+0000] {processor.py:914} INFO - Processing file /home/airflow/.local/lib/python3.12/site-packages/airflow/example_dags/example_subdag_operator.py for tasks to queue
[2025-04-13T00:30:52.375+0000] {logging_mixin.py:190} INFO - [2025-04-13T00:30:52.375+0000] {dagbag.py:588} INFO - Filling up the DagBag from /home/airflow/.local/lib/python3.12/site-packages/airflow/example_dags/example_subdag_operator.py
[2025-04-13T00:30:52.400+0000] {processor.py:925} INFO - DAG(s) 'example_subdag_operator.section-1', 'example_subdag_operator.section-2', 'example_subdag_operator' retrieved from /home/airflow/.local/lib/python3.12/site-packages/airflow/example_dags/example_subdag_operator.py
[2025-04-13T00:30:52.416+0000] {logging_mixin.py:190} INFO - [2025-04-13T00:30:52.416+0000] {dag.py:3239} INFO - Sync 3 DAGs
[2025-04-13T00:30:52.440+0000] {logging_mixin.py:190} INFO - [2025-04-13T00:30:52.440+0000] {dag.py:4180} INFO - Setting next_dagrun for example_subdag_operator to 2022-01-01 00:00:00+00:00, run_after=2022-01-01 00:00:00+00:00
[2025-04-13T00:30:52.443+0000] {logging_mixin.py:190} INFO - [2025-04-13T00:30:52.443+0000] {dag.py:4180} INFO - Setting next_dagrun for example_subdag_operator.section-1 to None, run_after=None
[2025-04-13T00:30:52.445+0000] {logging_mixin.py:190} INFO - [2025-04-13T00:30:52.445+0000] {dag.py:4180} INFO - Setting next_dagrun for example_subdag_operator.section-2 to None, run_after=None
[2025-04-13T00:30:52.452+0000] {logging_mixin.py:190} INFO - [2025-04-13T00:30:52.452+0000] {dag.py:3239} INFO - Sync 2 DAGs
[2025-04-13T00:30:52.457+0000] {logging_mixin.py:190} INFO - [2025-04-13T00:30:52.457+0000] {dag.py:4180} INFO - Setting next_dagrun for example_subdag_operator.section-1 to None, run_after=None
[2025-04-13T00:30:52.458+0000] {logging_mixin.py:190} INFO - [2025-04-13T00:30:52.458+0000] {dag.py:4180} INFO - Setting next_dagrun for example_subdag_operator.section-2 to None, run_after=None
[2025-04-13T00:30:52.469+0000] {processor.py:208} INFO - Processing /home/airflow/.local/lib/python3.12/site-packages/airflow/example_dags/example_subdag_operator.py took 0.101 seconds
[2025-04-13T00:31:22.926+0000] {processor.py:186} INFO - Started process (PID=11122) to work on /home/airflow/.local/lib/python3.12/site-packages/airflow/example_dags/example_subdag_operator.py
[2025-04-13T00:31:22.927+0000] {processor.py:914} INFO - Processing file /home/airflow/.local/lib/python3.12/site-packages/airflow/example_dags/example_subdag_operator.py for tasks to queue
[2025-04-13T00:31:22.928+0000] {logging_mixin.py:190} INFO - [2025-04-13T00:31:22.928+0000] {dagbag.py:588} INFO - Filling up the DagBag from /home/airflow/.local/lib/python3.12/site-packages/airflow/example_dags/example_subdag_operator.py
[2025-04-13T00:31:22.952+0000] {processor.py:925} INFO - DAG(s) 'example_subdag_operator.section-1', 'example_subdag_operator.section-2', 'example_subdag_operator' retrieved from /home/airflow/.local/lib/python3.12/site-packages/airflow/example_dags/example_subdag_operator.py
[2025-04-13T00:31:22.967+0000] {logging_mixin.py:190} INFO - [2025-04-13T00:31:22.967+0000] {dag.py:3239} INFO - Sync 3 DAGs
[2025-04-13T00:31:22.991+0000] {logging_mixin.py:190} INFO - [2025-04-13T00:31:22.991+0000] {dag.py:4180} INFO - Setting next_dagrun for example_subdag_operator to 2022-01-01 00:00:00+00:00, run_after=2022-01-01 00:00:00+00:00
[2025-04-13T00:31:22.995+0000] {logging_mixin.py:190} INFO - [2025-04-13T00:31:22.995+0000] {dag.py:4180} INFO - Setting next_dagrun for example_subdag_operator.section-1 to None, run_after=None
[2025-04-13T00:31:22.997+0000] {logging_mixin.py:190} INFO - [2025-04-13T00:31:22.997+0000] {dag.py:4180} INFO - Setting next_dagrun for example_subdag_operator.section-2 to None, run_after=None
[2025-04-13T00:31:23.003+0000] {logging_mixin.py:190} INFO - [2025-04-13T00:31:23.003+0000] {dag.py:3239} INFO - Sync 2 DAGs
[2025-04-13T00:31:23.008+0000] {logging_mixin.py:190} INFO - [2025-04-13T00:31:23.007+0000] {dag.py:4180} INFO - Setting next_dagrun for example_subdag_operator.section-1 to None, run_after=None
[2025-04-13T00:31:23.008+0000] {logging_mixin.py:190} INFO - [2025-04-13T00:31:23.008+0000] {dag.py:4180} INFO - Setting next_dagrun for example_subdag_operator.section-2 to None, run_after=None
[2025-04-13T00:31:23.019+0000] {processor.py:208} INFO - Processing /home/airflow/.local/lib/python3.12/site-packages/airflow/example_dags/example_subdag_operator.py took 0.098 seconds
[2025-04-13T00:31:53.294+0000] {processor.py:186} INFO - Started process (PID=11186) to work on /home/airflow/.local/lib/python3.12/site-packages/airflow/example_dags/example_subdag_operator.py
[2025-04-13T00:31:53.295+0000] {processor.py:914} INFO - Processing file /home/airflow/.local/lib/python3.12/site-packages/airflow/example_dags/example_subdag_operator.py for tasks to queue
[2025-04-13T00:31:53.297+0000] {logging_mixin.py:190} INFO - [2025-04-13T00:31:53.296+0000] {dagbag.py:588} INFO - Filling up the DagBag from /home/airflow/.local/lib/python3.12/site-packages/airflow/example_dags/example_subdag_operator.py
[2025-04-13T00:31:53.324+0000] {processor.py:925} INFO - DAG(s) 'example_subdag_operator.section-1', 'example_subdag_operator.section-2', 'example_subdag_operator' retrieved from /home/airflow/.local/lib/python3.12/site-packages/airflow/example_dags/example_subdag_operator.py
[2025-04-13T00:31:53.341+0000] {logging_mixin.py:190} INFO - [2025-04-13T00:31:53.341+0000] {dag.py:3239} INFO - Sync 3 DAGs
[2025-04-13T00:31:53.374+0000] {logging_mixin.py:190} INFO - [2025-04-13T00:31:53.374+0000] {dag.py:4180} INFO - Setting next_dagrun for example_subdag_operator to 2022-01-01 00:00:00+00:00, run_after=2022-01-01 00:00:00+00:00
[2025-04-13T00:31:53.380+0000] {logging_mixin.py:190} INFO - [2025-04-13T00:31:53.380+0000] {dag.py:4180} INFO - Setting next_dagrun for example_subdag_operator.section-1 to None, run_after=None
[2025-04-13T00:31:53.383+0000] {logging_mixin.py:190} INFO - [2025-04-13T00:31:53.383+0000] {dag.py:4180} INFO - Setting next_dagrun for example_subdag_operator.section-2 to None, run_after=None
[2025-04-13T00:31:53.392+0000] {logging_mixin.py:190} INFO - [2025-04-13T00:31:53.392+0000] {dag.py:3239} INFO - Sync 2 DAGs
[2025-04-13T00:31:53.403+0000] {logging_mixin.py:190} INFO - [2025-04-13T00:31:53.403+0000] {dag.py:4180} INFO - Setting next_dagrun for example_subdag_operator.section-1 to None, run_after=None
[2025-04-13T00:31:53.404+0000] {logging_mixin.py:190} INFO - [2025-04-13T00:31:53.404+0000] {dag.py:4180} INFO - Setting next_dagrun for example_subdag_operator.section-2 to None, run_after=None
[2025-04-13T00:31:53.421+0000] {processor.py:208} INFO - Processing /home/airflow/.local/lib/python3.12/site-packages/airflow/example_dags/example_subdag_operator.py took 0.132 seconds
