[2025-04-13T00:29:51.900+0000] {processor.py:186} INFO - Started process (PID=10938) to work on /home/airflow/.local/lib/python3.12/site-packages/airflow/example_dags/example_inlet_event_extra.py
[2025-04-13T00:29:51.901+0000] {processor.py:914} INFO - Processing file /home/airflow/.local/lib/python3.12/site-packages/airflow/example_dags/example_inlet_event_extra.py for tasks to queue
[2025-04-13T00:29:51.902+0000] {logging_mixin.py:190} INFO - [2025-04-13T00:29:51.902+0000] {dagbag.py:588} INFO - Filling up the DagBag from /home/airflow/.local/lib/python3.12/site-packages/airflow/example_dags/example_inlet_event_extra.py
[2025-04-13T00:29:52.142+0000] {processor.py:925} INFO - DAG(s) 'read_dataset_event', 'read_dataset_event_from_classic' retrieved from /home/airflow/.local/lib/python3.12/site-packages/airflow/example_dags/example_inlet_event_extra.py
[2025-04-13T00:29:52.258+0000] {logging_mixin.py:190} INFO - [2025-04-13T00:29:52.258+0000] {dag.py:3239} INFO - Sync 2 DAGs
[2025-04-13T00:29:52.282+0000] {logging_mixin.py:190} INFO - [2025-04-13T00:29:52.282+0000] {dag.py:4180} INFO - Setting next_dagrun for read_dataset_event to 2025-04-12 00:00:00+00:00, run_after=2025-04-13 00:00:00+00:00
[2025-04-13T00:29:52.285+0000] {logging_mixin.py:190} INFO - [2025-04-13T00:29:52.285+0000] {dag.py:4180} INFO - Setting next_dagrun for read_dataset_event_from_classic to 2025-04-12 00:00:00+00:00, run_after=2025-04-13 00:00:00+00:00
[2025-04-13T00:29:52.301+0000] {processor.py:208} INFO - Processing /home/airflow/.local/lib/python3.12/site-packages/airflow/example_dags/example_inlet_event_extra.py took 0.406 seconds
[2025-04-13T00:30:23.194+0000] {processor.py:186} INFO - Started process (PID=11002) to work on /home/airflow/.local/lib/python3.12/site-packages/airflow/example_dags/example_inlet_event_extra.py
[2025-04-13T00:30:23.195+0000] {processor.py:914} INFO - Processing file /home/airflow/.local/lib/python3.12/site-packages/airflow/example_dags/example_inlet_event_extra.py for tasks to queue
[2025-04-13T00:30:23.197+0000] {logging_mixin.py:190} INFO - [2025-04-13T00:30:23.196+0000] {dagbag.py:588} INFO - Filling up the DagBag from /home/airflow/.local/lib/python3.12/site-packages/airflow/example_dags/example_inlet_event_extra.py
[2025-04-13T00:30:23.421+0000] {processor.py:925} INFO - DAG(s) 'read_dataset_event_from_classic', 'read_dataset_event' retrieved from /home/airflow/.local/lib/python3.12/site-packages/airflow/example_dags/example_inlet_event_extra.py
[2025-04-13T00:30:23.439+0000] {logging_mixin.py:190} INFO - [2025-04-13T00:30:23.439+0000] {dag.py:3239} INFO - Sync 2 DAGs
[2025-04-13T00:30:23.463+0000] {logging_mixin.py:190} INFO - [2025-04-13T00:30:23.462+0000] {dag.py:4180} INFO - Setting next_dagrun for read_dataset_event to 2025-04-12 00:00:00+00:00, run_after=2025-04-13 00:00:00+00:00
[2025-04-13T00:30:23.467+0000] {logging_mixin.py:190} INFO - [2025-04-13T00:30:23.467+0000] {dag.py:4180} INFO - Setting next_dagrun for read_dataset_event_from_classic to 2025-04-12 00:00:00+00:00, run_after=2025-04-13 00:00:00+00:00
[2025-04-13T00:30:23.481+0000] {processor.py:208} INFO - Processing /home/airflow/.local/lib/python3.12/site-packages/airflow/example_dags/example_inlet_event_extra.py took 0.291 seconds
[2025-04-13T00:30:53.842+0000] {processor.py:186} INFO - Started process (PID=11066) to work on /home/airflow/.local/lib/python3.12/site-packages/airflow/example_dags/example_inlet_event_extra.py
[2025-04-13T00:30:53.843+0000] {processor.py:914} INFO - Processing file /home/airflow/.local/lib/python3.12/site-packages/airflow/example_dags/example_inlet_event_extra.py for tasks to queue
[2025-04-13T00:30:53.844+0000] {logging_mixin.py:190} INFO - [2025-04-13T00:30:53.844+0000] {dagbag.py:588} INFO - Filling up the DagBag from /home/airflow/.local/lib/python3.12/site-packages/airflow/example_dags/example_inlet_event_extra.py
[2025-04-13T00:30:54.084+0000] {processor.py:925} INFO - DAG(s) 'read_dataset_event', 'read_dataset_event_from_classic' retrieved from /home/airflow/.local/lib/python3.12/site-packages/airflow/example_dags/example_inlet_event_extra.py
[2025-04-13T00:30:54.107+0000] {logging_mixin.py:190} INFO - [2025-04-13T00:30:54.107+0000] {dag.py:3239} INFO - Sync 2 DAGs
[2025-04-13T00:30:54.134+0000] {logging_mixin.py:190} INFO - [2025-04-13T00:30:54.134+0000] {dag.py:4180} INFO - Setting next_dagrun for read_dataset_event to 2025-04-12 00:00:00+00:00, run_after=2025-04-13 00:00:00+00:00
[2025-04-13T00:30:54.139+0000] {logging_mixin.py:190} INFO - [2025-04-13T00:30:54.139+0000] {dag.py:4180} INFO - Setting next_dagrun for read_dataset_event_from_classic to 2025-04-12 00:00:00+00:00, run_after=2025-04-13 00:00:00+00:00
[2025-04-13T00:30:54.155+0000] {processor.py:208} INFO - Processing /home/airflow/.local/lib/python3.12/site-packages/airflow/example_dags/example_inlet_event_extra.py took 0.318 seconds
[2025-04-13T00:31:24.403+0000] {processor.py:186} INFO - Started process (PID=11130) to work on /home/airflow/.local/lib/python3.12/site-packages/airflow/example_dags/example_inlet_event_extra.py
[2025-04-13T00:31:24.403+0000] {processor.py:914} INFO - Processing file /home/airflow/.local/lib/python3.12/site-packages/airflow/example_dags/example_inlet_event_extra.py for tasks to queue
[2025-04-13T00:31:24.405+0000] {logging_mixin.py:190} INFO - [2025-04-13T00:31:24.404+0000] {dagbag.py:588} INFO - Filling up the DagBag from /home/airflow/.local/lib/python3.12/site-packages/airflow/example_dags/example_inlet_event_extra.py
[2025-04-13T00:31:24.626+0000] {processor.py:925} INFO - DAG(s) 'read_dataset_event', 'read_dataset_event_from_classic' retrieved from /home/airflow/.local/lib/python3.12/site-packages/airflow/example_dags/example_inlet_event_extra.py
[2025-04-13T00:31:24.646+0000] {logging_mixin.py:190} INFO - [2025-04-13T00:31:24.646+0000] {dag.py:3239} INFO - Sync 2 DAGs
[2025-04-13T00:31:24.668+0000] {logging_mixin.py:190} INFO - [2025-04-13T00:31:24.668+0000] {dag.py:4180} INFO - Setting next_dagrun for read_dataset_event to 2025-04-12 00:00:00+00:00, run_after=2025-04-13 00:00:00+00:00
[2025-04-13T00:31:24.673+0000] {logging_mixin.py:190} INFO - [2025-04-13T00:31:24.673+0000] {dag.py:4180} INFO - Setting next_dagrun for read_dataset_event_from_classic to 2025-04-12 00:00:00+00:00, run_after=2025-04-13 00:00:00+00:00
[2025-04-13T00:31:24.686+0000] {processor.py:208} INFO - Processing /home/airflow/.local/lib/python3.12/site-packages/airflow/example_dags/example_inlet_event_extra.py took 0.288 seconds
[2025-04-13T00:31:55.073+0000] {processor.py:186} INFO - Started process (PID=11195) to work on /home/airflow/.local/lib/python3.12/site-packages/airflow/example_dags/example_inlet_event_extra.py
[2025-04-13T00:31:55.074+0000] {processor.py:914} INFO - Processing file /home/airflow/.local/lib/python3.12/site-packages/airflow/example_dags/example_inlet_event_extra.py for tasks to queue
[2025-04-13T00:31:55.075+0000] {logging_mixin.py:190} INFO - [2025-04-13T00:31:55.075+0000] {dagbag.py:588} INFO - Filling up the DagBag from /home/airflow/.local/lib/python3.12/site-packages/airflow/example_dags/example_inlet_event_extra.py
[2025-04-13T00:31:55.326+0000] {processor.py:925} INFO - DAG(s) 'read_dataset_event', 'read_dataset_event_from_classic' retrieved from /home/airflow/.local/lib/python3.12/site-packages/airflow/example_dags/example_inlet_event_extra.py
[2025-04-13T00:31:55.350+0000] {logging_mixin.py:190} INFO - [2025-04-13T00:31:55.350+0000] {dag.py:3239} INFO - Sync 2 DAGs
[2025-04-13T00:31:55.376+0000] {logging_mixin.py:190} INFO - [2025-04-13T00:31:55.376+0000] {dag.py:4180} INFO - Setting next_dagrun for read_dataset_event to 2025-04-12 00:00:00+00:00, run_after=2025-04-13 00:00:00+00:00
[2025-04-13T00:31:55.381+0000] {logging_mixin.py:190} INFO - [2025-04-13T00:31:55.381+0000] {dag.py:4180} INFO - Setting next_dagrun for read_dataset_event_from_classic to 2025-04-12 00:00:00+00:00, run_after=2025-04-13 00:00:00+00:00
[2025-04-13T00:31:55.397+0000] {processor.py:208} INFO - Processing /home/airflow/.local/lib/python3.12/site-packages/airflow/example_dags/example_inlet_event_extra.py took 0.330 seconds
