[2025-04-13T00:29:52.530+0000] {processor.py:186} INFO - Started process (PID=10941) to work on /home/airflow/.local/lib/python3.12/site-packages/airflow/example_dags/example_skip_dag.py
[2025-04-13T00:29:52.531+0000] {processor.py:914} INFO - Processing file /home/airflow/.local/lib/python3.12/site-packages/airflow/example_dags/example_skip_dag.py for tasks to queue
[2025-04-13T00:29:52.532+0000] {logging_mixin.py:190} INFO - [2025-04-13T00:29:52.532+0000] {dagbag.py:588} INFO - Filling up the DagBag from /home/airflow/.local/lib/python3.12/site-packages/airflow/example_dags/example_skip_dag.py
[2025-04-13T00:29:52.541+0000] {processor.py:925} INFO - DAG(s) 'example_skip_dag' retrieved from /home/airflow/.local/lib/python3.12/site-packages/airflow/example_dags/example_skip_dag.py
[2025-04-13T00:29:52.643+0000] {logging_mixin.py:190} INFO - [2025-04-13T00:29:52.643+0000] {dag.py:3239} INFO - Sync 1 DAGs
[2025-04-13T00:29:52.665+0000] {logging_mixin.py:190} INFO - [2025-04-13T00:29:52.665+0000] {dag.py:4180} INFO - Setting next_dagrun for example_skip_dag to 2025-04-12 00:00:00+00:00, run_after=2025-04-13 00:00:00+00:00
[2025-04-13T00:29:52.684+0000] {processor.py:208} INFO - Processing /home/airflow/.local/lib/python3.12/site-packages/airflow/example_dags/example_skip_dag.py took 0.160 seconds
[2025-04-13T00:30:23.395+0000] {processor.py:186} INFO - Started process (PID=11005) to work on /home/airflow/.local/lib/python3.12/site-packages/airflow/example_dags/example_skip_dag.py
[2025-04-13T00:30:23.395+0000] {processor.py:914} INFO - Processing file /home/airflow/.local/lib/python3.12/site-packages/airflow/example_dags/example_skip_dag.py for tasks to queue
[2025-04-13T00:30:23.396+0000] {logging_mixin.py:190} INFO - [2025-04-13T00:30:23.396+0000] {dagbag.py:588} INFO - Filling up the DagBag from /home/airflow/.local/lib/python3.12/site-packages/airflow/example_dags/example_skip_dag.py
[2025-04-13T00:30:23.405+0000] {processor.py:925} INFO - DAG(s) 'example_skip_dag' retrieved from /home/airflow/.local/lib/python3.12/site-packages/airflow/example_dags/example_skip_dag.py
[2025-04-13T00:30:23.424+0000] {logging_mixin.py:190} INFO - [2025-04-13T00:30:23.424+0000] {dag.py:3239} INFO - Sync 1 DAGs
[2025-04-13T00:30:23.446+0000] {logging_mixin.py:190} INFO - [2025-04-13T00:30:23.446+0000] {dag.py:4180} INFO - Setting next_dagrun for example_skip_dag to 2025-04-12 00:00:00+00:00, run_after=2025-04-13 00:00:00+00:00
[2025-04-13T00:30:23.461+0000] {processor.py:208} INFO - Processing /home/airflow/.local/lib/python3.12/site-packages/airflow/example_dags/example_skip_dag.py took 0.072 seconds
[2025-04-13T00:30:54.057+0000] {processor.py:186} INFO - Started process (PID=11069) to work on /home/airflow/.local/lib/python3.12/site-packages/airflow/example_dags/example_skip_dag.py
[2025-04-13T00:30:54.058+0000] {processor.py:914} INFO - Processing file /home/airflow/.local/lib/python3.12/site-packages/airflow/example_dags/example_skip_dag.py for tasks to queue
[2025-04-13T00:30:54.059+0000] {logging_mixin.py:190} INFO - [2025-04-13T00:30:54.059+0000] {dagbag.py:588} INFO - Filling up the DagBag from /home/airflow/.local/lib/python3.12/site-packages/airflow/example_dags/example_skip_dag.py
[2025-04-13T00:30:54.068+0000] {processor.py:925} INFO - DAG(s) 'example_skip_dag' retrieved from /home/airflow/.local/lib/python3.12/site-packages/airflow/example_dags/example_skip_dag.py
[2025-04-13T00:30:54.091+0000] {logging_mixin.py:190} INFO - [2025-04-13T00:30:54.091+0000] {dag.py:3239} INFO - Sync 1 DAGs
[2025-04-13T00:30:54.117+0000] {logging_mixin.py:190} INFO - [2025-04-13T00:30:54.117+0000] {dag.py:4180} INFO - Setting next_dagrun for example_skip_dag to 2025-04-12 00:00:00+00:00, run_after=2025-04-13 00:00:00+00:00
[2025-04-13T00:30:54.136+0000] {processor.py:208} INFO - Processing /home/airflow/.local/lib/python3.12/site-packages/airflow/example_dags/example_skip_dag.py took 0.084 seconds
[2025-04-13T00:31:24.603+0000] {processor.py:186} INFO - Started process (PID=11133) to work on /home/airflow/.local/lib/python3.12/site-packages/airflow/example_dags/example_skip_dag.py
[2025-04-13T00:31:24.604+0000] {processor.py:914} INFO - Processing file /home/airflow/.local/lib/python3.12/site-packages/airflow/example_dags/example_skip_dag.py for tasks to queue
[2025-04-13T00:31:24.605+0000] {logging_mixin.py:190} INFO - [2025-04-13T00:31:24.605+0000] {dagbag.py:588} INFO - Filling up the DagBag from /home/airflow/.local/lib/python3.12/site-packages/airflow/example_dags/example_skip_dag.py
[2025-04-13T00:31:24.613+0000] {processor.py:925} INFO - DAG(s) 'example_skip_dag' retrieved from /home/airflow/.local/lib/python3.12/site-packages/airflow/example_dags/example_skip_dag.py
[2025-04-13T00:31:24.632+0000] {logging_mixin.py:190} INFO - [2025-04-13T00:31:24.632+0000] {dag.py:3239} INFO - Sync 1 DAGs
[2025-04-13T00:31:24.653+0000] {logging_mixin.py:190} INFO - [2025-04-13T00:31:24.653+0000] {dag.py:4180} INFO - Setting next_dagrun for example_skip_dag to 2025-04-12 00:00:00+00:00, run_after=2025-04-13 00:00:00+00:00
[2025-04-13T00:31:24.668+0000] {processor.py:208} INFO - Processing /home/airflow/.local/lib/python3.12/site-packages/airflow/example_dags/example_skip_dag.py took 0.070 seconds
[2025-04-13T00:31:55.404+0000] {processor.py:186} INFO - Started process (PID=11198) to work on /home/airflow/.local/lib/python3.12/site-packages/airflow/example_dags/example_skip_dag.py
[2025-04-13T00:31:55.405+0000] {processor.py:914} INFO - Processing file /home/airflow/.local/lib/python3.12/site-packages/airflow/example_dags/example_skip_dag.py for tasks to queue
[2025-04-13T00:31:55.406+0000] {logging_mixin.py:190} INFO - [2025-04-13T00:31:55.405+0000] {dagbag.py:588} INFO - Filling up the DagBag from /home/airflow/.local/lib/python3.12/site-packages/airflow/example_dags/example_skip_dag.py
[2025-04-13T00:31:55.414+0000] {processor.py:925} INFO - DAG(s) 'example_skip_dag' retrieved from /home/airflow/.local/lib/python3.12/site-packages/airflow/example_dags/example_skip_dag.py
[2025-04-13T00:31:55.433+0000] {logging_mixin.py:190} INFO - [2025-04-13T00:31:55.432+0000] {dag.py:3239} INFO - Sync 1 DAGs
[2025-04-13T00:31:55.455+0000] {logging_mixin.py:190} INFO - [2025-04-13T00:31:55.455+0000] {dag.py:4180} INFO - Setting next_dagrun for example_skip_dag to 2025-04-12 00:00:00+00:00, run_after=2025-04-13 00:00:00+00:00
[2025-04-13T00:31:55.472+0000] {processor.py:208} INFO - Processing /home/airflow/.local/lib/python3.12/site-packages/airflow/example_dags/example_skip_dag.py took 0.074 seconds
