[2025-04-13T00:29:53.380+0000] {processor.py:186} INFO - Started process (PID=10954) to work on /home/airflow/.local/lib/python3.12/site-packages/airflow/example_dags/example_branch_operator.py
[2025-04-13T00:29:53.381+0000] {processor.py:914} INFO - Processing file /home/airflow/.local/lib/python3.12/site-packages/airflow/example_dags/example_branch_operator.py for tasks to queue
[2025-04-13T00:29:53.382+0000] {logging_mixin.py:190} INFO - [2025-04-13T00:29:53.382+0000] {dagbag.py:588} INFO - Filling up the DagBag from /home/airflow/.local/lib/python3.12/site-packages/airflow/example_dags/example_branch_operator.py
[2025-04-13T00:29:53.399+0000] {processor.py:925} INFO - DAG(s) 'example_branch_operator' retrieved from /home/airflow/.local/lib/python3.12/site-packages/airflow/example_dags/example_branch_operator.py
[2025-04-13T00:29:53.513+0000] {logging_mixin.py:190} INFO - [2025-04-13T00:29:53.513+0000] {dag.py:3239} INFO - Sync 1 DAGs
[2025-04-13T00:29:53.536+0000] {logging_mixin.py:190} INFO - [2025-04-13T00:29:53.536+0000] {dag.py:4180} INFO - Setting next_dagrun for example_branch_operator to 2025-04-12 00:00:00+00:00, run_after=2025-04-13 00:00:00+00:00
[2025-04-13T00:29:53.557+0000] {processor.py:208} INFO - Processing /home/airflow/.local/lib/python3.12/site-packages/airflow/example_dags/example_branch_operator.py took 0.182 seconds
[2025-04-13T00:30:24.001+0000] {processor.py:186} INFO - Started process (PID=11012) to work on /home/airflow/.local/lib/python3.12/site-packages/airflow/example_dags/example_branch_operator.py
[2025-04-13T00:30:24.002+0000] {processor.py:914} INFO - Processing file /home/airflow/.local/lib/python3.12/site-packages/airflow/example_dags/example_branch_operator.py for tasks to queue
[2025-04-13T00:30:24.003+0000] {logging_mixin.py:190} INFO - [2025-04-13T00:30:24.003+0000] {dagbag.py:588} INFO - Filling up the DagBag from /home/airflow/.local/lib/python3.12/site-packages/airflow/example_dags/example_branch_operator.py
[2025-04-13T00:30:24.021+0000] {processor.py:925} INFO - DAG(s) 'example_branch_operator' retrieved from /home/airflow/.local/lib/python3.12/site-packages/airflow/example_dags/example_branch_operator.py
[2025-04-13T00:30:24.048+0000] {logging_mixin.py:190} INFO - [2025-04-13T00:30:24.048+0000] {dag.py:3239} INFO - Sync 1 DAGs
[2025-04-13T00:30:24.071+0000] {logging_mixin.py:190} INFO - [2025-04-13T00:30:24.071+0000] {dag.py:4180} INFO - Setting next_dagrun for example_branch_operator to 2025-04-12 00:00:00+00:00, run_after=2025-04-13 00:00:00+00:00
[2025-04-13T00:30:24.088+0000] {processor.py:208} INFO - Processing /home/airflow/.local/lib/python3.12/site-packages/airflow/example_dags/example_branch_operator.py took 0.092 seconds
[2025-04-13T00:30:54.420+0000] {processor.py:186} INFO - Started process (PID=11074) to work on /home/airflow/.local/lib/python3.12/site-packages/airflow/example_dags/example_branch_operator.py
[2025-04-13T00:30:54.420+0000] {processor.py:914} INFO - Processing file /home/airflow/.local/lib/python3.12/site-packages/airflow/example_dags/example_branch_operator.py for tasks to queue
[2025-04-13T00:30:54.421+0000] {logging_mixin.py:190} INFO - [2025-04-13T00:30:54.421+0000] {dagbag.py:588} INFO - Filling up the DagBag from /home/airflow/.local/lib/python3.12/site-packages/airflow/example_dags/example_branch_operator.py
[2025-04-13T00:30:54.440+0000] {processor.py:925} INFO - DAG(s) 'example_branch_operator' retrieved from /home/airflow/.local/lib/python3.12/site-packages/airflow/example_dags/example_branch_operator.py
[2025-04-13T00:30:54.467+0000] {logging_mixin.py:190} INFO - [2025-04-13T00:30:54.467+0000] {dag.py:3239} INFO - Sync 1 DAGs
[2025-04-13T00:30:54.493+0000] {logging_mixin.py:190} INFO - [2025-04-13T00:30:54.493+0000] {dag.py:4180} INFO - Setting next_dagrun for example_branch_operator to 2025-04-12 00:00:00+00:00, run_after=2025-04-13 00:00:00+00:00
[2025-04-13T00:30:54.512+0000] {processor.py:208} INFO - Processing /home/airflow/.local/lib/python3.12/site-packages/airflow/example_dags/example_branch_operator.py took 0.098 seconds
[2025-04-13T00:31:24.956+0000] {processor.py:186} INFO - Started process (PID=11137) to work on /home/airflow/.local/lib/python3.12/site-packages/airflow/example_dags/example_branch_operator.py
[2025-04-13T00:31:24.957+0000] {processor.py:914} INFO - Processing file /home/airflow/.local/lib/python3.12/site-packages/airflow/example_dags/example_branch_operator.py for tasks to queue
[2025-04-13T00:31:24.958+0000] {logging_mixin.py:190} INFO - [2025-04-13T00:31:24.958+0000] {dagbag.py:588} INFO - Filling up the DagBag from /home/airflow/.local/lib/python3.12/site-packages/airflow/example_dags/example_branch_operator.py
[2025-04-13T00:31:24.975+0000] {processor.py:925} INFO - DAG(s) 'example_branch_operator' retrieved from /home/airflow/.local/lib/python3.12/site-packages/airflow/example_dags/example_branch_operator.py
[2025-04-13T00:31:25.004+0000] {logging_mixin.py:190} INFO - [2025-04-13T00:31:25.004+0000] {dag.py:3239} INFO - Sync 1 DAGs
[2025-04-13T00:31:25.028+0000] {logging_mixin.py:190} INFO - [2025-04-13T00:31:25.027+0000] {dag.py:4180} INFO - Setting next_dagrun for example_branch_operator to 2025-04-12 00:00:00+00:00, run_after=2025-04-13 00:00:00+00:00
[2025-04-13T00:31:25.046+0000] {processor.py:208} INFO - Processing /home/airflow/.local/lib/python3.12/site-packages/airflow/example_dags/example_branch_operator.py took 0.095 seconds
[2025-04-13T00:31:55.566+0000] {processor.py:186} INFO - Started process (PID=11201) to work on /home/airflow/.local/lib/python3.12/site-packages/airflow/example_dags/example_branch_operator.py
[2025-04-13T00:31:55.567+0000] {processor.py:914} INFO - Processing file /home/airflow/.local/lib/python3.12/site-packages/airflow/example_dags/example_branch_operator.py for tasks to queue
[2025-04-13T00:31:55.569+0000] {logging_mixin.py:190} INFO - [2025-04-13T00:31:55.568+0000] {dagbag.py:588} INFO - Filling up the DagBag from /home/airflow/.local/lib/python3.12/site-packages/airflow/example_dags/example_branch_operator.py
[2025-04-13T00:31:55.585+0000] {processor.py:925} INFO - DAG(s) 'example_branch_operator' retrieved from /home/airflow/.local/lib/python3.12/site-packages/airflow/example_dags/example_branch_operator.py
[2025-04-13T00:31:55.617+0000] {logging_mixin.py:190} INFO - [2025-04-13T00:31:55.617+0000] {dag.py:3239} INFO - Sync 1 DAGs
[2025-04-13T00:31:55.641+0000] {logging_mixin.py:190} INFO - [2025-04-13T00:31:55.641+0000] {dag.py:4180} INFO - Setting next_dagrun for example_branch_operator to 2025-04-12 00:00:00+00:00, run_after=2025-04-13 00:00:00+00:00
[2025-04-13T00:31:55.658+0000] {processor.py:208} INFO - Processing /home/airflow/.local/lib/python3.12/site-packages/airflow/example_dags/example_branch_operator.py took 0.097 seconds
