[2025-04-13T00:29:55.792+0000] {processor.py:186} INFO - Started process (PID=10957) to work on /home/airflow/.local/lib/python3.12/site-packages/airflow/example_dags/example_xcomargs.py
[2025-04-13T00:29:55.793+0000] {processor.py:914} INFO - Processing file /home/airflow/.local/lib/python3.12/site-packages/airflow/example_dags/example_xcomargs.py for tasks to queue
[2025-04-13T00:29:55.794+0000] {logging_mixin.py:190} INFO - [2025-04-13T00:29:55.793+0000] {dagbag.py:588} INFO - Filling up the DagBag from /home/airflow/.local/lib/python3.12/site-packages/airflow/example_dags/example_xcomargs.py
[2025-04-13T00:29:55.803+0000] {processor.py:925} INFO - DAG(s) 'example_xcom_args_with_operators', 'example_xcom_args' retrieved from /home/airflow/.local/lib/python3.12/site-packages/airflow/example_dags/example_xcomargs.py
[2025-04-13T00:29:55.930+0000] {logging_mixin.py:190} INFO - [2025-04-13T00:29:55.930+0000] {dag.py:3239} INFO - Sync 2 DAGs
[2025-04-13T00:29:55.943+0000] {logging_mixin.py:190} INFO - [2025-04-13T00:29:55.943+0000] {dag.py:4180} INFO - Setting next_dagrun for example_xcom_args to None, run_after=None
[2025-04-13T00:29:55.947+0000] {logging_mixin.py:190} INFO - [2025-04-13T00:29:55.946+0000] {dag.py:4180} INFO - Setting next_dagrun for example_xcom_args_with_operators to None, run_after=None
[2025-04-13T00:29:55.964+0000] {processor.py:208} INFO - Processing /home/airflow/.local/lib/python3.12/site-packages/airflow/example_dags/example_xcomargs.py took 0.177 seconds
[2025-04-13T00:30:26.311+0000] {processor.py:186} INFO - Started process (PID=11021) to work on /home/airflow/.local/lib/python3.12/site-packages/airflow/example_dags/example_xcomargs.py
[2025-04-13T00:30:26.312+0000] {processor.py:914} INFO - Processing file /home/airflow/.local/lib/python3.12/site-packages/airflow/example_dags/example_xcomargs.py for tasks to queue
[2025-04-13T00:30:26.313+0000] {logging_mixin.py:190} INFO - [2025-04-13T00:30:26.313+0000] {dagbag.py:588} INFO - Filling up the DagBag from /home/airflow/.local/lib/python3.12/site-packages/airflow/example_dags/example_xcomargs.py
[2025-04-13T00:30:26.326+0000] {processor.py:925} INFO - DAG(s) 'example_xcom_args_with_operators', 'example_xcom_args' retrieved from /home/airflow/.local/lib/python3.12/site-packages/airflow/example_dags/example_xcomargs.py
[2025-04-13T00:30:26.354+0000] {logging_mixin.py:190} INFO - [2025-04-13T00:30:26.354+0000] {dag.py:3239} INFO - Sync 2 DAGs
[2025-04-13T00:30:26.376+0000] {logging_mixin.py:190} INFO - [2025-04-13T00:30:26.375+0000] {dag.py:4180} INFO - Setting next_dagrun for example_xcom_args to None, run_after=None
[2025-04-13T00:30:26.381+0000] {logging_mixin.py:190} INFO - [2025-04-13T00:30:26.380+0000] {dag.py:4180} INFO - Setting next_dagrun for example_xcom_args_with_operators to None, run_after=None
[2025-04-13T00:30:26.397+0000] {processor.py:208} INFO - Processing /home/airflow/.local/lib/python3.12/site-packages/airflow/example_dags/example_xcomargs.py took 0.092 seconds
[2025-04-13T00:30:56.991+0000] {processor.py:186} INFO - Started process (PID=11085) to work on /home/airflow/.local/lib/python3.12/site-packages/airflow/example_dags/example_xcomargs.py
[2025-04-13T00:30:56.991+0000] {processor.py:914} INFO - Processing file /home/airflow/.local/lib/python3.12/site-packages/airflow/example_dags/example_xcomargs.py for tasks to queue
[2025-04-13T00:30:56.993+0000] {logging_mixin.py:190} INFO - [2025-04-13T00:30:56.993+0000] {dagbag.py:588} INFO - Filling up the DagBag from /home/airflow/.local/lib/python3.12/site-packages/airflow/example_dags/example_xcomargs.py
[2025-04-13T00:30:57.007+0000] {processor.py:925} INFO - DAG(s) 'example_xcom_args', 'example_xcom_args_with_operators' retrieved from /home/airflow/.local/lib/python3.12/site-packages/airflow/example_dags/example_xcomargs.py
[2025-04-13T00:30:57.037+0000] {logging_mixin.py:190} INFO - [2025-04-13T00:30:57.037+0000] {dag.py:3239} INFO - Sync 2 DAGs
[2025-04-13T00:30:57.056+0000] {logging_mixin.py:190} INFO - [2025-04-13T00:30:57.056+0000] {dag.py:4180} INFO - Setting next_dagrun for example_xcom_args to None, run_after=None
[2025-04-13T00:30:57.061+0000] {logging_mixin.py:190} INFO - [2025-04-13T00:30:57.060+0000] {dag.py:4180} INFO - Setting next_dagrun for example_xcom_args_with_operators to None, run_after=None
[2025-04-13T00:30:57.079+0000] {processor.py:208} INFO - Processing /home/airflow/.local/lib/python3.12/site-packages/airflow/example_dags/example_xcomargs.py took 0.095 seconds
[2025-04-13T00:31:27.550+0000] {processor.py:186} INFO - Started process (PID=11149) to work on /home/airflow/.local/lib/python3.12/site-packages/airflow/example_dags/example_xcomargs.py
[2025-04-13T00:31:27.551+0000] {processor.py:914} INFO - Processing file /home/airflow/.local/lib/python3.12/site-packages/airflow/example_dags/example_xcomargs.py for tasks to queue
[2025-04-13T00:31:27.552+0000] {logging_mixin.py:190} INFO - [2025-04-13T00:31:27.552+0000] {dagbag.py:588} INFO - Filling up the DagBag from /home/airflow/.local/lib/python3.12/site-packages/airflow/example_dags/example_xcomargs.py
[2025-04-13T00:31:27.563+0000] {processor.py:925} INFO - DAG(s) 'example_xcom_args_with_operators', 'example_xcom_args' retrieved from /home/airflow/.local/lib/python3.12/site-packages/airflow/example_dags/example_xcomargs.py
[2025-04-13T00:31:27.585+0000] {logging_mixin.py:190} INFO - [2025-04-13T00:31:27.585+0000] {dag.py:3239} INFO - Sync 2 DAGs
[2025-04-13T00:31:27.600+0000] {logging_mixin.py:190} INFO - [2025-04-13T00:31:27.600+0000] {dag.py:4180} INFO - Setting next_dagrun for example_xcom_args to None, run_after=None
[2025-04-13T00:31:27.603+0000] {logging_mixin.py:190} INFO - [2025-04-13T00:31:27.603+0000] {dag.py:4180} INFO - Setting next_dagrun for example_xcom_args_with_operators to None, run_after=None
[2025-04-13T00:31:27.617+0000] {processor.py:208} INFO - Processing /home/airflow/.local/lib/python3.12/site-packages/airflow/example_dags/example_xcomargs.py took 0.072 seconds
[2025-04-13T00:31:58.070+0000] {processor.py:186} INFO - Started process (PID=11213) to work on /home/airflow/.local/lib/python3.12/site-packages/airflow/example_dags/example_xcomargs.py
[2025-04-13T00:31:58.071+0000] {processor.py:914} INFO - Processing file /home/airflow/.local/lib/python3.12/site-packages/airflow/example_dags/example_xcomargs.py for tasks to queue
[2025-04-13T00:31:58.072+0000] {logging_mixin.py:190} INFO - [2025-04-13T00:31:58.072+0000] {dagbag.py:588} INFO - Filling up the DagBag from /home/airflow/.local/lib/python3.12/site-packages/airflow/example_dags/example_xcomargs.py
[2025-04-13T00:31:58.082+0000] {processor.py:925} INFO - DAG(s) 'example_xcom_args', 'example_xcom_args_with_operators' retrieved from /home/airflow/.local/lib/python3.12/site-packages/airflow/example_dags/example_xcomargs.py
[2025-04-13T00:31:58.106+0000] {logging_mixin.py:190} INFO - [2025-04-13T00:31:58.106+0000] {dag.py:3239} INFO - Sync 2 DAGs
[2025-04-13T00:31:58.120+0000] {logging_mixin.py:190} INFO - [2025-04-13T00:31:58.119+0000] {dag.py:4180} INFO - Setting next_dagrun for example_xcom_args to None, run_after=None
[2025-04-13T00:31:58.123+0000] {logging_mixin.py:190} INFO - [2025-04-13T00:31:58.123+0000] {dag.py:4180} INFO - Setting next_dagrun for example_xcom_args_with_operators to None, run_after=None
[2025-04-13T00:31:58.138+0000] {processor.py:208} INFO - Processing /home/airflow/.local/lib/python3.12/site-packages/airflow/example_dags/example_xcomargs.py took 0.074 seconds
