[2025-04-13T00:29:49.279+0000] {processor.py:186} INFO - Started process (PID=10919) to work on /home/airflow/.local/lib/python3.12/site-packages/airflow/example_dags/example_task_group.py
[2025-04-13T00:29:49.280+0000] {processor.py:914} INFO - Processing file /home/airflow/.local/lib/python3.12/site-packages/airflow/example_dags/example_task_group.py for tasks to queue
[2025-04-13T00:29:49.281+0000] {logging_mixin.py:190} INFO - [2025-04-13T00:29:49.281+0000] {dagbag.py:588} INFO - Filling up the DagBag from /home/airflow/.local/lib/python3.12/site-packages/airflow/example_dags/example_task_group.py
[2025-04-13T00:29:49.291+0000] {processor.py:925} INFO - DAG(s) 'example_task_group' retrieved from /home/airflow/.local/lib/python3.12/site-packages/airflow/example_dags/example_task_group.py
[2025-04-13T00:29:49.408+0000] {logging_mixin.py:190} INFO - [2025-04-13T00:29:49.408+0000] {dag.py:3239} INFO - Sync 1 DAGs
[2025-04-13T00:29:49.423+0000] {logging_mixin.py:190} INFO - [2025-04-13T00:29:49.423+0000] {dag.py:4180} INFO - Setting next_dagrun for example_task_group to None, run_after=None
[2025-04-13T00:29:49.441+0000] {processor.py:208} INFO - Processing /home/airflow/.local/lib/python3.12/site-packages/airflow/example_dags/example_task_group.py took 0.168 seconds
[2025-04-13T00:30:19.689+0000] {processor.py:186} INFO - Started process (PID=10983) to work on /home/airflow/.local/lib/python3.12/site-packages/airflow/example_dags/example_task_group.py
[2025-04-13T00:30:19.690+0000] {processor.py:914} INFO - Processing file /home/airflow/.local/lib/python3.12/site-packages/airflow/example_dags/example_task_group.py for tasks to queue
[2025-04-13T00:30:19.691+0000] {logging_mixin.py:190} INFO - [2025-04-13T00:30:19.691+0000] {dagbag.py:588} INFO - Filling up the DagBag from /home/airflow/.local/lib/python3.12/site-packages/airflow/example_dags/example_task_group.py
[2025-04-13T00:30:19.699+0000] {processor.py:925} INFO - DAG(s) 'example_task_group' retrieved from /home/airflow/.local/lib/python3.12/site-packages/airflow/example_dags/example_task_group.py
[2025-04-13T00:30:19.720+0000] {logging_mixin.py:190} INFO - [2025-04-13T00:30:19.719+0000] {dag.py:3239} INFO - Sync 1 DAGs
[2025-04-13T00:30:19.733+0000] {logging_mixin.py:190} INFO - [2025-04-13T00:30:19.733+0000] {dag.py:4180} INFO - Setting next_dagrun for example_task_group to None, run_after=None
[2025-04-13T00:30:19.751+0000] {processor.py:208} INFO - Processing /home/airflow/.local/lib/python3.12/site-packages/airflow/example_dags/example_task_group.py took 0.067 seconds
[2025-04-13T00:30:50.072+0000] {processor.py:186} INFO - Started process (PID=11047) to work on /home/airflow/.local/lib/python3.12/site-packages/airflow/example_dags/example_task_group.py
[2025-04-13T00:30:50.073+0000] {processor.py:914} INFO - Processing file /home/airflow/.local/lib/python3.12/site-packages/airflow/example_dags/example_task_group.py for tasks to queue
[2025-04-13T00:30:50.075+0000] {logging_mixin.py:190} INFO - [2025-04-13T00:30:50.074+0000] {dagbag.py:588} INFO - Filling up the DagBag from /home/airflow/.local/lib/python3.12/site-packages/airflow/example_dags/example_task_group.py
[2025-04-13T00:30:50.085+0000] {processor.py:925} INFO - DAG(s) 'example_task_group' retrieved from /home/airflow/.local/lib/python3.12/site-packages/airflow/example_dags/example_task_group.py
[2025-04-13T00:30:50.106+0000] {logging_mixin.py:190} INFO - [2025-04-13T00:30:50.106+0000] {dag.py:3239} INFO - Sync 1 DAGs
[2025-04-13T00:30:50.121+0000] {logging_mixin.py:190} INFO - [2025-04-13T00:30:50.121+0000] {dag.py:4180} INFO - Setting next_dagrun for example_task_group to None, run_after=None
[2025-04-13T00:30:50.140+0000] {processor.py:208} INFO - Processing /home/airflow/.local/lib/python3.12/site-packages/airflow/example_dags/example_task_group.py took 0.073 seconds
[2025-04-13T00:31:20.647+0000] {processor.py:186} INFO - Started process (PID=11111) to work on /home/airflow/.local/lib/python3.12/site-packages/airflow/example_dags/example_task_group.py
[2025-04-13T00:31:20.647+0000] {processor.py:914} INFO - Processing file /home/airflow/.local/lib/python3.12/site-packages/airflow/example_dags/example_task_group.py for tasks to queue
[2025-04-13T00:31:20.648+0000] {logging_mixin.py:190} INFO - [2025-04-13T00:31:20.648+0000] {dagbag.py:588} INFO - Filling up the DagBag from /home/airflow/.local/lib/python3.12/site-packages/airflow/example_dags/example_task_group.py
[2025-04-13T00:31:20.656+0000] {processor.py:925} INFO - DAG(s) 'example_task_group' retrieved from /home/airflow/.local/lib/python3.12/site-packages/airflow/example_dags/example_task_group.py
[2025-04-13T00:31:20.676+0000] {logging_mixin.py:190} INFO - [2025-04-13T00:31:20.675+0000] {dag.py:3239} INFO - Sync 1 DAGs
[2025-04-13T00:31:20.689+0000] {logging_mixin.py:190} INFO - [2025-04-13T00:31:20.689+0000] {dag.py:4180} INFO - Setting next_dagrun for example_task_group to None, run_after=None
[2025-04-13T00:31:20.706+0000] {processor.py:208} INFO - Processing /home/airflow/.local/lib/python3.12/site-packages/airflow/example_dags/example_task_group.py took 0.064 seconds
[2025-04-13T00:31:51.246+0000] {processor.py:186} INFO - Started process (PID=11175) to work on /home/airflow/.local/lib/python3.12/site-packages/airflow/example_dags/example_task_group.py
[2025-04-13T00:31:51.247+0000] {processor.py:914} INFO - Processing file /home/airflow/.local/lib/python3.12/site-packages/airflow/example_dags/example_task_group.py for tasks to queue
[2025-04-13T00:31:51.248+0000] {logging_mixin.py:190} INFO - [2025-04-13T00:31:51.248+0000] {dagbag.py:588} INFO - Filling up the DagBag from /home/airflow/.local/lib/python3.12/site-packages/airflow/example_dags/example_task_group.py
[2025-04-13T00:31:51.256+0000] {processor.py:925} INFO - DAG(s) 'example_task_group' retrieved from /home/airflow/.local/lib/python3.12/site-packages/airflow/example_dags/example_task_group.py
[2025-04-13T00:31:51.277+0000] {logging_mixin.py:190} INFO - [2025-04-13T00:31:51.276+0000] {dag.py:3239} INFO - Sync 1 DAGs
[2025-04-13T00:31:51.292+0000] {logging_mixin.py:190} INFO - [2025-04-13T00:31:51.291+0000] {dag.py:4180} INFO - Setting next_dagrun for example_task_group to None, run_after=None
[2025-04-13T00:31:51.308+0000] {processor.py:208} INFO - Processing /home/airflow/.local/lib/python3.12/site-packages/airflow/example_dags/example_task_group.py took 0.067 seconds
