[2025-04-13T00:29:51.522+0000] {processor.py:186} INFO - Started process (PID=10935) to work on /home/airflow/.local/lib/python3.12/site-packages/airflow/example_dags/example_local_kubernetes_executor.py
[2025-04-13T00:29:51.523+0000] {processor.py:914} INFO - Processing file /home/airflow/.local/lib/python3.12/site-packages/airflow/example_dags/example_local_kubernetes_executor.py for tasks to queue
[2025-04-13T00:29:51.524+0000] {logging_mixin.py:190} INFO - [2025-04-13T00:29:51.523+0000] {dagbag.py:588} INFO - Filling up the DagBag from /home/airflow/.local/lib/python3.12/site-packages/airflow/example_dags/example_local_kubernetes_executor.py
[2025-04-13T00:29:51.532+0000] {processor.py:925} INFO - DAG(s) 'example_local_kubernetes_executor' retrieved from /home/airflow/.local/lib/python3.12/site-packages/airflow/example_dags/example_local_kubernetes_executor.py
[2025-04-13T00:29:51.634+0000] {logging_mixin.py:190} INFO - [2025-04-13T00:29:51.633+0000] {dag.py:3239} INFO - Sync 1 DAGs
[2025-04-13T00:29:51.647+0000] {logging_mixin.py:190} INFO - [2025-04-13T00:29:51.647+0000] {dag.py:4180} INFO - Setting next_dagrun for example_local_kubernetes_executor to None, run_after=None
[2025-04-13T00:29:51.663+0000] {processor.py:208} INFO - Processing /home/airflow/.local/lib/python3.12/site-packages/airflow/example_dags/example_local_kubernetes_executor.py took 0.147 seconds
[2025-04-13T00:30:22.026+0000] {processor.py:186} INFO - Started process (PID=10999) to work on /home/airflow/.local/lib/python3.12/site-packages/airflow/example_dags/example_local_kubernetes_executor.py
[2025-04-13T00:30:22.027+0000] {processor.py:914} INFO - Processing file /home/airflow/.local/lib/python3.12/site-packages/airflow/example_dags/example_local_kubernetes_executor.py for tasks to queue
[2025-04-13T00:30:22.028+0000] {logging_mixin.py:190} INFO - [2025-04-13T00:30:22.028+0000] {dagbag.py:588} INFO - Filling up the DagBag from /home/airflow/.local/lib/python3.12/site-packages/airflow/example_dags/example_local_kubernetes_executor.py
[2025-04-13T00:30:22.036+0000] {processor.py:925} INFO - DAG(s) 'example_local_kubernetes_executor' retrieved from /home/airflow/.local/lib/python3.12/site-packages/airflow/example_dags/example_local_kubernetes_executor.py
[2025-04-13T00:30:22.055+0000] {logging_mixin.py:190} INFO - [2025-04-13T00:30:22.055+0000] {dag.py:3239} INFO - Sync 1 DAGs
[2025-04-13T00:30:22.069+0000] {logging_mixin.py:190} INFO - [2025-04-13T00:30:22.068+0000] {dag.py:4180} INFO - Setting next_dagrun for example_local_kubernetes_executor to None, run_after=None
[2025-04-13T00:30:22.086+0000] {processor.py:208} INFO - Processing /home/airflow/.local/lib/python3.12/site-packages/airflow/example_dags/example_local_kubernetes_executor.py took 0.066 seconds
[2025-04-13T00:30:52.665+0000] {processor.py:186} INFO - Started process (PID=11063) to work on /home/airflow/.local/lib/python3.12/site-packages/airflow/example_dags/example_local_kubernetes_executor.py
[2025-04-13T00:30:52.666+0000] {processor.py:914} INFO - Processing file /home/airflow/.local/lib/python3.12/site-packages/airflow/example_dags/example_local_kubernetes_executor.py for tasks to queue
[2025-04-13T00:30:52.667+0000] {logging_mixin.py:190} INFO - [2025-04-13T00:30:52.667+0000] {dagbag.py:588} INFO - Filling up the DagBag from /home/airflow/.local/lib/python3.12/site-packages/airflow/example_dags/example_local_kubernetes_executor.py
[2025-04-13T00:30:52.676+0000] {processor.py:925} INFO - DAG(s) 'example_local_kubernetes_executor' retrieved from /home/airflow/.local/lib/python3.12/site-packages/airflow/example_dags/example_local_kubernetes_executor.py
[2025-04-13T00:30:52.695+0000] {logging_mixin.py:190} INFO - [2025-04-13T00:30:52.695+0000] {dag.py:3239} INFO - Sync 1 DAGs
[2025-04-13T00:30:52.710+0000] {logging_mixin.py:190} INFO - [2025-04-13T00:30:52.710+0000] {dag.py:4180} INFO - Setting next_dagrun for example_local_kubernetes_executor to None, run_after=None
[2025-04-13T00:30:52.728+0000] {processor.py:208} INFO - Processing /home/airflow/.local/lib/python3.12/site-packages/airflow/example_dags/example_local_kubernetes_executor.py took 0.068 seconds
[2025-04-13T00:31:23.262+0000] {processor.py:186} INFO - Started process (PID=11127) to work on /home/airflow/.local/lib/python3.12/site-packages/airflow/example_dags/example_local_kubernetes_executor.py
[2025-04-13T00:31:23.262+0000] {processor.py:914} INFO - Processing file /home/airflow/.local/lib/python3.12/site-packages/airflow/example_dags/example_local_kubernetes_executor.py for tasks to queue
[2025-04-13T00:31:23.264+0000] {logging_mixin.py:190} INFO - [2025-04-13T00:31:23.263+0000] {dagbag.py:588} INFO - Filling up the DagBag from /home/airflow/.local/lib/python3.12/site-packages/airflow/example_dags/example_local_kubernetes_executor.py
[2025-04-13T00:31:23.272+0000] {processor.py:925} INFO - DAG(s) 'example_local_kubernetes_executor' retrieved from /home/airflow/.local/lib/python3.12/site-packages/airflow/example_dags/example_local_kubernetes_executor.py
[2025-04-13T00:31:23.291+0000] {logging_mixin.py:190} INFO - [2025-04-13T00:31:23.291+0000] {dag.py:3239} INFO - Sync 1 DAGs
[2025-04-13T00:31:23.305+0000] {logging_mixin.py:190} INFO - [2025-04-13T00:31:23.305+0000] {dag.py:4180} INFO - Setting next_dagrun for example_local_kubernetes_executor to None, run_after=None
[2025-04-13T00:31:23.336+0000] {processor.py:208} INFO - Processing /home/airflow/.local/lib/python3.12/site-packages/airflow/example_dags/example_local_kubernetes_executor.py took 0.080 seconds
[2025-04-13T00:31:53.898+0000] {processor.py:186} INFO - Started process (PID=11191) to work on /home/airflow/.local/lib/python3.12/site-packages/airflow/example_dags/example_local_kubernetes_executor.py
[2025-04-13T00:31:53.899+0000] {processor.py:914} INFO - Processing file /home/airflow/.local/lib/python3.12/site-packages/airflow/example_dags/example_local_kubernetes_executor.py for tasks to queue
[2025-04-13T00:31:53.900+0000] {logging_mixin.py:190} INFO - [2025-04-13T00:31:53.900+0000] {dagbag.py:588} INFO - Filling up the DagBag from /home/airflow/.local/lib/python3.12/site-packages/airflow/example_dags/example_local_kubernetes_executor.py
[2025-04-13T00:31:53.908+0000] {processor.py:925} INFO - DAG(s) 'example_local_kubernetes_executor' retrieved from /home/airflow/.local/lib/python3.12/site-packages/airflow/example_dags/example_local_kubernetes_executor.py
[2025-04-13T00:31:53.929+0000] {logging_mixin.py:190} INFO - [2025-04-13T00:31:53.928+0000] {dag.py:3239} INFO - Sync 1 DAGs
[2025-04-13T00:31:53.944+0000] {logging_mixin.py:190} INFO - [2025-04-13T00:31:53.944+0000] {dag.py:4180} INFO - Setting next_dagrun for example_local_kubernetes_executor to None, run_after=None
[2025-04-13T00:31:53.960+0000] {processor.py:208} INFO - Processing /home/airflow/.local/lib/python3.12/site-packages/airflow/example_dags/example_local_kubernetes_executor.py took 0.069 seconds
