[2025-04-13T00:29:49.488+0000] {processor.py:186} INFO - Started process (PID=10920) to work on /home/airflow/.local/lib/python3.12/site-packages/airflow/example_dags/example_display_name.py
[2025-04-13T00:29:49.489+0000] {processor.py:914} INFO - Processing file /home/airflow/.local/lib/python3.12/site-packages/airflow/example_dags/example_display_name.py for tasks to queue
[2025-04-13T00:29:49.490+0000] {logging_mixin.py:190} INFO - [2025-04-13T00:29:49.490+0000] {dagbag.py:588} INFO - Filling up the DagBag from /home/airflow/.local/lib/python3.12/site-packages/airflow/example_dags/example_display_name.py
[2025-04-13T00:29:49.498+0000] {processor.py:925} INFO - DAG(s) 'example_display_name' retrieved from /home/airflow/.local/lib/python3.12/site-packages/airflow/example_dags/example_display_name.py
[2025-04-13T00:29:49.601+0000] {logging_mixin.py:190} INFO - [2025-04-13T00:29:49.600+0000] {dag.py:3239} INFO - Sync 1 DAGs
[2025-04-13T00:29:49.613+0000] {logging_mixin.py:190} INFO - [2025-04-13T00:29:49.613+0000] {dag.py:4180} INFO - Setting next_dagrun for example_display_name to None, run_after=None
[2025-04-13T00:29:49.632+0000] {processor.py:208} INFO - Processing /home/airflow/.local/lib/python3.12/site-packages/airflow/example_dags/example_display_name.py took 0.150 seconds
[2025-04-13T00:30:19.789+0000] {processor.py:186} INFO - Started process (PID=10984) to work on /home/airflow/.local/lib/python3.12/site-packages/airflow/example_dags/example_display_name.py
[2025-04-13T00:30:19.789+0000] {processor.py:914} INFO - Processing file /home/airflow/.local/lib/python3.12/site-packages/airflow/example_dags/example_display_name.py for tasks to queue
[2025-04-13T00:30:19.791+0000] {logging_mixin.py:190} INFO - [2025-04-13T00:30:19.790+0000] {dagbag.py:588} INFO - Filling up the DagBag from /home/airflow/.local/lib/python3.12/site-packages/airflow/example_dags/example_display_name.py
[2025-04-13T00:30:19.798+0000] {processor.py:925} INFO - DAG(s) 'example_display_name' retrieved from /home/airflow/.local/lib/python3.12/site-packages/airflow/example_dags/example_display_name.py
[2025-04-13T00:30:19.817+0000] {logging_mixin.py:190} INFO - [2025-04-13T00:30:19.816+0000] {dag.py:3239} INFO - Sync 1 DAGs
[2025-04-13T00:30:19.831+0000] {logging_mixin.py:190} INFO - [2025-04-13T00:30:19.830+0000] {dag.py:4180} INFO - Setting next_dagrun for example_display_name to None, run_after=None
[2025-04-13T00:30:19.847+0000] {processor.py:208} INFO - Processing /home/airflow/.local/lib/python3.12/site-packages/airflow/example_dags/example_display_name.py took 0.064 seconds
[2025-04-13T00:30:50.185+0000] {processor.py:186} INFO - Started process (PID=11048) to work on /home/airflow/.local/lib/python3.12/site-packages/airflow/example_dags/example_display_name.py
[2025-04-13T00:30:50.186+0000] {processor.py:914} INFO - Processing file /home/airflow/.local/lib/python3.12/site-packages/airflow/example_dags/example_display_name.py for tasks to queue
[2025-04-13T00:30:50.187+0000] {logging_mixin.py:190} INFO - [2025-04-13T00:30:50.187+0000] {dagbag.py:588} INFO - Filling up the DagBag from /home/airflow/.local/lib/python3.12/site-packages/airflow/example_dags/example_display_name.py
[2025-04-13T00:30:50.194+0000] {processor.py:925} INFO - DAG(s) 'example_display_name' retrieved from /home/airflow/.local/lib/python3.12/site-packages/airflow/example_dags/example_display_name.py
[2025-04-13T00:30:50.215+0000] {logging_mixin.py:190} INFO - [2025-04-13T00:30:50.214+0000] {dag.py:3239} INFO - Sync 1 DAGs
[2025-04-13T00:30:50.229+0000] {logging_mixin.py:190} INFO - [2025-04-13T00:30:50.229+0000] {dag.py:4180} INFO - Setting next_dagrun for example_display_name to None, run_after=None
[2025-04-13T00:30:50.248+0000] {processor.py:208} INFO - Processing /home/airflow/.local/lib/python3.12/site-packages/airflow/example_dags/example_display_name.py took 0.069 seconds
[2025-04-13T00:31:20.745+0000] {processor.py:186} INFO - Started process (PID=11112) to work on /home/airflow/.local/lib/python3.12/site-packages/airflow/example_dags/example_display_name.py
[2025-04-13T00:31:20.745+0000] {processor.py:914} INFO - Processing file /home/airflow/.local/lib/python3.12/site-packages/airflow/example_dags/example_display_name.py for tasks to queue
[2025-04-13T00:31:20.747+0000] {logging_mixin.py:190} INFO - [2025-04-13T00:31:20.746+0000] {dagbag.py:588} INFO - Filling up the DagBag from /home/airflow/.local/lib/python3.12/site-packages/airflow/example_dags/example_display_name.py
[2025-04-13T00:31:20.754+0000] {processor.py:925} INFO - DAG(s) 'example_display_name' retrieved from /home/airflow/.local/lib/python3.12/site-packages/airflow/example_dags/example_display_name.py
[2025-04-13T00:31:20.771+0000] {logging_mixin.py:190} INFO - [2025-04-13T00:31:20.771+0000] {dag.py:3239} INFO - Sync 1 DAGs
[2025-04-13T00:31:20.786+0000] {logging_mixin.py:190} INFO - [2025-04-13T00:31:20.786+0000] {dag.py:4180} INFO - Setting next_dagrun for example_display_name to None, run_after=None
[2025-04-13T00:31:20.804+0000] {processor.py:208} INFO - Processing /home/airflow/.local/lib/python3.12/site-packages/airflow/example_dags/example_display_name.py took 0.064 seconds
[2025-04-13T00:31:51.346+0000] {processor.py:186} INFO - Started process (PID=11176) to work on /home/airflow/.local/lib/python3.12/site-packages/airflow/example_dags/example_display_name.py
[2025-04-13T00:31:51.347+0000] {processor.py:914} INFO - Processing file /home/airflow/.local/lib/python3.12/site-packages/airflow/example_dags/example_display_name.py for tasks to queue
[2025-04-13T00:31:51.349+0000] {logging_mixin.py:190} INFO - [2025-04-13T00:31:51.348+0000] {dagbag.py:588} INFO - Filling up the DagBag from /home/airflow/.local/lib/python3.12/site-packages/airflow/example_dags/example_display_name.py
[2025-04-13T00:31:51.356+0000] {processor.py:925} INFO - DAG(s) 'example_display_name' retrieved from /home/airflow/.local/lib/python3.12/site-packages/airflow/example_dags/example_display_name.py
[2025-04-13T00:31:51.374+0000] {logging_mixin.py:190} INFO - [2025-04-13T00:31:51.374+0000] {dag.py:3239} INFO - Sync 1 DAGs
[2025-04-13T00:31:51.388+0000] {logging_mixin.py:190} INFO - [2025-04-13T00:31:51.388+0000] {dag.py:4180} INFO - Setting next_dagrun for example_display_name to None, run_after=None
[2025-04-13T00:31:51.405+0000] {processor.py:208} INFO - Processing /home/airflow/.local/lib/python3.12/site-packages/airflow/example_dags/example_display_name.py took 0.064 seconds
