[2025-04-13T00:29:47.983+0000] {processor.py:186} INFO - Started process (PID=10911) to work on /home/airflow/.local/lib/python3.12/site-packages/airflow/example_dags/example_kubernetes_executor.py
[2025-04-13T00:29:47.984+0000] {processor.py:914} INFO - Processing file /home/airflow/.local/lib/python3.12/site-packages/airflow/example_dags/example_kubernetes_executor.py for tasks to queue
[2025-04-13T00:29:47.986+0000] {logging_mixin.py:190} INFO - [2025-04-13T00:29:47.985+0000] {dagbag.py:588} INFO - Filling up the DagBag from /home/airflow/.local/lib/python3.12/site-packages/airflow/example_dags/example_kubernetes_executor.py
[2025-04-13T00:29:48.006+0000] {processor.py:925} INFO - DAG(s) 'example_kubernetes_executor' retrieved from /home/airflow/.local/lib/python3.12/site-packages/airflow/example_dags/example_kubernetes_executor.py
[2025-04-13T00:29:48.183+0000] {logging_mixin.py:190} INFO - [2025-04-13T00:29:48.183+0000] {dag.py:3239} INFO - Sync 1 DAGs
[2025-04-13T00:29:48.205+0000] {logging_mixin.py:190} INFO - [2025-04-13T00:29:48.205+0000] {dag.py:4180} INFO - Setting next_dagrun for example_kubernetes_executor to None, run_after=None
[2025-04-13T00:29:48.229+0000] {processor.py:208} INFO - Processing /home/airflow/.local/lib/python3.12/site-packages/airflow/example_dags/example_kubernetes_executor.py took 0.252 seconds
[2025-04-13T00:30:19.066+0000] {processor.py:186} INFO - Started process (PID=10975) to work on /home/airflow/.local/lib/python3.12/site-packages/airflow/example_dags/example_kubernetes_executor.py
[2025-04-13T00:30:19.067+0000] {processor.py:914} INFO - Processing file /home/airflow/.local/lib/python3.12/site-packages/airflow/example_dags/example_kubernetes_executor.py for tasks to queue
[2025-04-13T00:30:19.068+0000] {logging_mixin.py:190} INFO - [2025-04-13T00:30:19.068+0000] {dagbag.py:588} INFO - Filling up the DagBag from /home/airflow/.local/lib/python3.12/site-packages/airflow/example_dags/example_kubernetes_executor.py
[2025-04-13T00:30:19.082+0000] {processor.py:925} INFO - DAG(s) 'example_kubernetes_executor' retrieved from /home/airflow/.local/lib/python3.12/site-packages/airflow/example_dags/example_kubernetes_executor.py
[2025-04-13T00:30:19.109+0000] {logging_mixin.py:190} INFO - [2025-04-13T00:30:19.108+0000] {dag.py:3239} INFO - Sync 1 DAGs
[2025-04-13T00:30:19.125+0000] {logging_mixin.py:190} INFO - [2025-04-13T00:30:19.125+0000] {dag.py:4180} INFO - Setting next_dagrun for example_kubernetes_executor to None, run_after=None
[2025-04-13T00:30:19.147+0000] {processor.py:208} INFO - Processing /home/airflow/.local/lib/python3.12/site-packages/airflow/example_dags/example_kubernetes_executor.py took 0.086 seconds
[2025-04-13T00:30:49.473+0000] {processor.py:186} INFO - Started process (PID=11039) to work on /home/airflow/.local/lib/python3.12/site-packages/airflow/example_dags/example_kubernetes_executor.py
[2025-04-13T00:30:49.474+0000] {processor.py:914} INFO - Processing file /home/airflow/.local/lib/python3.12/site-packages/airflow/example_dags/example_kubernetes_executor.py for tasks to queue
[2025-04-13T00:30:49.475+0000] {logging_mixin.py:190} INFO - [2025-04-13T00:30:49.475+0000] {dagbag.py:588} INFO - Filling up the DagBag from /home/airflow/.local/lib/python3.12/site-packages/airflow/example_dags/example_kubernetes_executor.py
[2025-04-13T00:30:49.490+0000] {processor.py:925} INFO - DAG(s) 'example_kubernetes_executor' retrieved from /home/airflow/.local/lib/python3.12/site-packages/airflow/example_dags/example_kubernetes_executor.py
[2025-04-13T00:30:49.516+0000] {logging_mixin.py:190} INFO - [2025-04-13T00:30:49.516+0000] {dag.py:3239} INFO - Sync 1 DAGs
[2025-04-13T00:30:49.530+0000] {logging_mixin.py:190} INFO - [2025-04-13T00:30:49.530+0000] {dag.py:4180} INFO - Setting next_dagrun for example_kubernetes_executor to None, run_after=None
[2025-04-13T00:30:49.547+0000] {processor.py:208} INFO - Processing /home/airflow/.local/lib/python3.12/site-packages/airflow/example_dags/example_kubernetes_executor.py took 0.080 seconds
[2025-04-13T00:31:20.066+0000] {processor.py:186} INFO - Started process (PID=11103) to work on /home/airflow/.local/lib/python3.12/site-packages/airflow/example_dags/example_kubernetes_executor.py
[2025-04-13T00:31:20.067+0000] {processor.py:914} INFO - Processing file /home/airflow/.local/lib/python3.12/site-packages/airflow/example_dags/example_kubernetes_executor.py for tasks to queue
[2025-04-13T00:31:20.068+0000] {logging_mixin.py:190} INFO - [2025-04-13T00:31:20.068+0000] {dagbag.py:588} INFO - Filling up the DagBag from /home/airflow/.local/lib/python3.12/site-packages/airflow/example_dags/example_kubernetes_executor.py
[2025-04-13T00:31:20.081+0000] {processor.py:925} INFO - DAG(s) 'example_kubernetes_executor' retrieved from /home/airflow/.local/lib/python3.12/site-packages/airflow/example_dags/example_kubernetes_executor.py
[2025-04-13T00:31:20.105+0000] {logging_mixin.py:190} INFO - [2025-04-13T00:31:20.105+0000] {dag.py:3239} INFO - Sync 1 DAGs
[2025-04-13T00:31:20.120+0000] {logging_mixin.py:190} INFO - [2025-04-13T00:31:20.120+0000] {dag.py:4180} INFO - Setting next_dagrun for example_kubernetes_executor to None, run_after=None
[2025-04-13T00:31:20.136+0000] {processor.py:208} INFO - Processing /home/airflow/.local/lib/python3.12/site-packages/airflow/example_dags/example_kubernetes_executor.py took 0.074 seconds
[2025-04-13T00:31:50.632+0000] {processor.py:186} INFO - Started process (PID=11167) to work on /home/airflow/.local/lib/python3.12/site-packages/airflow/example_dags/example_kubernetes_executor.py
[2025-04-13T00:31:50.633+0000] {processor.py:914} INFO - Processing file /home/airflow/.local/lib/python3.12/site-packages/airflow/example_dags/example_kubernetes_executor.py for tasks to queue
[2025-04-13T00:31:50.634+0000] {logging_mixin.py:190} INFO - [2025-04-13T00:31:50.633+0000] {dagbag.py:588} INFO - Filling up the DagBag from /home/airflow/.local/lib/python3.12/site-packages/airflow/example_dags/example_kubernetes_executor.py
[2025-04-13T00:31:50.647+0000] {processor.py:925} INFO - DAG(s) 'example_kubernetes_executor' retrieved from /home/airflow/.local/lib/python3.12/site-packages/airflow/example_dags/example_kubernetes_executor.py
[2025-04-13T00:31:50.673+0000] {logging_mixin.py:190} INFO - [2025-04-13T00:31:50.672+0000] {dag.py:3239} INFO - Sync 1 DAGs
[2025-04-13T00:31:50.688+0000] {logging_mixin.py:190} INFO - [2025-04-13T00:31:50.688+0000] {dag.py:4180} INFO - Setting next_dagrun for example_kubernetes_executor to None, run_after=None
[2025-04-13T00:31:50.710+0000] {processor.py:208} INFO - Processing /home/airflow/.local/lib/python3.12/site-packages/airflow/example_dags/example_kubernetes_executor.py took 0.083 seconds
