[2025-04-13T00:29:47.162+0000] {processor.py:186} INFO - Started process (PID=10907) to work on /home/airflow/.local/lib/python3.12/site-packages/airflow/example_dags/example_dataset_alias.py
[2025-04-13T00:29:47.162+0000] {processor.py:914} INFO - Processing file /home/airflow/.local/lib/python3.12/site-packages/airflow/example_dags/example_dataset_alias.py for tasks to queue
[2025-04-13T00:29:47.164+0000] {logging_mixin.py:190} INFO - [2025-04-13T00:29:47.164+0000] {dagbag.py:588} INFO - Filling up the DagBag from /home/airflow/.local/lib/python3.12/site-packages/airflow/example_dags/example_dataset_alias.py
[2025-04-13T00:29:47.494+0000] {processor.py:925} INFO - DAG(s) 'dataset_s3_bucket_consumer', 'dataset_alias_example_alias_consumer', 'dataset_alias_example_alias_producer', 'dataset_s3_bucket_producer' retrieved from /home/airflow/.local/lib/python3.12/site-packages/airflow/example_dags/example_dataset_alias.py
[2025-04-13T00:29:47.677+0000] {logging_mixin.py:190} INFO - [2025-04-13T00:29:47.677+0000] {dag.py:3239} INFO - Sync 4 DAGs
[2025-04-13T00:29:47.697+0000] {logging_mixin.py:190} INFO - [2025-04-13T00:29:47.697+0000] {dag.py:4180} INFO - Setting next_dagrun for dataset_alias_example_alias_consumer to None, run_after=None
[2025-04-13T00:29:47.700+0000] {logging_mixin.py:190} INFO - [2025-04-13T00:29:47.700+0000] {dag.py:4180} INFO - Setting next_dagrun for dataset_alias_example_alias_producer to None, run_after=None
[2025-04-13T00:29:47.702+0000] {logging_mixin.py:190} INFO - [2025-04-13T00:29:47.702+0000] {dag.py:4180} INFO - Setting next_dagrun for dataset_s3_bucket_consumer to None, run_after=None
[2025-04-13T00:29:47.703+0000] {logging_mixin.py:190} INFO - [2025-04-13T00:29:47.703+0000] {dag.py:4180} INFO - Setting next_dagrun for dataset_s3_bucket_producer to None, run_after=None
[2025-04-13T00:29:47.727+0000] {processor.py:208} INFO - Processing /home/airflow/.local/lib/python3.12/site-packages/airflow/example_dags/example_dataset_alias.py took 0.571 seconds
[2025-04-13T00:30:18.595+0000] {processor.py:186} INFO - Started process (PID=10971) to work on /home/airflow/.local/lib/python3.12/site-packages/airflow/example_dags/example_dataset_alias.py
[2025-04-13T00:30:18.596+0000] {processor.py:914} INFO - Processing file /home/airflow/.local/lib/python3.12/site-packages/airflow/example_dags/example_dataset_alias.py for tasks to queue
[2025-04-13T00:30:18.597+0000] {logging_mixin.py:190} INFO - [2025-04-13T00:30:18.597+0000] {dagbag.py:588} INFO - Filling up the DagBag from /home/airflow/.local/lib/python3.12/site-packages/airflow/example_dags/example_dataset_alias.py
[2025-04-13T00:30:18.837+0000] {processor.py:925} INFO - DAG(s) 'dataset_s3_bucket_consumer', 'dataset_alias_example_alias_consumer', 'dataset_s3_bucket_producer', 'dataset_alias_example_alias_producer' retrieved from /home/airflow/.local/lib/python3.12/site-packages/airflow/example_dags/example_dataset_alias.py
[2025-04-13T00:30:18.856+0000] {logging_mixin.py:190} INFO - [2025-04-13T00:30:18.855+0000] {dag.py:3239} INFO - Sync 4 DAGs
[2025-04-13T00:30:18.879+0000] {logging_mixin.py:190} INFO - [2025-04-13T00:30:18.878+0000] {dag.py:4180} INFO - Setting next_dagrun for dataset_alias_example_alias_consumer to None, run_after=None
[2025-04-13T00:30:18.881+0000] {logging_mixin.py:190} INFO - [2025-04-13T00:30:18.881+0000] {dag.py:4180} INFO - Setting next_dagrun for dataset_alias_example_alias_producer to None, run_after=None
[2025-04-13T00:30:18.882+0000] {logging_mixin.py:190} INFO - [2025-04-13T00:30:18.882+0000] {dag.py:4180} INFO - Setting next_dagrun for dataset_s3_bucket_consumer to None, run_after=None
[2025-04-13T00:30:18.883+0000] {logging_mixin.py:190} INFO - [2025-04-13T00:30:18.883+0000] {dag.py:4180} INFO - Setting next_dagrun for dataset_s3_bucket_producer to None, run_after=None
[2025-04-13T00:30:18.901+0000] {processor.py:208} INFO - Processing /home/airflow/.local/lib/python3.12/site-packages/airflow/example_dags/example_dataset_alias.py took 0.311 seconds
[2025-04-13T00:30:48.950+0000] {processor.py:186} INFO - Started process (PID=11035) to work on /home/airflow/.local/lib/python3.12/site-packages/airflow/example_dags/example_dataset_alias.py
[2025-04-13T00:30:48.951+0000] {processor.py:914} INFO - Processing file /home/airflow/.local/lib/python3.12/site-packages/airflow/example_dags/example_dataset_alias.py for tasks to queue
[2025-04-13T00:30:48.952+0000] {logging_mixin.py:190} INFO - [2025-04-13T00:30:48.952+0000] {dagbag.py:588} INFO - Filling up the DagBag from /home/airflow/.local/lib/python3.12/site-packages/airflow/example_dags/example_dataset_alias.py
[2025-04-13T00:30:49.226+0000] {processor.py:925} INFO - DAG(s) 'dataset_s3_bucket_producer', 'dataset_alias_example_alias_consumer', 'dataset_alias_example_alias_producer', 'dataset_s3_bucket_consumer' retrieved from /home/airflow/.local/lib/python3.12/site-packages/airflow/example_dags/example_dataset_alias.py
[2025-04-13T00:30:49.247+0000] {logging_mixin.py:190} INFO - [2025-04-13T00:30:49.247+0000] {dag.py:3239} INFO - Sync 4 DAGs
[2025-04-13T00:30:49.273+0000] {logging_mixin.py:190} INFO - [2025-04-13T00:30:49.273+0000] {dag.py:4180} INFO - Setting next_dagrun for dataset_alias_example_alias_consumer to None, run_after=None
[2025-04-13T00:30:49.276+0000] {logging_mixin.py:190} INFO - [2025-04-13T00:30:49.276+0000] {dag.py:4180} INFO - Setting next_dagrun for dataset_alias_example_alias_producer to None, run_after=None
[2025-04-13T00:30:49.278+0000] {logging_mixin.py:190} INFO - [2025-04-13T00:30:49.278+0000] {dag.py:4180} INFO - Setting next_dagrun for dataset_s3_bucket_consumer to None, run_after=None
[2025-04-13T00:30:49.279+0000] {logging_mixin.py:190} INFO - [2025-04-13T00:30:49.279+0000] {dag.py:4180} INFO - Setting next_dagrun for dataset_s3_bucket_producer to None, run_after=None
[2025-04-13T00:30:49.302+0000] {processor.py:208} INFO - Processing /home/airflow/.local/lib/python3.12/site-packages/airflow/example_dags/example_dataset_alias.py took 0.358 seconds
[2025-04-13T00:31:19.526+0000] {processor.py:186} INFO - Started process (PID=11099) to work on /home/airflow/.local/lib/python3.12/site-packages/airflow/example_dags/example_dataset_alias.py
[2025-04-13T00:31:19.527+0000] {processor.py:914} INFO - Processing file /home/airflow/.local/lib/python3.12/site-packages/airflow/example_dags/example_dataset_alias.py for tasks to queue
[2025-04-13T00:31:19.528+0000] {logging_mixin.py:190} INFO - [2025-04-13T00:31:19.528+0000] {dagbag.py:588} INFO - Filling up the DagBag from /home/airflow/.local/lib/python3.12/site-packages/airflow/example_dags/example_dataset_alias.py
[2025-04-13T00:31:19.825+0000] {processor.py:925} INFO - DAG(s) 'dataset_alias_example_alias_consumer', 'dataset_alias_example_alias_producer', 'dataset_s3_bucket_producer', 'dataset_s3_bucket_consumer' retrieved from /home/airflow/.local/lib/python3.12/site-packages/airflow/example_dags/example_dataset_alias.py
[2025-04-13T00:31:19.852+0000] {logging_mixin.py:190} INFO - [2025-04-13T00:31:19.852+0000] {dag.py:3239} INFO - Sync 4 DAGs
[2025-04-13T00:31:19.880+0000] {logging_mixin.py:190} INFO - [2025-04-13T00:31:19.879+0000] {dag.py:4180} INFO - Setting next_dagrun for dataset_alias_example_alias_consumer to None, run_after=None
[2025-04-13T00:31:19.882+0000] {logging_mixin.py:190} INFO - [2025-04-13T00:31:19.882+0000] {dag.py:4180} INFO - Setting next_dagrun for dataset_alias_example_alias_producer to None, run_after=None
[2025-04-13T00:31:19.884+0000] {logging_mixin.py:190} INFO - [2025-04-13T00:31:19.884+0000] {dag.py:4180} INFO - Setting next_dagrun for dataset_s3_bucket_consumer to None, run_after=None
[2025-04-13T00:31:19.885+0000] {logging_mixin.py:190} INFO - [2025-04-13T00:31:19.885+0000] {dag.py:4180} INFO - Setting next_dagrun for dataset_s3_bucket_producer to None, run_after=None
[2025-04-13T00:31:19.908+0000] {processor.py:208} INFO - Processing /home/airflow/.local/lib/python3.12/site-packages/airflow/example_dags/example_dataset_alias.py took 0.387 seconds
[2025-04-13T00:31:50.150+0000] {processor.py:186} INFO - Started process (PID=11163) to work on /home/airflow/.local/lib/python3.12/site-packages/airflow/example_dags/example_dataset_alias.py
[2025-04-13T00:31:50.151+0000] {processor.py:914} INFO - Processing file /home/airflow/.local/lib/python3.12/site-packages/airflow/example_dags/example_dataset_alias.py for tasks to queue
[2025-04-13T00:31:50.152+0000] {logging_mixin.py:190} INFO - [2025-04-13T00:31:50.152+0000] {dagbag.py:588} INFO - Filling up the DagBag from /home/airflow/.local/lib/python3.12/site-packages/airflow/example_dags/example_dataset_alias.py
[2025-04-13T00:31:50.404+0000] {processor.py:925} INFO - DAG(s) 'dataset_alias_example_alias_producer', 'dataset_s3_bucket_consumer', 'dataset_alias_example_alias_consumer', 'dataset_s3_bucket_producer' retrieved from /home/airflow/.local/lib/python3.12/site-packages/airflow/example_dags/example_dataset_alias.py
[2025-04-13T00:31:50.425+0000] {logging_mixin.py:190} INFO - [2025-04-13T00:31:50.424+0000] {dag.py:3239} INFO - Sync 4 DAGs
[2025-04-13T00:31:50.447+0000] {logging_mixin.py:190} INFO - [2025-04-13T00:31:50.447+0000] {dag.py:4180} INFO - Setting next_dagrun for dataset_alias_example_alias_consumer to None, run_after=None
[2025-04-13T00:31:50.450+0000] {logging_mixin.py:190} INFO - [2025-04-13T00:31:50.450+0000] {dag.py:4180} INFO - Setting next_dagrun for dataset_alias_example_alias_producer to None, run_after=None
[2025-04-13T00:31:50.452+0000] {logging_mixin.py:190} INFO - [2025-04-13T00:31:50.451+0000] {dag.py:4180} INFO - Setting next_dagrun for dataset_s3_bucket_consumer to None, run_after=None
[2025-04-13T00:31:50.453+0000] {logging_mixin.py:190} INFO - [2025-04-13T00:31:50.453+0000] {dag.py:4180} INFO - Setting next_dagrun for dataset_s3_bucket_producer to None, run_after=None
[2025-04-13T00:31:50.475+0000] {processor.py:208} INFO - Processing /home/airflow/.local/lib/python3.12/site-packages/airflow/example_dags/example_dataset_alias.py took 0.330 seconds
