[2025-04-13T00:29:52.722+0000] {processor.py:186} INFO - Started process (PID=10943) to work on /home/airflow/.local/lib/python3.12/site-packages/airflow/example_dags/example_sensor_decorator.py
[2025-04-13T00:29:52.723+0000] {processor.py:914} INFO - Processing file /home/airflow/.local/lib/python3.12/site-packages/airflow/example_dags/example_sensor_decorator.py for tasks to queue
[2025-04-13T00:29:52.724+0000] {logging_mixin.py:190} INFO - [2025-04-13T00:29:52.724+0000] {dagbag.py:588} INFO - Filling up the DagBag from /home/airflow/.local/lib/python3.12/site-packages/airflow/example_dags/example_sensor_decorator.py
[2025-04-13T00:29:52.733+0000] {processor.py:925} INFO - DAG(s) 'example_sensor_decorator' retrieved from /home/airflow/.local/lib/python3.12/site-packages/airflow/example_dags/example_sensor_decorator.py
[2025-04-13T00:29:52.835+0000] {logging_mixin.py:190} INFO - [2025-04-13T00:29:52.835+0000] {dag.py:3239} INFO - Sync 1 DAGs
[2025-04-13T00:29:52.848+0000] {logging_mixin.py:190} INFO - [2025-04-13T00:29:52.847+0000] {dag.py:4180} INFO - Setting next_dagrun for example_sensor_decorator to None, run_after=None
[2025-04-13T00:29:52.865+0000] {processor.py:208} INFO - Processing /home/airflow/.local/lib/python3.12/site-packages/airflow/example_dags/example_sensor_decorator.py took 0.148 seconds
[2025-04-13T00:30:23.523+0000] {processor.py:186} INFO - Started process (PID=11007) to work on /home/airflow/.local/lib/python3.12/site-packages/airflow/example_dags/example_sensor_decorator.py
[2025-04-13T00:30:23.524+0000] {processor.py:914} INFO - Processing file /home/airflow/.local/lib/python3.12/site-packages/airflow/example_dags/example_sensor_decorator.py for tasks to queue
[2025-04-13T00:30:23.525+0000] {logging_mixin.py:190} INFO - [2025-04-13T00:30:23.525+0000] {dagbag.py:588} INFO - Filling up the DagBag from /home/airflow/.local/lib/python3.12/site-packages/airflow/example_dags/example_sensor_decorator.py
[2025-04-13T00:30:23.534+0000] {processor.py:925} INFO - DAG(s) 'example_sensor_decorator' retrieved from /home/airflow/.local/lib/python3.12/site-packages/airflow/example_dags/example_sensor_decorator.py
[2025-04-13T00:30:23.554+0000] {logging_mixin.py:190} INFO - [2025-04-13T00:30:23.554+0000] {dag.py:3239} INFO - Sync 1 DAGs
[2025-04-13T00:30:23.568+0000] {logging_mixin.py:190} INFO - [2025-04-13T00:30:23.568+0000] {dag.py:4180} INFO - Setting next_dagrun for example_sensor_decorator to None, run_after=None
[2025-04-13T00:30:23.588+0000] {processor.py:208} INFO - Processing /home/airflow/.local/lib/python3.12/site-packages/airflow/example_dags/example_sensor_decorator.py took 0.071 seconds
[2025-04-13T00:30:54.196+0000] {processor.py:186} INFO - Started process (PID=11071) to work on /home/airflow/.local/lib/python3.12/site-packages/airflow/example_dags/example_sensor_decorator.py
[2025-04-13T00:30:54.197+0000] {processor.py:914} INFO - Processing file /home/airflow/.local/lib/python3.12/site-packages/airflow/example_dags/example_sensor_decorator.py for tasks to queue
[2025-04-13T00:30:54.198+0000] {logging_mixin.py:190} INFO - [2025-04-13T00:30:54.198+0000] {dagbag.py:588} INFO - Filling up the DagBag from /home/airflow/.local/lib/python3.12/site-packages/airflow/example_dags/example_sensor_decorator.py
[2025-04-13T00:30:54.206+0000] {processor.py:925} INFO - DAG(s) 'example_sensor_decorator' retrieved from /home/airflow/.local/lib/python3.12/site-packages/airflow/example_dags/example_sensor_decorator.py
[2025-04-13T00:30:54.225+0000] {logging_mixin.py:190} INFO - [2025-04-13T00:30:54.224+0000] {dag.py:3239} INFO - Sync 1 DAGs
[2025-04-13T00:30:54.239+0000] {logging_mixin.py:190} INFO - [2025-04-13T00:30:54.239+0000] {dag.py:4180} INFO - Setting next_dagrun for example_sensor_decorator to None, run_after=None
[2025-04-13T00:30:54.256+0000] {processor.py:208} INFO - Processing /home/airflow/.local/lib/python3.12/site-packages/airflow/example_dags/example_sensor_decorator.py took 0.065 seconds
[2025-04-13T00:31:24.725+0000] {processor.py:186} INFO - Started process (PID=11135) to work on /home/airflow/.local/lib/python3.12/site-packages/airflow/example_dags/example_sensor_decorator.py
[2025-04-13T00:31:24.726+0000] {processor.py:914} INFO - Processing file /home/airflow/.local/lib/python3.12/site-packages/airflow/example_dags/example_sensor_decorator.py for tasks to queue
[2025-04-13T00:31:24.727+0000] {logging_mixin.py:190} INFO - [2025-04-13T00:31:24.727+0000] {dagbag.py:588} INFO - Filling up the DagBag from /home/airflow/.local/lib/python3.12/site-packages/airflow/example_dags/example_sensor_decorator.py
[2025-04-13T00:31:24.735+0000] {processor.py:925} INFO - DAG(s) 'example_sensor_decorator' retrieved from /home/airflow/.local/lib/python3.12/site-packages/airflow/example_dags/example_sensor_decorator.py
[2025-04-13T00:31:24.752+0000] {logging_mixin.py:190} INFO - [2025-04-13T00:31:24.752+0000] {dag.py:3239} INFO - Sync 1 DAGs
[2025-04-13T00:31:24.765+0000] {logging_mixin.py:190} INFO - [2025-04-13T00:31:24.765+0000] {dag.py:4180} INFO - Setting next_dagrun for example_sensor_decorator to None, run_after=None
[2025-04-13T00:31:24.780+0000] {processor.py:208} INFO - Processing /home/airflow/.local/lib/python3.12/site-packages/airflow/example_dags/example_sensor_decorator.py took 0.060 seconds
[2025-04-13T00:31:55.510+0000] {processor.py:186} INFO - Started process (PID=11200) to work on /home/airflow/.local/lib/python3.12/site-packages/airflow/example_dags/example_sensor_decorator.py
[2025-04-13T00:31:55.511+0000] {processor.py:914} INFO - Processing file /home/airflow/.local/lib/python3.12/site-packages/airflow/example_dags/example_sensor_decorator.py for tasks to queue
[2025-04-13T00:31:55.513+0000] {logging_mixin.py:190} INFO - [2025-04-13T00:31:55.512+0000] {dagbag.py:588} INFO - Filling up the DagBag from /home/airflow/.local/lib/python3.12/site-packages/airflow/example_dags/example_sensor_decorator.py
[2025-04-13T00:31:55.521+0000] {processor.py:925} INFO - DAG(s) 'example_sensor_decorator' retrieved from /home/airflow/.local/lib/python3.12/site-packages/airflow/example_dags/example_sensor_decorator.py
[2025-04-13T00:31:55.543+0000] {logging_mixin.py:190} INFO - [2025-04-13T00:31:55.542+0000] {dag.py:3239} INFO - Sync 1 DAGs
[2025-04-13T00:31:55.558+0000] {logging_mixin.py:190} INFO - [2025-04-13T00:31:55.558+0000] {dag.py:4180} INFO - Setting next_dagrun for example_sensor_decorator to None, run_after=None
[2025-04-13T00:31:55.577+0000] {processor.py:208} INFO - Processing /home/airflow/.local/lib/python3.12/site-packages/airflow/example_dags/example_sensor_decorator.py took 0.073 seconds
