[2025-04-13T00:29:47.977+0000] {processor.py:186} INFO - Started process (PID=10910) to work on /home/airflow/.local/lib/python3.12/site-packages/airflow/example_dags/example_sla_dag.py
[2025-04-13T00:29:47.978+0000] {processor.py:914} INFO - Processing file /home/airflow/.local/lib/python3.12/site-packages/airflow/example_dags/example_sla_dag.py for tasks to queue
[2025-04-13T00:29:47.980+0000] {logging_mixin.py:190} INFO - [2025-04-13T00:29:47.979+0000] {dagbag.py:588} INFO - Filling up the DagBag from /home/airflow/.local/lib/python3.12/site-packages/airflow/example_dags/example_sla_dag.py
[2025-04-13T00:29:47.990+0000] {processor.py:925} INFO - DAG(s) 'example_sla_dag' retrieved from /home/airflow/.local/lib/python3.12/site-packages/airflow/example_dags/example_sla_dag.py
[2025-04-13T00:29:48.153+0000] {logging_mixin.py:190} INFO - [2025-04-13T00:29:48.153+0000] {dag.py:3239} INFO - Sync 1 DAGs
[2025-04-13T00:29:48.182+0000] {logging_mixin.py:190} INFO - [2025-04-13T00:29:48.182+0000] {dag.py:4180} INFO - Setting next_dagrun for example_sla_dag to 2025-04-13 00:26:00+00:00, run_after=2025-04-13 00:28:00+00:00
[2025-04-13T00:29:48.212+0000] {processor.py:208} INFO - Processing /home/airflow/.local/lib/python3.12/site-packages/airflow/example_dags/example_sla_dag.py took 0.241 seconds
[2025-04-13T00:30:18.949+0000] {processor.py:186} INFO - Started process (PID=10974) to work on /home/airflow/.local/lib/python3.12/site-packages/airflow/example_dags/example_sla_dag.py
[2025-04-13T00:30:18.949+0000] {processor.py:914} INFO - Processing file /home/airflow/.local/lib/python3.12/site-packages/airflow/example_dags/example_sla_dag.py for tasks to queue
[2025-04-13T00:30:18.951+0000] {logging_mixin.py:190} INFO - [2025-04-13T00:30:18.951+0000] {dagbag.py:588} INFO - Filling up the DagBag from /home/airflow/.local/lib/python3.12/site-packages/airflow/example_dags/example_sla_dag.py
[2025-04-13T00:30:18.961+0000] {processor.py:925} INFO - DAG(s) 'example_sla_dag' retrieved from /home/airflow/.local/lib/python3.12/site-packages/airflow/example_dags/example_sla_dag.py
[2025-04-13T00:30:18.981+0000] {logging_mixin.py:190} INFO - [2025-04-13T00:30:18.981+0000] {dag.py:3239} INFO - Sync 1 DAGs
[2025-04-13T00:30:19.007+0000] {logging_mixin.py:190} INFO - [2025-04-13T00:30:19.007+0000] {dag.py:4180} INFO - Setting next_dagrun for example_sla_dag to 2025-04-13 00:28:00+00:00, run_after=2025-04-13 00:30:00+00:00
[2025-04-13T00:30:19.026+0000] {processor.py:208} INFO - Processing /home/airflow/.local/lib/python3.12/site-packages/airflow/example_dags/example_sla_dag.py took 0.082 seconds
[2025-04-13T00:30:49.354+0000] {processor.py:186} INFO - Started process (PID=11038) to work on /home/airflow/.local/lib/python3.12/site-packages/airflow/example_dags/example_sla_dag.py
[2025-04-13T00:30:49.355+0000] {processor.py:914} INFO - Processing file /home/airflow/.local/lib/python3.12/site-packages/airflow/example_dags/example_sla_dag.py for tasks to queue
[2025-04-13T00:30:49.356+0000] {logging_mixin.py:190} INFO - [2025-04-13T00:30:49.356+0000] {dagbag.py:588} INFO - Filling up the DagBag from /home/airflow/.local/lib/python3.12/site-packages/airflow/example_dags/example_sla_dag.py
[2025-04-13T00:30:49.367+0000] {processor.py:925} INFO - DAG(s) 'example_sla_dag' retrieved from /home/airflow/.local/lib/python3.12/site-packages/airflow/example_dags/example_sla_dag.py
[2025-04-13T00:30:49.387+0000] {logging_mixin.py:190} INFO - [2025-04-13T00:30:49.387+0000] {dag.py:3239} INFO - Sync 1 DAGs
[2025-04-13T00:30:49.413+0000] {logging_mixin.py:190} INFO - [2025-04-13T00:30:49.413+0000] {dag.py:4180} INFO - Setting next_dagrun for example_sla_dag to 2025-04-13 00:28:00+00:00, run_after=2025-04-13 00:30:00+00:00
[2025-04-13T00:30:49.430+0000] {processor.py:208} INFO - Processing /home/airflow/.local/lib/python3.12/site-packages/airflow/example_dags/example_sla_dag.py took 0.081 seconds
[2025-04-13T00:31:19.954+0000] {processor.py:186} INFO - Started process (PID=11102) to work on /home/airflow/.local/lib/python3.12/site-packages/airflow/example_dags/example_sla_dag.py
[2025-04-13T00:31:19.954+0000] {processor.py:914} INFO - Processing file /home/airflow/.local/lib/python3.12/site-packages/airflow/example_dags/example_sla_dag.py for tasks to queue
[2025-04-13T00:31:19.956+0000] {logging_mixin.py:190} INFO - [2025-04-13T00:31:19.955+0000] {dagbag.py:588} INFO - Filling up the DagBag from /home/airflow/.local/lib/python3.12/site-packages/airflow/example_dags/example_sla_dag.py
[2025-04-13T00:31:19.966+0000] {processor.py:925} INFO - DAG(s) 'example_sla_dag' retrieved from /home/airflow/.local/lib/python3.12/site-packages/airflow/example_dags/example_sla_dag.py
[2025-04-13T00:31:19.983+0000] {logging_mixin.py:190} INFO - [2025-04-13T00:31:19.983+0000] {dag.py:3239} INFO - Sync 1 DAGs
[2025-04-13T00:31:20.008+0000] {logging_mixin.py:190} INFO - [2025-04-13T00:31:20.008+0000] {dag.py:4180} INFO - Setting next_dagrun for example_sla_dag to 2025-04-13 00:28:00+00:00, run_after=2025-04-13 00:30:00+00:00
[2025-04-13T00:31:20.025+0000] {processor.py:208} INFO - Processing /home/airflow/.local/lib/python3.12/site-packages/airflow/example_dags/example_sla_dag.py took 0.076 seconds
[2025-04-13T00:31:50.520+0000] {processor.py:186} INFO - Started process (PID=11166) to work on /home/airflow/.local/lib/python3.12/site-packages/airflow/example_dags/example_sla_dag.py
[2025-04-13T00:31:50.521+0000] {processor.py:914} INFO - Processing file /home/airflow/.local/lib/python3.12/site-packages/airflow/example_dags/example_sla_dag.py for tasks to queue
[2025-04-13T00:31:50.522+0000] {logging_mixin.py:190} INFO - [2025-04-13T00:31:50.521+0000] {dagbag.py:588} INFO - Filling up the DagBag from /home/airflow/.local/lib/python3.12/site-packages/airflow/example_dags/example_sla_dag.py
[2025-04-13T00:31:50.531+0000] {processor.py:925} INFO - DAG(s) 'example_sla_dag' retrieved from /home/airflow/.local/lib/python3.12/site-packages/airflow/example_dags/example_sla_dag.py
[2025-04-13T00:31:50.549+0000] {logging_mixin.py:190} INFO - [2025-04-13T00:31:50.548+0000] {dag.py:3239} INFO - Sync 1 DAGs
[2025-04-13T00:31:50.573+0000] {logging_mixin.py:190} INFO - [2025-04-13T00:31:50.573+0000] {dag.py:4180} INFO - Setting next_dagrun for example_sla_dag to 2025-04-13 00:28:00+00:00, run_after=2025-04-13 00:30:00+00:00
[2025-04-13T00:31:50.592+0000] {processor.py:208} INFO - Processing /home/airflow/.local/lib/python3.12/site-packages/airflow/example_dags/example_sla_dag.py took 0.077 seconds
