[2025-04-13T00:29:52.349+0000] {processor.py:186} INFO - Started process (PID=10939) to work on /home/airflow/.local/lib/python3.12/site-packages/airflow/example_dags/example_trigger_target_dag.py
[2025-04-13T00:29:52.350+0000] {processor.py:914} INFO - Processing file /home/airflow/.local/lib/python3.12/site-packages/airflow/example_dags/example_trigger_target_dag.py for tasks to queue
[2025-04-13T00:29:52.351+0000] {logging_mixin.py:190} INFO - [2025-04-13T00:29:52.350+0000] {dagbag.py:588} INFO - Filling up the DagBag from /home/airflow/.local/lib/python3.12/site-packages/airflow/example_dags/example_trigger_target_dag.py
[2025-04-13T00:29:52.358+0000] {processor.py:925} INFO - DAG(s) 'example_trigger_target_dag' retrieved from /home/airflow/.local/lib/python3.12/site-packages/airflow/example_dags/example_trigger_target_dag.py
[2025-04-13T00:29:52.457+0000] {logging_mixin.py:190} INFO - [2025-04-13T00:29:52.457+0000] {dag.py:3239} INFO - Sync 1 DAGs
[2025-04-13T00:29:52.471+0000] {logging_mixin.py:190} INFO - [2025-04-13T00:29:52.470+0000] {dag.py:4180} INFO - Setting next_dagrun for example_trigger_target_dag to None, run_after=None
[2025-04-13T00:29:52.488+0000] {processor.py:208} INFO - Processing /home/airflow/.local/lib/python3.12/site-packages/airflow/example_dags/example_trigger_target_dag.py took 0.145 seconds
[2025-04-13T00:30:23.200+0000] {processor.py:186} INFO - Started process (PID=11003) to work on /home/airflow/.local/lib/python3.12/site-packages/airflow/example_dags/example_trigger_target_dag.py
[2025-04-13T00:30:23.201+0000] {processor.py:914} INFO - Processing file /home/airflow/.local/lib/python3.12/site-packages/airflow/example_dags/example_trigger_target_dag.py for tasks to queue
[2025-04-13T00:30:23.202+0000] {logging_mixin.py:190} INFO - [2025-04-13T00:30:23.202+0000] {dagbag.py:588} INFO - Filling up the DagBag from /home/airflow/.local/lib/python3.12/site-packages/airflow/example_dags/example_trigger_target_dag.py
[2025-04-13T00:30:23.209+0000] {processor.py:925} INFO - DAG(s) 'example_trigger_target_dag' retrieved from /home/airflow/.local/lib/python3.12/site-packages/airflow/example_dags/example_trigger_target_dag.py
[2025-04-13T00:30:23.225+0000] {logging_mixin.py:190} INFO - [2025-04-13T00:30:23.225+0000] {dag.py:3239} INFO - Sync 1 DAGs
[2025-04-13T00:30:23.239+0000] {logging_mixin.py:190} INFO - [2025-04-13T00:30:23.239+0000] {dag.py:4180} INFO - Setting next_dagrun for example_trigger_target_dag to None, run_after=None
[2025-04-13T00:30:23.256+0000] {processor.py:208} INFO - Processing /home/airflow/.local/lib/python3.12/site-packages/airflow/example_dags/example_trigger_target_dag.py took 0.061 seconds
[2025-04-13T00:30:53.846+0000] {processor.py:186} INFO - Started process (PID=11067) to work on /home/airflow/.local/lib/python3.12/site-packages/airflow/example_dags/example_trigger_target_dag.py
[2025-04-13T00:30:53.847+0000] {processor.py:914} INFO - Processing file /home/airflow/.local/lib/python3.12/site-packages/airflow/example_dags/example_trigger_target_dag.py for tasks to queue
[2025-04-13T00:30:53.848+0000] {logging_mixin.py:190} INFO - [2025-04-13T00:30:53.848+0000] {dagbag.py:588} INFO - Filling up the DagBag from /home/airflow/.local/lib/python3.12/site-packages/airflow/example_dags/example_trigger_target_dag.py
[2025-04-13T00:30:53.856+0000] {processor.py:925} INFO - DAG(s) 'example_trigger_target_dag' retrieved from /home/airflow/.local/lib/python3.12/site-packages/airflow/example_dags/example_trigger_target_dag.py
[2025-04-13T00:30:53.875+0000] {logging_mixin.py:190} INFO - [2025-04-13T00:30:53.874+0000] {dag.py:3239} INFO - Sync 1 DAGs
[2025-04-13T00:30:53.889+0000] {logging_mixin.py:190} INFO - [2025-04-13T00:30:53.889+0000] {dag.py:4180} INFO - Setting next_dagrun for example_trigger_target_dag to None, run_after=None
[2025-04-13T00:30:53.907+0000] {processor.py:208} INFO - Processing /home/airflow/.local/lib/python3.12/site-packages/airflow/example_dags/example_trigger_target_dag.py took 0.066 seconds
[2025-04-13T00:31:24.407+0000] {processor.py:186} INFO - Started process (PID=11131) to work on /home/airflow/.local/lib/python3.12/site-packages/airflow/example_dags/example_trigger_target_dag.py
[2025-04-13T00:31:24.408+0000] {processor.py:914} INFO - Processing file /home/airflow/.local/lib/python3.12/site-packages/airflow/example_dags/example_trigger_target_dag.py for tasks to queue
[2025-04-13T00:31:24.409+0000] {logging_mixin.py:190} INFO - [2025-04-13T00:31:24.408+0000] {dagbag.py:588} INFO - Filling up the DagBag from /home/airflow/.local/lib/python3.12/site-packages/airflow/example_dags/example_trigger_target_dag.py
[2025-04-13T00:31:24.416+0000] {processor.py:925} INFO - DAG(s) 'example_trigger_target_dag' retrieved from /home/airflow/.local/lib/python3.12/site-packages/airflow/example_dags/example_trigger_target_dag.py
[2025-04-13T00:31:24.434+0000] {logging_mixin.py:190} INFO - [2025-04-13T00:31:24.433+0000] {dag.py:3239} INFO - Sync 1 DAGs
[2025-04-13T00:31:24.448+0000] {logging_mixin.py:190} INFO - [2025-04-13T00:31:24.448+0000] {dag.py:4180} INFO - Setting next_dagrun for example_trigger_target_dag to None, run_after=None
[2025-04-13T00:31:24.465+0000] {processor.py:208} INFO - Processing /home/airflow/.local/lib/python3.12/site-packages/airflow/example_dags/example_trigger_target_dag.py took 0.063 seconds
[2025-04-13T00:31:55.192+0000] {processor.py:186} INFO - Started process (PID=11196) to work on /home/airflow/.local/lib/python3.12/site-packages/airflow/example_dags/example_trigger_target_dag.py
[2025-04-13T00:31:55.193+0000] {processor.py:914} INFO - Processing file /home/airflow/.local/lib/python3.12/site-packages/airflow/example_dags/example_trigger_target_dag.py for tasks to queue
[2025-04-13T00:31:55.194+0000] {logging_mixin.py:190} INFO - [2025-04-13T00:31:55.194+0000] {dagbag.py:588} INFO - Filling up the DagBag from /home/airflow/.local/lib/python3.12/site-packages/airflow/example_dags/example_trigger_target_dag.py
[2025-04-13T00:31:55.204+0000] {processor.py:925} INFO - DAG(s) 'example_trigger_target_dag' retrieved from /home/airflow/.local/lib/python3.12/site-packages/airflow/example_dags/example_trigger_target_dag.py
[2025-04-13T00:31:55.222+0000] {logging_mixin.py:190} INFO - [2025-04-13T00:31:55.222+0000] {dag.py:3239} INFO - Sync 1 DAGs
[2025-04-13T00:31:55.236+0000] {logging_mixin.py:190} INFO - [2025-04-13T00:31:55.235+0000] {dag.py:4180} INFO - Setting next_dagrun for example_trigger_target_dag to None, run_after=None
[2025-04-13T00:31:55.255+0000] {processor.py:208} INFO - Processing /home/airflow/.local/lib/python3.12/site-packages/airflow/example_dags/example_trigger_target_dag.py took 0.068 seconds
