[2025-04-13T00:29:47.162+0000] {processor.py:186} INFO - Started process (PID=10908) to work on /home/airflow/.local/lib/python3.12/site-packages/airflow/example_dags/example_dataset_alias_with_no_taskflow.py
[2025-04-13T00:29:47.163+0000] {processor.py:914} INFO - Processing file /home/airflow/.local/lib/python3.12/site-packages/airflow/example_dags/example_dataset_alias_with_no_taskflow.py for tasks to queue
[2025-04-13T00:29:47.164+0000] {logging_mixin.py:190} INFO - [2025-04-13T00:29:47.164+0000] {dagbag.py:588} INFO - Filling up the DagBag from /home/airflow/.local/lib/python3.12/site-packages/airflow/example_dags/example_dataset_alias_with_no_taskflow.py
[2025-04-13T00:29:47.495+0000] {processor.py:925} INFO - DAG(s) 'dataset_alias_example_alias_producer_with_no_taskflow', 'dataset_s3_bucket_producer_with_no_taskflow', 'dataset_s3_bucket_consumer_with_no_taskflow', 'dataset_alias_example_alias_consumer_with_no_taskflow' retrieved from /home/airflow/.local/lib/python3.12/site-packages/airflow/example_dags/example_dataset_alias_with_no_taskflow.py
[2025-04-13T00:29:47.665+0000] {logging_mixin.py:190} INFO - [2025-04-13T00:29:47.665+0000] {dag.py:3239} INFO - Sync 4 DAGs
[2025-04-13T00:29:47.687+0000] {logging_mixin.py:190} INFO - [2025-04-13T00:29:47.687+0000] {dag.py:4180} INFO - Setting next_dagrun for dataset_alias_example_alias_consumer_with_no_taskflow to None, run_after=None
[2025-04-13T00:29:47.690+0000] {logging_mixin.py:190} INFO - [2025-04-13T00:29:47.690+0000] {dag.py:4180} INFO - Setting next_dagrun for dataset_alias_example_alias_producer_with_no_taskflow to None, run_after=None
[2025-04-13T00:29:47.692+0000] {logging_mixin.py:190} INFO - [2025-04-13T00:29:47.691+0000] {dag.py:4180} INFO - Setting next_dagrun for dataset_s3_bucket_consumer_with_no_taskflow to None, run_after=None
[2025-04-13T00:29:47.693+0000] {logging_mixin.py:190} INFO - [2025-04-13T00:29:47.693+0000] {dag.py:4180} INFO - Setting next_dagrun for dataset_s3_bucket_producer_with_no_taskflow to None, run_after=None
[2025-04-13T00:29:47.717+0000] {processor.py:208} INFO - Processing /home/airflow/.local/lib/python3.12/site-packages/airflow/example_dags/example_dataset_alias_with_no_taskflow.py took 0.559 seconds
[2025-04-13T00:30:18.598+0000] {processor.py:186} INFO - Started process (PID=10972) to work on /home/airflow/.local/lib/python3.12/site-packages/airflow/example_dags/example_dataset_alias_with_no_taskflow.py
[2025-04-13T00:30:18.599+0000] {processor.py:914} INFO - Processing file /home/airflow/.local/lib/python3.12/site-packages/airflow/example_dags/example_dataset_alias_with_no_taskflow.py for tasks to queue
[2025-04-13T00:30:18.600+0000] {logging_mixin.py:190} INFO - [2025-04-13T00:30:18.600+0000] {dagbag.py:588} INFO - Filling up the DagBag from /home/airflow/.local/lib/python3.12/site-packages/airflow/example_dags/example_dataset_alias_with_no_taskflow.py
[2025-04-13T00:30:18.837+0000] {processor.py:925} INFO - DAG(s) 'dataset_s3_bucket_producer_with_no_taskflow', 'dataset_alias_example_alias_producer_with_no_taskflow', 'dataset_alias_example_alias_consumer_with_no_taskflow', 'dataset_s3_bucket_consumer_with_no_taskflow' retrieved from /home/airflow/.local/lib/python3.12/site-packages/airflow/example_dags/example_dataset_alias_with_no_taskflow.py
[2025-04-13T00:30:18.856+0000] {logging_mixin.py:190} INFO - [2025-04-13T00:30:18.855+0000] {dag.py:3239} INFO - Sync 4 DAGs
[2025-04-13T00:30:18.879+0000] {logging_mixin.py:190} INFO - [2025-04-13T00:30:18.878+0000] {dag.py:4180} INFO - Setting next_dagrun for dataset_alias_example_alias_consumer_with_no_taskflow to None, run_after=None
[2025-04-13T00:30:18.881+0000] {logging_mixin.py:190} INFO - [2025-04-13T00:30:18.881+0000] {dag.py:4180} INFO - Setting next_dagrun for dataset_alias_example_alias_producer_with_no_taskflow to None, run_after=None
[2025-04-13T00:30:18.882+0000] {logging_mixin.py:190} INFO - [2025-04-13T00:30:18.882+0000] {dag.py:4180} INFO - Setting next_dagrun for dataset_s3_bucket_consumer_with_no_taskflow to None, run_after=None
[2025-04-13T00:30:18.883+0000] {logging_mixin.py:190} INFO - [2025-04-13T00:30:18.883+0000] {dag.py:4180} INFO - Setting next_dagrun for dataset_s3_bucket_producer_with_no_taskflow to None, run_after=None
[2025-04-13T00:30:18.903+0000] {processor.py:208} INFO - Processing /home/airflow/.local/lib/python3.12/site-packages/airflow/example_dags/example_dataset_alias_with_no_taskflow.py took 0.309 seconds
[2025-04-13T00:30:48.955+0000] {processor.py:186} INFO - Started process (PID=11036) to work on /home/airflow/.local/lib/python3.12/site-packages/airflow/example_dags/example_dataset_alias_with_no_taskflow.py
[2025-04-13T00:30:48.956+0000] {processor.py:914} INFO - Processing file /home/airflow/.local/lib/python3.12/site-packages/airflow/example_dags/example_dataset_alias_with_no_taskflow.py for tasks to queue
[2025-04-13T00:30:48.957+0000] {logging_mixin.py:190} INFO - [2025-04-13T00:30:48.957+0000] {dagbag.py:588} INFO - Filling up the DagBag from /home/airflow/.local/lib/python3.12/site-packages/airflow/example_dags/example_dataset_alias_with_no_taskflow.py
[2025-04-13T00:30:49.222+0000] {processor.py:925} INFO - DAG(s) 'dataset_s3_bucket_consumer_with_no_taskflow', 'dataset_s3_bucket_producer_with_no_taskflow', 'dataset_alias_example_alias_producer_with_no_taskflow', 'dataset_alias_example_alias_consumer_with_no_taskflow' retrieved from /home/airflow/.local/lib/python3.12/site-packages/airflow/example_dags/example_dataset_alias_with_no_taskflow.py
[2025-04-13T00:30:49.245+0000] {logging_mixin.py:190} INFO - [2025-04-13T00:30:49.245+0000] {dag.py:3239} INFO - Sync 4 DAGs
[2025-04-13T00:30:49.271+0000] {logging_mixin.py:190} INFO - [2025-04-13T00:30:49.270+0000] {dag.py:4180} INFO - Setting next_dagrun for dataset_alias_example_alias_consumer_with_no_taskflow to None, run_after=None
[2025-04-13T00:30:49.274+0000] {logging_mixin.py:190} INFO - [2025-04-13T00:30:49.274+0000] {dag.py:4180} INFO - Setting next_dagrun for dataset_alias_example_alias_producer_with_no_taskflow to None, run_after=None
[2025-04-13T00:30:49.276+0000] {logging_mixin.py:190} INFO - [2025-04-13T00:30:49.276+0000] {dag.py:4180} INFO - Setting next_dagrun for dataset_s3_bucket_consumer_with_no_taskflow to None, run_after=None
[2025-04-13T00:30:49.278+0000] {logging_mixin.py:190} INFO - [2025-04-13T00:30:49.277+0000] {dag.py:4180} INFO - Setting next_dagrun for dataset_s3_bucket_producer_with_no_taskflow to None, run_after=None
[2025-04-13T00:30:49.301+0000] {processor.py:208} INFO - Processing /home/airflow/.local/lib/python3.12/site-packages/airflow/example_dags/example_dataset_alias_with_no_taskflow.py took 0.351 seconds
[2025-04-13T00:31:19.532+0000] {processor.py:186} INFO - Started process (PID=11100) to work on /home/airflow/.local/lib/python3.12/site-packages/airflow/example_dags/example_dataset_alias_with_no_taskflow.py
[2025-04-13T00:31:19.533+0000] {processor.py:914} INFO - Processing file /home/airflow/.local/lib/python3.12/site-packages/airflow/example_dags/example_dataset_alias_with_no_taskflow.py for tasks to queue
[2025-04-13T00:31:19.534+0000] {logging_mixin.py:190} INFO - [2025-04-13T00:31:19.534+0000] {dagbag.py:588} INFO - Filling up the DagBag from /home/airflow/.local/lib/python3.12/site-packages/airflow/example_dags/example_dataset_alias_with_no_taskflow.py
[2025-04-13T00:31:19.825+0000] {processor.py:925} INFO - DAG(s) 'dataset_alias_example_alias_producer_with_no_taskflow', 'dataset_alias_example_alias_consumer_with_no_taskflow', 'dataset_s3_bucket_consumer_with_no_taskflow', 'dataset_s3_bucket_producer_with_no_taskflow' retrieved from /home/airflow/.local/lib/python3.12/site-packages/airflow/example_dags/example_dataset_alias_with_no_taskflow.py
[2025-04-13T00:31:19.852+0000] {logging_mixin.py:190} INFO - [2025-04-13T00:31:19.852+0000] {dag.py:3239} INFO - Sync 4 DAGs
[2025-04-13T00:31:19.879+0000] {logging_mixin.py:190} INFO - [2025-04-13T00:31:19.878+0000] {dag.py:4180} INFO - Setting next_dagrun for dataset_alias_example_alias_consumer_with_no_taskflow to None, run_after=None
[2025-04-13T00:31:19.882+0000] {logging_mixin.py:190} INFO - [2025-04-13T00:31:19.882+0000] {dag.py:4180} INFO - Setting next_dagrun for dataset_alias_example_alias_producer_with_no_taskflow to None, run_after=None
[2025-04-13T00:31:19.884+0000] {logging_mixin.py:190} INFO - [2025-04-13T00:31:19.883+0000] {dag.py:4180} INFO - Setting next_dagrun for dataset_s3_bucket_consumer_with_no_taskflow to None, run_after=None
[2025-04-13T00:31:19.885+0000] {logging_mixin.py:190} INFO - [2025-04-13T00:31:19.885+0000] {dag.py:4180} INFO - Setting next_dagrun for dataset_s3_bucket_producer_with_no_taskflow to None, run_after=None
[2025-04-13T00:31:19.907+0000] {processor.py:208} INFO - Processing /home/airflow/.local/lib/python3.12/site-packages/airflow/example_dags/example_dataset_alias_with_no_taskflow.py took 0.381 seconds
[2025-04-13T00:31:50.157+0000] {processor.py:186} INFO - Started process (PID=11164) to work on /home/airflow/.local/lib/python3.12/site-packages/airflow/example_dags/example_dataset_alias_with_no_taskflow.py
[2025-04-13T00:31:50.157+0000] {processor.py:914} INFO - Processing file /home/airflow/.local/lib/python3.12/site-packages/airflow/example_dags/example_dataset_alias_with_no_taskflow.py for tasks to queue
[2025-04-13T00:31:50.159+0000] {logging_mixin.py:190} INFO - [2025-04-13T00:31:50.158+0000] {dagbag.py:588} INFO - Filling up the DagBag from /home/airflow/.local/lib/python3.12/site-packages/airflow/example_dags/example_dataset_alias_with_no_taskflow.py
[2025-04-13T00:31:50.404+0000] {processor.py:925} INFO - DAG(s) 'dataset_alias_example_alias_producer_with_no_taskflow', 'dataset_s3_bucket_consumer_with_no_taskflow', 'dataset_s3_bucket_producer_with_no_taskflow', 'dataset_alias_example_alias_consumer_with_no_taskflow' retrieved from /home/airflow/.local/lib/python3.12/site-packages/airflow/example_dags/example_dataset_alias_with_no_taskflow.py
[2025-04-13T00:31:50.424+0000] {logging_mixin.py:190} INFO - [2025-04-13T00:31:50.423+0000] {dag.py:3239} INFO - Sync 4 DAGs
[2025-04-13T00:31:50.447+0000] {logging_mixin.py:190} INFO - [2025-04-13T00:31:50.447+0000] {dag.py:4180} INFO - Setting next_dagrun for dataset_alias_example_alias_consumer_with_no_taskflow to None, run_after=None
[2025-04-13T00:31:50.450+0000] {logging_mixin.py:190} INFO - [2025-04-13T00:31:50.449+0000] {dag.py:4180} INFO - Setting next_dagrun for dataset_alias_example_alias_producer_with_no_taskflow to None, run_after=None
[2025-04-13T00:31:50.451+0000] {logging_mixin.py:190} INFO - [2025-04-13T00:31:50.451+0000] {dag.py:4180} INFO - Setting next_dagrun for dataset_s3_bucket_consumer_with_no_taskflow to None, run_after=None
[2025-04-13T00:31:50.453+0000] {logging_mixin.py:190} INFO - [2025-04-13T00:31:50.452+0000] {dag.py:4180} INFO - Setting next_dagrun for dataset_s3_bucket_producer_with_no_taskflow to None, run_after=None
[2025-04-13T00:31:50.474+0000] {processor.py:208} INFO - Processing /home/airflow/.local/lib/python3.12/site-packages/airflow/example_dags/example_dataset_alias_with_no_taskflow.py took 0.322 seconds
