[2025-04-13T00:29:49.049+0000] {processor.py:186} INFO - Started process (PID=10917) to work on /home/airflow/.local/lib/python3.12/site-packages/airflow/example_dags/example_python_operator.py
[2025-04-13T00:29:49.049+0000] {processor.py:914} INFO - Processing file /home/airflow/.local/lib/python3.12/site-packages/airflow/example_dags/example_python_operator.py for tasks to queue
[2025-04-13T00:29:49.051+0000] {logging_mixin.py:190} INFO - [2025-04-13T00:29:49.050+0000] {dagbag.py:588} INFO - Filling up the DagBag from /home/airflow/.local/lib/python3.12/site-packages/airflow/example_dags/example_python_operator.py
[2025-04-13T00:29:49.064+0000] {processor.py:925} INFO - DAG(s) 'example_python_operator' retrieved from /home/airflow/.local/lib/python3.12/site-packages/airflow/example_dags/example_python_operator.py
[2025-04-13T00:29:49.185+0000] {logging_mixin.py:190} INFO - [2025-04-13T00:29:49.185+0000] {dag.py:3239} INFO - Sync 1 DAGs
[2025-04-13T00:29:49.202+0000] {logging_mixin.py:190} INFO - [2025-04-13T00:29:49.202+0000] {dag.py:4180} INFO - Setting next_dagrun for example_python_operator to None, run_after=None
[2025-04-13T00:29:49.224+0000] {processor.py:208} INFO - Processing /home/airflow/.local/lib/python3.12/site-packages/airflow/example_dags/example_python_operator.py took 0.181 seconds
[2025-04-13T00:30:19.578+0000] {processor.py:186} INFO - Started process (PID=10981) to work on /home/airflow/.local/lib/python3.12/site-packages/airflow/example_dags/example_python_operator.py
[2025-04-13T00:30:19.578+0000] {processor.py:914} INFO - Processing file /home/airflow/.local/lib/python3.12/site-packages/airflow/example_dags/example_python_operator.py for tasks to queue
[2025-04-13T00:30:19.580+0000] {logging_mixin.py:190} INFO - [2025-04-13T00:30:19.579+0000] {dagbag.py:588} INFO - Filling up the DagBag from /home/airflow/.local/lib/python3.12/site-packages/airflow/example_dags/example_python_operator.py
[2025-04-13T00:30:19.591+0000] {processor.py:925} INFO - DAG(s) 'example_python_operator' retrieved from /home/airflow/.local/lib/python3.12/site-packages/airflow/example_dags/example_python_operator.py
[2025-04-13T00:30:19.612+0000] {logging_mixin.py:190} INFO - [2025-04-13T00:30:19.612+0000] {dag.py:3239} INFO - Sync 1 DAGs
[2025-04-13T00:30:19.627+0000] {logging_mixin.py:190} INFO - [2025-04-13T00:30:19.627+0000] {dag.py:4180} INFO - Setting next_dagrun for example_python_operator to None, run_after=None
[2025-04-13T00:30:19.644+0000] {processor.py:208} INFO - Processing /home/airflow/.local/lib/python3.12/site-packages/airflow/example_dags/example_python_operator.py took 0.071 seconds
[2025-04-13T00:30:49.953+0000] {processor.py:186} INFO - Started process (PID=11045) to work on /home/airflow/.local/lib/python3.12/site-packages/airflow/example_dags/example_python_operator.py
[2025-04-13T00:30:49.953+0000] {processor.py:914} INFO - Processing file /home/airflow/.local/lib/python3.12/site-packages/airflow/example_dags/example_python_operator.py for tasks to queue
[2025-04-13T00:30:49.954+0000] {logging_mixin.py:190} INFO - [2025-04-13T00:30:49.954+0000] {dagbag.py:588} INFO - Filling up the DagBag from /home/airflow/.local/lib/python3.12/site-packages/airflow/example_dags/example_python_operator.py
[2025-04-13T00:30:49.966+0000] {processor.py:925} INFO - DAG(s) 'example_python_operator' retrieved from /home/airflow/.local/lib/python3.12/site-packages/airflow/example_dags/example_python_operator.py
[2025-04-13T00:30:49.989+0000] {logging_mixin.py:190} INFO - [2025-04-13T00:30:49.989+0000] {dag.py:3239} INFO - Sync 1 DAGs
[2025-04-13T00:30:50.005+0000] {logging_mixin.py:190} INFO - [2025-04-13T00:30:50.004+0000] {dag.py:4180} INFO - Setting next_dagrun for example_python_operator to None, run_after=None
[2025-04-13T00:30:50.022+0000] {processor.py:208} INFO - Processing /home/airflow/.local/lib/python3.12/site-packages/airflow/example_dags/example_python_operator.py took 0.076 seconds
[2025-04-13T00:31:20.535+0000] {processor.py:186} INFO - Started process (PID=11109) to work on /home/airflow/.local/lib/python3.12/site-packages/airflow/example_dags/example_python_operator.py
[2025-04-13T00:31:20.535+0000] {processor.py:914} INFO - Processing file /home/airflow/.local/lib/python3.12/site-packages/airflow/example_dags/example_python_operator.py for tasks to queue
[2025-04-13T00:31:20.537+0000] {logging_mixin.py:190} INFO - [2025-04-13T00:31:20.536+0000] {dagbag.py:588} INFO - Filling up the DagBag from /home/airflow/.local/lib/python3.12/site-packages/airflow/example_dags/example_python_operator.py
[2025-04-13T00:31:20.548+0000] {processor.py:925} INFO - DAG(s) 'example_python_operator' retrieved from /home/airflow/.local/lib/python3.12/site-packages/airflow/example_dags/example_python_operator.py
[2025-04-13T00:31:20.570+0000] {logging_mixin.py:190} INFO - [2025-04-13T00:31:20.569+0000] {dag.py:3239} INFO - Sync 1 DAGs
[2025-04-13T00:31:20.584+0000] {logging_mixin.py:190} INFO - [2025-04-13T00:31:20.584+0000] {dag.py:4180} INFO - Setting next_dagrun for example_python_operator to None, run_after=None
[2025-04-13T00:31:20.600+0000] {processor.py:208} INFO - Processing /home/airflow/.local/lib/python3.12/site-packages/airflow/example_dags/example_python_operator.py took 0.071 seconds
[2025-04-13T00:31:51.130+0000] {processor.py:186} INFO - Started process (PID=11173) to work on /home/airflow/.local/lib/python3.12/site-packages/airflow/example_dags/example_python_operator.py
[2025-04-13T00:31:51.131+0000] {processor.py:914} INFO - Processing file /home/airflow/.local/lib/python3.12/site-packages/airflow/example_dags/example_python_operator.py for tasks to queue
[2025-04-13T00:31:51.133+0000] {logging_mixin.py:190} INFO - [2025-04-13T00:31:51.132+0000] {dagbag.py:588} INFO - Filling up the DagBag from /home/airflow/.local/lib/python3.12/site-packages/airflow/example_dags/example_python_operator.py
[2025-04-13T00:31:51.144+0000] {processor.py:925} INFO - DAG(s) 'example_python_operator' retrieved from /home/airflow/.local/lib/python3.12/site-packages/airflow/example_dags/example_python_operator.py
[2025-04-13T00:31:51.170+0000] {logging_mixin.py:190} INFO - [2025-04-13T00:31:51.170+0000] {dag.py:3239} INFO - Sync 1 DAGs
[2025-04-13T00:31:51.184+0000] {logging_mixin.py:190} INFO - [2025-04-13T00:31:51.183+0000] {dag.py:4180} INFO - Setting next_dagrun for example_python_operator to None, run_after=None
[2025-04-13T00:31:51.200+0000] {processor.py:208} INFO - Processing /home/airflow/.local/lib/python3.12/site-packages/airflow/example_dags/example_python_operator.py took 0.075 seconds
