[2025-04-13T00:29:52.352+0000] {processor.py:186} INFO - Started process (PID=10940) to work on /home/airflow/.local/lib/python3.12/site-packages/airflow/example_dags/example_bash_decorator.py
[2025-04-13T00:29:52.352+0000] {processor.py:914} INFO - Processing file /home/airflow/.local/lib/python3.12/site-packages/airflow/example_dags/example_bash_decorator.py for tasks to queue
[2025-04-13T00:29:52.354+0000] {logging_mixin.py:190} INFO - [2025-04-13T00:29:52.353+0000] {dagbag.py:588} INFO - Filling up the DagBag from /home/airflow/.local/lib/python3.12/site-packages/airflow/example_dags/example_bash_decorator.py
[2025-04-13T00:29:52.368+0000] {processor.py:925} INFO - DAG(s) 'example_bash_decorator' retrieved from /home/airflow/.local/lib/python3.12/site-packages/airflow/example_dags/example_bash_decorator.py
[2025-04-13T00:29:52.473+0000] {logging_mixin.py:190} INFO - [2025-04-13T00:29:52.473+0000] {dag.py:3239} INFO - Sync 1 DAGs
[2025-04-13T00:29:52.486+0000] {logging_mixin.py:190} INFO - [2025-04-13T00:29:52.486+0000] {dag.py:4180} INFO - Setting next_dagrun for example_bash_decorator to None, run_after=None
[2025-04-13T00:29:52.504+0000] {processor.py:208} INFO - Processing /home/airflow/.local/lib/python3.12/site-packages/airflow/example_dags/example_bash_decorator.py took 0.157 seconds
[2025-04-13T00:30:23.290+0000] {processor.py:186} INFO - Started process (PID=11004) to work on /home/airflow/.local/lib/python3.12/site-packages/airflow/example_dags/example_bash_decorator.py
[2025-04-13T00:30:23.290+0000] {processor.py:914} INFO - Processing file /home/airflow/.local/lib/python3.12/site-packages/airflow/example_dags/example_bash_decorator.py for tasks to queue
[2025-04-13T00:30:23.292+0000] {logging_mixin.py:190} INFO - [2025-04-13T00:30:23.291+0000] {dagbag.py:588} INFO - Filling up the DagBag from /home/airflow/.local/lib/python3.12/site-packages/airflow/example_dags/example_bash_decorator.py
[2025-04-13T00:30:23.305+0000] {processor.py:925} INFO - DAG(s) 'example_bash_decorator' retrieved from /home/airflow/.local/lib/python3.12/site-packages/airflow/example_dags/example_bash_decorator.py
[2025-04-13T00:30:23.328+0000] {logging_mixin.py:190} INFO - [2025-04-13T00:30:23.328+0000] {dag.py:3239} INFO - Sync 1 DAGs
[2025-04-13T00:30:23.343+0000] {logging_mixin.py:190} INFO - [2025-04-13T00:30:23.343+0000] {dag.py:4180} INFO - Setting next_dagrun for example_bash_decorator to None, run_after=None
[2025-04-13T00:30:23.359+0000] {processor.py:208} INFO - Processing /home/airflow/.local/lib/python3.12/site-packages/airflow/example_dags/example_bash_decorator.py took 0.074 seconds
[2025-04-13T00:30:53.943+0000] {processor.py:186} INFO - Started process (PID=11068) to work on /home/airflow/.local/lib/python3.12/site-packages/airflow/example_dags/example_bash_decorator.py
[2025-04-13T00:30:53.944+0000] {processor.py:914} INFO - Processing file /home/airflow/.local/lib/python3.12/site-packages/airflow/example_dags/example_bash_decorator.py for tasks to queue
[2025-04-13T00:30:53.945+0000] {logging_mixin.py:190} INFO - [2025-04-13T00:30:53.945+0000] {dagbag.py:588} INFO - Filling up the DagBag from /home/airflow/.local/lib/python3.12/site-packages/airflow/example_dags/example_bash_decorator.py
[2025-04-13T00:30:53.960+0000] {processor.py:925} INFO - DAG(s) 'example_bash_decorator' retrieved from /home/airflow/.local/lib/python3.12/site-packages/airflow/example_dags/example_bash_decorator.py
[2025-04-13T00:30:53.984+0000] {logging_mixin.py:190} INFO - [2025-04-13T00:30:53.984+0000] {dag.py:3239} INFO - Sync 1 DAGs
[2025-04-13T00:30:54.000+0000] {logging_mixin.py:190} INFO - [2025-04-13T00:30:54.000+0000] {dag.py:4180} INFO - Setting next_dagrun for example_bash_decorator to None, run_after=None
[2025-04-13T00:30:54.019+0000] {processor.py:208} INFO - Processing /home/airflow/.local/lib/python3.12/site-packages/airflow/example_dags/example_bash_decorator.py took 0.080 seconds
[2025-04-13T00:31:24.499+0000] {processor.py:186} INFO - Started process (PID=11132) to work on /home/airflow/.local/lib/python3.12/site-packages/airflow/example_dags/example_bash_decorator.py
[2025-04-13T00:31:24.500+0000] {processor.py:914} INFO - Processing file /home/airflow/.local/lib/python3.12/site-packages/airflow/example_dags/example_bash_decorator.py for tasks to queue
[2025-04-13T00:31:24.501+0000] {logging_mixin.py:190} INFO - [2025-04-13T00:31:24.501+0000] {dagbag.py:588} INFO - Filling up the DagBag from /home/airflow/.local/lib/python3.12/site-packages/airflow/example_dags/example_bash_decorator.py
[2025-04-13T00:31:24.515+0000] {processor.py:925} INFO - DAG(s) 'example_bash_decorator' retrieved from /home/airflow/.local/lib/python3.12/site-packages/airflow/example_dags/example_bash_decorator.py
[2025-04-13T00:31:24.537+0000] {logging_mixin.py:190} INFO - [2025-04-13T00:31:24.537+0000] {dag.py:3239} INFO - Sync 1 DAGs
[2025-04-13T00:31:24.551+0000] {logging_mixin.py:190} INFO - [2025-04-13T00:31:24.550+0000] {dag.py:4180} INFO - Setting next_dagrun for example_bash_decorator to None, run_after=None
[2025-04-13T00:31:24.566+0000] {processor.py:208} INFO - Processing /home/airflow/.local/lib/python3.12/site-packages/airflow/example_dags/example_bash_decorator.py took 0.072 seconds
[2025-04-13T00:31:55.295+0000] {processor.py:186} INFO - Started process (PID=11197) to work on /home/airflow/.local/lib/python3.12/site-packages/airflow/example_dags/example_bash_decorator.py
[2025-04-13T00:31:55.296+0000] {processor.py:914} INFO - Processing file /home/airflow/.local/lib/python3.12/site-packages/airflow/example_dags/example_bash_decorator.py for tasks to queue
[2025-04-13T00:31:55.297+0000] {logging_mixin.py:190} INFO - [2025-04-13T00:31:55.297+0000] {dagbag.py:588} INFO - Filling up the DagBag from /home/airflow/.local/lib/python3.12/site-packages/airflow/example_dags/example_bash_decorator.py
[2025-04-13T00:31:55.312+0000] {processor.py:925} INFO - DAG(s) 'example_bash_decorator' retrieved from /home/airflow/.local/lib/python3.12/site-packages/airflow/example_dags/example_bash_decorator.py
[2025-04-13T00:31:55.335+0000] {logging_mixin.py:190} INFO - [2025-04-13T00:31:55.335+0000] {dag.py:3239} INFO - Sync 1 DAGs
[2025-04-13T00:31:55.349+0000] {logging_mixin.py:190} INFO - [2025-04-13T00:31:55.349+0000] {dag.py:4180} INFO - Setting next_dagrun for example_bash_decorator to None, run_after=None
[2025-04-13T00:31:55.367+0000] {processor.py:208} INFO - Processing /home/airflow/.local/lib/python3.12/site-packages/airflow/example_dags/example_bash_decorator.py took 0.077 seconds
