[2025-04-13T00:30:05.456+0000] {processor.py:186} INFO - Started process (PID=10970) to work on /home/airflow/.local/lib/python3.12/site-packages/airflow/example_dags/example_nested_branch_dag.py
[2025-04-13T00:30:05.457+0000] {processor.py:914} INFO - Processing file /home/airflow/.local/lib/python3.12/site-packages/airflow/example_dags/example_nested_branch_dag.py for tasks to queue
[2025-04-13T00:30:05.458+0000] {logging_mixin.py:190} INFO - [2025-04-13T00:30:05.458+0000] {dagbag.py:588} INFO - Filling up the DagBag from /home/airflow/.local/lib/python3.12/site-packages/airflow/example_dags/example_nested_branch_dag.py
[2025-04-13T00:30:05.468+0000] {processor.py:925} INFO - DAG(s) 'example_nested_branch_dag' retrieved from /home/airflow/.local/lib/python3.12/site-packages/airflow/example_dags/example_nested_branch_dag.py
[2025-04-13T00:30:05.567+0000] {logging_mixin.py:190} INFO - [2025-04-13T00:30:05.567+0000] {dag.py:3239} INFO - Sync 1 DAGs
[2025-04-13T00:30:05.588+0000] {logging_mixin.py:190} INFO - [2025-04-13T00:30:05.588+0000] {dag.py:4180} INFO - Setting next_dagrun for example_nested_branch_dag to 2025-04-12 00:00:00+00:00, run_after=2025-04-13 00:00:00+00:00
[2025-04-13T00:30:05.605+0000] {processor.py:208} INFO - Processing /home/airflow/.local/lib/python3.12/site-packages/airflow/example_dags/example_nested_branch_dag.py took 0.153 seconds
[2025-04-13T00:30:35.780+0000] {processor.py:186} INFO - Started process (PID=11034) to work on /home/airflow/.local/lib/python3.12/site-packages/airflow/example_dags/example_nested_branch_dag.py
[2025-04-13T00:30:35.780+0000] {processor.py:914} INFO - Processing file /home/airflow/.local/lib/python3.12/site-packages/airflow/example_dags/example_nested_branch_dag.py for tasks to queue
[2025-04-13T00:30:35.782+0000] {logging_mixin.py:190} INFO - [2025-04-13T00:30:35.781+0000] {dagbag.py:588} INFO - Filling up the DagBag from /home/airflow/.local/lib/python3.12/site-packages/airflow/example_dags/example_nested_branch_dag.py
[2025-04-13T00:30:35.793+0000] {processor.py:925} INFO - DAG(s) 'example_nested_branch_dag' retrieved from /home/airflow/.local/lib/python3.12/site-packages/airflow/example_dags/example_nested_branch_dag.py
[2025-04-13T00:30:35.813+0000] {logging_mixin.py:190} INFO - [2025-04-13T00:30:35.813+0000] {dag.py:3239} INFO - Sync 1 DAGs
[2025-04-13T00:30:35.835+0000] {logging_mixin.py:190} INFO - [2025-04-13T00:30:35.835+0000] {dag.py:4180} INFO - Setting next_dagrun for example_nested_branch_dag to 2025-04-12 00:00:00+00:00, run_after=2025-04-13 00:00:00+00:00
[2025-04-13T00:30:35.850+0000] {processor.py:208} INFO - Processing /home/airflow/.local/lib/python3.12/site-packages/airflow/example_dags/example_nested_branch_dag.py took 0.076 seconds
[2025-04-13T00:31:06.427+0000] {processor.py:186} INFO - Started process (PID=11098) to work on /home/airflow/.local/lib/python3.12/site-packages/airflow/example_dags/example_nested_branch_dag.py
[2025-04-13T00:31:06.427+0000] {processor.py:914} INFO - Processing file /home/airflow/.local/lib/python3.12/site-packages/airflow/example_dags/example_nested_branch_dag.py for tasks to queue
[2025-04-13T00:31:06.429+0000] {logging_mixin.py:190} INFO - [2025-04-13T00:31:06.428+0000] {dagbag.py:588} INFO - Filling up the DagBag from /home/airflow/.local/lib/python3.12/site-packages/airflow/example_dags/example_nested_branch_dag.py
[2025-04-13T00:31:06.440+0000] {processor.py:925} INFO - DAG(s) 'example_nested_branch_dag' retrieved from /home/airflow/.local/lib/python3.12/site-packages/airflow/example_dags/example_nested_branch_dag.py
[2025-04-13T00:31:06.462+0000] {logging_mixin.py:190} INFO - [2025-04-13T00:31:06.462+0000] {dag.py:3239} INFO - Sync 1 DAGs
[2025-04-13T00:31:06.489+0000] {logging_mixin.py:190} INFO - [2025-04-13T00:31:06.489+0000] {dag.py:4180} INFO - Setting next_dagrun for example_nested_branch_dag to 2025-04-12 00:00:00+00:00, run_after=2025-04-13 00:00:00+00:00
[2025-04-13T00:31:06.509+0000] {processor.py:208} INFO - Processing /home/airflow/.local/lib/python3.12/site-packages/airflow/example_dags/example_nested_branch_dag.py took 0.087 seconds
[2025-04-13T00:31:36.998+0000] {processor.py:186} INFO - Started process (PID=11162) to work on /home/airflow/.local/lib/python3.12/site-packages/airflow/example_dags/example_nested_branch_dag.py
[2025-04-13T00:31:36.999+0000] {processor.py:914} INFO - Processing file /home/airflow/.local/lib/python3.12/site-packages/airflow/example_dags/example_nested_branch_dag.py for tasks to queue
[2025-04-13T00:31:37.001+0000] {logging_mixin.py:190} INFO - [2025-04-13T00:31:37.000+0000] {dagbag.py:588} INFO - Filling up the DagBag from /home/airflow/.local/lib/python3.12/site-packages/airflow/example_dags/example_nested_branch_dag.py
[2025-04-13T00:31:37.013+0000] {processor.py:925} INFO - DAG(s) 'example_nested_branch_dag' retrieved from /home/airflow/.local/lib/python3.12/site-packages/airflow/example_dags/example_nested_branch_dag.py
[2025-04-13T00:31:37.034+0000] {logging_mixin.py:190} INFO - [2025-04-13T00:31:37.034+0000] {dag.py:3239} INFO - Sync 1 DAGs
[2025-04-13T00:31:37.059+0000] {logging_mixin.py:190} INFO - [2025-04-13T00:31:37.059+0000] {dag.py:4180} INFO - Setting next_dagrun for example_nested_branch_dag to 2025-04-12 00:00:00+00:00, run_after=2025-04-13 00:00:00+00:00
[2025-04-13T00:31:37.077+0000] {processor.py:208} INFO - Processing /home/airflow/.local/lib/python3.12/site-packages/airflow/example_dags/example_nested_branch_dag.py took 0.084 seconds
[2025-04-13T00:32:07.494+0000] {processor.py:186} INFO - Started process (PID=11226) to work on /home/airflow/.local/lib/python3.12/site-packages/airflow/example_dags/example_nested_branch_dag.py
[2025-04-13T00:32:07.495+0000] {processor.py:914} INFO - Processing file /home/airflow/.local/lib/python3.12/site-packages/airflow/example_dags/example_nested_branch_dag.py for tasks to queue
[2025-04-13T00:32:07.496+0000] {logging_mixin.py:190} INFO - [2025-04-13T00:32:07.495+0000] {dagbag.py:588} INFO - Filling up the DagBag from /home/airflow/.local/lib/python3.12/site-packages/airflow/example_dags/example_nested_branch_dag.py
[2025-04-13T00:32:07.507+0000] {processor.py:925} INFO - DAG(s) 'example_nested_branch_dag' retrieved from /home/airflow/.local/lib/python3.12/site-packages/airflow/example_dags/example_nested_branch_dag.py
[2025-04-13T00:32:07.527+0000] {logging_mixin.py:190} INFO - [2025-04-13T00:32:07.527+0000] {dag.py:3239} INFO - Sync 1 DAGs
[2025-04-13T00:32:07.551+0000] {logging_mixin.py:190} INFO - [2025-04-13T00:32:07.551+0000] {dag.py:4180} INFO - Setting next_dagrun for example_nested_branch_dag to 2025-04-12 00:00:00+00:00, run_after=2025-04-13 00:00:00+00:00
[2025-04-13T00:32:07.568+0000] {processor.py:208} INFO - Processing /home/airflow/.local/lib/python3.12/site-packages/airflow/example_dags/example_nested_branch_dag.py took 0.080 seconds
