[2025-04-13T00:29:52.904+0000] {processor.py:186} INFO - Started process (PID=10945) to work on /home/airflow/.local/lib/python3.12/site-packages/airflow/example_dags/example_python_decorator.py
[2025-04-13T00:29:52.905+0000] {processor.py:914} INFO - Processing file /home/airflow/.local/lib/python3.12/site-packages/airflow/example_dags/example_python_decorator.py for tasks to queue
[2025-04-13T00:29:52.906+0000] {logging_mixin.py:190} INFO - [2025-04-13T00:29:52.906+0000] {dagbag.py:588} INFO - Filling up the DagBag from /home/airflow/.local/lib/python3.12/site-packages/airflow/example_dags/example_python_decorator.py
[2025-04-13T00:29:52.921+0000] {processor.py:925} INFO - DAG(s) 'example_python_decorator' retrieved from /home/airflow/.local/lib/python3.12/site-packages/airflow/example_dags/example_python_decorator.py
[2025-04-13T00:29:53.025+0000] {logging_mixin.py:190} INFO - [2025-04-13T00:29:53.024+0000] {dag.py:3239} INFO - Sync 1 DAGs
[2025-04-13T00:29:53.038+0000] {logging_mixin.py:190} INFO - [2025-04-13T00:29:53.037+0000] {dag.py:4180} INFO - Setting next_dagrun for example_python_decorator to None, run_after=None
[2025-04-13T00:29:53.057+0000] {processor.py:208} INFO - Processing /home/airflow/.local/lib/python3.12/site-packages/airflow/example_dags/example_python_decorator.py took 0.158 seconds
[2025-04-13T00:30:23.751+0000] {processor.py:186} INFO - Started process (PID=11009) to work on /home/airflow/.local/lib/python3.12/site-packages/airflow/example_dags/example_python_decorator.py
[2025-04-13T00:30:23.752+0000] {processor.py:914} INFO - Processing file /home/airflow/.local/lib/python3.12/site-packages/airflow/example_dags/example_python_decorator.py for tasks to queue
[2025-04-13T00:30:23.753+0000] {logging_mixin.py:190} INFO - [2025-04-13T00:30:23.753+0000] {dagbag.py:588} INFO - Filling up the DagBag from /home/airflow/.local/lib/python3.12/site-packages/airflow/example_dags/example_python_decorator.py
[2025-04-13T00:30:23.767+0000] {processor.py:925} INFO - DAG(s) 'example_python_decorator' retrieved from /home/airflow/.local/lib/python3.12/site-packages/airflow/example_dags/example_python_decorator.py
[2025-04-13T00:30:23.789+0000] {logging_mixin.py:190} INFO - [2025-04-13T00:30:23.789+0000] {dag.py:3239} INFO - Sync 1 DAGs
[2025-04-13T00:30:23.809+0000] {logging_mixin.py:190} INFO - [2025-04-13T00:30:23.808+0000] {dag.py:4180} INFO - Setting next_dagrun for example_python_decorator to None, run_after=None
[2025-04-13T00:30:23.827+0000] {processor.py:208} INFO - Processing /home/airflow/.local/lib/python3.12/site-packages/airflow/example_dags/example_python_decorator.py took 0.081 seconds
[2025-04-13T00:30:54.549+0000] {processor.py:186} INFO - Started process (PID=11075) to work on /home/airflow/.local/lib/python3.12/site-packages/airflow/example_dags/example_python_decorator.py
[2025-04-13T00:30:54.550+0000] {processor.py:914} INFO - Processing file /home/airflow/.local/lib/python3.12/site-packages/airflow/example_dags/example_python_decorator.py for tasks to queue
[2025-04-13T00:30:54.551+0000] {logging_mixin.py:190} INFO - [2025-04-13T00:30:54.551+0000] {dagbag.py:588} INFO - Filling up the DagBag from /home/airflow/.local/lib/python3.12/site-packages/airflow/example_dags/example_python_decorator.py
[2025-04-13T00:30:54.564+0000] {processor.py:925} INFO - DAG(s) 'example_python_decorator' retrieved from /home/airflow/.local/lib/python3.12/site-packages/airflow/example_dags/example_python_decorator.py
[2025-04-13T00:30:54.587+0000] {logging_mixin.py:190} INFO - [2025-04-13T00:30:54.587+0000] {dag.py:3239} INFO - Sync 1 DAGs
[2025-04-13T00:30:54.604+0000] {logging_mixin.py:190} INFO - [2025-04-13T00:30:54.604+0000] {dag.py:4180} INFO - Setting next_dagrun for example_python_decorator to None, run_after=None
[2025-04-13T00:30:54.624+0000] {processor.py:208} INFO - Processing /home/airflow/.local/lib/python3.12/site-packages/airflow/example_dags/example_python_decorator.py took 0.081 seconds
[2025-04-13T00:31:25.077+0000] {processor.py:186} INFO - Started process (PID=11139) to work on /home/airflow/.local/lib/python3.12/site-packages/airflow/example_dags/example_python_decorator.py
[2025-04-13T00:31:25.078+0000] {processor.py:914} INFO - Processing file /home/airflow/.local/lib/python3.12/site-packages/airflow/example_dags/example_python_decorator.py for tasks to queue
[2025-04-13T00:31:25.079+0000] {logging_mixin.py:190} INFO - [2025-04-13T00:31:25.079+0000] {dagbag.py:588} INFO - Filling up the DagBag from /home/airflow/.local/lib/python3.12/site-packages/airflow/example_dags/example_python_decorator.py
[2025-04-13T00:31:25.093+0000] {processor.py:925} INFO - DAG(s) 'example_python_decorator' retrieved from /home/airflow/.local/lib/python3.12/site-packages/airflow/example_dags/example_python_decorator.py
[2025-04-13T00:31:25.116+0000] {logging_mixin.py:190} INFO - [2025-04-13T00:31:25.115+0000] {dag.py:3239} INFO - Sync 1 DAGs
[2025-04-13T00:31:25.130+0000] {logging_mixin.py:190} INFO - [2025-04-13T00:31:25.130+0000] {dag.py:4180} INFO - Setting next_dagrun for example_python_decorator to None, run_after=None
[2025-04-13T00:31:25.148+0000] {processor.py:208} INFO - Processing /home/airflow/.local/lib/python3.12/site-packages/airflow/example_dags/example_python_decorator.py took 0.077 seconds
[2025-04-13T00:31:55.701+0000] {processor.py:186} INFO - Started process (PID=11203) to work on /home/airflow/.local/lib/python3.12/site-packages/airflow/example_dags/example_python_decorator.py
[2025-04-13T00:31:55.702+0000] {processor.py:914} INFO - Processing file /home/airflow/.local/lib/python3.12/site-packages/airflow/example_dags/example_python_decorator.py for tasks to queue
[2025-04-13T00:31:55.703+0000] {logging_mixin.py:190} INFO - [2025-04-13T00:31:55.703+0000] {dagbag.py:588} INFO - Filling up the DagBag from /home/airflow/.local/lib/python3.12/site-packages/airflow/example_dags/example_python_decorator.py
[2025-04-13T00:31:55.717+0000] {processor.py:925} INFO - DAG(s) 'example_python_decorator' retrieved from /home/airflow/.local/lib/python3.12/site-packages/airflow/example_dags/example_python_decorator.py
[2025-04-13T00:31:55.739+0000] {logging_mixin.py:190} INFO - [2025-04-13T00:31:55.739+0000] {dag.py:3239} INFO - Sync 1 DAGs
[2025-04-13T00:31:55.754+0000] {logging_mixin.py:190} INFO - [2025-04-13T00:31:55.754+0000] {dag.py:4180} INFO - Setting next_dagrun for example_python_decorator to None, run_after=None
[2025-04-13T00:31:55.773+0000] {processor.py:208} INFO - Processing /home/airflow/.local/lib/python3.12/site-packages/airflow/example_dags/example_python_decorator.py took 0.079 seconds
