[2025-04-13T00:29:49.891+0000] {processor.py:186} INFO - Started process (PID=10924) to work on /home/airflow/.local/lib/python3.12/site-packages/airflow/example_dags/example_dag_decorator.py
[2025-04-13T00:29:49.891+0000] {processor.py:914} INFO - Processing file /home/airflow/.local/lib/python3.12/site-packages/airflow/example_dags/example_dag_decorator.py for tasks to queue
[2025-04-13T00:29:49.893+0000] {logging_mixin.py:190} INFO - [2025-04-13T00:29:49.892+0000] {dagbag.py:588} INFO - Filling up the DagBag from /home/airflow/.local/lib/python3.12/site-packages/airflow/example_dags/example_dag_decorator.py
[2025-04-13T00:29:50.072+0000] {processor.py:925} INFO - DAG(s) 'example_dag_decorator' retrieved from /home/airflow/.local/lib/python3.12/site-packages/airflow/example_dags/example_dag_decorator.py
[2025-04-13T00:29:50.181+0000] {logging_mixin.py:190} INFO - [2025-04-13T00:29:50.181+0000] {dag.py:3239} INFO - Sync 1 DAGs
[2025-04-13T00:29:50.195+0000] {logging_mixin.py:190} INFO - [2025-04-13T00:29:50.195+0000] {dag.py:4180} INFO - Setting next_dagrun for example_dag_decorator to None, run_after=None
[2025-04-13T00:29:50.215+0000] {processor.py:208} INFO - Processing /home/airflow/.local/lib/python3.12/site-packages/airflow/example_dags/example_dag_decorator.py took 0.330 seconds
[2025-04-13T00:30:21.018+0000] {processor.py:186} INFO - Started process (PID=10988) to work on /home/airflow/.local/lib/python3.12/site-packages/airflow/example_dags/example_dag_decorator.py
[2025-04-13T00:30:21.019+0000] {processor.py:914} INFO - Processing file /home/airflow/.local/lib/python3.12/site-packages/airflow/example_dags/example_dag_decorator.py for tasks to queue
[2025-04-13T00:30:21.020+0000] {logging_mixin.py:190} INFO - [2025-04-13T00:30:21.019+0000] {dagbag.py:588} INFO - Filling up the DagBag from /home/airflow/.local/lib/python3.12/site-packages/airflow/example_dags/example_dag_decorator.py
[2025-04-13T00:30:21.181+0000] {processor.py:925} INFO - DAG(s) 'example_dag_decorator' retrieved from /home/airflow/.local/lib/python3.12/site-packages/airflow/example_dags/example_dag_decorator.py
[2025-04-13T00:30:21.296+0000] {logging_mixin.py:190} INFO - [2025-04-13T00:30:21.296+0000] {dag.py:3239} INFO - Sync 1 DAGs
[2025-04-13T00:30:21.309+0000] {logging_mixin.py:190} INFO - [2025-04-13T00:30:21.309+0000] {dag.py:4180} INFO - Setting next_dagrun for example_dag_decorator to None, run_after=None
[2025-04-13T00:30:21.327+0000] {processor.py:208} INFO - Processing /home/airflow/.local/lib/python3.12/site-packages/airflow/example_dags/example_dag_decorator.py took 0.315 seconds
[2025-04-13T00:30:51.426+0000] {processor.py:186} INFO - Started process (PID=11051) to work on /home/airflow/.local/lib/python3.12/site-packages/airflow/example_dags/example_dag_decorator.py
[2025-04-13T00:30:51.426+0000] {processor.py:914} INFO - Processing file /home/airflow/.local/lib/python3.12/site-packages/airflow/example_dags/example_dag_decorator.py for tasks to queue
[2025-04-13T00:30:51.428+0000] {logging_mixin.py:190} INFO - [2025-04-13T00:30:51.427+0000] {dagbag.py:588} INFO - Filling up the DagBag from /home/airflow/.local/lib/python3.12/site-packages/airflow/example_dags/example_dag_decorator.py
[2025-04-13T00:30:51.592+0000] {processor.py:925} INFO - DAG(s) 'example_dag_decorator' retrieved from /home/airflow/.local/lib/python3.12/site-packages/airflow/example_dags/example_dag_decorator.py
[2025-04-13T00:30:51.709+0000] {logging_mixin.py:190} INFO - [2025-04-13T00:30:51.708+0000] {dag.py:3239} INFO - Sync 1 DAGs
[2025-04-13T00:30:51.723+0000] {logging_mixin.py:190} INFO - [2025-04-13T00:30:51.722+0000] {dag.py:4180} INFO - Setting next_dagrun for example_dag_decorator to None, run_after=None
[2025-04-13T00:30:51.742+0000] {processor.py:208} INFO - Processing /home/airflow/.local/lib/python3.12/site-packages/airflow/example_dags/example_dag_decorator.py took 0.322 seconds
[2025-04-13T00:31:21.872+0000] {processor.py:186} INFO - Started process (PID=11115) to work on /home/airflow/.local/lib/python3.12/site-packages/airflow/example_dags/example_dag_decorator.py
[2025-04-13T00:31:21.872+0000] {processor.py:914} INFO - Processing file /home/airflow/.local/lib/python3.12/site-packages/airflow/example_dags/example_dag_decorator.py for tasks to queue
[2025-04-13T00:31:21.874+0000] {logging_mixin.py:190} INFO - [2025-04-13T00:31:21.874+0000] {dagbag.py:588} INFO - Filling up the DagBag from /home/airflow/.local/lib/python3.12/site-packages/airflow/example_dags/example_dag_decorator.py
[2025-04-13T00:31:22.030+0000] {processor.py:925} INFO - DAG(s) 'example_dag_decorator' retrieved from /home/airflow/.local/lib/python3.12/site-packages/airflow/example_dags/example_dag_decorator.py
[2025-04-13T00:31:22.133+0000] {logging_mixin.py:190} INFO - [2025-04-13T00:31:22.133+0000] {dag.py:3239} INFO - Sync 1 DAGs
[2025-04-13T00:31:22.147+0000] {logging_mixin.py:190} INFO - [2025-04-13T00:31:22.147+0000] {dag.py:4180} INFO - Setting next_dagrun for example_dag_decorator to None, run_after=None
[2025-04-13T00:31:22.164+0000] {processor.py:208} INFO - Processing /home/airflow/.local/lib/python3.12/site-packages/airflow/example_dags/example_dag_decorator.py took 0.298 seconds
[2025-04-13T00:31:52.480+0000] {processor.py:186} INFO - Started process (PID=11179) to work on /home/airflow/.local/lib/python3.12/site-packages/airflow/example_dags/example_dag_decorator.py
[2025-04-13T00:31:52.481+0000] {processor.py:914} INFO - Processing file /home/airflow/.local/lib/python3.12/site-packages/airflow/example_dags/example_dag_decorator.py for tasks to queue
[2025-04-13T00:31:52.482+0000] {logging_mixin.py:190} INFO - [2025-04-13T00:31:52.482+0000] {dagbag.py:588} INFO - Filling up the DagBag from /home/airflow/.local/lib/python3.12/site-packages/airflow/example_dags/example_dag_decorator.py
[2025-04-13T00:31:52.656+0000] {processor.py:925} INFO - DAG(s) 'example_dag_decorator' retrieved from /home/airflow/.local/lib/python3.12/site-packages/airflow/example_dags/example_dag_decorator.py
[2025-04-13T00:31:52.769+0000] {logging_mixin.py:190} INFO - [2025-04-13T00:31:52.769+0000] {dag.py:3239} INFO - Sync 1 DAGs
[2025-04-13T00:31:52.783+0000] {logging_mixin.py:190} INFO - [2025-04-13T00:31:52.782+0000] {dag.py:4180} INFO - Setting next_dagrun for example_dag_decorator to None, run_after=None
[2025-04-13T00:31:52.803+0000] {processor.py:208} INFO - Processing /home/airflow/.local/lib/python3.12/site-packages/airflow/example_dags/example_dag_decorator.py took 0.329 seconds
