[2025-04-13T00:29:54.593+0000] {processor.py:186} INFO - Started process (PID=10955) to work on /home/airflow/.local/lib/python3.12/site-packages/airflow/example_dags/example_external_task_marker_dag.py
[2025-04-13T00:29:54.593+0000] {processor.py:914} INFO - Processing file /home/airflow/.local/lib/python3.12/site-packages/airflow/example_dags/example_external_task_marker_dag.py for tasks to queue
[2025-04-13T00:29:54.594+0000] {logging_mixin.py:190} INFO - [2025-04-13T00:29:54.594+0000] {dagbag.py:588} INFO - Filling up the DagBag from /home/airflow/.local/lib/python3.12/site-packages/airflow/example_dags/example_external_task_marker_dag.py
[2025-04-13T00:29:54.601+0000] {processor.py:925} INFO - DAG(s) 'example_external_task_marker_child', 'example_external_task_marker_parent' retrieved from /home/airflow/.local/lib/python3.12/site-packages/airflow/example_dags/example_external_task_marker_dag.py
[2025-04-13T00:29:54.721+0000] {logging_mixin.py:190} INFO - [2025-04-13T00:29:54.721+0000] {dag.py:3239} INFO - Sync 2 DAGs
[2025-04-13T00:29:54.734+0000] {logging_mixin.py:190} INFO - [2025-04-13T00:29:54.734+0000] {dag.py:4180} INFO - Setting next_dagrun for example_external_task_marker_child to None, run_after=None
[2025-04-13T00:29:54.737+0000] {logging_mixin.py:190} INFO - [2025-04-13T00:29:54.737+0000] {dag.py:4180} INFO - Setting next_dagrun for example_external_task_marker_parent to None, run_after=None
[2025-04-13T00:29:54.755+0000] {processor.py:208} INFO - Processing /home/airflow/.local/lib/python3.12/site-packages/airflow/example_dags/example_external_task_marker_dag.py took 0.168 seconds
[2025-04-13T00:30:25.253+0000] {processor.py:186} INFO - Started process (PID=11019) to work on /home/airflow/.local/lib/python3.12/site-packages/airflow/example_dags/example_external_task_marker_dag.py
[2025-04-13T00:30:25.254+0000] {processor.py:914} INFO - Processing file /home/airflow/.local/lib/python3.12/site-packages/airflow/example_dags/example_external_task_marker_dag.py for tasks to queue
[2025-04-13T00:30:25.256+0000] {logging_mixin.py:190} INFO - [2025-04-13T00:30:25.255+0000] {dagbag.py:588} INFO - Filling up the DagBag from /home/airflow/.local/lib/python3.12/site-packages/airflow/example_dags/example_external_task_marker_dag.py
[2025-04-13T00:30:25.263+0000] {processor.py:925} INFO - DAG(s) 'example_external_task_marker_child', 'example_external_task_marker_parent' retrieved from /home/airflow/.local/lib/python3.12/site-packages/airflow/example_dags/example_external_task_marker_dag.py
[2025-04-13T00:30:25.285+0000] {logging_mixin.py:190} INFO - [2025-04-13T00:30:25.284+0000] {dag.py:3239} INFO - Sync 2 DAGs
[2025-04-13T00:30:25.301+0000] {logging_mixin.py:190} INFO - [2025-04-13T00:30:25.300+0000] {dag.py:4180} INFO - Setting next_dagrun for example_external_task_marker_child to None, run_after=None
[2025-04-13T00:30:25.305+0000] {logging_mixin.py:190} INFO - [2025-04-13T00:30:25.305+0000] {dag.py:4180} INFO - Setting next_dagrun for example_external_task_marker_parent to None, run_after=None
[2025-04-13T00:30:25.321+0000] {processor.py:208} INFO - Processing /home/airflow/.local/lib/python3.12/site-packages/airflow/example_dags/example_external_task_marker_dag.py took 0.073 seconds
[2025-04-13T00:30:55.944+0000] {processor.py:186} INFO - Started process (PID=11083) to work on /home/airflow/.local/lib/python3.12/site-packages/airflow/example_dags/example_external_task_marker_dag.py
[2025-04-13T00:30:55.945+0000] {processor.py:914} INFO - Processing file /home/airflow/.local/lib/python3.12/site-packages/airflow/example_dags/example_external_task_marker_dag.py for tasks to queue
[2025-04-13T00:30:55.947+0000] {logging_mixin.py:190} INFO - [2025-04-13T00:30:55.946+0000] {dagbag.py:588} INFO - Filling up the DagBag from /home/airflow/.local/lib/python3.12/site-packages/airflow/example_dags/example_external_task_marker_dag.py
[2025-04-13T00:30:55.955+0000] {processor.py:925} INFO - DAG(s) 'example_external_task_marker_child', 'example_external_task_marker_parent' retrieved from /home/airflow/.local/lib/python3.12/site-packages/airflow/example_dags/example_external_task_marker_dag.py
[2025-04-13T00:30:55.979+0000] {logging_mixin.py:190} INFO - [2025-04-13T00:30:55.979+0000] {dag.py:3239} INFO - Sync 2 DAGs
[2025-04-13T00:30:55.997+0000] {logging_mixin.py:190} INFO - [2025-04-13T00:30:55.997+0000] {dag.py:4180} INFO - Setting next_dagrun for example_external_task_marker_child to None, run_after=None
[2025-04-13T00:30:56.001+0000] {logging_mixin.py:190} INFO - [2025-04-13T00:30:56.001+0000] {dag.py:4180} INFO - Setting next_dagrun for example_external_task_marker_parent to None, run_after=None
[2025-04-13T00:30:56.017+0000] {processor.py:208} INFO - Processing /home/airflow/.local/lib/python3.12/site-packages/airflow/example_dags/example_external_task_marker_dag.py took 0.079 seconds
[2025-04-13T00:31:26.499+0000] {processor.py:186} INFO - Started process (PID=11147) to work on /home/airflow/.local/lib/python3.12/site-packages/airflow/example_dags/example_external_task_marker_dag.py
[2025-04-13T00:31:26.500+0000] {processor.py:914} INFO - Processing file /home/airflow/.local/lib/python3.12/site-packages/airflow/example_dags/example_external_task_marker_dag.py for tasks to queue
[2025-04-13T00:31:26.501+0000] {logging_mixin.py:190} INFO - [2025-04-13T00:31:26.501+0000] {dagbag.py:588} INFO - Filling up the DagBag from /home/airflow/.local/lib/python3.12/site-packages/airflow/example_dags/example_external_task_marker_dag.py
[2025-04-13T00:31:26.512+0000] {processor.py:925} INFO - DAG(s) 'example_external_task_marker_child', 'example_external_task_marker_parent' retrieved from /home/airflow/.local/lib/python3.12/site-packages/airflow/example_dags/example_external_task_marker_dag.py
[2025-04-13T00:31:26.540+0000] {logging_mixin.py:190} INFO - [2025-04-13T00:31:26.540+0000] {dag.py:3239} INFO - Sync 2 DAGs
[2025-04-13T00:31:26.561+0000] {logging_mixin.py:190} INFO - [2025-04-13T00:31:26.560+0000] {dag.py:4180} INFO - Setting next_dagrun for example_external_task_marker_child to None, run_after=None
[2025-04-13T00:31:26.565+0000] {logging_mixin.py:190} INFO - [2025-04-13T00:31:26.564+0000] {dag.py:4180} INFO - Setting next_dagrun for example_external_task_marker_parent to None, run_after=None
[2025-04-13T00:31:26.583+0000] {processor.py:208} INFO - Processing /home/airflow/.local/lib/python3.12/site-packages/airflow/example_dags/example_external_task_marker_dag.py took 0.092 seconds
[2025-04-13T00:31:57.039+0000] {processor.py:186} INFO - Started process (PID=11211) to work on /home/airflow/.local/lib/python3.12/site-packages/airflow/example_dags/example_external_task_marker_dag.py
[2025-04-13T00:31:57.040+0000] {processor.py:914} INFO - Processing file /home/airflow/.local/lib/python3.12/site-packages/airflow/example_dags/example_external_task_marker_dag.py for tasks to queue
[2025-04-13T00:31:57.041+0000] {logging_mixin.py:190} INFO - [2025-04-13T00:31:57.041+0000] {dagbag.py:588} INFO - Filling up the DagBag from /home/airflow/.local/lib/python3.12/site-packages/airflow/example_dags/example_external_task_marker_dag.py
[2025-04-13T00:31:57.051+0000] {processor.py:925} INFO - DAG(s) 'example_external_task_marker_child', 'example_external_task_marker_parent' retrieved from /home/airflow/.local/lib/python3.12/site-packages/airflow/example_dags/example_external_task_marker_dag.py
[2025-04-13T00:31:57.077+0000] {logging_mixin.py:190} INFO - [2025-04-13T00:31:57.076+0000] {dag.py:3239} INFO - Sync 2 DAGs
[2025-04-13T00:31:57.096+0000] {logging_mixin.py:190} INFO - [2025-04-13T00:31:57.095+0000] {dag.py:4180} INFO - Setting next_dagrun for example_external_task_marker_child to None, run_after=None
[2025-04-13T00:31:57.100+0000] {logging_mixin.py:190} INFO - [2025-04-13T00:31:57.099+0000] {dag.py:4180} INFO - Setting next_dagrun for example_external_task_marker_parent to None, run_after=None
[2025-04-13T00:31:57.115+0000] {processor.py:208} INFO - Processing /home/airflow/.local/lib/python3.12/site-packages/airflow/example_dags/example_external_task_marker_dag.py took 0.083 seconds
