[2025-04-13T00:29:49.677+0000] {processor.py:186} INFO - Started process (PID=10921) to work on /home/airflow/.local/lib/python3.12/site-packages/airflow/example_dags/example_task_group_decorator.py
[2025-04-13T00:29:49.678+0000] {processor.py:914} INFO - Processing file /home/airflow/.local/lib/python3.12/site-packages/airflow/example_dags/example_task_group_decorator.py for tasks to queue
[2025-04-13T00:29:49.679+0000] {logging_mixin.py:190} INFO - [2025-04-13T00:29:49.679+0000] {dagbag.py:588} INFO - Filling up the DagBag from /home/airflow/.local/lib/python3.12/site-packages/airflow/example_dags/example_task_group_decorator.py
[2025-04-13T00:29:49.694+0000] {processor.py:925} INFO - DAG(s) 'example_task_group_decorator' retrieved from /home/airflow/.local/lib/python3.12/site-packages/airflow/example_dags/example_task_group_decorator.py
[2025-04-13T00:29:49.805+0000] {logging_mixin.py:190} INFO - [2025-04-13T00:29:49.804+0000] {dag.py:3239} INFO - Sync 1 DAGs
[2025-04-13T00:29:49.819+0000] {logging_mixin.py:190} INFO - [2025-04-13T00:29:49.819+0000] {dag.py:4180} INFO - Setting next_dagrun for example_task_group_decorator to None, run_after=None
[2025-04-13T00:29:49.839+0000] {processor.py:208} INFO - Processing /home/airflow/.local/lib/python3.12/site-packages/airflow/example_dags/example_task_group_decorator.py took 0.166 seconds
[2025-04-13T00:30:19.891+0000] {processor.py:186} INFO - Started process (PID=10985) to work on /home/airflow/.local/lib/python3.12/site-packages/airflow/example_dags/example_task_group_decorator.py
[2025-04-13T00:30:19.891+0000] {processor.py:914} INFO - Processing file /home/airflow/.local/lib/python3.12/site-packages/airflow/example_dags/example_task_group_decorator.py for tasks to queue
[2025-04-13T00:30:19.893+0000] {logging_mixin.py:190} INFO - [2025-04-13T00:30:19.892+0000] {dagbag.py:588} INFO - Filling up the DagBag from /home/airflow/.local/lib/python3.12/site-packages/airflow/example_dags/example_task_group_decorator.py
[2025-04-13T00:30:19.907+0000] {processor.py:925} INFO - DAG(s) 'example_task_group_decorator' retrieved from /home/airflow/.local/lib/python3.12/site-packages/airflow/example_dags/example_task_group_decorator.py
[2025-04-13T00:30:19.931+0000] {logging_mixin.py:190} INFO - [2025-04-13T00:30:19.930+0000] {dag.py:3239} INFO - Sync 1 DAGs
[2025-04-13T00:30:19.945+0000] {logging_mixin.py:190} INFO - [2025-04-13T00:30:19.945+0000] {dag.py:4180} INFO - Setting next_dagrun for example_task_group_decorator to None, run_after=None
[2025-04-13T00:30:19.963+0000] {processor.py:208} INFO - Processing /home/airflow/.local/lib/python3.12/site-packages/airflow/example_dags/example_task_group_decorator.py took 0.078 seconds
[2025-04-13T00:30:50.292+0000] {processor.py:186} INFO - Started process (PID=11049) to work on /home/airflow/.local/lib/python3.12/site-packages/airflow/example_dags/example_task_group_decorator.py
[2025-04-13T00:30:50.292+0000] {processor.py:914} INFO - Processing file /home/airflow/.local/lib/python3.12/site-packages/airflow/example_dags/example_task_group_decorator.py for tasks to queue
[2025-04-13T00:30:50.294+0000] {logging_mixin.py:190} INFO - [2025-04-13T00:30:50.293+0000] {dagbag.py:588} INFO - Filling up the DagBag from /home/airflow/.local/lib/python3.12/site-packages/airflow/example_dags/example_task_group_decorator.py
[2025-04-13T00:30:50.310+0000] {processor.py:925} INFO - DAG(s) 'example_task_group_decorator' retrieved from /home/airflow/.local/lib/python3.12/site-packages/airflow/example_dags/example_task_group_decorator.py
[2025-04-13T00:30:50.339+0000] {logging_mixin.py:190} INFO - [2025-04-13T00:30:50.339+0000] {dag.py:3239} INFO - Sync 1 DAGs
[2025-04-13T00:30:50.354+0000] {logging_mixin.py:190} INFO - [2025-04-13T00:30:50.354+0000] {dag.py:4180} INFO - Setting next_dagrun for example_task_group_decorator to None, run_after=None
[2025-04-13T00:30:50.375+0000] {processor.py:208} INFO - Processing /home/airflow/.local/lib/python3.12/site-packages/airflow/example_dags/example_task_group_decorator.py took 0.088 seconds
[2025-04-13T00:31:20.848+0000] {processor.py:186} INFO - Started process (PID=11113) to work on /home/airflow/.local/lib/python3.12/site-packages/airflow/example_dags/example_task_group_decorator.py
[2025-04-13T00:31:20.848+0000] {processor.py:914} INFO - Processing file /home/airflow/.local/lib/python3.12/site-packages/airflow/example_dags/example_task_group_decorator.py for tasks to queue
[2025-04-13T00:31:20.849+0000] {logging_mixin.py:190} INFO - [2025-04-13T00:31:20.849+0000] {dagbag.py:588} INFO - Filling up the DagBag from /home/airflow/.local/lib/python3.12/site-packages/airflow/example_dags/example_task_group_decorator.py
[2025-04-13T00:31:20.867+0000] {processor.py:925} INFO - DAG(s) 'example_task_group_decorator' retrieved from /home/airflow/.local/lib/python3.12/site-packages/airflow/example_dags/example_task_group_decorator.py
[2025-04-13T00:31:20.891+0000] {logging_mixin.py:190} INFO - [2025-04-13T00:31:20.890+0000] {dag.py:3239} INFO - Sync 1 DAGs
[2025-04-13T00:31:20.906+0000] {logging_mixin.py:190} INFO - [2025-04-13T00:31:20.906+0000] {dag.py:4180} INFO - Setting next_dagrun for example_task_group_decorator to None, run_after=None
[2025-04-13T00:31:20.924+0000] {processor.py:208} INFO - Processing /home/airflow/.local/lib/python3.12/site-packages/airflow/example_dags/example_task_group_decorator.py took 0.081 seconds
[2025-04-13T00:31:51.451+0000] {processor.py:186} INFO - Started process (PID=11177) to work on /home/airflow/.local/lib/python3.12/site-packages/airflow/example_dags/example_task_group_decorator.py
[2025-04-13T00:31:51.452+0000] {processor.py:914} INFO - Processing file /home/airflow/.local/lib/python3.12/site-packages/airflow/example_dags/example_task_group_decorator.py for tasks to queue
[2025-04-13T00:31:51.453+0000] {logging_mixin.py:190} INFO - [2025-04-13T00:31:51.453+0000] {dagbag.py:588} INFO - Filling up the DagBag from /home/airflow/.local/lib/python3.12/site-packages/airflow/example_dags/example_task_group_decorator.py
[2025-04-13T00:31:51.467+0000] {processor.py:925} INFO - DAG(s) 'example_task_group_decorator' retrieved from /home/airflow/.local/lib/python3.12/site-packages/airflow/example_dags/example_task_group_decorator.py
[2025-04-13T00:31:51.492+0000] {logging_mixin.py:190} INFO - [2025-04-13T00:31:51.492+0000] {dag.py:3239} INFO - Sync 1 DAGs
[2025-04-13T00:31:51.507+0000] {logging_mixin.py:190} INFO - [2025-04-13T00:31:51.506+0000] {dag.py:4180} INFO - Setting next_dagrun for example_task_group_decorator to None, run_after=None
[2025-04-13T00:31:51.524+0000] {processor.py:208} INFO - Processing /home/airflow/.local/lib/python3.12/site-packages/airflow/example_dags/example_task_group_decorator.py took 0.078 seconds
