[2025-04-13T00:29:51.710+0000] {processor.py:186} INFO - Started process (PID=10936) to work on /home/airflow/.local/lib/python3.12/site-packages/airflow/example_dags/example_complex.py
[2025-04-13T00:29:51.710+0000] {processor.py:914} INFO - Processing file /home/airflow/.local/lib/python3.12/site-packages/airflow/example_dags/example_complex.py for tasks to queue
[2025-04-13T00:29:51.711+0000] {logging_mixin.py:190} INFO - [2025-04-13T00:29:51.711+0000] {dagbag.py:588} INFO - Filling up the DagBag from /home/airflow/.local/lib/python3.12/site-packages/airflow/example_dags/example_complex.py
[2025-04-13T00:29:51.723+0000] {processor.py:925} INFO - DAG(s) 'example_complex' retrieved from /home/airflow/.local/lib/python3.12/site-packages/airflow/example_dags/example_complex.py
[2025-04-13T00:29:51.834+0000] {logging_mixin.py:190} INFO - [2025-04-13T00:29:51.833+0000] {dag.py:3239} INFO - Sync 1 DAGs
[2025-04-13T00:29:51.846+0000] {logging_mixin.py:190} INFO - [2025-04-13T00:29:51.845+0000] {dag.py:4180} INFO - Setting next_dagrun for example_complex to None, run_after=None
[2025-04-13T00:29:51.866+0000] {processor.py:208} INFO - Processing /home/airflow/.local/lib/python3.12/site-packages/airflow/example_dags/example_complex.py took 0.162 seconds
[2025-04-13T00:30:22.072+0000] {processor.py:186} INFO - Started process (PID=11000) to work on /home/airflow/.local/lib/python3.12/site-packages/airflow/example_dags/example_complex.py
[2025-04-13T00:30:22.072+0000] {processor.py:914} INFO - Processing file /home/airflow/.local/lib/python3.12/site-packages/airflow/example_dags/example_complex.py for tasks to queue
[2025-04-13T00:30:22.074+0000] {logging_mixin.py:190} INFO - [2025-04-13T00:30:22.073+0000] {dagbag.py:588} INFO - Filling up the DagBag from /home/airflow/.local/lib/python3.12/site-packages/airflow/example_dags/example_complex.py
[2025-04-13T00:30:22.086+0000] {processor.py:925} INFO - DAG(s) 'example_complex' retrieved from /home/airflow/.local/lib/python3.12/site-packages/airflow/example_dags/example_complex.py
[2025-04-13T00:30:22.116+0000] {logging_mixin.py:190} INFO - [2025-04-13T00:30:22.116+0000] {dag.py:3239} INFO - Sync 1 DAGs
[2025-04-13T00:30:22.130+0000] {logging_mixin.py:190} INFO - [2025-04-13T00:30:22.130+0000] {dag.py:4180} INFO - Setting next_dagrun for example_complex to None, run_after=None
[2025-04-13T00:30:22.147+0000] {processor.py:208} INFO - Processing /home/airflow/.local/lib/python3.12/site-packages/airflow/example_dags/example_complex.py took 0.081 seconds
[2025-04-13T00:30:52.709+0000] {processor.py:186} INFO - Started process (PID=11064) to work on /home/airflow/.local/lib/python3.12/site-packages/airflow/example_dags/example_complex.py
[2025-04-13T00:30:52.709+0000] {processor.py:914} INFO - Processing file /home/airflow/.local/lib/python3.12/site-packages/airflow/example_dags/example_complex.py for tasks to queue
[2025-04-13T00:30:52.711+0000] {logging_mixin.py:190} INFO - [2025-04-13T00:30:52.710+0000] {dagbag.py:588} INFO - Filling up the DagBag from /home/airflow/.local/lib/python3.12/site-packages/airflow/example_dags/example_complex.py
[2025-04-13T00:30:52.722+0000] {processor.py:925} INFO - DAG(s) 'example_complex' retrieved from /home/airflow/.local/lib/python3.12/site-packages/airflow/example_dags/example_complex.py
[2025-04-13T00:30:52.756+0000] {logging_mixin.py:190} INFO - [2025-04-13T00:30:52.756+0000] {dag.py:3239} INFO - Sync 1 DAGs
[2025-04-13T00:30:52.772+0000] {logging_mixin.py:190} INFO - [2025-04-13T00:30:52.772+0000] {dag.py:4180} INFO - Setting next_dagrun for example_complex to None, run_after=None
[2025-04-13T00:30:52.789+0000] {processor.py:208} INFO - Processing /home/airflow/.local/lib/python3.12/site-packages/airflow/example_dags/example_complex.py took 0.086 seconds
[2025-04-13T00:31:23.279+0000] {processor.py:186} INFO - Started process (PID=11128) to work on /home/airflow/.local/lib/python3.12/site-packages/airflow/example_dags/example_complex.py
[2025-04-13T00:31:23.280+0000] {processor.py:914} INFO - Processing file /home/airflow/.local/lib/python3.12/site-packages/airflow/example_dags/example_complex.py for tasks to queue
[2025-04-13T00:31:23.281+0000] {logging_mixin.py:190} INFO - [2025-04-13T00:31:23.281+0000] {dagbag.py:588} INFO - Filling up the DagBag from /home/airflow/.local/lib/python3.12/site-packages/airflow/example_dags/example_complex.py
[2025-04-13T00:31:23.293+0000] {processor.py:925} INFO - DAG(s) 'example_complex' retrieved from /home/airflow/.local/lib/python3.12/site-packages/airflow/example_dags/example_complex.py
[2025-04-13T00:31:23.324+0000] {logging_mixin.py:190} INFO - [2025-04-13T00:31:23.324+0000] {dag.py:3239} INFO - Sync 1 DAGs
[2025-04-13T00:31:23.338+0000] {logging_mixin.py:190} INFO - [2025-04-13T00:31:23.338+0000] {dag.py:4180} INFO - Setting next_dagrun for example_complex to None, run_after=None
[2025-04-13T00:31:23.355+0000] {processor.py:208} INFO - Processing /home/airflow/.local/lib/python3.12/site-packages/airflow/example_dags/example_complex.py took 0.082 seconds
[2025-04-13T00:31:53.942+0000] {processor.py:186} INFO - Started process (PID=11192) to work on /home/airflow/.local/lib/python3.12/site-packages/airflow/example_dags/example_complex.py
[2025-04-13T00:31:53.943+0000] {processor.py:914} INFO - Processing file /home/airflow/.local/lib/python3.12/site-packages/airflow/example_dags/example_complex.py for tasks to queue
[2025-04-13T00:31:53.944+0000] {logging_mixin.py:190} INFO - [2025-04-13T00:31:53.944+0000] {dagbag.py:588} INFO - Filling up the DagBag from /home/airflow/.local/lib/python3.12/site-packages/airflow/example_dags/example_complex.py
[2025-04-13T00:31:53.956+0000] {processor.py:925} INFO - DAG(s) 'example_complex' retrieved from /home/airflow/.local/lib/python3.12/site-packages/airflow/example_dags/example_complex.py
[2025-04-13T00:31:53.987+0000] {logging_mixin.py:190} INFO - [2025-04-13T00:31:53.987+0000] {dag.py:3239} INFO - Sync 1 DAGs
[2025-04-13T00:31:54.002+0000] {logging_mixin.py:190} INFO - [2025-04-13T00:31:54.002+0000] {dag.py:4180} INFO - Setting next_dagrun for example_complex to None, run_after=None
[2025-04-13T00:31:54.019+0000] {processor.py:208} INFO - Processing /home/airflow/.local/lib/python3.12/site-packages/airflow/example_dags/example_complex.py took 0.082 seconds
