[2025-04-13T00:29:49.888+0000] {processor.py:186} INFO - Started process (PID=10923) to work on /home/airflow/.local/lib/python3.12/site-packages/airflow/example_dags/example_datasets.py
[2025-04-13T00:29:49.889+0000] {processor.py:914} INFO - Processing file /home/airflow/.local/lib/python3.12/site-packages/airflow/example_dags/example_datasets.py for tasks to queue
[2025-04-13T00:29:49.890+0000] {logging_mixin.py:190} INFO - [2025-04-13T00:29:49.889+0000] {dagbag.py:588} INFO - Filling up the DagBag from /home/airflow/.local/lib/python3.12/site-packages/airflow/example_dags/example_datasets.py
[2025-04-13T00:29:50.121+0000] {processor.py:925} INFO - DAG(s) 'consume_1_or_both_2_and_3_with_dataset_expressions', 'dataset_consumes_1', 'consume_1_or_2_with_dataset_expressions', 'dataset_consumes_unknown_never_scheduled', 'dataset_consumes_1_never_scheduled', 'consume_1_and_2_with_dataset_expressions', 'dataset_produces_1', 'dataset_produces_2', 'conditional_dataset_and_time_based_timetable', 'dataset_consumes_1_and_2' retrieved from /home/airflow/.local/lib/python3.12/site-packages/airflow/example_dags/example_datasets.py
[2025-04-13T00:29:50.383+0000] {logging_mixin.py:190} INFO - [2025-04-13T00:29:50.382+0000] {dag.py:3239} INFO - Sync 10 DAGs
[2025-04-13T00:29:50.407+0000] {logging_mixin.py:190} INFO - [2025-04-13T00:29:50.406+0000] {dag.py:4180} INFO - Setting next_dagrun for conditional_dataset_and_time_based_timetable to 2025-04-09 01:00:00+00:00, run_after=2025-04-09 01:00:00+00:00
[2025-04-13T00:29:50.410+0000] {logging_mixin.py:190} INFO - [2025-04-13T00:29:50.410+0000] {dag.py:4180} INFO - Setting next_dagrun for consume_1_and_2_with_dataset_expressions to None, run_after=None
[2025-04-13T00:29:50.411+0000] {logging_mixin.py:190} INFO - [2025-04-13T00:29:50.411+0000] {dag.py:4180} INFO - Setting next_dagrun for consume_1_or_2_with_dataset_expressions to None, run_after=None
[2025-04-13T00:29:50.412+0000] {logging_mixin.py:190} INFO - [2025-04-13T00:29:50.412+0000] {dag.py:4180} INFO - Setting next_dagrun for consume_1_or_both_2_and_3_with_dataset_expressions to None, run_after=None
[2025-04-13T00:29:50.413+0000] {logging_mixin.py:190} INFO - [2025-04-13T00:29:50.413+0000] {dag.py:4180} INFO - Setting next_dagrun for dataset_consumes_1 to None, run_after=None
[2025-04-13T00:29:50.414+0000] {logging_mixin.py:190} INFO - [2025-04-13T00:29:50.414+0000] {dag.py:4180} INFO - Setting next_dagrun for dataset_consumes_1_and_2 to None, run_after=None
[2025-04-13T00:29:50.415+0000] {logging_mixin.py:190} INFO - [2025-04-13T00:29:50.415+0000] {dag.py:4180} INFO - Setting next_dagrun for dataset_consumes_1_never_scheduled to None, run_after=None
[2025-04-13T00:29:50.416+0000] {logging_mixin.py:190} INFO - [2025-04-13T00:29:50.416+0000] {dag.py:4180} INFO - Setting next_dagrun for dataset_consumes_unknown_never_scheduled to None, run_after=None
[2025-04-13T00:29:50.418+0000] {logging_mixin.py:190} INFO - [2025-04-13T00:29:50.418+0000] {dag.py:4180} INFO - Setting next_dagrun for dataset_produces_1 to 2025-04-12 00:00:00+00:00, run_after=2025-04-13 00:00:00+00:00
[2025-04-13T00:29:50.420+0000] {logging_mixin.py:190} INFO - [2025-04-13T00:29:50.420+0000] {dag.py:4180} INFO - Setting next_dagrun for dataset_produces_2 to None, run_after=None
[2025-04-13T00:29:50.455+0000] {processor.py:208} INFO - Processing /home/airflow/.local/lib/python3.12/site-packages/airflow/example_dags/example_datasets.py took 0.572 seconds
[2025-04-13T00:30:21.014+0000] {processor.py:186} INFO - Started process (PID=10987) to work on /home/airflow/.local/lib/python3.12/site-packages/airflow/example_dags/example_datasets.py
[2025-04-13T00:30:21.015+0000] {processor.py:914} INFO - Processing file /home/airflow/.local/lib/python3.12/site-packages/airflow/example_dags/example_datasets.py for tasks to queue
[2025-04-13T00:30:21.016+0000] {logging_mixin.py:190} INFO - [2025-04-13T00:30:21.016+0000] {dagbag.py:588} INFO - Filling up the DagBag from /home/airflow/.local/lib/python3.12/site-packages/airflow/example_dags/example_datasets.py
[2025-04-13T00:30:21.268+0000] {processor.py:925} INFO - DAG(s) 'dataset_consumes_unknown_never_scheduled', 'dataset_consumes_1_never_scheduled', 'dataset_produces_1', 'consume_1_and_2_with_dataset_expressions', 'conditional_dataset_and_time_based_timetable', 'dataset_produces_2', 'dataset_consumes_1_and_2', 'consume_1_or_2_with_dataset_expressions', 'dataset_consumes_1', 'consume_1_or_both_2_and_3_with_dataset_expressions' retrieved from /home/airflow/.local/lib/python3.12/site-packages/airflow/example_dags/example_datasets.py
[2025-04-13T00:30:21.311+0000] {logging_mixin.py:190} INFO - [2025-04-13T00:30:21.311+0000] {dag.py:3239} INFO - Sync 10 DAGs
[2025-04-13T00:30:21.339+0000] {logging_mixin.py:190} INFO - [2025-04-13T00:30:21.339+0000] {dag.py:4180} INFO - Setting next_dagrun for conditional_dataset_and_time_based_timetable to 2025-04-09 01:00:00+00:00, run_after=2025-04-09 01:00:00+00:00
[2025-04-13T00:30:21.343+0000] {logging_mixin.py:190} INFO - [2025-04-13T00:30:21.343+0000] {dag.py:4180} INFO - Setting next_dagrun for consume_1_and_2_with_dataset_expressions to None, run_after=None
[2025-04-13T00:30:21.345+0000] {logging_mixin.py:190} INFO - [2025-04-13T00:30:21.345+0000] {dag.py:4180} INFO - Setting next_dagrun for consume_1_or_2_with_dataset_expressions to None, run_after=None
[2025-04-13T00:30:21.346+0000] {logging_mixin.py:190} INFO - [2025-04-13T00:30:21.346+0000] {dag.py:4180} INFO - Setting next_dagrun for consume_1_or_both_2_and_3_with_dataset_expressions to None, run_after=None
[2025-04-13T00:30:21.347+0000] {logging_mixin.py:190} INFO - [2025-04-13T00:30:21.347+0000] {dag.py:4180} INFO - Setting next_dagrun for dataset_consumes_1 to None, run_after=None
[2025-04-13T00:30:21.348+0000] {logging_mixin.py:190} INFO - [2025-04-13T00:30:21.348+0000] {dag.py:4180} INFO - Setting next_dagrun for dataset_consumes_1_and_2 to None, run_after=None
[2025-04-13T00:30:21.350+0000] {logging_mixin.py:190} INFO - [2025-04-13T00:30:21.350+0000] {dag.py:4180} INFO - Setting next_dagrun for dataset_consumes_1_never_scheduled to None, run_after=None
[2025-04-13T00:30:21.351+0000] {logging_mixin.py:190} INFO - [2025-04-13T00:30:21.351+0000] {dag.py:4180} INFO - Setting next_dagrun for dataset_consumes_unknown_never_scheduled to None, run_after=None
[2025-04-13T00:30:21.353+0000] {logging_mixin.py:190} INFO - [2025-04-13T00:30:21.353+0000] {dag.py:4180} INFO - Setting next_dagrun for dataset_produces_1 to 2025-04-12 00:00:00+00:00, run_after=2025-04-13 00:00:00+00:00
[2025-04-13T00:30:21.355+0000] {logging_mixin.py:190} INFO - [2025-04-13T00:30:21.355+0000] {dag.py:4180} INFO - Setting next_dagrun for dataset_produces_2 to None, run_after=None
[2025-04-13T00:30:21.386+0000] {processor.py:208} INFO - Processing /home/airflow/.local/lib/python3.12/site-packages/airflow/example_dags/example_datasets.py took 0.377 seconds
[2025-04-13T00:30:51.788+0000] {processor.py:186} INFO - Started process (PID=11053) to work on /home/airflow/.local/lib/python3.12/site-packages/airflow/example_dags/example_datasets.py
[2025-04-13T00:30:51.789+0000] {processor.py:914} INFO - Processing file /home/airflow/.local/lib/python3.12/site-packages/airflow/example_dags/example_datasets.py for tasks to queue
[2025-04-13T00:30:51.790+0000] {logging_mixin.py:190} INFO - [2025-04-13T00:30:51.790+0000] {dagbag.py:588} INFO - Filling up the DagBag from /home/airflow/.local/lib/python3.12/site-packages/airflow/example_dags/example_datasets.py
[2025-04-13T00:30:52.072+0000] {processor.py:925} INFO - DAG(s) 'conditional_dataset_and_time_based_timetable', 'dataset_consumes_1_never_scheduled', 'dataset_produces_2', 'consume_1_or_both_2_and_3_with_dataset_expressions', 'dataset_produces_1', 'dataset_consumes_unknown_never_scheduled', 'consume_1_or_2_with_dataset_expressions', 'dataset_consumes_1_and_2', 'consume_1_and_2_with_dataset_expressions', 'dataset_consumes_1' retrieved from /home/airflow/.local/lib/python3.12/site-packages/airflow/example_dags/example_datasets.py
[2025-04-13T00:30:52.120+0000] {logging_mixin.py:190} INFO - [2025-04-13T00:30:52.120+0000] {dag.py:3239} INFO - Sync 10 DAGs
[2025-04-13T00:30:52.152+0000] {logging_mixin.py:190} INFO - [2025-04-13T00:30:52.152+0000] {dag.py:4180} INFO - Setting next_dagrun for conditional_dataset_and_time_based_timetable to 2025-04-09 01:00:00+00:00, run_after=2025-04-09 01:00:00+00:00
[2025-04-13T00:30:52.156+0000] {logging_mixin.py:190} INFO - [2025-04-13T00:30:52.156+0000] {dag.py:4180} INFO - Setting next_dagrun for consume_1_and_2_with_dataset_expressions to None, run_after=None
[2025-04-13T00:30:52.158+0000] {logging_mixin.py:190} INFO - [2025-04-13T00:30:52.157+0000] {dag.py:4180} INFO - Setting next_dagrun for consume_1_or_2_with_dataset_expressions to None, run_after=None
[2025-04-13T00:30:52.159+0000] {logging_mixin.py:190} INFO - [2025-04-13T00:30:52.159+0000] {dag.py:4180} INFO - Setting next_dagrun for consume_1_or_both_2_and_3_with_dataset_expressions to None, run_after=None
[2025-04-13T00:30:52.160+0000] {logging_mixin.py:190} INFO - [2025-04-13T00:30:52.160+0000] {dag.py:4180} INFO - Setting next_dagrun for dataset_consumes_1 to None, run_after=None
[2025-04-13T00:30:52.161+0000] {logging_mixin.py:190} INFO - [2025-04-13T00:30:52.161+0000] {dag.py:4180} INFO - Setting next_dagrun for dataset_consumes_1_and_2 to None, run_after=None
[2025-04-13T00:30:52.162+0000] {logging_mixin.py:190} INFO - [2025-04-13T00:30:52.162+0000] {dag.py:4180} INFO - Setting next_dagrun for dataset_consumes_1_never_scheduled to None, run_after=None
[2025-04-13T00:30:52.163+0000] {logging_mixin.py:190} INFO - [2025-04-13T00:30:52.163+0000] {dag.py:4180} INFO - Setting next_dagrun for dataset_consumes_unknown_never_scheduled to None, run_after=None
[2025-04-13T00:30:52.166+0000] {logging_mixin.py:190} INFO - [2025-04-13T00:30:52.165+0000] {dag.py:4180} INFO - Setting next_dagrun for dataset_produces_1 to 2025-04-12 00:00:00+00:00, run_after=2025-04-13 00:00:00+00:00
[2025-04-13T00:30:52.167+0000] {logging_mixin.py:190} INFO - [2025-04-13T00:30:52.167+0000] {dag.py:4180} INFO - Setting next_dagrun for dataset_produces_2 to None, run_after=None
[2025-04-13T00:30:52.199+0000] {processor.py:208} INFO - Processing /home/airflow/.local/lib/python3.12/site-packages/airflow/example_dags/example_datasets.py took 0.417 seconds
[2025-04-13T00:31:22.548+0000] {processor.py:186} INFO - Started process (PID=11118) to work on /home/airflow/.local/lib/python3.12/site-packages/airflow/example_dags/example_datasets.py
[2025-04-13T00:31:22.548+0000] {processor.py:914} INFO - Processing file /home/airflow/.local/lib/python3.12/site-packages/airflow/example_dags/example_datasets.py for tasks to queue
[2025-04-13T00:31:22.550+0000] {logging_mixin.py:190} INFO - [2025-04-13T00:31:22.549+0000] {dagbag.py:588} INFO - Filling up the DagBag from /home/airflow/.local/lib/python3.12/site-packages/airflow/example_dags/example_datasets.py
[2025-04-13T00:31:22.782+0000] {processor.py:925} INFO - DAG(s) 'dataset_produces_1', 'consume_1_or_both_2_and_3_with_dataset_expressions', 'dataset_consumes_1_never_scheduled', 'consume_1_and_2_with_dataset_expressions', 'dataset_produces_2', 'dataset_consumes_1', 'dataset_consumes_unknown_never_scheduled', 'consume_1_or_2_with_dataset_expressions', 'conditional_dataset_and_time_based_timetable', 'dataset_consumes_1_and_2' retrieved from /home/airflow/.local/lib/python3.12/site-packages/airflow/example_dags/example_datasets.py
[2025-04-13T00:31:22.825+0000] {logging_mixin.py:190} INFO - [2025-04-13T00:31:22.824+0000] {dag.py:3239} INFO - Sync 10 DAGs
[2025-04-13T00:31:22.850+0000] {logging_mixin.py:190} INFO - [2025-04-13T00:31:22.850+0000] {dag.py:4180} INFO - Setting next_dagrun for conditional_dataset_and_time_based_timetable to 2025-04-09 01:00:00+00:00, run_after=2025-04-09 01:00:00+00:00
[2025-04-13T00:31:22.855+0000] {logging_mixin.py:190} INFO - [2025-04-13T00:31:22.854+0000] {dag.py:4180} INFO - Setting next_dagrun for consume_1_and_2_with_dataset_expressions to None, run_after=None
[2025-04-13T00:31:22.856+0000] {logging_mixin.py:190} INFO - [2025-04-13T00:31:22.856+0000] {dag.py:4180} INFO - Setting next_dagrun for consume_1_or_2_with_dataset_expressions to None, run_after=None
[2025-04-13T00:31:22.857+0000] {logging_mixin.py:190} INFO - [2025-04-13T00:31:22.857+0000] {dag.py:4180} INFO - Setting next_dagrun for consume_1_or_both_2_and_3_with_dataset_expressions to None, run_after=None
[2025-04-13T00:31:22.859+0000] {logging_mixin.py:190} INFO - [2025-04-13T00:31:22.859+0000] {dag.py:4180} INFO - Setting next_dagrun for dataset_consumes_1 to None, run_after=None
[2025-04-13T00:31:22.860+0000] {logging_mixin.py:190} INFO - [2025-04-13T00:31:22.860+0000] {dag.py:4180} INFO - Setting next_dagrun for dataset_consumes_1_and_2 to None, run_after=None
[2025-04-13T00:31:22.861+0000] {logging_mixin.py:190} INFO - [2025-04-13T00:31:22.861+0000] {dag.py:4180} INFO - Setting next_dagrun for dataset_consumes_1_never_scheduled to None, run_after=None
[2025-04-13T00:31:22.862+0000] {logging_mixin.py:190} INFO - [2025-04-13T00:31:22.862+0000] {dag.py:4180} INFO - Setting next_dagrun for dataset_consumes_unknown_never_scheduled to None, run_after=None
[2025-04-13T00:31:22.864+0000] {logging_mixin.py:190} INFO - [2025-04-13T00:31:22.864+0000] {dag.py:4180} INFO - Setting next_dagrun for dataset_produces_1 to 2025-04-12 00:00:00+00:00, run_after=2025-04-13 00:00:00+00:00
[2025-04-13T00:31:22.866+0000] {logging_mixin.py:190} INFO - [2025-04-13T00:31:22.866+0000] {dag.py:4180} INFO - Setting next_dagrun for dataset_produces_2 to None, run_after=None
[2025-04-13T00:31:22.896+0000] {processor.py:208} INFO - Processing /home/airflow/.local/lib/python3.12/site-packages/airflow/example_dags/example_datasets.py took 0.353 seconds
[2025-04-13T00:31:53.142+0000] {processor.py:186} INFO - Started process (PID=11184) to work on /home/airflow/.local/lib/python3.12/site-packages/airflow/example_dags/example_datasets.py
[2025-04-13T00:31:53.143+0000] {processor.py:914} INFO - Processing file /home/airflow/.local/lib/python3.12/site-packages/airflow/example_dags/example_datasets.py for tasks to queue
[2025-04-13T00:31:53.144+0000] {logging_mixin.py:190} INFO - [2025-04-13T00:31:53.144+0000] {dagbag.py:588} INFO - Filling up the DagBag from /home/airflow/.local/lib/python3.12/site-packages/airflow/example_dags/example_datasets.py
[2025-04-13T00:31:53.434+0000] {processor.py:925} INFO - DAG(s) 'dataset_consumes_1', 'dataset_consumes_unknown_never_scheduled', 'consume_1_and_2_with_dataset_expressions', 'dataset_produces_1', 'conditional_dataset_and_time_based_timetable', 'dataset_produces_2', 'consume_1_or_2_with_dataset_expressions', 'consume_1_or_both_2_and_3_with_dataset_expressions', 'dataset_consumes_1_never_scheduled', 'dataset_consumes_1_and_2' retrieved from /home/airflow/.local/lib/python3.12/site-packages/airflow/example_dags/example_datasets.py
[2025-04-13T00:31:53.492+0000] {logging_mixin.py:190} INFO - [2025-04-13T00:31:53.492+0000] {dag.py:3239} INFO - Sync 10 DAGs
[2025-04-13T00:31:53.522+0000] {logging_mixin.py:190} INFO - [2025-04-13T00:31:53.522+0000] {dag.py:4180} INFO - Setting next_dagrun for conditional_dataset_and_time_based_timetable to 2025-04-09 01:00:00+00:00, run_after=2025-04-09 01:00:00+00:00
[2025-04-13T00:31:53.527+0000] {logging_mixin.py:190} INFO - [2025-04-13T00:31:53.527+0000] {dag.py:4180} INFO - Setting next_dagrun for consume_1_and_2_with_dataset_expressions to None, run_after=None
[2025-04-13T00:31:53.529+0000] {logging_mixin.py:190} INFO - [2025-04-13T00:31:53.528+0000] {dag.py:4180} INFO - Setting next_dagrun for consume_1_or_2_with_dataset_expressions to None, run_after=None
[2025-04-13T00:31:53.530+0000] {logging_mixin.py:190} INFO - [2025-04-13T00:31:53.530+0000] {dag.py:4180} INFO - Setting next_dagrun for consume_1_or_both_2_and_3_with_dataset_expressions to None, run_after=None
[2025-04-13T00:31:53.531+0000] {logging_mixin.py:190} INFO - [2025-04-13T00:31:53.531+0000] {dag.py:4180} INFO - Setting next_dagrun for dataset_consumes_1 to None, run_after=None
[2025-04-13T00:31:53.532+0000] {logging_mixin.py:190} INFO - [2025-04-13T00:31:53.532+0000] {dag.py:4180} INFO - Setting next_dagrun for dataset_consumes_1_and_2 to None, run_after=None
[2025-04-13T00:31:53.534+0000] {logging_mixin.py:190} INFO - [2025-04-13T00:31:53.534+0000] {dag.py:4180} INFO - Setting next_dagrun for dataset_consumes_1_never_scheduled to None, run_after=None
[2025-04-13T00:31:53.535+0000] {logging_mixin.py:190} INFO - [2025-04-13T00:31:53.535+0000] {dag.py:4180} INFO - Setting next_dagrun for dataset_consumes_unknown_never_scheduled to None, run_after=None
[2025-04-13T00:31:53.537+0000] {logging_mixin.py:190} INFO - [2025-04-13T00:31:53.537+0000] {dag.py:4180} INFO - Setting next_dagrun for dataset_produces_1 to 2025-04-12 00:00:00+00:00, run_after=2025-04-13 00:00:00+00:00
[2025-04-13T00:31:53.539+0000] {logging_mixin.py:190} INFO - [2025-04-13T00:31:53.539+0000] {dag.py:4180} INFO - Setting next_dagrun for dataset_produces_2 to None, run_after=None
[2025-04-13T00:31:53.679+0000] {processor.py:208} INFO - Processing /home/airflow/.local/lib/python3.12/site-packages/airflow/example_dags/example_datasets.py took 0.545 seconds
