[2025-04-13T00:29:48.480+0000] {processor.py:186} INFO - Started process (PID=10914) to work on /home/airflow/.local/lib/python3.12/site-packages/airflow/example_dags/example_workday_timetable.py
[2025-04-13T00:29:48.481+0000] {processor.py:914} INFO - Processing file /home/airflow/.local/lib/python3.12/site-packages/airflow/example_dags/example_workday_timetable.py for tasks to queue
[2025-04-13T00:29:48.482+0000] {logging_mixin.py:190} INFO - [2025-04-13T00:29:48.482+0000] {dagbag.py:588} INFO - Filling up the DagBag from /home/airflow/.local/lib/python3.12/site-packages/airflow/example_dags/example_workday_timetable.py
[2025-04-13T00:29:48.488+0000] {processor.py:925} INFO - DAG(s) 'example_workday_timetable' retrieved from /home/airflow/.local/lib/python3.12/site-packages/airflow/example_dags/example_workday_timetable.py
[2025-04-13T00:29:48.628+0000] {logging_mixin.py:190} INFO - [2025-04-13T00:29:48.628+0000] {dag.py:3239} INFO - Sync 1 DAGs
[2025-04-13T00:29:48.715+0000] {logging_mixin.py:190} INFO - [2025-04-13T00:29:48.714+0000] {dag.py:4180} INFO - Setting next_dagrun for example_workday_timetable to 2021-01-04 00:00:00+00:00, run_after=2021-01-05 00:00:00+00:00
[2025-04-13T00:29:48.739+0000] {processor.py:208} INFO - Processing /home/airflow/.local/lib/python3.12/site-packages/airflow/example_dags/example_workday_timetable.py took 0.265 seconds
[2025-04-13T00:30:19.323+0000] {processor.py:186} INFO - Started process (PID=10978) to work on /home/airflow/.local/lib/python3.12/site-packages/airflow/example_dags/example_workday_timetable.py
[2025-04-13T00:30:19.324+0000] {processor.py:914} INFO - Processing file /home/airflow/.local/lib/python3.12/site-packages/airflow/example_dags/example_workday_timetable.py for tasks to queue
[2025-04-13T00:30:19.326+0000] {logging_mixin.py:190} INFO - [2025-04-13T00:30:19.325+0000] {dagbag.py:588} INFO - Filling up the DagBag from /home/airflow/.local/lib/python3.12/site-packages/airflow/example_dags/example_workday_timetable.py
[2025-04-13T00:30:19.332+0000] {processor.py:925} INFO - DAG(s) 'example_workday_timetable' retrieved from /home/airflow/.local/lib/python3.12/site-packages/airflow/example_dags/example_workday_timetable.py
[2025-04-13T00:30:19.350+0000] {logging_mixin.py:190} INFO - [2025-04-13T00:30:19.350+0000] {dag.py:3239} INFO - Sync 1 DAGs
[2025-04-13T00:30:19.411+0000] {logging_mixin.py:190} INFO - [2025-04-13T00:30:19.410+0000] {dag.py:4180} INFO - Setting next_dagrun for example_workday_timetable to 2021-01-04 00:00:00+00:00, run_after=2021-01-05 00:00:00+00:00
[2025-04-13T00:30:19.429+0000] {processor.py:208} INFO - Processing /home/airflow/.local/lib/python3.12/site-packages/airflow/example_dags/example_workday_timetable.py took 0.112 seconds
[2025-04-13T00:30:49.701+0000] {processor.py:186} INFO - Started process (PID=11042) to work on /home/airflow/.local/lib/python3.12/site-packages/airflow/example_dags/example_workday_timetable.py
[2025-04-13T00:30:49.701+0000] {processor.py:914} INFO - Processing file /home/airflow/.local/lib/python3.12/site-packages/airflow/example_dags/example_workday_timetable.py for tasks to queue
[2025-04-13T00:30:49.702+0000] {logging_mixin.py:190} INFO - [2025-04-13T00:30:49.702+0000] {dagbag.py:588} INFO - Filling up the DagBag from /home/airflow/.local/lib/python3.12/site-packages/airflow/example_dags/example_workday_timetable.py
[2025-04-13T00:30:49.708+0000] {processor.py:925} INFO - DAG(s) 'example_workday_timetable' retrieved from /home/airflow/.local/lib/python3.12/site-packages/airflow/example_dags/example_workday_timetable.py
[2025-04-13T00:30:49.725+0000] {logging_mixin.py:190} INFO - [2025-04-13T00:30:49.725+0000] {dag.py:3239} INFO - Sync 1 DAGs
[2025-04-13T00:30:49.782+0000] {logging_mixin.py:190} INFO - [2025-04-13T00:30:49.782+0000] {dag.py:4180} INFO - Setting next_dagrun for example_workday_timetable to 2021-01-04 00:00:00+00:00, run_after=2021-01-05 00:00:00+00:00
[2025-04-13T00:30:49.799+0000] {processor.py:208} INFO - Processing /home/airflow/.local/lib/python3.12/site-packages/airflow/example_dags/example_workday_timetable.py took 0.103 seconds
[2025-04-13T00:31:20.282+0000] {processor.py:186} INFO - Started process (PID=11106) to work on /home/airflow/.local/lib/python3.12/site-packages/airflow/example_dags/example_workday_timetable.py
[2025-04-13T00:31:20.282+0000] {processor.py:914} INFO - Processing file /home/airflow/.local/lib/python3.12/site-packages/airflow/example_dags/example_workday_timetable.py for tasks to queue
[2025-04-13T00:31:20.284+0000] {logging_mixin.py:190} INFO - [2025-04-13T00:31:20.283+0000] {dagbag.py:588} INFO - Filling up the DagBag from /home/airflow/.local/lib/python3.12/site-packages/airflow/example_dags/example_workday_timetable.py
[2025-04-13T00:31:20.289+0000] {processor.py:925} INFO - DAG(s) 'example_workday_timetable' retrieved from /home/airflow/.local/lib/python3.12/site-packages/airflow/example_dags/example_workday_timetable.py
[2025-04-13T00:31:20.307+0000] {logging_mixin.py:190} INFO - [2025-04-13T00:31:20.306+0000] {dag.py:3239} INFO - Sync 1 DAGs
[2025-04-13T00:31:20.365+0000] {logging_mixin.py:190} INFO - [2025-04-13T00:31:20.364+0000] {dag.py:4180} INFO - Setting next_dagrun for example_workday_timetable to 2021-01-04 00:00:00+00:00, run_after=2021-01-05 00:00:00+00:00
[2025-04-13T00:31:20.382+0000] {processor.py:208} INFO - Processing /home/airflow/.local/lib/python3.12/site-packages/airflow/example_dags/example_workday_timetable.py took 0.105 seconds
[2025-04-13T00:31:50.870+0000] {processor.py:186} INFO - Started process (PID=11170) to work on /home/airflow/.local/lib/python3.12/site-packages/airflow/example_dags/example_workday_timetable.py
[2025-04-13T00:31:50.871+0000] {processor.py:914} INFO - Processing file /home/airflow/.local/lib/python3.12/site-packages/airflow/example_dags/example_workday_timetable.py for tasks to queue
[2025-04-13T00:31:50.872+0000] {logging_mixin.py:190} INFO - [2025-04-13T00:31:50.872+0000] {dagbag.py:588} INFO - Filling up the DagBag from /home/airflow/.local/lib/python3.12/site-packages/airflow/example_dags/example_workday_timetable.py
[2025-04-13T00:31:50.878+0000] {processor.py:925} INFO - DAG(s) 'example_workday_timetable' retrieved from /home/airflow/.local/lib/python3.12/site-packages/airflow/example_dags/example_workday_timetable.py
[2025-04-13T00:31:50.896+0000] {logging_mixin.py:190} INFO - [2025-04-13T00:31:50.896+0000] {dag.py:3239} INFO - Sync 1 DAGs
[2025-04-13T00:31:50.957+0000] {logging_mixin.py:190} INFO - [2025-04-13T00:31:50.956+0000] {dag.py:4180} INFO - Setting next_dagrun for example_workday_timetable to 2021-01-04 00:00:00+00:00, run_after=2021-01-05 00:00:00+00:00
[2025-04-13T00:31:50.977+0000] {processor.py:208} INFO - Processing /home/airflow/.local/lib/python3.12/site-packages/airflow/example_dags/example_workday_timetable.py took 0.112 seconds
