[2025-04-13T00:29:54.594+0000] {processor.py:186} INFO - Started process (PID=10956) to work on /home/airflow/.local/lib/python3.12/site-packages/airflow/example_dags/example_trigger_controller_dag.py
[2025-04-13T00:29:54.595+0000] {processor.py:914} INFO - Processing file /home/airflow/.local/lib/python3.12/site-packages/airflow/example_dags/example_trigger_controller_dag.py for tasks to queue
[2025-04-13T00:29:54.596+0000] {logging_mixin.py:190} INFO - [2025-04-13T00:29:54.596+0000] {dagbag.py:588} INFO - Filling up the DagBag from /home/airflow/.local/lib/python3.12/site-packages/airflow/example_dags/example_trigger_controller_dag.py
[2025-04-13T00:29:54.601+0000] {processor.py:925} INFO - DAG(s) 'example_trigger_controller_dag' retrieved from /home/airflow/.local/lib/python3.12/site-packages/airflow/example_dags/example_trigger_controller_dag.py
[2025-04-13T00:29:54.703+0000] {logging_mixin.py:190} INFO - [2025-04-13T00:29:54.702+0000] {dag.py:3239} INFO - Sync 1 DAGs
[2025-04-13T00:29:54.723+0000] {logging_mixin.py:190} INFO - [2025-04-13T00:29:54.722+0000] {dag.py:4180} INFO - Setting next_dagrun for example_trigger_controller_dag to 2021-01-01 00:00:00+00:00, run_after=2021-01-01 00:00:00+00:00
[2025-04-13T00:29:54.742+0000] {processor.py:208} INFO - Processing /home/airflow/.local/lib/python3.12/site-packages/airflow/example_dags/example_trigger_controller_dag.py took 0.152 seconds
[2025-04-13T00:30:25.257+0000] {processor.py:186} INFO - Started process (PID=11020) to work on /home/airflow/.local/lib/python3.12/site-packages/airflow/example_dags/example_trigger_controller_dag.py
[2025-04-13T00:30:25.258+0000] {processor.py:914} INFO - Processing file /home/airflow/.local/lib/python3.12/site-packages/airflow/example_dags/example_trigger_controller_dag.py for tasks to queue
[2025-04-13T00:30:25.259+0000] {logging_mixin.py:190} INFO - [2025-04-13T00:30:25.258+0000] {dagbag.py:588} INFO - Filling up the DagBag from /home/airflow/.local/lib/python3.12/site-packages/airflow/example_dags/example_trigger_controller_dag.py
[2025-04-13T00:30:25.265+0000] {processor.py:925} INFO - DAG(s) 'example_trigger_controller_dag' retrieved from /home/airflow/.local/lib/python3.12/site-packages/airflow/example_dags/example_trigger_controller_dag.py
[2025-04-13T00:30:25.280+0000] {logging_mixin.py:190} INFO - [2025-04-13T00:30:25.280+0000] {dag.py:3239} INFO - Sync 1 DAGs
[2025-04-13T00:30:25.305+0000] {logging_mixin.py:190} INFO - [2025-04-13T00:30:25.304+0000] {dag.py:4180} INFO - Setting next_dagrun for example_trigger_controller_dag to 2021-01-01 00:00:00+00:00, run_after=2021-01-01 00:00:00+00:00
[2025-04-13T00:30:25.321+0000] {processor.py:208} INFO - Processing /home/airflow/.local/lib/python3.12/site-packages/airflow/example_dags/example_trigger_controller_dag.py took 0.069 seconds
[2025-04-13T00:30:55.948+0000] {processor.py:186} INFO - Started process (PID=11084) to work on /home/airflow/.local/lib/python3.12/site-packages/airflow/example_dags/example_trigger_controller_dag.py
[2025-04-13T00:30:55.948+0000] {processor.py:914} INFO - Processing file /home/airflow/.local/lib/python3.12/site-packages/airflow/example_dags/example_trigger_controller_dag.py for tasks to queue
[2025-04-13T00:30:55.949+0000] {logging_mixin.py:190} INFO - [2025-04-13T00:30:55.949+0000] {dagbag.py:588} INFO - Filling up the DagBag from /home/airflow/.local/lib/python3.12/site-packages/airflow/example_dags/example_trigger_controller_dag.py
[2025-04-13T00:30:55.956+0000] {processor.py:925} INFO - DAG(s) 'example_trigger_controller_dag' retrieved from /home/airflow/.local/lib/python3.12/site-packages/airflow/example_dags/example_trigger_controller_dag.py
[2025-04-13T00:30:55.975+0000] {logging_mixin.py:190} INFO - [2025-04-13T00:30:55.975+0000] {dag.py:3239} INFO - Sync 1 DAGs
[2025-04-13T00:30:55.999+0000] {logging_mixin.py:190} INFO - [2025-04-13T00:30:55.999+0000] {dag.py:4180} INFO - Setting next_dagrun for example_trigger_controller_dag to 2021-01-01 00:00:00+00:00, run_after=2021-01-01 00:00:00+00:00
[2025-04-13T00:30:56.017+0000] {processor.py:208} INFO - Processing /home/airflow/.local/lib/python3.12/site-packages/airflow/example_dags/example_trigger_controller_dag.py took 0.076 seconds
[2025-04-13T00:31:26.503+0000] {processor.py:186} INFO - Started process (PID=11148) to work on /home/airflow/.local/lib/python3.12/site-packages/airflow/example_dags/example_trigger_controller_dag.py
[2025-04-13T00:31:26.504+0000] {processor.py:914} INFO - Processing file /home/airflow/.local/lib/python3.12/site-packages/airflow/example_dags/example_trigger_controller_dag.py for tasks to queue
[2025-04-13T00:31:26.505+0000] {logging_mixin.py:190} INFO - [2025-04-13T00:31:26.505+0000] {dagbag.py:588} INFO - Filling up the DagBag from /home/airflow/.local/lib/python3.12/site-packages/airflow/example_dags/example_trigger_controller_dag.py
[2025-04-13T00:31:26.512+0000] {processor.py:925} INFO - DAG(s) 'example_trigger_controller_dag' retrieved from /home/airflow/.local/lib/python3.12/site-packages/airflow/example_dags/example_trigger_controller_dag.py
[2025-04-13T00:31:26.534+0000] {logging_mixin.py:190} INFO - [2025-04-13T00:31:26.534+0000] {dag.py:3239} INFO - Sync 1 DAGs
[2025-04-13T00:31:26.566+0000] {logging_mixin.py:190} INFO - [2025-04-13T00:31:26.565+0000] {dag.py:4180} INFO - Setting next_dagrun for example_trigger_controller_dag to 2021-01-01 00:00:00+00:00, run_after=2021-01-01 00:00:00+00:00
[2025-04-13T00:31:26.585+0000] {processor.py:208} INFO - Processing /home/airflow/.local/lib/python3.12/site-packages/airflow/example_dags/example_trigger_controller_dag.py took 0.091 seconds
[2025-04-13T00:31:57.042+0000] {processor.py:186} INFO - Started process (PID=11212) to work on /home/airflow/.local/lib/python3.12/site-packages/airflow/example_dags/example_trigger_controller_dag.py
[2025-04-13T00:31:57.043+0000] {processor.py:914} INFO - Processing file /home/airflow/.local/lib/python3.12/site-packages/airflow/example_dags/example_trigger_controller_dag.py for tasks to queue
[2025-04-13T00:31:57.044+0000] {logging_mixin.py:190} INFO - [2025-04-13T00:31:57.044+0000] {dagbag.py:588} INFO - Filling up the DagBag from /home/airflow/.local/lib/python3.12/site-packages/airflow/example_dags/example_trigger_controller_dag.py
[2025-04-13T00:31:57.051+0000] {processor.py:925} INFO - DAG(s) 'example_trigger_controller_dag' retrieved from /home/airflow/.local/lib/python3.12/site-packages/airflow/example_dags/example_trigger_controller_dag.py
[2025-04-13T00:31:57.073+0000] {logging_mixin.py:190} INFO - [2025-04-13T00:31:57.072+0000] {dag.py:3239} INFO - Sync 1 DAGs
[2025-04-13T00:31:57.099+0000] {logging_mixin.py:190} INFO - [2025-04-13T00:31:57.098+0000] {dag.py:4180} INFO - Setting next_dagrun for example_trigger_controller_dag to 2021-01-01 00:00:00+00:00, run_after=2021-01-01 00:00:00+00:00
[2025-04-13T00:31:57.116+0000] {processor.py:208} INFO - Processing /home/airflow/.local/lib/python3.12/site-packages/airflow/example_dags/example_trigger_controller_dag.py took 0.081 seconds
