[2025-04-13T00:29:55.977+0000] {processor.py:186} INFO - Started process (PID=10959) to work on /home/airflow/.local/lib/python3.12/site-packages/airflow/example_dags/tutorial_taskflow_api.py
[2025-04-13T00:29:55.978+0000] {processor.py:914} INFO - Processing file /home/airflow/.local/lib/python3.12/site-packages/airflow/example_dags/tutorial_taskflow_api.py for tasks to queue
[2025-04-13T00:29:55.979+0000] {logging_mixin.py:190} INFO - [2025-04-13T00:29:55.978+0000] {dagbag.py:588} INFO - Filling up the DagBag from /home/airflow/.local/lib/python3.12/site-packages/airflow/example_dags/tutorial_taskflow_api.py
[2025-04-13T00:29:55.988+0000] {processor.py:925} INFO - DAG(s) 'tutorial_taskflow_api' retrieved from /home/airflow/.local/lib/python3.12/site-packages/airflow/example_dags/tutorial_taskflow_api.py
[2025-04-13T00:29:56.098+0000] {logging_mixin.py:190} INFO - [2025-04-13T00:29:56.098+0000] {dag.py:3239} INFO - Sync 1 DAGs
[2025-04-13T00:29:56.111+0000] {logging_mixin.py:190} INFO - [2025-04-13T00:29:56.111+0000] {dag.py:4180} INFO - Setting next_dagrun for tutorial_taskflow_api to None, run_after=None
[2025-04-13T00:29:56.129+0000] {processor.py:208} INFO - Processing /home/airflow/.local/lib/python3.12/site-packages/airflow/example_dags/tutorial_taskflow_api.py took 0.157 seconds
[2025-04-13T00:30:26.432+0000] {processor.py:186} INFO - Started process (PID=11023) to work on /home/airflow/.local/lib/python3.12/site-packages/airflow/example_dags/tutorial_taskflow_api.py
[2025-04-13T00:30:26.433+0000] {processor.py:914} INFO - Processing file /home/airflow/.local/lib/python3.12/site-packages/airflow/example_dags/tutorial_taskflow_api.py for tasks to queue
[2025-04-13T00:30:26.435+0000] {logging_mixin.py:190} INFO - [2025-04-13T00:30:26.434+0000] {dagbag.py:588} INFO - Filling up the DagBag from /home/airflow/.local/lib/python3.12/site-packages/airflow/example_dags/tutorial_taskflow_api.py
[2025-04-13T00:30:26.445+0000] {processor.py:925} INFO - DAG(s) 'tutorial_taskflow_api' retrieved from /home/airflow/.local/lib/python3.12/site-packages/airflow/example_dags/tutorial_taskflow_api.py
[2025-04-13T00:30:26.468+0000] {logging_mixin.py:190} INFO - [2025-04-13T00:30:26.468+0000] {dag.py:3239} INFO - Sync 1 DAGs
[2025-04-13T00:30:26.489+0000] {logging_mixin.py:190} INFO - [2025-04-13T00:30:26.489+0000] {dag.py:4180} INFO - Setting next_dagrun for tutorial_taskflow_api to None, run_after=None
[2025-04-13T00:30:26.516+0000] {processor.py:208} INFO - Processing /home/airflow/.local/lib/python3.12/site-packages/airflow/example_dags/tutorial_taskflow_api.py took 0.091 seconds
[2025-04-13T00:30:57.110+0000] {processor.py:186} INFO - Started process (PID=11087) to work on /home/airflow/.local/lib/python3.12/site-packages/airflow/example_dags/tutorial_taskflow_api.py
[2025-04-13T00:30:57.111+0000] {processor.py:914} INFO - Processing file /home/airflow/.local/lib/python3.12/site-packages/airflow/example_dags/tutorial_taskflow_api.py for tasks to queue
[2025-04-13T00:30:57.112+0000] {logging_mixin.py:190} INFO - [2025-04-13T00:30:57.112+0000] {dagbag.py:588} INFO - Filling up the DagBag from /home/airflow/.local/lib/python3.12/site-packages/airflow/example_dags/tutorial_taskflow_api.py
[2025-04-13T00:30:57.121+0000] {processor.py:925} INFO - DAG(s) 'tutorial_taskflow_api' retrieved from /home/airflow/.local/lib/python3.12/site-packages/airflow/example_dags/tutorial_taskflow_api.py
[2025-04-13T00:30:57.141+0000] {logging_mixin.py:190} INFO - [2025-04-13T00:30:57.141+0000] {dag.py:3239} INFO - Sync 1 DAGs
[2025-04-13T00:30:57.156+0000] {logging_mixin.py:190} INFO - [2025-04-13T00:30:57.155+0000] {dag.py:4180} INFO - Setting next_dagrun for tutorial_taskflow_api to None, run_after=None
[2025-04-13T00:30:57.175+0000] {processor.py:208} INFO - Processing /home/airflow/.local/lib/python3.12/site-packages/airflow/example_dags/tutorial_taskflow_api.py took 0.072 seconds
[2025-04-13T00:31:27.659+0000] {processor.py:186} INFO - Started process (PID=11151) to work on /home/airflow/.local/lib/python3.12/site-packages/airflow/example_dags/tutorial_taskflow_api.py
[2025-04-13T00:31:27.660+0000] {processor.py:914} INFO - Processing file /home/airflow/.local/lib/python3.12/site-packages/airflow/example_dags/tutorial_taskflow_api.py for tasks to queue
[2025-04-13T00:31:27.661+0000] {logging_mixin.py:190} INFO - [2025-04-13T00:31:27.660+0000] {dagbag.py:588} INFO - Filling up the DagBag from /home/airflow/.local/lib/python3.12/site-packages/airflow/example_dags/tutorial_taskflow_api.py
[2025-04-13T00:31:27.669+0000] {processor.py:925} INFO - DAG(s) 'tutorial_taskflow_api' retrieved from /home/airflow/.local/lib/python3.12/site-packages/airflow/example_dags/tutorial_taskflow_api.py
[2025-04-13T00:31:27.687+0000] {logging_mixin.py:190} INFO - [2025-04-13T00:31:27.687+0000] {dag.py:3239} INFO - Sync 1 DAGs
[2025-04-13T00:31:27.701+0000] {logging_mixin.py:190} INFO - [2025-04-13T00:31:27.701+0000] {dag.py:4180} INFO - Setting next_dagrun for tutorial_taskflow_api to None, run_after=None
[2025-04-13T00:31:27.717+0000] {processor.py:208} INFO - Processing /home/airflow/.local/lib/python3.12/site-packages/airflow/example_dags/tutorial_taskflow_api.py took 0.064 seconds
[2025-04-13T00:31:58.180+0000] {processor.py:186} INFO - Started process (PID=11215) to work on /home/airflow/.local/lib/python3.12/site-packages/airflow/example_dags/tutorial_taskflow_api.py
[2025-04-13T00:31:58.181+0000] {processor.py:914} INFO - Processing file /home/airflow/.local/lib/python3.12/site-packages/airflow/example_dags/tutorial_taskflow_api.py for tasks to queue
[2025-04-13T00:31:58.182+0000] {logging_mixin.py:190} INFO - [2025-04-13T00:31:58.182+0000] {dagbag.py:588} INFO - Filling up the DagBag from /home/airflow/.local/lib/python3.12/site-packages/airflow/example_dags/tutorial_taskflow_api.py
[2025-04-13T00:31:58.190+0000] {processor.py:925} INFO - DAG(s) 'tutorial_taskflow_api' retrieved from /home/airflow/.local/lib/python3.12/site-packages/airflow/example_dags/tutorial_taskflow_api.py
[2025-04-13T00:31:58.209+0000] {logging_mixin.py:190} INFO - [2025-04-13T00:31:58.209+0000] {dag.py:3239} INFO - Sync 1 DAGs
[2025-04-13T00:31:58.223+0000] {logging_mixin.py:190} INFO - [2025-04-13T00:31:58.223+0000] {dag.py:4180} INFO - Setting next_dagrun for tutorial_taskflow_api to None, run_after=None
[2025-04-13T00:31:58.240+0000] {processor.py:208} INFO - Processing /home/airflow/.local/lib/python3.12/site-packages/airflow/example_dags/tutorial_taskflow_api.py took 0.066 seconds
