[2025-04-13T00:30:03.250+0000] {processor.py:186} INFO - Started process (PID=10968) to work on /home/airflow/.local/lib/python3.12/site-packages/airflow/example_dags/tutorial_objectstorage.py
[2025-04-13T00:30:03.251+0000] {processor.py:914} INFO - Processing file /home/airflow/.local/lib/python3.12/site-packages/airflow/example_dags/tutorial_objectstorage.py for tasks to queue
[2025-04-13T00:30:03.252+0000] {logging_mixin.py:190} INFO - [2025-04-13T00:30:03.251+0000] {dagbag.py:588} INFO - Filling up the DagBag from /home/airflow/.local/lib/python3.12/site-packages/airflow/example_dags/tutorial_objectstorage.py
[2025-04-13T00:30:03.261+0000] {processor.py:925} INFO - DAG(s) 'tutorial_objectstorage' retrieved from /home/airflow/.local/lib/python3.12/site-packages/airflow/example_dags/tutorial_objectstorage.py
[2025-04-13T00:30:03.369+0000] {logging_mixin.py:190} INFO - [2025-04-13T00:30:03.369+0000] {dag.py:3239} INFO - Sync 1 DAGs
[2025-04-13T00:30:03.382+0000] {logging_mixin.py:190} INFO - [2025-04-13T00:30:03.382+0000] {dag.py:4180} INFO - Setting next_dagrun for tutorial_objectstorage to None, run_after=None
[2025-04-13T00:30:03.402+0000] {processor.py:208} INFO - Processing /home/airflow/.local/lib/python3.12/site-packages/airflow/example_dags/tutorial_objectstorage.py took 0.158 seconds
[2025-04-13T00:30:33.659+0000] {processor.py:186} INFO - Started process (PID=11032) to work on /home/airflow/.local/lib/python3.12/site-packages/airflow/example_dags/tutorial_objectstorage.py
[2025-04-13T00:30:33.660+0000] {processor.py:914} INFO - Processing file /home/airflow/.local/lib/python3.12/site-packages/airflow/example_dags/tutorial_objectstorage.py for tasks to queue
[2025-04-13T00:30:33.661+0000] {logging_mixin.py:190} INFO - [2025-04-13T00:30:33.661+0000] {dagbag.py:588} INFO - Filling up the DagBag from /home/airflow/.local/lib/python3.12/site-packages/airflow/example_dags/tutorial_objectstorage.py
[2025-04-13T00:30:33.670+0000] {processor.py:925} INFO - DAG(s) 'tutorial_objectstorage' retrieved from /home/airflow/.local/lib/python3.12/site-packages/airflow/example_dags/tutorial_objectstorage.py
[2025-04-13T00:30:33.687+0000] {logging_mixin.py:190} INFO - [2025-04-13T00:30:33.687+0000] {dag.py:3239} INFO - Sync 1 DAGs
[2025-04-13T00:30:33.701+0000] {logging_mixin.py:190} INFO - [2025-04-13T00:30:33.700+0000] {dag.py:4180} INFO - Setting next_dagrun for tutorial_objectstorage to None, run_after=None
[2025-04-13T00:30:33.718+0000] {processor.py:208} INFO - Processing /home/airflow/.local/lib/python3.12/site-packages/airflow/example_dags/tutorial_objectstorage.py took 0.064 seconds
[2025-04-13T00:31:04.308+0000] {processor.py:186} INFO - Started process (PID=11096) to work on /home/airflow/.local/lib/python3.12/site-packages/airflow/example_dags/tutorial_objectstorage.py
[2025-04-13T00:31:04.309+0000] {processor.py:914} INFO - Processing file /home/airflow/.local/lib/python3.12/site-packages/airflow/example_dags/tutorial_objectstorage.py for tasks to queue
[2025-04-13T00:31:04.311+0000] {logging_mixin.py:190} INFO - [2025-04-13T00:31:04.310+0000] {dagbag.py:588} INFO - Filling up the DagBag from /home/airflow/.local/lib/python3.12/site-packages/airflow/example_dags/tutorial_objectstorage.py
[2025-04-13T00:31:04.321+0000] {processor.py:925} INFO - DAG(s) 'tutorial_objectstorage' retrieved from /home/airflow/.local/lib/python3.12/site-packages/airflow/example_dags/tutorial_objectstorage.py
[2025-04-13T00:31:04.338+0000] {logging_mixin.py:190} INFO - [2025-04-13T00:31:04.338+0000] {dag.py:3239} INFO - Sync 1 DAGs
[2025-04-13T00:31:04.352+0000] {logging_mixin.py:190} INFO - [2025-04-13T00:31:04.352+0000] {dag.py:4180} INFO - Setting next_dagrun for tutorial_objectstorage to None, run_after=None
[2025-04-13T00:31:04.370+0000] {processor.py:208} INFO - Processing /home/airflow/.local/lib/python3.12/site-packages/airflow/example_dags/tutorial_objectstorage.py took 0.067 seconds
[2025-04-13T00:31:34.863+0000] {processor.py:186} INFO - Started process (PID=11160) to work on /home/airflow/.local/lib/python3.12/site-packages/airflow/example_dags/tutorial_objectstorage.py
[2025-04-13T00:31:34.864+0000] {processor.py:914} INFO - Processing file /home/airflow/.local/lib/python3.12/site-packages/airflow/example_dags/tutorial_objectstorage.py for tasks to queue
[2025-04-13T00:31:34.866+0000] {logging_mixin.py:190} INFO - [2025-04-13T00:31:34.865+0000] {dagbag.py:588} INFO - Filling up the DagBag from /home/airflow/.local/lib/python3.12/site-packages/airflow/example_dags/tutorial_objectstorage.py
[2025-04-13T00:31:34.875+0000] {processor.py:925} INFO - DAG(s) 'tutorial_objectstorage' retrieved from /home/airflow/.local/lib/python3.12/site-packages/airflow/example_dags/tutorial_objectstorage.py
[2025-04-13T00:31:34.897+0000] {logging_mixin.py:190} INFO - [2025-04-13T00:31:34.896+0000] {dag.py:3239} INFO - Sync 1 DAGs
[2025-04-13T00:31:34.913+0000] {logging_mixin.py:190} INFO - [2025-04-13T00:31:34.912+0000] {dag.py:4180} INFO - Setting next_dagrun for tutorial_objectstorage to None, run_after=None
[2025-04-13T00:31:34.932+0000] {processor.py:208} INFO - Processing /home/airflow/.local/lib/python3.12/site-packages/airflow/example_dags/tutorial_objectstorage.py took 0.075 seconds
[2025-04-13T00:32:05.359+0000] {processor.py:186} INFO - Started process (PID=11224) to work on /home/airflow/.local/lib/python3.12/site-packages/airflow/example_dags/tutorial_objectstorage.py
[2025-04-13T00:32:05.360+0000] {processor.py:914} INFO - Processing file /home/airflow/.local/lib/python3.12/site-packages/airflow/example_dags/tutorial_objectstorage.py for tasks to queue
[2025-04-13T00:32:05.361+0000] {logging_mixin.py:190} INFO - [2025-04-13T00:32:05.361+0000] {dagbag.py:588} INFO - Filling up the DagBag from /home/airflow/.local/lib/python3.12/site-packages/airflow/example_dags/tutorial_objectstorage.py
[2025-04-13T00:32:05.371+0000] {processor.py:925} INFO - DAG(s) 'tutorial_objectstorage' retrieved from /home/airflow/.local/lib/python3.12/site-packages/airflow/example_dags/tutorial_objectstorage.py
[2025-04-13T00:32:05.392+0000] {logging_mixin.py:190} INFO - [2025-04-13T00:32:05.391+0000] {dag.py:3239} INFO - Sync 1 DAGs
[2025-04-13T00:32:05.409+0000] {logging_mixin.py:190} INFO - [2025-04-13T00:32:05.408+0000] {dag.py:4180} INFO - Setting next_dagrun for tutorial_objectstorage to None, run_after=None
[2025-04-13T00:32:05.428+0000] {processor.py:208} INFO - Processing /home/airflow/.local/lib/python3.12/site-packages/airflow/example_dags/tutorial_objectstorage.py took 0.074 seconds
