[2025-04-13T00:29:48.820+0000] {processor.py:186} INFO - Started process (PID=10915) to work on /home/airflow/.local/lib/python3.12/site-packages/airflow/example_dags/tutorial.py
[2025-04-13T00:29:48.822+0000] {processor.py:914} INFO - Processing file /home/airflow/.local/lib/python3.12/site-packages/airflow/example_dags/tutorial.py for tasks to queue
[2025-04-13T00:29:48.824+0000] {logging_mixin.py:190} INFO - [2025-04-13T00:29:48.823+0000] {dagbag.py:588} INFO - Filling up the DagBag from /home/airflow/.local/lib/python3.12/site-packages/airflow/example_dags/tutorial.py
[2025-04-13T00:29:48.834+0000] {processor.py:925} INFO - DAG(s) 'tutorial' retrieved from /home/airflow/.local/lib/python3.12/site-packages/airflow/example_dags/tutorial.py
[2025-04-13T00:29:48.955+0000] {logging_mixin.py:190} INFO - [2025-04-13T00:29:48.954+0000] {dag.py:3239} INFO - Sync 1 DAGs
[2025-04-13T00:29:48.983+0000] {logging_mixin.py:190} INFO - [2025-04-13T00:29:48.983+0000] {dag.py:4180} INFO - Setting next_dagrun for tutorial to 2025-04-12 00:00:00+00:00, run_after=2025-04-13 00:00:00+00:00
[2025-04-13T00:29:49.005+0000] {processor.py:208} INFO - Processing /home/airflow/.local/lib/python3.12/site-packages/airflow/example_dags/tutorial.py took 0.194 seconds
[2025-04-13T00:30:19.469+0000] {processor.py:186} INFO - Started process (PID=10979) to work on /home/airflow/.local/lib/python3.12/site-packages/airflow/example_dags/tutorial.py
[2025-04-13T00:30:19.469+0000] {processor.py:914} INFO - Processing file /home/airflow/.local/lib/python3.12/site-packages/airflow/example_dags/tutorial.py for tasks to queue
[2025-04-13T00:30:19.471+0000] {logging_mixin.py:190} INFO - [2025-04-13T00:30:19.470+0000] {dagbag.py:588} INFO - Filling up the DagBag from /home/airflow/.local/lib/python3.12/site-packages/airflow/example_dags/tutorial.py
[2025-04-13T00:30:19.480+0000] {processor.py:925} INFO - DAG(s) 'tutorial' retrieved from /home/airflow/.local/lib/python3.12/site-packages/airflow/example_dags/tutorial.py
[2025-04-13T00:30:19.498+0000] {logging_mixin.py:190} INFO - [2025-04-13T00:30:19.498+0000] {dag.py:3239} INFO - Sync 1 DAGs
[2025-04-13T00:30:19.522+0000] {logging_mixin.py:190} INFO - [2025-04-13T00:30:19.522+0000] {dag.py:4180} INFO - Setting next_dagrun for tutorial to 2025-04-12 00:00:00+00:00, run_after=2025-04-13 00:00:00+00:00
[2025-04-13T00:30:19.539+0000] {processor.py:208} INFO - Processing /home/airflow/.local/lib/python3.12/site-packages/airflow/example_dags/tutorial.py took 0.075 seconds
[2025-04-13T00:30:49.842+0000] {processor.py:186} INFO - Started process (PID=11043) to work on /home/airflow/.local/lib/python3.12/site-packages/airflow/example_dags/tutorial.py
[2025-04-13T00:30:49.843+0000] {processor.py:914} INFO - Processing file /home/airflow/.local/lib/python3.12/site-packages/airflow/example_dags/tutorial.py for tasks to queue
[2025-04-13T00:30:49.844+0000] {logging_mixin.py:190} INFO - [2025-04-13T00:30:49.844+0000] {dagbag.py:588} INFO - Filling up the DagBag from /home/airflow/.local/lib/python3.12/site-packages/airflow/example_dags/tutorial.py
[2025-04-13T00:30:49.852+0000] {processor.py:925} INFO - DAG(s) 'tutorial' retrieved from /home/airflow/.local/lib/python3.12/site-packages/airflow/example_dags/tutorial.py
[2025-04-13T00:30:49.871+0000] {logging_mixin.py:190} INFO - [2025-04-13T00:30:49.870+0000] {dag.py:3239} INFO - Sync 1 DAGs
[2025-04-13T00:30:49.895+0000] {logging_mixin.py:190} INFO - [2025-04-13T00:30:49.894+0000] {dag.py:4180} INFO - Setting next_dagrun for tutorial to 2025-04-12 00:00:00+00:00, run_after=2025-04-13 00:00:00+00:00
[2025-04-13T00:30:49.912+0000] {processor.py:208} INFO - Processing /home/airflow/.local/lib/python3.12/site-packages/airflow/example_dags/tutorial.py took 0.075 seconds
[2025-04-13T00:31:20.425+0000] {processor.py:186} INFO - Started process (PID=11107) to work on /home/airflow/.local/lib/python3.12/site-packages/airflow/example_dags/tutorial.py
[2025-04-13T00:31:20.426+0000] {processor.py:914} INFO - Processing file /home/airflow/.local/lib/python3.12/site-packages/airflow/example_dags/tutorial.py for tasks to queue
[2025-04-13T00:31:20.427+0000] {logging_mixin.py:190} INFO - [2025-04-13T00:31:20.426+0000] {dagbag.py:588} INFO - Filling up the DagBag from /home/airflow/.local/lib/python3.12/site-packages/airflow/example_dags/tutorial.py
[2025-04-13T00:31:20.435+0000] {processor.py:925} INFO - DAG(s) 'tutorial' retrieved from /home/airflow/.local/lib/python3.12/site-packages/airflow/example_dags/tutorial.py
[2025-04-13T00:31:20.455+0000] {logging_mixin.py:190} INFO - [2025-04-13T00:31:20.455+0000] {dag.py:3239} INFO - Sync 1 DAGs
[2025-04-13T00:31:20.478+0000] {logging_mixin.py:190} INFO - [2025-04-13T00:31:20.478+0000] {dag.py:4180} INFO - Setting next_dagrun for tutorial to 2025-04-12 00:00:00+00:00, run_after=2025-04-13 00:00:00+00:00
[2025-04-13T00:31:20.495+0000] {processor.py:208} INFO - Processing /home/airflow/.local/lib/python3.12/site-packages/airflow/example_dags/tutorial.py took 0.075 seconds
[2025-04-13T00:31:51.022+0000] {processor.py:186} INFO - Started process (PID=11171) to work on /home/airflow/.local/lib/python3.12/site-packages/airflow/example_dags/tutorial.py
[2025-04-13T00:31:51.022+0000] {processor.py:914} INFO - Processing file /home/airflow/.local/lib/python3.12/site-packages/airflow/example_dags/tutorial.py for tasks to queue
[2025-04-13T00:31:51.024+0000] {logging_mixin.py:190} INFO - [2025-04-13T00:31:51.023+0000] {dagbag.py:588} INFO - Filling up the DagBag from /home/airflow/.local/lib/python3.12/site-packages/airflow/example_dags/tutorial.py
[2025-04-13T00:31:51.032+0000] {processor.py:925} INFO - DAG(s) 'tutorial' retrieved from /home/airflow/.local/lib/python3.12/site-packages/airflow/example_dags/tutorial.py
[2025-04-13T00:31:51.051+0000] {logging_mixin.py:190} INFO - [2025-04-13T00:31:51.051+0000] {dag.py:3239} INFO - Sync 1 DAGs
[2025-04-13T00:31:51.077+0000] {logging_mixin.py:190} INFO - [2025-04-13T00:31:51.077+0000] {dag.py:4180} INFO - Setting next_dagrun for tutorial to 2025-04-12 00:00:00+00:00, run_after=2025-04-13 00:00:00+00:00
[2025-04-13T00:31:51.093+0000] {processor.py:208} INFO - Processing /home/airflow/.local/lib/python3.12/site-packages/airflow/example_dags/tutorial.py took 0.076 seconds
