[2025-03-03T02:32:16.584+0000] {local_task_job_runner.py:123} INFO - ::group::Pre task execution logs
[2025-03-03T02:32:16.602+0000] {taskinstance.py:2614} INFO - Dependencies all met for dep_context=non-requeueable deps ti=<TaskInstance: scraping_pipeline_gcs.install_requirements manual__2025-03-03T02:32:09.757318+00:00 [queued]>
[2025-03-03T02:32:16.611+0000] {taskinstance.py:2614} INFO - Dependencies all met for dep_context=requeueable deps ti=<TaskInstance: scraping_pipeline_gcs.install_requirements manual__2025-03-03T02:32:09.757318+00:00 [queued]>
[2025-03-03T02:32:16.612+0000] {taskinstance.py:2867} INFO - Starting attempt 1 of 3
[2025-03-03T02:32:16.628+0000] {taskinstance.py:2890} INFO - Executing <Task(BashOperator): install_requirements> on 2025-03-03 02:32:09.757318+00:00
[2025-03-03T02:32:16.639+0000] {warnings.py:112} WARNING - /home/***/.local/lib/python3.12/site-packages/***/task/task_runner/standard_task_runner.py:70: DeprecationWarning: This process (pid=195) is multi-threaded, use of fork() may lead to deadlocks in the child.
  pid = os.fork()

[2025-03-03T02:32:16.640+0000] {standard_task_runner.py:72} INFO - Started process 219 to run task
[2025-03-03T02:32:16.644+0000] {standard_task_runner.py:104} INFO - Running: ['***', 'tasks', 'run', 'scraping_pipeline_gcs', 'install_requirements', 'manual__2025-03-03T02:32:09.757318+00:00', '--job-id', '6', '--raw', '--subdir', 'DAGS_FOLDER/dag.py', '--cfg-path', '/tmp/tmpjpmg2ynu']
[2025-03-03T02:32:16.646+0000] {standard_task_runner.py:105} INFO - Job 6: Subtask install_requirements
[2025-03-03T02:32:16.710+0000] {task_command.py:467} INFO - Running <TaskInstance: scraping_pipeline_gcs.install_requirements manual__2025-03-03T02:32:09.757318+00:00 [running]> on host 672a2cd6a90a
[2025-03-03T02:32:16.822+0000] {taskinstance.py:3134} INFO - Exporting env vars: AIRFLOW_CTX_DAG_OWNER='***' AIRFLOW_CTX_DAG_ID='scraping_pipeline_gcs' AIRFLOW_CTX_TASK_ID='install_requirements' AIRFLOW_CTX_EXECUTION_DATE='2025-03-03T02:32:09.757318+00:00' AIRFLOW_CTX_TRY_NUMBER='1' AIRFLOW_CTX_DAG_RUN_ID='manual__2025-03-03T02:32:09.757318+00:00'
[2025-03-03T02:32:16.824+0000] {logging_mixin.py:190} INFO - Task instance is in running state
[2025-03-03T02:32:16.825+0000] {logging_mixin.py:190} INFO -  Previous state of the Task instance: queued
[2025-03-03T02:32:16.825+0000] {logging_mixin.py:190} INFO - Current task name:install_requirements state:running start_date:2025-03-03 02:32:16.603003+00:00
[2025-03-03T02:32:16.826+0000] {logging_mixin.py:190} INFO - Dag name:scraping_pipeline_gcs and current dag run status:running
[2025-03-03T02:32:16.826+0000] {taskinstance.py:732} INFO - ::endgroup::
[2025-03-03T02:32:16.828+0000] {subprocess.py:78} INFO - Tmp dir root location: /tmp
[2025-03-03T02:32:16.829+0000] {subprocess.py:88} INFO - Running command: ['/usr/bin/bash', '-c', 'pip install -r /opt/***/dags/src/requirements.txt']
[2025-03-03T02:32:16.848+0000] {subprocess.py:99} INFO - Output:
[2025-03-03T02:32:17.898+0000] {subprocess.py:106} INFO - Requirement already satisfied: attrs==25.1.0 in /home/***/.local/lib/python3.12/site-packages (from -r /opt/***/dags/src/requirements.txt (line 1)) (25.1.0)
[2025-03-03T02:32:18.037+0000] {subprocess.py:106} INFO - Collecting beautifulsoup4==4.13.3 (from -r /opt/***/dags/src/requirements.txt (line 2))
[2025-03-03T02:32:18.198+0000] {subprocess.py:106} INFO -   Downloading beautifulsoup4-4.13.3-py3-none-any.whl.metadata (3.8 kB)
[2025-03-03T02:32:18.211+0000] {subprocess.py:106} INFO - Requirement already satisfied: certifi==2025.1.31 in /home/***/.local/lib/python3.12/site-packages (from -r /opt/***/dags/src/requirements.txt (line 3)) (2025.1.31)
[2025-03-03T02:32:18.211+0000] {subprocess.py:106} INFO - Requirement already satisfied: charset-normalizer==3.4.1 in /home/***/.local/lib/python3.12/site-packages (from -r /opt/***/dags/src/requirements.txt (line 4)) (3.4.1)
[2025-03-03T02:32:18.212+0000] {subprocess.py:106} INFO - Requirement already satisfied: colorama==0.4.6 in /home/***/.local/lib/python3.12/site-packages (from -r /opt/***/dags/src/requirements.txt (line 5)) (0.4.6)
[2025-03-03T02:32:18.212+0000] {subprocess.py:106} INFO - Requirement already satisfied: h11==0.14.0 in /home/***/.local/lib/python3.12/site-packages (from -r /opt/***/dags/src/requirements.txt (line 6)) (0.14.0)
[2025-03-03T02:32:18.213+0000] {subprocess.py:106} INFO - Requirement already satisfied: idna==3.10 in /home/***/.local/lib/python3.12/site-packages (from -r /opt/***/dags/src/requirements.txt (line 7)) (3.10)
[2025-03-03T02:32:18.213+0000] {subprocess.py:106} INFO - Requirement already satisfied: outcome==1.3.0.post0 in /home/***/.local/lib/python3.12/site-packages (from -r /opt/***/dags/src/requirements.txt (line 8)) (1.3.0.post0)
[2025-03-03T02:32:18.214+0000] {subprocess.py:106} INFO - Requirement already satisfied: packaging==24.2 in /home/***/.local/lib/python3.12/site-packages (from -r /opt/***/dags/src/requirements.txt (line 9)) (24.2)
[2025-03-03T02:32:18.214+0000] {subprocess.py:106} INFO - Requirement already satisfied: PySocks==1.7.1 in /home/***/.local/lib/python3.12/site-packages (from -r /opt/***/dags/src/requirements.txt (line 10)) (1.7.1)
[2025-03-03T02:32:18.214+0000] {subprocess.py:106} INFO - Requirement already satisfied: python-dotenv==1.0.1 in /home/***/.local/lib/python3.12/site-packages (from -r /opt/***/dags/src/requirements.txt (line 11)) (1.0.1)
[2025-03-03T02:32:18.215+0000] {subprocess.py:106} INFO - Requirement already satisfied: requests==2.32.3 in /home/***/.local/lib/python3.12/site-packages (from -r /opt/***/dags/src/requirements.txt (line 12)) (2.32.3)
[2025-03-03T02:32:18.271+0000] {subprocess.py:106} INFO - Collecting selenium==4.28.1 (from -r /opt/***/dags/src/requirements.txt (line 13))
[2025-03-03T02:32:18.319+0000] {subprocess.py:106} INFO -   Downloading selenium-4.28.1-py3-none-any.whl.metadata (7.1 kB)
[2025-03-03T02:32:18.329+0000] {subprocess.py:106} INFO - Requirement already satisfied: sniffio==1.3.1 in /home/***/.local/lib/python3.12/site-packages (from -r /opt/***/dags/src/requirements.txt (line 14)) (1.3.1)
[2025-03-03T02:32:18.330+0000] {subprocess.py:106} INFO - Requirement already satisfied: sortedcontainers==2.4.0 in /home/***/.local/lib/python3.12/site-packages (from -r /opt/***/dags/src/requirements.txt (line 15)) (2.4.0)
[2025-03-03T02:32:18.330+0000] {subprocess.py:106} INFO - Requirement already satisfied: soupsieve==2.6 in /home/***/.local/lib/python3.12/site-packages (from -r /opt/***/dags/src/requirements.txt (line 16)) (2.6)
[2025-03-03T02:32:18.368+0000] {subprocess.py:106} INFO - Collecting trio==0.28.0 (from -r /opt/***/dags/src/requirements.txt (line 17))
[2025-03-03T02:32:18.401+0000] {subprocess.py:106} INFO -   Downloading trio-0.28.0-py3-none-any.whl.metadata (8.5 kB)
[2025-03-03T02:32:18.448+0000] {subprocess.py:106} INFO - Collecting trio-websocket==0.11.1 (from -r /opt/***/dags/src/requirements.txt (line 18))
[2025-03-03T02:32:18.483+0000] {subprocess.py:106} INFO -   Downloading trio_websocket-0.11.1-py3-none-any.whl.metadata (4.7 kB)
[2025-03-03T02:32:18.494+0000] {subprocess.py:106} INFO - Requirement already satisfied: typing_extensions==4.12.2 in /home/***/.local/lib/python3.12/site-packages (from -r /opt/***/dags/src/requirements.txt (line 19)) (4.12.2)
[2025-03-03T02:32:18.495+0000] {subprocess.py:106} INFO - Requirement already satisfied: urllib3==2.3.0 in /home/***/.local/lib/python3.12/site-packages (from -r /opt/***/dags/src/requirements.txt (line 20)) (2.3.0)
[2025-03-03T02:32:18.544+0000] {subprocess.py:106} INFO - Collecting webdriver-manager==4.0.2 (from -r /opt/***/dags/src/requirements.txt (line 21))
[2025-03-03T02:32:18.574+0000] {subprocess.py:106} INFO -   Downloading webdriver_manager-4.0.2-py2.py3-none-any.whl.metadata (12 kB)
[2025-03-03T02:32:18.588+0000] {subprocess.py:106} INFO - Requirement already satisfied: websocket-client==1.8.0 in /home/***/.local/lib/python3.12/site-packages (from -r /opt/***/dags/src/requirements.txt (line 22)) (1.8.0)
[2025-03-03T02:32:18.588+0000] {subprocess.py:106} INFO - Requirement already satisfied: wsproto==1.2.0 in /home/***/.local/lib/python3.12/site-packages (from -r /opt/***/dags/src/requirements.txt (line 23)) (1.2.0)
[2025-03-03T02:32:18.654+0000] {subprocess.py:106} INFO - Collecting pytest (from -r /opt/***/dags/src/requirements.txt (line 24))
[2025-03-03T02:32:18.684+0000] {subprocess.py:106} INFO -   Downloading pytest-8.3.5-py3-none-any.whl.metadata (7.6 kB)
[2025-03-03T02:32:18.867+0000] {subprocess.py:106} INFO - Collecting dvc[gs] (from -r /opt/***/dags/src/requirements.txt (line 25))
[2025-03-03T02:32:18.919+0000] {subprocess.py:106} INFO -   Downloading dvc-3.59.1-py3-none-any.whl.metadata (18 kB)
[2025-03-03T02:32:19.026+0000] {subprocess.py:106} INFO - Collecting iniconfig (from pytest->-r /opt/***/dags/src/requirements.txt (line 24))
[2025-03-03T02:32:19.066+0000] {subprocess.py:106} INFO -   Downloading iniconfig-2.0.0-py3-none-any.whl.metadata (2.6 kB)
[2025-03-03T02:32:19.089+0000] {subprocess.py:106} INFO - Requirement already satisfied: pluggy<2,>=1.5 in /home/***/.local/lib/python3.12/site-packages (from pytest->-r /opt/***/dags/src/requirements.txt (line 24)) (1.5.0)
[2025-03-03T02:32:19.092+0000] {subprocess.py:106} INFO - Requirement already satisfied: celery in /home/***/.local/lib/python3.12/site-packages (from dvc[gs]->-r /opt/***/dags/src/requirements.txt (line 25)) (5.4.0)
[2025-03-03T02:32:19.138+0000] {subprocess.py:106} INFO - Collecting configobj>=5.0.9 (from dvc[gs]->-r /opt/***/dags/src/requirements.txt (line 25))
[2025-03-03T02:32:19.170+0000] {subprocess.py:106} INFO -   Downloading configobj-5.0.9-py2.py3-none-any.whl.metadata (3.2 kB)
[2025-03-03T02:32:19.214+0000] {subprocess.py:106} INFO - Collecting distro>=1.3 (from dvc[gs]->-r /opt/***/dags/src/requirements.txt (line 25))
[2025-03-03T02:32:19.245+0000] {subprocess.py:106} INFO -   Downloading distro-1.9.0-py3-none-any.whl.metadata (6.8 kB)
[2025-03-03T02:32:19.306+0000] {subprocess.py:106} INFO - Collecting dpath<3,>=2.1.0 (from dvc[gs]->-r /opt/***/dags/src/requirements.txt (line 25))
[2025-03-03T02:32:19.341+0000] {subprocess.py:106} INFO -   Downloading dpath-2.2.0-py3-none-any.whl.metadata (15 kB)
[2025-03-03T02:32:19.498+0000] {subprocess.py:106} INFO - Collecting dulwich (from dvc[gs]->-r /opt/***/dags/src/requirements.txt (line 25))
[2025-03-03T02:32:19.534+0000] {subprocess.py:106} INFO -   Downloading dulwich-0.22.8-cp312-cp312-manylinux_2_17_x86_64.manylinux2014_x86_64.whl.metadata (4.9 kB)
[2025-03-03T02:32:19.658+0000] {subprocess.py:106} INFO - Collecting dvc-data<3.17,>=3.16.2 (from dvc[gs]->-r /opt/***/dags/src/requirements.txt (line 25))
[2025-03-03T02:32:19.692+0000] {subprocess.py:106} INFO -   Downloading dvc_data-3.16.9-py3-none-any.whl.metadata (5.0 kB)
[2025-03-03T02:32:19.759+0000] {subprocess.py:106} INFO - Collecting dvc-http>=2.29.0 (from dvc[gs]->-r /opt/***/dags/src/requirements.txt (line 25))
[2025-03-03T02:32:19.795+0000] {subprocess.py:106} INFO -   Downloading dvc_http-2.32.0-py3-none-any.whl.metadata (1.3 kB)
[2025-03-03T02:32:19.877+0000] {subprocess.py:106} INFO - Collecting dvc-objects (from dvc[gs]->-r /opt/***/dags/src/requirements.txt (line 25))
[2025-03-03T02:32:19.912+0000] {subprocess.py:106} INFO -   Downloading dvc_objects-5.1.0-py3-none-any.whl.metadata (3.7 kB)
[2025-03-03T02:32:19.974+0000] {subprocess.py:106} INFO - Collecting dvc-render<2,>=1.0.1 (from dvc[gs]->-r /opt/***/dags/src/requirements.txt (line 25))
[2025-03-03T02:32:20.007+0000] {subprocess.py:106} INFO -   Downloading dvc_render-1.0.2-py3-none-any.whl.metadata (5.4 kB)
[2025-03-03T02:32:20.072+0000] {subprocess.py:106} INFO - Collecting dvc-studio-client<1,>=0.21 (from dvc[gs]->-r /opt/***/dags/src/requirements.txt (line 25))
[2025-03-03T02:32:20.097+0000] {subprocess.py:106} INFO -   Downloading dvc_studio_client-0.21.0-py3-none-any.whl.metadata (4.3 kB)
[2025-03-03T02:32:20.157+0000] {subprocess.py:106} INFO - Collecting dvc-task<1,>=0.3.0 (from dvc[gs]->-r /opt/***/dags/src/requirements.txt (line 25))
[2025-03-03T02:32:20.190+0000] {subprocess.py:106} INFO -   Downloading dvc_task-0.40.2-py3-none-any.whl.metadata (10.0 kB)
[2025-03-03T02:32:20.263+0000] {subprocess.py:106} INFO - Collecting flatten_dict<1,>=0.4.1 (from dvc[gs]->-r /opt/***/dags/src/requirements.txt (line 25))
[2025-03-03T02:32:20.294+0000] {subprocess.py:106} INFO -   Downloading flatten_dict-0.4.2-py2.py3-none-any.whl.metadata (9.2 kB)
[2025-03-03T02:32:20.350+0000] {subprocess.py:106} INFO - Collecting flufl.lock<9,>=8.1.0 (from dvc[gs]->-r /opt/***/dags/src/requirements.txt (line 25))
[2025-03-03T02:32:20.390+0000] {subprocess.py:106} INFO -   Downloading flufl_lock-8.1.0-py3-none-any.whl.metadata (3.3 kB)
[2025-03-03T02:32:20.404+0000] {subprocess.py:106} INFO - Requirement already satisfied: fsspec>=2024.2.0 in /home/***/.local/lib/python3.12/site-packages (from dvc[gs]->-r /opt/***/dags/src/requirements.txt (line 25)) (2025.2.0)
[2025-03-03T02:32:20.450+0000] {subprocess.py:106} INFO - Collecting funcy>=1.14 (from dvc[gs]->-r /opt/***/dags/src/requirements.txt (line 25))
[2025-03-03T02:32:20.486+0000] {subprocess.py:106} INFO -   Downloading funcy-2.0-py2.py3-none-any.whl.metadata (5.9 kB)
[2025-03-03T02:32:20.542+0000] {subprocess.py:106} INFO - Collecting grandalf<1,>=0.7 (from dvc[gs]->-r /opt/***/dags/src/requirements.txt (line 25))
[2025-03-03T02:32:20.570+0000] {subprocess.py:106} INFO -   Downloading grandalf-0.8-py3-none-any.whl.metadata (1.7 kB)
[2025-03-03T02:32:20.632+0000] {subprocess.py:106} INFO - Collecting gto<2,>=1.6.0 (from dvc[gs]->-r /opt/***/dags/src/requirements.txt (line 25))
[2025-03-03T02:32:20.672+0000] {subprocess.py:106} INFO -   Downloading gto-1.7.2-py3-none-any.whl.metadata (4.7 kB)
[2025-03-03T02:32:20.734+0000] {subprocess.py:106} INFO - Collecting hydra-core>=1.1 (from dvc[gs]->-r /opt/***/dags/src/requirements.txt (line 25))
[2025-03-03T02:32:20.773+0000] {subprocess.py:106} INFO -   Downloading hydra_core-1.3.2-py3-none-any.whl.metadata (5.5 kB)
[2025-03-03T02:32:20.834+0000] {subprocess.py:106} INFO - Collecting iterative-telemetry>=0.0.7 (from dvc[gs]->-r /opt/***/dags/src/requirements.txt (line 25))
[2025-03-03T02:32:20.873+0000] {subprocess.py:106} INFO -   Downloading iterative_telemetry-0.0.10-py3-none-any.whl.metadata (4.1 kB)
[2025-03-03T02:32:20.890+0000] {subprocess.py:106} INFO - Requirement already satisfied: kombu in /home/***/.local/lib/python3.12/site-packages (from dvc[gs]->-r /opt/***/dags/src/requirements.txt (line 25)) (5.4.2)
[2025-03-03T02:32:20.941+0000] {subprocess.py:106} INFO - Collecting networkx>=2.5 (from dvc[gs]->-r /opt/***/dags/src/requirements.txt (line 25))
[2025-03-03T02:32:20.971+0000] {subprocess.py:106} INFO -   Downloading networkx-3.4.2-py3-none-any.whl.metadata (6.3 kB)
[2025-03-03T02:32:21.036+0000] {subprocess.py:106} INFO - Collecting omegaconf (from dvc[gs]->-r /opt/***/dags/src/requirements.txt (line 25))
[2025-03-03T02:32:21.063+0000] {subprocess.py:106} INFO -   Downloading omegaconf-2.3.0-py3-none-any.whl.metadata (3.9 kB)
[2025-03-03T02:32:21.076+0000] {subprocess.py:106} INFO - Requirement already satisfied: pathspec>=0.10.3 in /home/***/.local/lib/python3.12/site-packages (from dvc[gs]->-r /opt/***/dags/src/requirements.txt (line 25)) (0.12.1)
[2025-03-03T02:32:21.077+0000] {subprocess.py:106} INFO - Requirement already satisfied: platformdirs<5,>=3.1.1 in /home/***/.local/lib/python3.12/site-packages (from dvc[gs]->-r /opt/***/dags/src/requirements.txt (line 25)) (4.3.6)
[2025-03-03T02:32:21.077+0000] {subprocess.py:106} INFO - Requirement already satisfied: psutil>=5.8 in /home/***/.local/lib/python3.12/site-packages (from dvc[gs]->-r /opt/***/dags/src/requirements.txt (line 25)) (6.1.1)
[2025-03-03T02:32:21.108+0000] {subprocess.py:106} INFO - Collecting pydot>=1.2.4 (from dvc[gs]->-r /opt/***/dags/src/requirements.txt (line 25))
[2025-03-03T02:32:21.146+0000] {subprocess.py:106} INFO -   Downloading pydot-3.0.4-py3-none-any.whl.metadata (10 kB)
[2025-03-03T02:32:21.200+0000] {subprocess.py:106} INFO - Collecting pygtrie>=2.3.2 (from dvc[gs]->-r /opt/***/dags/src/requirements.txt (line 25))
[2025-03-03T02:32:21.244+0000] {subprocess.py:106} INFO -   Downloading pygtrie-2.5.0-py3-none-any.whl.metadata (7.5 kB)
[2025-03-03T02:32:21.256+0000] {subprocess.py:106} INFO - Requirement already satisfied: pyparsing>=2.4.7 in /home/***/.local/lib/python3.12/site-packages (from dvc[gs]->-r /opt/***/dags/src/requirements.txt (line 25)) (3.2.1)
[2025-03-03T02:32:21.256+0000] {subprocess.py:106} INFO - Requirement already satisfied: rich>=12 in /home/***/.local/lib/python3.12/site-packages (from dvc[gs]->-r /opt/***/dags/src/requirements.txt (line 25)) (13.9.4)
[2025-03-03T02:32:21.429+0000] {subprocess.py:106} INFO - Collecting ruamel.yaml>=0.17.11 (from dvc[gs]->-r /opt/***/dags/src/requirements.txt (line 25))
[2025-03-03T02:32:21.468+0000] {subprocess.py:106} INFO -   Downloading ruamel.yaml-0.18.10-py3-none-any.whl.metadata (23 kB)
[2025-03-03T02:32:21.533+0000] {subprocess.py:106} INFO - Collecting scmrepo<4,>=3.3.8 (from dvc[gs]->-r /opt/***/dags/src/requirements.txt (line 25))
[2025-03-03T02:32:21.566+0000] {subprocess.py:106} INFO -   Downloading scmrepo-3.3.10-py3-none-any.whl.metadata (4.8 kB)
[2025-03-03T02:32:21.612+0000] {subprocess.py:106} INFO - Collecting shortuuid>=0.5 (from dvc[gs]->-r /opt/***/dags/src/requirements.txt (line 25))
[2025-03-03T02:32:21.642+0000] {subprocess.py:106} INFO -   Downloading shortuuid-1.0.13-py3-none-any.whl.metadata (5.8 kB)
[2025-03-03T02:32:21.705+0000] {subprocess.py:106} INFO - Collecting shtab<2,>=1.3.4 (from dvc[gs]->-r /opt/***/dags/src/requirements.txt (line 25))
[2025-03-03T02:32:21.737+0000] {subprocess.py:106} INFO -   Downloading shtab-1.7.1-py3-none-any.whl.metadata (7.3 kB)
[2025-03-03T02:32:21.747+0000] {subprocess.py:106} INFO - Requirement already satisfied: tabulate>=0.8.7 in /home/***/.local/lib/python3.12/site-packages (from dvc[gs]->-r /opt/***/dags/src/requirements.txt (line 25)) (0.9.0)
[2025-03-03T02:32:21.748+0000] {subprocess.py:106} INFO - Requirement already satisfied: tomlkit>=0.11.1 in /home/***/.local/lib/python3.12/site-packages (from dvc[gs]->-r /opt/***/dags/src/requirements.txt (line 25)) (0.13.2)
[2025-03-03T02:32:21.813+0000] {subprocess.py:106} INFO - Collecting tqdm<5,>=4.63.1 (from dvc[gs]->-r /opt/***/dags/src/requirements.txt (line 25))
[2025-03-03T02:32:21.849+0000] {subprocess.py:106} INFO -   Downloading tqdm-4.67.1-py3-none-any.whl.metadata (57 kB)
[2025-03-03T02:32:21.966+0000] {subprocess.py:106} INFO - Collecting voluptuous>=0.11.7 (from dvc[gs]->-r /opt/***/dags/src/requirements.txt (line 25))
[2025-03-03T02:32:21.999+0000] {subprocess.py:106} INFO -   Downloading voluptuous-0.15.2-py3-none-any.whl.metadata (20 kB)
[2025-03-03T02:32:22.043+0000] {subprocess.py:106} INFO - Collecting zc.lockfile>=1.2.1 (from dvc[gs]->-r /opt/***/dags/src/requirements.txt (line 25))
[2025-03-03T02:32:22.074+0000] {subprocess.py:106} INFO -   Downloading zc.lockfile-3.0.post1-py3-none-any.whl.metadata (6.2 kB)
[2025-03-03T02:32:22.130+0000] {subprocess.py:106} INFO - Collecting dvc-gs<4,>=3 (from dvc[gs]->-r /opt/***/dags/src/requirements.txt (line 25))
[2025-03-03T02:32:22.168+0000] {subprocess.py:106} INFO -   Downloading dvc_gs-3.0.1-py3-none-any.whl.metadata (2.1 kB)
[2025-03-03T02:32:22.234+0000] {subprocess.py:106} INFO - Collecting dictdiffer>=0.8.1 (from dvc-data<3.17,>=3.16.2->dvc[gs]->-r /opt/***/dags/src/requirements.txt (line 25))
[2025-03-03T02:32:22.265+0000] {subprocess.py:106} INFO -   Downloading dictdiffer-0.9.0-py2.py3-none-any.whl.metadata (4.8 kB)
[2025-03-03T02:32:22.337+0000] {subprocess.py:106} INFO - Collecting diskcache>=5.2.1 (from dvc-data<3.17,>=3.16.2->dvc[gs]->-r /opt/***/dags/src/requirements.txt (line 25))
[2025-03-03T02:32:22.369+0000] {subprocess.py:106} INFO -   Downloading diskcache-5.6.3-py3-none-any.whl.metadata (20 kB)
[2025-03-03T02:32:22.454+0000] {subprocess.py:106} INFO - Collecting sqltrie<1,>=0.11.0 (from dvc-data<3.17,>=3.16.2->dvc[gs]->-r /opt/***/dags/src/requirements.txt (line 25))
[2025-03-03T02:32:22.491+0000] {subprocess.py:106} INFO -   Downloading sqltrie-0.11.2-py3-none-any.whl.metadata (3.3 kB)
[2025-03-03T02:32:22.838+0000] {subprocess.py:106} INFO - Collecting orjson<4,>=3 (from dvc-data<3.17,>=3.16.2->dvc[gs]->-r /opt/***/dags/src/requirements.txt (line 25))
[2025-03-03T02:32:22.873+0000] {subprocess.py:106} INFO -   Downloading orjson-3.10.15-cp312-cp312-manylinux_2_17_x86_64.manylinux2014_x86_64.whl.metadata (41 kB)
[2025-03-03T02:32:22.896+0000] {subprocess.py:106} INFO - Requirement already satisfied: gcsfs>=2022.11.0 in /home/***/.local/lib/python3.12/site-packages (from dvc-gs<4,>=3->dvc[gs]->-r /opt/***/dags/src/requirements.txt (line 25)) (2025.2.0)
[2025-03-03T02:32:22.948+0000] {subprocess.py:106} INFO - Collecting aiohttp-retry>=2.5.0 (from dvc-http>=2.29.0->dvc[gs]->-r /opt/***/dags/src/requirements.txt (line 25))
[2025-03-03T02:32:22.979+0000] {subprocess.py:106} INFO -   Downloading aiohttp_retry-2.9.1-py3-none-any.whl.metadata (8.8 kB)
[2025-03-03T02:32:23.018+0000] {subprocess.py:106} INFO - Requirement already satisfied: billiard<5.0,>=4.2.0 in /home/***/.local/lib/python3.12/site-packages (from celery->dvc[gs]->-r /opt/***/dags/src/requirements.txt (line 25)) (4.2.1)
[2025-03-03T02:32:23.019+0000] {subprocess.py:106} INFO - Requirement already satisfied: vine<6.0,>=5.1.0 in /home/***/.local/lib/python3.12/site-packages (from celery->dvc[gs]->-r /opt/***/dags/src/requirements.txt (line 25)) (5.1.0)
[2025-03-03T02:32:23.019+0000] {subprocess.py:106} INFO - Requirement already satisfied: click<9.0,>=8.1.2 in /home/***/.local/lib/python3.12/site-packages (from celery->dvc[gs]->-r /opt/***/dags/src/requirements.txt (line 25)) (8.1.8)
[2025-03-03T02:32:23.020+0000] {subprocess.py:106} INFO - Requirement already satisfied: click-didyoumean>=0.3.0 in /home/***/.local/lib/python3.12/site-packages (from celery->dvc[gs]->-r /opt/***/dags/src/requirements.txt (line 25)) (0.3.1)
[2025-03-03T02:32:23.020+0000] {subprocess.py:106} INFO - Requirement already satisfied: click-repl>=0.2.0 in /home/***/.local/lib/python3.12/site-packages (from celery->dvc[gs]->-r /opt/***/dags/src/requirements.txt (line 25)) (0.3.0)
[2025-03-03T02:32:23.021+0000] {subprocess.py:106} INFO - Requirement already satisfied: click-plugins>=1.1.1 in /home/***/.local/lib/python3.12/site-packages (from celery->dvc[gs]->-r /opt/***/dags/src/requirements.txt (line 25)) (1.1.1)
[2025-03-03T02:32:23.021+0000] {subprocess.py:106} INFO - Requirement already satisfied: tzdata>=2022.7 in /home/***/.local/lib/python3.12/site-packages (from celery->dvc[gs]->-r /opt/***/dags/src/requirements.txt (line 25)) (2025.1)
[2025-03-03T02:32:23.022+0000] {subprocess.py:106} INFO - Requirement already satisfied: python-dateutil>=2.8.2 in /home/***/.local/lib/python3.12/site-packages (from celery->dvc[gs]->-r /opt/***/dags/src/requirements.txt (line 25)) (2.9.0.post0)
[2025-03-03T02:32:23.025+0000] {subprocess.py:106} INFO - Requirement already satisfied: six<2.0,>=1.12 in /home/***/.local/lib/python3.12/site-packages (from flatten_dict<1,>=0.4.1->dvc[gs]->-r /opt/***/dags/src/requirements.txt (line 25)) (1.17.0)
[2025-03-03T02:32:23.071+0000] {subprocess.py:106} INFO - Collecting atpublic (from flufl.lock<9,>=8.1.0->dvc[gs]->-r /opt/***/dags/src/requirements.txt (line 25))
[2025-03-03T02:32:23.107+0000] {subprocess.py:106} INFO -   Downloading atpublic-5.1-py3-none-any.whl.metadata (1.8 kB)
[2025-03-03T02:32:23.175+0000] {subprocess.py:106} INFO - Collecting entrypoints (from gto<2,>=1.6.0->dvc[gs]->-r /opt/***/dags/src/requirements.txt (line 25))
[2025-03-03T02:32:23.209+0000] {subprocess.py:106} INFO -   Downloading entrypoints-0.4-py3-none-any.whl.metadata (2.6 kB)
[2025-03-03T02:32:23.218+0000] {subprocess.py:106} INFO - Requirement already satisfied: pydantic!=2.0.0,<3,>=1.9.0 in /home/***/.local/lib/python3.12/site-packages (from gto<2,>=1.6.0->dvc[gs]->-r /opt/***/dags/src/requirements.txt (line 25)) (2.10.6)
[2025-03-03T02:32:23.260+0000] {subprocess.py:106} INFO - Collecting semver>=2.13.0 (from gto<2,>=1.6.0->dvc[gs]->-r /opt/***/dags/src/requirements.txt (line 25))
[2025-03-03T02:32:23.292+0000] {subprocess.py:106} INFO -   Downloading semver-3.0.4-py3-none-any.whl.metadata (6.8 kB)
[2025-03-03T02:32:23.341+0000] {subprocess.py:106} INFO - Collecting typer>=0.4.1 (from gto<2,>=1.6.0->dvc[gs]->-r /opt/***/dags/src/requirements.txt (line 25))
[2025-03-03T02:32:23.373+0000] {subprocess.py:106} INFO -   Downloading typer-0.15.2-py3-none-any.whl.metadata (15 kB)
[2025-03-03T02:32:23.425+0000] {subprocess.py:106} INFO - Collecting antlr4-python3-runtime==4.9.* (from hydra-core>=1.1->dvc[gs]->-r /opt/***/dags/src/requirements.txt (line 25))
[2025-03-03T02:32:23.451+0000] {subprocess.py:106} INFO -   Downloading antlr4-python3-runtime-4.9.3.tar.gz (117 kB)
[2025-03-03T02:32:23.516+0000] {subprocess.py:106} INFO -   Installing build dependencies: started
[2025-03-03T02:32:27.754+0000] {subprocess.py:106} INFO -   Installing build dependencies: finished with status 'done'
[2025-03-03T02:32:27.755+0000] {subprocess.py:106} INFO -   Getting requirements to build wheel: started
[2025-03-03T02:32:28.368+0000] {subprocess.py:106} INFO -   Getting requirements to build wheel: finished with status 'done'
[2025-03-03T02:32:28.371+0000] {subprocess.py:106} INFO -   Preparing metadata (pyproject.toml): started
[2025-03-03T02:32:29.008+0000] {subprocess.py:106} INFO -   Preparing metadata (pyproject.toml): finished with status 'done'
[2025-03-03T02:32:29.055+0000] {subprocess.py:106} INFO - Collecting appdirs (from iterative-telemetry>=0.0.7->dvc[gs]->-r /opt/***/dags/src/requirements.txt (line 25))
[2025-03-03T02:32:29.057+0000] {subprocess.py:106} INFO -   Using cached appdirs-1.4.4-py2.py3-none-any.whl.metadata (9.0 kB)
[2025-03-03T02:32:29.060+0000] {subprocess.py:106} INFO - Requirement already satisfied: filelock in /home/***/.local/lib/python3.12/site-packages (from iterative-telemetry>=0.0.7->dvc[gs]->-r /opt/***/dags/src/requirements.txt (line 25)) (3.17.0)
[2025-03-03T02:32:29.068+0000] {subprocess.py:106} INFO - Requirement already satisfied: amqp<6.0.0,>=5.1.1 in /home/***/.local/lib/python3.12/site-packages (from kombu->dvc[gs]->-r /opt/***/dags/src/requirements.txt (line 25)) (5.3.1)
[2025-03-03T02:32:29.079+0000] {subprocess.py:106} INFO - Requirement already satisfied: PyYAML>=5.1.0 in /home/***/.local/lib/python3.12/site-packages (from omegaconf->dvc[gs]->-r /opt/***/dags/src/requirements.txt (line 25)) (6.0.2)
[2025-03-03T02:32:29.106+0000] {subprocess.py:106} INFO - Requirement already satisfied: markdown-it-py>=2.2.0 in /home/***/.local/lib/python3.12/site-packages (from rich>=12->dvc[gs]->-r /opt/***/dags/src/requirements.txt (line 25)) (3.0.0)
[2025-03-03T02:32:29.107+0000] {subprocess.py:106} INFO - Requirement already satisfied: pygments<3.0.0,>=2.13.0 in /home/***/.local/lib/python3.12/site-packages (from rich>=12->dvc[gs]->-r /opt/***/dags/src/requirements.txt (line 25)) (2.19.1)
[2025-03-03T02:32:29.150+0000] {subprocess.py:106} INFO - Collecting ruamel.yaml.clib>=0.2.7 (from ruamel.yaml>=0.17.11->dvc[gs]->-r /opt/***/dags/src/requirements.txt (line 25))
[2025-03-03T02:32:29.152+0000] {subprocess.py:106} INFO -   Using cached ruamel.yaml.clib-0.2.12-cp312-cp312-manylinux_2_17_x86_64.manylinux2014_x86_64.whl.metadata (2.7 kB)
[2025-03-03T02:32:29.194+0000] {subprocess.py:106} INFO - Collecting gitpython>3 (from scmrepo<4,>=3.3.8->dvc[gs]->-r /opt/***/dags/src/requirements.txt (line 25))
[2025-03-03T02:32:29.196+0000] {subprocess.py:106} INFO -   Using cached GitPython-3.1.44-py3-none-any.whl.metadata (13 kB)
[2025-03-03T02:32:29.279+0000] {subprocess.py:106} INFO - Collecting pygit2>=1.14.0 (from scmrepo<4,>=3.3.8->dvc[gs]->-r /opt/***/dags/src/requirements.txt (line 25))
[2025-03-03T02:32:29.280+0000] {subprocess.py:106} INFO -   Using cached pygit2-1.17.0-cp312-cp312-manylinux_2_17_x86_64.manylinux2014_x86_64.whl.metadata (3.3 kB)
[2025-03-03T02:32:29.284+0000] {subprocess.py:106} INFO - Requirement already satisfied: asyncssh<3,>=2.13.1 in /home/***/.local/lib/python3.12/site-packages (from scmrepo<4,>=3.3.8->dvc[gs]->-r /opt/***/dags/src/requirements.txt (line 25)) (2.19.0)
[2025-03-03T02:32:29.311+0000] {subprocess.py:106} INFO - Requirement already satisfied: setuptools in /home/***/.local/lib/python3.12/site-packages (from zc.lockfile>=1.2.1->dvc[gs]->-r /opt/***/dags/src/requirements.txt (line 25)) (75.8.0)
[2025-03-03T02:32:29.326+0000] {subprocess.py:106} INFO - Requirement already satisfied: aiohttp in /home/***/.local/lib/python3.12/site-packages (from aiohttp-retry>=2.5.0->dvc-http>=2.29.0->dvc[gs]->-r /opt/***/dags/src/requirements.txt (line 25)) (3.11.11)
[2025-03-03T02:32:29.336+0000] {subprocess.py:106} INFO - Requirement already satisfied: cryptography>=39.0 in /home/***/.local/lib/python3.12/site-packages (from asyncssh<3,>=2.13.1->scmrepo<4,>=3.3.8->dvc[gs]->-r /opt/***/dags/src/requirements.txt (line 25)) (42.0.8)
[2025-03-03T02:32:29.354+0000] {subprocess.py:106} INFO - Requirement already satisfied: prompt-toolkit>=3.0.36 in /home/***/.local/lib/python3.12/site-packages (from click-repl>=0.2.0->celery->dvc[gs]->-r /opt/***/dags/src/requirements.txt (line 25)) (3.0.50)
[2025-03-03T02:32:29.370+0000] {subprocess.py:106} INFO - Requirement already satisfied: decorator>4.1.2 in /home/***/.local/lib/python3.12/site-packages (from gcsfs>=2022.11.0->dvc-gs<4,>=3->dvc[gs]->-r /opt/***/dags/src/requirements.txt (line 25)) (5.1.1)
[2025-03-03T02:32:29.371+0000] {subprocess.py:106} INFO - Requirement already satisfied: google-auth>=1.2 in /home/***/.local/lib/python3.12/site-packages (from gcsfs>=2022.11.0->dvc-gs<4,>=3->dvc[gs]->-r /opt/***/dags/src/requirements.txt (line 25)) (2.38.0)
[2025-03-03T02:32:29.371+0000] {subprocess.py:106} INFO - Requirement already satisfied: google-auth-oauthlib in /home/***/.local/lib/python3.12/site-packages (from gcsfs>=2022.11.0->dvc-gs<4,>=3->dvc[gs]->-r /opt/***/dags/src/requirements.txt (line 25)) (1.2.1)
[2025-03-03T02:32:29.372+0000] {subprocess.py:106} INFO - Requirement already satisfied: google-cloud-storage in /home/***/.local/lib/python3.12/site-packages (from gcsfs>=2022.11.0->dvc-gs<4,>=3->dvc[gs]->-r /opt/***/dags/src/requirements.txt (line 25)) (2.19.0)
[2025-03-03T02:32:29.401+0000] {subprocess.py:106} INFO - Collecting gitdb<5,>=4.0.1 (from gitpython>3->scmrepo<4,>=3.3.8->dvc[gs]->-r /opt/***/dags/src/requirements.txt (line 25))
[2025-03-03T02:32:29.402+0000] {subprocess.py:106} INFO -   Using cached gitdb-4.0.12-py3-none-any.whl.metadata (1.2 kB)
[2025-03-03T02:32:29.412+0000] {subprocess.py:106} INFO - Requirement already satisfied: mdurl~=0.1 in /home/***/.local/lib/python3.12/site-packages (from markdown-it-py>=2.2.0->rich>=12->dvc[gs]->-r /opt/***/dags/src/requirements.txt (line 25)) (0.1.2)
[2025-03-03T02:32:29.420+0000] {subprocess.py:106} INFO - Requirement already satisfied: annotated-types>=0.6.0 in /home/***/.local/lib/python3.12/site-packages (from pydantic!=2.0.0,<3,>=1.9.0->gto<2,>=1.6.0->dvc[gs]->-r /opt/***/dags/src/requirements.txt (line 25)) (0.7.0)
[2025-03-03T02:32:29.421+0000] {subprocess.py:106} INFO - Requirement already satisfied: pydantic-core==2.27.2 in /home/***/.local/lib/python3.12/site-packages (from pydantic!=2.0.0,<3,>=1.9.0->gto<2,>=1.6.0->dvc[gs]->-r /opt/***/dags/src/requirements.txt (line 25)) (2.27.2)
[2025-03-03T02:32:29.429+0000] {subprocess.py:106} INFO - Requirement already satisfied: cffi>=1.17.0 in /home/***/.local/lib/python3.12/site-packages (from pygit2>=1.14.0->scmrepo<4,>=3.3.8->dvc[gs]->-r /opt/***/dags/src/requirements.txt (line 25)) (1.17.1)
[2025-03-03T02:32:29.491+0000] {subprocess.py:106} INFO - Collecting shellingham>=1.3.0 (from typer>=0.4.1->gto<2,>=1.6.0->dvc[gs]->-r /opt/***/dags/src/requirements.txt (line 25))
[2025-03-03T02:32:29.529+0000] {subprocess.py:106} INFO -   Downloading shellingham-1.5.4-py2.py3-none-any.whl.metadata (3.5 kB)
[2025-03-03T02:32:29.576+0000] {subprocess.py:106} INFO - Requirement already satisfied: aiohappyeyeballs>=2.3.0 in /home/***/.local/lib/python3.12/site-packages (from aiohttp->aiohttp-retry>=2.5.0->dvc-http>=2.29.0->dvc[gs]->-r /opt/***/dags/src/requirements.txt (line 25)) (2.4.4)
[2025-03-03T02:32:29.577+0000] {subprocess.py:106} INFO - Requirement already satisfied: aiosignal>=1.1.2 in /home/***/.local/lib/python3.12/site-packages (from aiohttp->aiohttp-retry>=2.5.0->dvc-http>=2.29.0->dvc[gs]->-r /opt/***/dags/src/requirements.txt (line 25)) (1.3.2)
[2025-03-03T02:32:29.578+0000] {subprocess.py:106} INFO - Requirement already satisfied: frozenlist>=1.1.1 in /home/***/.local/lib/python3.12/site-packages (from aiohttp->aiohttp-retry>=2.5.0->dvc-http>=2.29.0->dvc[gs]->-r /opt/***/dags/src/requirements.txt (line 25)) (1.5.0)
[2025-03-03T02:32:29.578+0000] {subprocess.py:106} INFO - Requirement already satisfied: multidict<7.0,>=4.5 in /home/***/.local/lib/python3.12/site-packages (from aiohttp->aiohttp-retry>=2.5.0->dvc-http>=2.29.0->dvc[gs]->-r /opt/***/dags/src/requirements.txt (line 25)) (6.1.0)
[2025-03-03T02:32:29.579+0000] {subprocess.py:106} INFO - Requirement already satisfied: propcache>=0.2.0 in /home/***/.local/lib/python3.12/site-packages (from aiohttp->aiohttp-retry>=2.5.0->dvc-http>=2.29.0->dvc[gs]->-r /opt/***/dags/src/requirements.txt (line 25)) (0.2.1)
[2025-03-03T02:32:29.579+0000] {subprocess.py:106} INFO - Requirement already satisfied: yarl<2.0,>=1.17.0 in /home/***/.local/lib/python3.12/site-packages (from aiohttp->aiohttp-retry>=2.5.0->dvc-http>=2.29.0->dvc[gs]->-r /opt/***/dags/src/requirements.txt (line 25)) (1.18.3)
[2025-03-03T02:32:29.588+0000] {subprocess.py:106} INFO - Requirement already satisfied: pycparser in /home/***/.local/lib/python3.12/site-packages (from cffi>=1.17.0->pygit2>=1.14.0->scmrepo<4,>=3.3.8->dvc[gs]->-r /opt/***/dags/src/requirements.txt (line 25)) (2.22)
[2025-03-03T02:32:29.631+0000] {subprocess.py:106} INFO - Collecting smmap<6,>=3.0.1 (from gitdb<5,>=4.0.1->gitpython>3->scmrepo<4,>=3.3.8->dvc[gs]->-r /opt/***/dags/src/requirements.txt (line 25))
[2025-03-03T02:32:29.664+0000] {subprocess.py:106} INFO -   Downloading smmap-5.0.2-py3-none-any.whl.metadata (4.3 kB)
[2025-03-03T02:32:29.681+0000] {subprocess.py:106} INFO - Requirement already satisfied: cachetools<6.0,>=2.0.0 in /home/***/.local/lib/python3.12/site-packages (from google-auth>=1.2->gcsfs>=2022.11.0->dvc-gs<4,>=3->dvc[gs]->-r /opt/***/dags/src/requirements.txt (line 25)) (5.5.1)
[2025-03-03T02:32:29.682+0000] {subprocess.py:106} INFO - Requirement already satisfied: pyasn1-modules>=0.2.1 in /home/***/.local/lib/python3.12/site-packages (from google-auth>=1.2->gcsfs>=2022.11.0->dvc-gs<4,>=3->dvc[gs]->-r /opt/***/dags/src/requirements.txt (line 25)) (0.4.0)
[2025-03-03T02:32:29.683+0000] {subprocess.py:106} INFO - Requirement already satisfied: rsa<5,>=3.1.4 in /home/***/.local/lib/python3.12/site-packages (from google-auth>=1.2->gcsfs>=2022.11.0->dvc-gs<4,>=3->dvc[gs]->-r /opt/***/dags/src/requirements.txt (line 25)) (4.9)
[2025-03-03T02:32:29.690+0000] {subprocess.py:106} INFO - Requirement already satisfied: wcwidth in /home/***/.local/lib/python3.12/site-packages (from prompt-toolkit>=3.0.36->click-repl>=0.2.0->celery->dvc[gs]->-r /opt/***/dags/src/requirements.txt (line 25)) (0.2.13)
[2025-03-03T02:32:29.698+0000] {subprocess.py:106} INFO - Requirement already satisfied: requests-oauthlib>=0.7.0 in /home/***/.local/lib/python3.12/site-packages (from google-auth-oauthlib->gcsfs>=2022.11.0->dvc-gs<4,>=3->dvc[gs]->-r /opt/***/dags/src/requirements.txt (line 25)) (1.3.1)
[2025-03-03T02:32:29.703+0000] {subprocess.py:106} INFO - Requirement already satisfied: google-api-core<3.0.0dev,>=2.15.0 in /home/***/.local/lib/python3.12/site-packages (from google-cloud-storage->gcsfs>=2022.11.0->dvc-gs<4,>=3->dvc[gs]->-r /opt/***/dags/src/requirements.txt (line 25)) (2.24.1)
[2025-03-03T02:32:29.704+0000] {subprocess.py:106} INFO - Requirement already satisfied: google-cloud-core<3.0dev,>=2.3.0 in /home/***/.local/lib/python3.12/site-packages (from google-cloud-storage->gcsfs>=2022.11.0->dvc-gs<4,>=3->dvc[gs]->-r /opt/***/dags/src/requirements.txt (line 25)) (2.4.1)
[2025-03-03T02:32:29.705+0000] {subprocess.py:106} INFO - Requirement already satisfied: google-resumable-media>=2.7.2 in /home/***/.local/lib/python3.12/site-packages (from google-cloud-storage->gcsfs>=2022.11.0->dvc-gs<4,>=3->dvc[gs]->-r /opt/***/dags/src/requirements.txt (line 25)) (2.7.2)
[2025-03-03T02:32:29.706+0000] {subprocess.py:106} INFO - Requirement already satisfied: google-crc32c<2.0dev,>=1.0 in /home/***/.local/lib/python3.12/site-packages (from google-cloud-storage->gcsfs>=2022.11.0->dvc-gs<4,>=3->dvc[gs]->-r /opt/***/dags/src/requirements.txt (line 25)) (1.6.0)
[2025-03-03T02:32:29.725+0000] {subprocess.py:106} INFO - Requirement already satisfied: googleapis-common-protos<2.0.dev0,>=1.56.2 in /home/***/.local/lib/python3.12/site-packages (from google-api-core<3.0.0dev,>=2.15.0->google-cloud-storage->gcsfs>=2022.11.0->dvc-gs<4,>=3->dvc[gs]->-r /opt/***/dags/src/requirements.txt (line 25)) (1.66.0)
[2025-03-03T02:32:29.726+0000] {subprocess.py:106} INFO - Requirement already satisfied: protobuf!=3.20.0,!=3.20.1,!=4.21.0,!=4.21.1,!=4.21.2,!=4.21.3,!=4.21.4,!=4.21.5,<6.0.0.dev0,>=3.19.5 in /home/***/.local/lib/python3.12/site-packages (from google-api-core<3.0.0dev,>=2.15.0->google-cloud-storage->gcsfs>=2022.11.0->dvc-gs<4,>=3->dvc[gs]->-r /opt/***/dags/src/requirements.txt (line 25)) (4.25.6)
[2025-03-03T02:32:29.727+0000] {subprocess.py:106} INFO - Requirement already satisfied: proto-plus<2.0.0dev,>=1.22.3 in /home/***/.local/lib/python3.12/site-packages (from google-api-core<3.0.0dev,>=2.15.0->google-cloud-storage->gcsfs>=2022.11.0->dvc-gs<4,>=3->dvc[gs]->-r /opt/***/dags/src/requirements.txt (line 25)) (1.26.0)
[2025-03-03T02:32:29.753+0000] {subprocess.py:106} INFO - Requirement already satisfied: pyasn1<0.7.0,>=0.4.6 in /home/***/.local/lib/python3.12/site-packages (from pyasn1-modules>=0.2.1->google-auth>=1.2->gcsfs>=2022.11.0->dvc-gs<4,>=3->dvc[gs]->-r /opt/***/dags/src/requirements.txt (line 25)) (0.6.1)
[2025-03-03T02:32:29.758+0000] {subprocess.py:106} INFO - Requirement already satisfied: oauthlib>=3.0.0 in /home/***/.local/lib/python3.12/site-packages (from requests-oauthlib>=0.7.0->google-auth-oauthlib->gcsfs>=2022.11.0->dvc-gs<4,>=3->dvc[gs]->-r /opt/***/dags/src/requirements.txt (line 25)) (3.2.2)
[2025-03-03T02:32:29.846+0000] {subprocess.py:106} INFO - Downloading beautifulsoup4-4.13.3-py3-none-any.whl (186 kB)
[2025-03-03T02:32:29.895+0000] {subprocess.py:106} INFO - Downloading selenium-4.28.1-py3-none-any.whl (9.5 MB)
[2025-03-03T02:32:30.252+0000] {subprocess.py:106} INFO -    ━━━━━━━━━━━━━━━━━━━━━━━━━━━━━━━━━━━━━━━━ 9.5/9.5 MB 29.1 MB/s eta 0:00:00
[2025-03-03T02:32:30.286+0000] {subprocess.py:106} INFO - Downloading trio-0.28.0-py3-none-any.whl (486 kB)
[2025-03-03T02:32:30.379+0000] {subprocess.py:106} INFO - Downloading trio_websocket-0.11.1-py3-none-any.whl (17 kB)
[2025-03-03T02:32:30.431+0000] {subprocess.py:106} INFO - Downloading webdriver_manager-4.0.2-py2.py3-none-any.whl (27 kB)
[2025-03-03T02:32:30.469+0000] {subprocess.py:106} INFO - Downloading pytest-8.3.5-py3-none-any.whl (343 kB)
[2025-03-03T02:32:30.530+0000] {subprocess.py:106} INFO - Downloading configobj-5.0.9-py2.py3-none-any.whl (35 kB)
[2025-03-03T02:32:30.589+0000] {subprocess.py:106} INFO - Downloading distro-1.9.0-py3-none-any.whl (20 kB)
[2025-03-03T02:32:30.630+0000] {subprocess.py:106} INFO - Downloading dpath-2.2.0-py3-none-any.whl (17 kB)
[2025-03-03T02:32:30.669+0000] {subprocess.py:106} INFO - Downloading dvc_data-3.16.9-py3-none-any.whl (77 kB)
[2025-03-03T02:32:30.714+0000] {subprocess.py:106} INFO - Downloading dvc_gs-3.0.1-py3-none-any.whl (10 kB)
[2025-03-03T02:32:30.760+0000] {subprocess.py:106} INFO - Downloading dvc_http-2.32.0-py3-none-any.whl (12 kB)
[2025-03-03T02:32:30.796+0000] {subprocess.py:106} INFO - Downloading dvc_objects-5.1.0-py3-none-any.whl (33 kB)
[2025-03-03T02:32:30.836+0000] {subprocess.py:106} INFO - Downloading dvc_render-1.0.2-py3-none-any.whl (22 kB)
[2025-03-03T02:32:30.882+0000] {subprocess.py:106} INFO - Downloading dvc_studio_client-0.21.0-py3-none-any.whl (16 kB)
[2025-03-03T02:32:30.921+0000] {subprocess.py:106} INFO - Downloading dvc_task-0.40.2-py3-none-any.whl (21 kB)
[2025-03-03T02:32:30.963+0000] {subprocess.py:106} INFO - Downloading flatten_dict-0.4.2-py2.py3-none-any.whl (9.7 kB)
[2025-03-03T02:32:31.013+0000] {subprocess.py:106} INFO - Downloading flufl_lock-8.1.0-py3-none-any.whl (11 kB)
[2025-03-03T02:32:31.053+0000] {subprocess.py:106} INFO - Downloading funcy-2.0-py2.py3-none-any.whl (30 kB)
[2025-03-03T02:32:31.093+0000] {subprocess.py:106} INFO - Downloading grandalf-0.8-py3-none-any.whl (41 kB)
[2025-03-03T02:32:31.150+0000] {subprocess.py:106} INFO - Downloading gto-1.7.2-py3-none-any.whl (45 kB)
[2025-03-03T02:32:31.191+0000] {subprocess.py:106} INFO - Downloading hydra_core-1.3.2-py3-none-any.whl (154 kB)
[2025-03-03T02:32:31.234+0000] {subprocess.py:106} INFO - Downloading iterative_telemetry-0.0.10-py3-none-any.whl (10 kB)
[2025-03-03T02:32:31.270+0000] {subprocess.py:106} INFO - Downloading networkx-3.4.2-py3-none-any.whl (1.7 MB)
[2025-03-03T02:32:31.335+0000] {subprocess.py:106} INFO -    ━━━━━━━━━━━━━━━━━━━━━━━━━━━━━━━━━━━━━━━━ 1.7/1.7 MB 25.7 MB/s eta 0:00:00
[2025-03-03T02:32:31.371+0000] {subprocess.py:106} INFO - Downloading omegaconf-2.3.0-py3-none-any.whl (79 kB)
[2025-03-03T02:32:31.416+0000] {subprocess.py:106} INFO - Downloading pydot-3.0.4-py3-none-any.whl (35 kB)
[2025-03-03T02:32:31.470+0000] {subprocess.py:106} INFO - Downloading pygtrie-2.5.0-py3-none-any.whl (25 kB)
[2025-03-03T02:32:31.506+0000] {subprocess.py:106} INFO - Downloading ruamel.yaml-0.18.10-py3-none-any.whl (117 kB)
[2025-03-03T02:32:31.545+0000] {subprocess.py:106} INFO - Downloading scmrepo-3.3.10-py3-none-any.whl (73 kB)
[2025-03-03T02:32:31.586+0000] {subprocess.py:106} INFO - Downloading dulwich-0.22.8-cp312-cp312-manylinux_2_17_x86_64.manylinux2014_x86_64.whl (1.0 MB)
[2025-03-03T02:32:31.631+0000] {subprocess.py:106} INFO -    ━━━━━━━━━━━━━━━━━━━━━━━━━━━━━━━━━━━━━━━━ 1.0/1.0 MB 20.8 MB/s eta 0:00:00
[2025-03-03T02:32:31.661+0000] {subprocess.py:106} INFO - Downloading shortuuid-1.0.13-py3-none-any.whl (10 kB)
[2025-03-03T02:32:31.706+0000] {subprocess.py:106} INFO - Downloading shtab-1.7.1-py3-none-any.whl (14 kB)
[2025-03-03T02:32:31.743+0000] {subprocess.py:106} INFO - Downloading tqdm-4.67.1-py3-none-any.whl (78 kB)
[2025-03-03T02:32:31.778+0000] {subprocess.py:106} INFO - Downloading voluptuous-0.15.2-py3-none-any.whl (31 kB)
[2025-03-03T02:32:31.817+0000] {subprocess.py:106} INFO - Downloading zc.lockfile-3.0.post1-py3-none-any.whl (9.8 kB)
[2025-03-03T02:32:31.858+0000] {subprocess.py:106} INFO - Downloading dvc-3.59.1-py3-none-any.whl (457 kB)
[2025-03-03T02:32:31.915+0000] {subprocess.py:106} INFO - Downloading iniconfig-2.0.0-py3-none-any.whl (5.9 kB)
[2025-03-03T02:32:31.952+0000] {subprocess.py:106} INFO - Downloading aiohttp_retry-2.9.1-py3-none-any.whl (10.0 kB)
[2025-03-03T02:32:31.994+0000] {subprocess.py:106} INFO - Downloading dictdiffer-0.9.0-py2.py3-none-any.whl (16 kB)
[2025-03-03T02:32:32.036+0000] {subprocess.py:106} INFO - Downloading diskcache-5.6.3-py3-none-any.whl (45 kB)
[2025-03-03T02:32:32.071+0000] {subprocess.py:106} INFO - Downloading GitPython-3.1.44-py3-none-any.whl (207 kB)
[2025-03-03T02:32:32.122+0000] {subprocess.py:106} INFO - Downloading orjson-3.10.15-cp312-cp312-manylinux_2_17_x86_64.manylinux2014_x86_64.whl (130 kB)
[2025-03-03T02:32:32.169+0000] {subprocess.py:106} INFO - Downloading pygit2-1.17.0-cp312-cp312-manylinux_2_17_x86_64.manylinux2014_x86_64.whl (5.5 MB)
[2025-03-03T02:32:32.375+0000] {subprocess.py:106} INFO -    ━━━━━━━━━━━━━━━━━━━━━━━━━━━━━━━━━━━━━━━━ 5.5/5.5 MB 26.8 MB/s eta 0:00:00
[2025-03-03T02:32:32.437+0000] {subprocess.py:106} INFO - Downloading ruamel.yaml.clib-0.2.12-cp312-cp312-manylinux_2_17_x86_64.manylinux2014_x86_64.whl (754 kB)
[2025-03-03T02:32:32.485+0000] {subprocess.py:106} INFO -    ━━━━━━━━━━━━━━━━━━━━━━━━━━━━━━━━━━━━━━━━ 754.1/754.1 kB 14.1 MB/s eta 0:00:00
[2025-03-03T02:32:32.515+0000] {subprocess.py:106} INFO - Downloading semver-3.0.4-py3-none-any.whl (17 kB)
[2025-03-03T02:32:32.563+0000] {subprocess.py:106} INFO - Downloading sqltrie-0.11.2-py3-none-any.whl (17 kB)
[2025-03-03T02:32:32.605+0000] {subprocess.py:106} INFO - Downloading typer-0.15.2-py3-none-any.whl (45 kB)
[2025-03-03T02:32:32.650+0000] {subprocess.py:106} INFO - Downloading appdirs-1.4.4-py2.py3-none-any.whl (9.6 kB)
[2025-03-03T02:32:32.690+0000] {subprocess.py:106} INFO - Downloading atpublic-5.1-py3-none-any.whl (5.2 kB)
[2025-03-03T02:32:32.730+0000] {subprocess.py:106} INFO - Downloading entrypoints-0.4-py3-none-any.whl (5.3 kB)
[2025-03-03T02:32:32.768+0000] {subprocess.py:106} INFO - Downloading gitdb-4.0.12-py3-none-any.whl (62 kB)
[2025-03-03T02:32:32.810+0000] {subprocess.py:106} INFO - Downloading shellingham-1.5.4-py2.py3-none-any.whl (9.8 kB)
[2025-03-03T02:32:32.845+0000] {subprocess.py:106} INFO - Downloading smmap-5.0.2-py3-none-any.whl (24 kB)
[2025-03-03T02:32:32.926+0000] {subprocess.py:106} INFO - Building wheels for collected packages: antlr4-python3-runtime
[2025-03-03T02:32:32.929+0000] {subprocess.py:106} INFO -   Building wheel for antlr4-python3-runtime (pyproject.toml): started
[2025-03-03T02:32:33.764+0000] {subprocess.py:106} INFO -   Building wheel for antlr4-python3-runtime (pyproject.toml): finished with status 'done'
[2025-03-03T02:32:33.766+0000] {subprocess.py:106} INFO -   Created wheel for antlr4-python3-runtime: filename=antlr4_python3_runtime-4.9.3-py3-none-any.whl size=144592 sha256=9cbd3801da7f3fe73a2da4eadd70350f7bca94775abe506bf5ca78979614a749
[2025-03-03T02:32:33.766+0000] {subprocess.py:106} INFO -   Stored in directory: /tmp/.cache/pip/wheels/1f/be/48/13754633f1d08d1fbfc60d5e80ae1e5d7329500477685286cd
[2025-03-03T02:32:33.768+0000] {subprocess.py:106} INFO - Successfully built antlr4-python3-runtime
[2025-03-03T02:32:34.563+0000] {subprocess.py:106} INFO - Installing collected packages: pygtrie, funcy, dictdiffer, appdirs, antlr4-python3-runtime, zc.lockfile, voluptuous, tqdm, smmap, shtab, shortuuid, shellingham, semver, ruamel.yaml.clib, pydot, orjson, omegaconf, networkx, iniconfig, grandalf, flatten_dict, entrypoints, dvc-render, dvc-objects, dulwich, dpath, distro, diskcache, configobj, beautifulsoup4, atpublic, webdriver-manager, trio, sqltrie, ruamel.yaml, pytest, pygit2, iterative-telemetry, hydra-core, gitdb, flufl.lock, dvc-studio-client, typer, trio-websocket, gitpython, dvc-data, aiohttp-retry, selenium, scmrepo, dvc-task, dvc-http, gto, dvc, dvc-gs
[2025-03-03T02:32:36.982+0000] {subprocess.py:106} INFO -   Attempting uninstall: beautifulsoup4
[2025-03-03T02:32:37.001+0000] {subprocess.py:106} INFO -     WARNING: Ignoring invalid distribution ~eautifulsoup4 (/home/***/.local/lib/python3.12/site-packages)
[2025-03-03T02:32:37.007+0000] {subprocess.py:106} INFO -     WARNING: Skipping beautifulsoup4 as it is not installed.
[2025-03-03T02:32:37.179+0000] {subprocess.py:106} INFO -   Attempting uninstall: trio
[2025-03-03T02:32:37.203+0000] {subprocess.py:106} INFO -     Found existing installation: trio 0.29.0
[2025-03-03T02:32:37.215+0000] {subprocess.py:106} INFO -     Uninstalling trio-None:
[2025-03-03T02:32:37.217+0000] {subprocess.py:106} INFO - ERROR: Could not install packages due to an OSError: [Errno 2] No such file or directory: '/home/***/.local/lib/python3.12/site-packages/trio-0.29.0.dist-info/'
[2025-03-03T02:32:37.218+0000] {subprocess.py:106} INFO - 
[2025-03-03T02:32:37.277+0000] {subprocess.py:106} INFO - 
[2025-03-03T02:32:37.277+0000] {subprocess.py:106} INFO - [notice] A new release of pip is available: 25.0 -> 25.0.1
[2025-03-03T02:32:37.278+0000] {subprocess.py:106} INFO - [notice] To update, run: pip install --upgrade pip
[2025-03-03T02:32:37.685+0000] {subprocess.py:110} INFO - Command exited with return code 1
[2025-03-03T02:32:37.696+0000] {taskinstance.py:3313} ERROR - Task failed with exception
Traceback (most recent call last):
  File "/home/airflow/.local/lib/python3.12/site-packages/airflow/models/taskinstance.py", line 768, in _execute_task
    result = _execute_callable(context=context, **execute_callable_kwargs)
             ^^^^^^^^^^^^^^^^^^^^^^^^^^^^^^^^^^^^^^^^^^^^^^^^^^^^^^^^^^^^^
  File "/home/airflow/.local/lib/python3.12/site-packages/airflow/models/taskinstance.py", line 734, in _execute_callable
    return ExecutionCallableRunner(
           ^^^^^^^^^^^^^^^^^^^^^^^^
  File "/home/airflow/.local/lib/python3.12/site-packages/airflow/utils/operator_helpers.py", line 252, in run
    return self.func(*args, **kwargs)
           ^^^^^^^^^^^^^^^^^^^^^^^^^^
  File "/home/airflow/.local/lib/python3.12/site-packages/airflow/models/baseoperator.py", line 424, in wrapper
    return func(self, *args, **kwargs)
           ^^^^^^^^^^^^^^^^^^^^^^^^^^^
  File "/home/airflow/.local/lib/python3.12/site-packages/airflow/operators/bash.py", line 276, in execute
    raise AirflowException(
airflow.exceptions.AirflowException: Bash command failed. The command returned a non-zero exit code 1.
[2025-03-03T02:32:37.704+0000] {logging_mixin.py:190} INFO - Task instance in failure state
[2025-03-03T02:32:37.705+0000] {logging_mixin.py:190} INFO - Task start:2025-03-03 02:32:16.603003+00:00 end:2025-03-03 02:32:37.704376+00:00 duration:21.101373
[2025-03-03T02:32:37.706+0000] {logging_mixin.py:190} INFO - Task:<Task(BashOperator): install_requirements> dag:<DAG: scraping_pipeline_gcs> dagrun:<DagRun scraping_pipeline_gcs @ 2025-03-03 02:32:09.757318+00:00: manual__2025-03-03T02:32:09.757318+00:00, state:running, queued_at: 2025-03-03 02:32:09.783098+00:00. externally triggered: True>
[2025-03-03T02:32:37.706+0000] {logging_mixin.py:190} INFO - Failure caused by Bash command failed. The command returned a non-zero exit code 1.
[2025-03-03T02:32:37.707+0000] {taskinstance.py:1226} INFO - Marking task as UP_FOR_RETRY. dag_id=scraping_pipeline_gcs, task_id=install_requirements, run_id=manual__2025-03-03T02:32:09.757318+00:00, execution_date=20250303T023209, start_date=20250303T023216, end_date=20250303T023237
[2025-03-03T02:32:37.742+0000] {taskinstance.py:341} INFO - ::group::Post task execution logs
[2025-03-03T02:32:37.743+0000] {standard_task_runner.py:124} ERROR - Failed to execute job 6 for task install_requirements (Bash command failed. The command returned a non-zero exit code 1.; 219)
Traceback (most recent call last):
  File "/home/airflow/.local/lib/python3.12/site-packages/airflow/task/task_runner/standard_task_runner.py", line 117, in _start_by_fork
    ret = args.func(args, dag=self.dag)
          ^^^^^^^^^^^^^^^^^^^^^^^^^^^^^
  File "/home/airflow/.local/lib/python3.12/site-packages/airflow/cli/cli_config.py", line 49, in command
    return func(*args, **kwargs)
           ^^^^^^^^^^^^^^^^^^^^^
  File "/home/airflow/.local/lib/python3.12/site-packages/airflow/utils/cli.py", line 116, in wrapper
    return f(*args, **kwargs)
           ^^^^^^^^^^^^^^^^^^
  File "/home/airflow/.local/lib/python3.12/site-packages/airflow/cli/commands/task_command.py", line 483, in task_run
    task_return_code = _run_task_by_selected_method(args, _dag, ti)
                       ^^^^^^^^^^^^^^^^^^^^^^^^^^^^^^^^^^^^^^^^^^^^
  File "/home/airflow/.local/lib/python3.12/site-packages/airflow/cli/commands/task_command.py", line 256, in _run_task_by_selected_method
    return _run_raw_task(args, ti)
           ^^^^^^^^^^^^^^^^^^^^^^^
  File "/home/airflow/.local/lib/python3.12/site-packages/airflow/cli/commands/task_command.py", line 341, in _run_raw_task
    return ti._run_raw_task(
           ^^^^^^^^^^^^^^^^^
  File "/home/airflow/.local/lib/python3.12/site-packages/airflow/utils/session.py", line 97, in wrapper
    return func(*args, session=session, **kwargs)
           ^^^^^^^^^^^^^^^^^^^^^^^^^^^^^^^^^^^^^^
  File "/home/airflow/.local/lib/python3.12/site-packages/airflow/models/taskinstance.py", line 3006, in _run_raw_task
    return _run_raw_task(
           ^^^^^^^^^^^^^^
  File "/home/airflow/.local/lib/python3.12/site-packages/airflow/models/taskinstance.py", line 274, in _run_raw_task
    TaskInstance._execute_task_with_callbacks(
  File "/home/airflow/.local/lib/python3.12/site-packages/airflow/models/taskinstance.py", line 3161, in _execute_task_with_callbacks
    result = self._execute_task(context, task_orig)
             ^^^^^^^^^^^^^^^^^^^^^^^^^^^^^^^^^^^^^^
  File "/home/airflow/.local/lib/python3.12/site-packages/airflow/models/taskinstance.py", line 3185, in _execute_task
    return _execute_task(self, context, task_orig)
           ^^^^^^^^^^^^^^^^^^^^^^^^^^^^^^^^^^^^^^^
  File "/home/airflow/.local/lib/python3.12/site-packages/airflow/models/taskinstance.py", line 768, in _execute_task
    result = _execute_callable(context=context, **execute_callable_kwargs)
             ^^^^^^^^^^^^^^^^^^^^^^^^^^^^^^^^^^^^^^^^^^^^^^^^^^^^^^^^^^^^^
  File "/home/airflow/.local/lib/python3.12/site-packages/airflow/models/taskinstance.py", line 734, in _execute_callable
    return ExecutionCallableRunner(
           ^^^^^^^^^^^^^^^^^^^^^^^^
  File "/home/airflow/.local/lib/python3.12/site-packages/airflow/utils/operator_helpers.py", line 252, in run
    return self.func(*args, **kwargs)
           ^^^^^^^^^^^^^^^^^^^^^^^^^^
  File "/home/airflow/.local/lib/python3.12/site-packages/airflow/models/baseoperator.py", line 424, in wrapper
    return func(self, *args, **kwargs)
           ^^^^^^^^^^^^^^^^^^^^^^^^^^^
  File "/home/airflow/.local/lib/python3.12/site-packages/airflow/operators/bash.py", line 276, in execute
    raise AirflowException(
airflow.exceptions.AirflowException: Bash command failed. The command returned a non-zero exit code 1.
[2025-03-03T02:32:37.797+0000] {local_task_job_runner.py:266} INFO - Task exited with return code 1
[2025-03-03T02:32:37.818+0000] {taskinstance.py:3901} INFO - 0 downstream tasks scheduled from follow-on schedule check
[2025-03-03T02:32:37.820+0000] {local_task_job_runner.py:245} INFO - ::endgroup::
