[2025-03-02T21:54:19.019+0000] {local_task_job_runner.py:123} INFO - ::group::Pre task execution logs
[2025-03-02T21:54:19.026+0000] {taskinstance.py:2614} INFO - Dependencies all met for dep_context=non-requeueable deps ti=<TaskInstance: scraping_pipeline_gcs.install_requirements manual__2025-03-02T21:54:11.947707+00:00 [queued]>
[2025-03-02T21:54:19.029+0000] {taskinstance.py:2614} INFO - Dependencies all met for dep_context=requeueable deps ti=<TaskInstance: scraping_pipeline_gcs.install_requirements manual__2025-03-02T21:54:11.947707+00:00 [queued]>
[2025-03-02T21:54:19.029+0000] {taskinstance.py:2867} INFO - Starting attempt 1 of 3
[2025-03-02T21:54:19.035+0000] {taskinstance.py:2890} INFO - Executing <Task(BashOperator): install_requirements> on 2025-03-02 21:54:11.947707+00:00
[2025-03-02T21:54:19.053+0000] {warnings.py:112} WARNING - /home/***/.local/lib/python3.12/site-packages/***/task/task_runner/standard_task_runner.py:70: DeprecationWarning: This process (pid=219) is multi-threaded, use of fork() may lead to deadlocks in the child.
  pid = os.fork()

[2025-03-02T21:54:19.055+0000] {standard_task_runner.py:72} INFO - Started process 228 to run task
[2025-03-02T21:54:19.055+0000] {standard_task_runner.py:104} INFO - Running: ['***', 'tasks', 'run', 'scraping_pipeline_gcs', 'install_requirements', 'manual__2025-03-02T21:54:11.947707+00:00', '--job-id', '140', '--raw', '--subdir', 'DAGS_FOLDER/dag.py', '--cfg-path', '/tmp/tmpm7fnmkfx']
[2025-03-02T21:54:19.056+0000] {standard_task_runner.py:105} INFO - Job 140: Subtask install_requirements
[2025-03-02T21:54:19.095+0000] {task_command.py:467} INFO - Running <TaskInstance: scraping_pipeline_gcs.install_requirements manual__2025-03-02T21:54:11.947707+00:00 [running]> on host 5e87a20f9330
[2025-03-02T21:54:19.162+0000] {taskinstance.py:3134} INFO - Exporting env vars: AIRFLOW_CTX_DAG_OWNER='***' AIRFLOW_CTX_DAG_ID='scraping_pipeline_gcs' AIRFLOW_CTX_TASK_ID='install_requirements' AIRFLOW_CTX_EXECUTION_DATE='2025-03-02T21:54:11.947707+00:00' AIRFLOW_CTX_TRY_NUMBER='1' AIRFLOW_CTX_DAG_RUN_ID='manual__2025-03-02T21:54:11.947707+00:00'
[2025-03-02T21:54:19.163+0000] {logging_mixin.py:190} INFO - Task instance is in running state
[2025-03-02T21:54:19.163+0000] {logging_mixin.py:190} INFO -  Previous state of the Task instance: queued
[2025-03-02T21:54:19.163+0000] {logging_mixin.py:190} INFO - Current task name:install_requirements state:running start_date:2025-03-02 21:54:19.026585+00:00
[2025-03-02T21:54:19.163+0000] {logging_mixin.py:190} INFO - Dag name:scraping_pipeline_gcs and current dag run status:running
[2025-03-02T21:54:19.163+0000] {taskinstance.py:732} INFO - ::endgroup::
[2025-03-02T21:54:19.164+0000] {subprocess.py:78} INFO - Tmp dir root location: /tmp
[2025-03-02T21:54:19.164+0000] {subprocess.py:88} INFO - Running command: ['/usr/bin/bash', '-c', 'pip install -r /opt/***/dags/src/requirements.txt']
[2025-03-02T21:54:19.172+0000] {subprocess.py:99} INFO - Output:
[2025-03-02T21:54:20.054+0000] {subprocess.py:106} INFO - Requirement already satisfied: attrs==25.1.0 in /home/***/.local/lib/python3.12/site-packages (from -r /opt/***/dags/src/requirements.txt (line 1)) (25.1.0)
[2025-03-02T21:54:20.204+0000] {subprocess.py:106} INFO - Collecting beautifulsoup4==4.13.3 (from -r /opt/***/dags/src/requirements.txt (line 2))
[2025-03-02T21:54:20.357+0000] {subprocess.py:106} INFO -   Downloading beautifulsoup4-4.13.3-py3-none-any.whl.metadata (3.8 kB)
[2025-03-02T21:54:20.366+0000] {subprocess.py:106} INFO - Requirement already satisfied: certifi==2025.1.31 in /home/***/.local/lib/python3.12/site-packages (from -r /opt/***/dags/src/requirements.txt (line 3)) (2025.1.31)
[2025-03-02T21:54:20.366+0000] {subprocess.py:106} INFO - Requirement already satisfied: charset-normalizer==3.4.1 in /home/***/.local/lib/python3.12/site-packages (from -r /opt/***/dags/src/requirements.txt (line 4)) (3.4.1)
[2025-03-02T21:54:20.366+0000] {subprocess.py:106} INFO - Requirement already satisfied: colorama==0.4.6 in /home/***/.local/lib/python3.12/site-packages (from -r /opt/***/dags/src/requirements.txt (line 5)) (0.4.6)
[2025-03-02T21:54:20.367+0000] {subprocess.py:106} INFO - Requirement already satisfied: h11==0.14.0 in /home/***/.local/lib/python3.12/site-packages (from -r /opt/***/dags/src/requirements.txt (line 6)) (0.14.0)
[2025-03-02T21:54:20.367+0000] {subprocess.py:106} INFO - Requirement already satisfied: idna==3.10 in /home/***/.local/lib/python3.12/site-packages (from -r /opt/***/dags/src/requirements.txt (line 7)) (3.10)
[2025-03-02T21:54:20.367+0000] {subprocess.py:106} INFO - Requirement already satisfied: outcome==1.3.0.post0 in /home/***/.local/lib/python3.12/site-packages (from -r /opt/***/dags/src/requirements.txt (line 8)) (1.3.0.post0)
[2025-03-02T21:54:20.368+0000] {subprocess.py:106} INFO - Requirement already satisfied: packaging==24.2 in /home/***/.local/lib/python3.12/site-packages (from -r /opt/***/dags/src/requirements.txt (line 9)) (24.2)
[2025-03-02T21:54:20.368+0000] {subprocess.py:106} INFO - Requirement already satisfied: PySocks==1.7.1 in /home/***/.local/lib/python3.12/site-packages (from -r /opt/***/dags/src/requirements.txt (line 10)) (1.7.1)
[2025-03-02T21:54:20.368+0000] {subprocess.py:106} INFO - Requirement already satisfied: python-dotenv==1.0.1 in /home/***/.local/lib/python3.12/site-packages (from -r /opt/***/dags/src/requirements.txt (line 11)) (1.0.1)
[2025-03-02T21:54:20.368+0000] {subprocess.py:106} INFO - Requirement already satisfied: requests==2.32.3 in /home/***/.local/lib/python3.12/site-packages (from -r /opt/***/dags/src/requirements.txt (line 12)) (2.32.3)
[2025-03-02T21:54:20.416+0000] {subprocess.py:106} INFO - Collecting selenium==4.28.1 (from -r /opt/***/dags/src/requirements.txt (line 13))
[2025-03-02T21:54:20.453+0000] {subprocess.py:106} INFO -   Downloading selenium-4.28.1-py3-none-any.whl.metadata (7.1 kB)
[2025-03-02T21:54:20.463+0000] {subprocess.py:106} INFO - Requirement already satisfied: sniffio==1.3.1 in /home/***/.local/lib/python3.12/site-packages (from -r /opt/***/dags/src/requirements.txt (line 14)) (1.3.1)
[2025-03-02T21:54:20.463+0000] {subprocess.py:106} INFO - Requirement already satisfied: sortedcontainers==2.4.0 in /home/***/.local/lib/python3.12/site-packages (from -r /opt/***/dags/src/requirements.txt (line 15)) (2.4.0)
[2025-03-02T21:54:20.463+0000] {subprocess.py:106} INFO - Requirement already satisfied: soupsieve==2.6 in /home/***/.local/lib/python3.12/site-packages (from -r /opt/***/dags/src/requirements.txt (line 16)) (2.6)
[2025-03-02T21:54:20.501+0000] {subprocess.py:106} INFO - Collecting trio==0.28.0 (from -r /opt/***/dags/src/requirements.txt (line 17))
[2025-03-02T21:54:20.529+0000] {subprocess.py:106} INFO -   Downloading trio-0.28.0-py3-none-any.whl.metadata (8.5 kB)
[2025-03-02T21:54:20.569+0000] {subprocess.py:106} INFO - Collecting trio-websocket==0.11.1 (from -r /opt/***/dags/src/requirements.txt (line 18))
[2025-03-02T21:54:20.602+0000] {subprocess.py:106} INFO -   Downloading trio_websocket-0.11.1-py3-none-any.whl.metadata (4.7 kB)
[2025-03-02T21:54:20.609+0000] {subprocess.py:106} INFO - Requirement already satisfied: typing_extensions==4.12.2 in /home/***/.local/lib/python3.12/site-packages (from -r /opt/***/dags/src/requirements.txt (line 19)) (4.12.2)
[2025-03-02T21:54:20.609+0000] {subprocess.py:106} INFO - Requirement already satisfied: urllib3==2.3.0 in /home/***/.local/lib/python3.12/site-packages (from -r /opt/***/dags/src/requirements.txt (line 20)) (2.3.0)
[2025-03-02T21:54:20.657+0000] {subprocess.py:106} INFO - Collecting webdriver-manager==4.0.2 (from -r /opt/***/dags/src/requirements.txt (line 21))
[2025-03-02T21:54:20.686+0000] {subprocess.py:106} INFO -   Downloading webdriver_manager-4.0.2-py2.py3-none-any.whl.metadata (12 kB)
[2025-03-02T21:54:20.695+0000] {subprocess.py:106} INFO - Requirement already satisfied: websocket-client==1.8.0 in /home/***/.local/lib/python3.12/site-packages (from -r /opt/***/dags/src/requirements.txt (line 22)) (1.8.0)
[2025-03-02T21:54:20.696+0000] {subprocess.py:106} INFO - Requirement already satisfied: wsproto==1.2.0 in /home/***/.local/lib/python3.12/site-packages (from -r /opt/***/dags/src/requirements.txt (line 23)) (1.2.0)
[2025-03-02T21:54:20.786+0000] {subprocess.py:106} INFO - Collecting pytest (from -r /opt/***/dags/src/requirements.txt (line 24))
[2025-03-02T21:54:20.826+0000] {subprocess.py:106} INFO -   Downloading pytest-8.3.5-py3-none-any.whl.metadata (7.6 kB)
[2025-03-02T21:54:20.955+0000] {subprocess.py:106} INFO - Collecting dvc[gdrive] (from -r /opt/***/dags/src/requirements.txt (line 25))
[2025-03-02T21:54:20.985+0000] {subprocess.py:106} INFO -   Downloading dvc-3.59.1-py3-none-any.whl.metadata (18 kB)
[2025-03-02T21:54:21.083+0000] {subprocess.py:106} INFO - Collecting iniconfig (from pytest->-r /opt/***/dags/src/requirements.txt (line 24))
[2025-03-02T21:54:21.115+0000] {subprocess.py:106} INFO -   Downloading iniconfig-2.0.0-py3-none-any.whl.metadata (2.6 kB)
[2025-03-02T21:54:21.121+0000] {subprocess.py:106} INFO - Requirement already satisfied: pluggy<2,>=1.5 in /home/***/.local/lib/python3.12/site-packages (from pytest->-r /opt/***/dags/src/requirements.txt (line 24)) (1.5.0)
[2025-03-02T21:54:21.123+0000] {subprocess.py:106} INFO - Requirement already satisfied: celery in /home/***/.local/lib/python3.12/site-packages (from dvc[gdrive]->-r /opt/***/dags/src/requirements.txt (line 25)) (5.4.0)
[2025-03-02T21:54:21.162+0000] {subprocess.py:106} INFO - Collecting configobj>=5.0.9 (from dvc[gdrive]->-r /opt/***/dags/src/requirements.txt (line 25))
[2025-03-02T21:54:21.191+0000] {subprocess.py:106} INFO -   Downloading configobj-5.0.9-py2.py3-none-any.whl.metadata (3.2 kB)
[2025-03-02T21:54:21.226+0000] {subprocess.py:106} INFO - Collecting distro>=1.3 (from dvc[gdrive]->-r /opt/***/dags/src/requirements.txt (line 25))
[2025-03-02T21:54:21.253+0000] {subprocess.py:106} INFO -   Downloading distro-1.9.0-py3-none-any.whl.metadata (6.8 kB)
[2025-03-02T21:54:21.302+0000] {subprocess.py:106} INFO - Collecting dpath<3,>=2.1.0 (from dvc[gdrive]->-r /opt/***/dags/src/requirements.txt (line 25))
[2025-03-02T21:54:21.332+0000] {subprocess.py:106} INFO -   Downloading dpath-2.2.0-py3-none-any.whl.metadata (15 kB)
[2025-03-02T21:54:21.455+0000] {subprocess.py:106} INFO - Collecting dulwich (from dvc[gdrive]->-r /opt/***/dags/src/requirements.txt (line 25))
[2025-03-02T21:54:21.495+0000] {subprocess.py:106} INFO -   Downloading dulwich-0.22.7-cp312-cp312-manylinux_2_17_aarch64.manylinux2014_aarch64.whl.metadata (4.4 kB)
[2025-03-02T21:54:21.559+0000] {subprocess.py:106} INFO - Collecting dvc-data<3.17,>=3.16.2 (from dvc[gdrive]->-r /opt/***/dags/src/requirements.txt (line 25))
[2025-03-02T21:54:21.597+0000] {subprocess.py:106} INFO -   Downloading dvc_data-3.16.9-py3-none-any.whl.metadata (5.0 kB)
[2025-03-02T21:54:21.636+0000] {subprocess.py:106} INFO - Collecting dvc-http>=2.29.0 (from dvc[gdrive]->-r /opt/***/dags/src/requirements.txt (line 25))
[2025-03-02T21:54:21.669+0000] {subprocess.py:106} INFO -   Downloading dvc_http-2.32.0-py3-none-any.whl.metadata (1.3 kB)
[2025-03-02T21:54:21.715+0000] {subprocess.py:106} INFO - Collecting dvc-objects (from dvc[gdrive]->-r /opt/***/dags/src/requirements.txt (line 25))
[2025-03-02T21:54:21.750+0000] {subprocess.py:106} INFO -   Downloading dvc_objects-5.1.0-py3-none-any.whl.metadata (3.7 kB)
[2025-03-02T21:54:21.794+0000] {subprocess.py:106} INFO - Collecting dvc-render<2,>=1.0.1 (from dvc[gdrive]->-r /opt/***/dags/src/requirements.txt (line 25))
[2025-03-02T21:54:21.819+0000] {subprocess.py:106} INFO -   Downloading dvc_render-1.0.2-py3-none-any.whl.metadata (5.4 kB)
[2025-03-02T21:54:21.872+0000] {subprocess.py:106} INFO - Collecting dvc-studio-client<1,>=0.21 (from dvc[gdrive]->-r /opt/***/dags/src/requirements.txt (line 25))
[2025-03-02T21:54:21.903+0000] {subprocess.py:106} INFO -   Downloading dvc_studio_client-0.21.0-py3-none-any.whl.metadata (4.3 kB)
[2025-03-02T21:54:21.941+0000] {subprocess.py:106} INFO - Collecting dvc-task<1,>=0.3.0 (from dvc[gdrive]->-r /opt/***/dags/src/requirements.txt (line 25))
[2025-03-02T21:54:21.970+0000] {subprocess.py:106} INFO -   Downloading dvc_task-0.40.2-py3-none-any.whl.metadata (10.0 kB)
[2025-03-02T21:54:22.016+0000] {subprocess.py:106} INFO - Collecting flatten_dict<1,>=0.4.1 (from dvc[gdrive]->-r /opt/***/dags/src/requirements.txt (line 25))
[2025-03-02T21:54:22.054+0000] {subprocess.py:106} INFO -   Downloading flatten_dict-0.4.2-py2.py3-none-any.whl.metadata (9.2 kB)
[2025-03-02T21:54:22.094+0000] {subprocess.py:106} INFO - Collecting flufl.lock<9,>=8.1.0 (from dvc[gdrive]->-r /opt/***/dags/src/requirements.txt (line 25))
[2025-03-02T21:54:22.122+0000] {subprocess.py:106} INFO -   Downloading flufl_lock-8.1.0-py3-none-any.whl.metadata (3.3 kB)
[2025-03-02T21:54:22.126+0000] {subprocess.py:106} INFO - Requirement already satisfied: fsspec>=2024.2.0 in /home/***/.local/lib/python3.12/site-packages (from dvc[gdrive]->-r /opt/***/dags/src/requirements.txt (line 25)) (2025.2.0)
[2025-03-02T21:54:22.160+0000] {subprocess.py:106} INFO - Collecting funcy>=1.14 (from dvc[gdrive]->-r /opt/***/dags/src/requirements.txt (line 25))
[2025-03-02T21:54:22.188+0000] {subprocess.py:106} INFO -   Downloading funcy-2.0-py2.py3-none-any.whl.metadata (5.9 kB)
[2025-03-02T21:54:22.231+0000] {subprocess.py:106} INFO - Collecting grandalf<1,>=0.7 (from dvc[gdrive]->-r /opt/***/dags/src/requirements.txt (line 25))
[2025-03-02T21:54:22.285+0000] {subprocess.py:106} INFO -   Downloading grandalf-0.8-py3-none-any.whl.metadata (1.7 kB)
[2025-03-02T21:54:22.325+0000] {subprocess.py:106} INFO - Collecting gto<2,>=1.6.0 (from dvc[gdrive]->-r /opt/***/dags/src/requirements.txt (line 25))
[2025-03-02T21:54:22.375+0000] {subprocess.py:106} INFO -   Downloading gto-1.7.2-py3-none-any.whl.metadata (4.7 kB)
[2025-03-02T21:54:22.422+0000] {subprocess.py:106} INFO - Collecting hydra-core>=1.1 (from dvc[gdrive]->-r /opt/***/dags/src/requirements.txt (line 25))
[2025-03-02T21:54:22.451+0000] {subprocess.py:106} INFO -   Downloading hydra_core-1.3.2-py3-none-any.whl.metadata (5.5 kB)
[2025-03-02T21:54:22.493+0000] {subprocess.py:106} INFO - Collecting iterative-telemetry>=0.0.7 (from dvc[gdrive]->-r /opt/***/dags/src/requirements.txt (line 25))
[2025-03-02T21:54:22.522+0000] {subprocess.py:106} INFO -   Downloading iterative_telemetry-0.0.10-py3-none-any.whl.metadata (4.1 kB)
[2025-03-02T21:54:22.531+0000] {subprocess.py:106} INFO - Requirement already satisfied: kombu in /home/***/.local/lib/python3.12/site-packages (from dvc[gdrive]->-r /opt/***/dags/src/requirements.txt (line 25)) (5.4.2)
[2025-03-02T21:54:22.593+0000] {subprocess.py:106} INFO - Collecting networkx>=2.5 (from dvc[gdrive]->-r /opt/***/dags/src/requirements.txt (line 25))
[2025-03-02T21:54:22.623+0000] {subprocess.py:106} INFO -   Downloading networkx-3.4.2-py3-none-any.whl.metadata (6.3 kB)
[2025-03-02T21:54:22.674+0000] {subprocess.py:106} INFO - Collecting omegaconf (from dvc[gdrive]->-r /opt/***/dags/src/requirements.txt (line 25))
[2025-03-02T21:54:22.700+0000] {subprocess.py:106} INFO -   Downloading omegaconf-2.3.0-py3-none-any.whl.metadata (3.9 kB)
[2025-03-02T21:54:22.706+0000] {subprocess.py:106} INFO - Requirement already satisfied: pathspec>=0.10.3 in /home/***/.local/lib/python3.12/site-packages (from dvc[gdrive]->-r /opt/***/dags/src/requirements.txt (line 25)) (0.12.1)
[2025-03-02T21:54:22.706+0000] {subprocess.py:106} INFO - Requirement already satisfied: platformdirs<5,>=3.1.1 in /home/***/.local/lib/python3.12/site-packages (from dvc[gdrive]->-r /opt/***/dags/src/requirements.txt (line 25)) (4.3.6)
[2025-03-02T21:54:22.707+0000] {subprocess.py:106} INFO - Requirement already satisfied: psutil>=5.8 in /home/***/.local/lib/python3.12/site-packages (from dvc[gdrive]->-r /opt/***/dags/src/requirements.txt (line 25)) (6.1.1)
[2025-03-02T21:54:22.737+0000] {subprocess.py:106} INFO - Collecting pydot>=1.2.4 (from dvc[gdrive]->-r /opt/***/dags/src/requirements.txt (line 25))
[2025-03-02T21:54:22.761+0000] {subprocess.py:106} INFO -   Downloading pydot-3.0.4-py3-none-any.whl.metadata (10 kB)
[2025-03-02T21:54:22.800+0000] {subprocess.py:106} INFO - Collecting pygtrie>=2.3.2 (from dvc[gdrive]->-r /opt/***/dags/src/requirements.txt (line 25))
[2025-03-02T21:54:22.833+0000] {subprocess.py:106} INFO -   Downloading pygtrie-2.5.0-py3-none-any.whl.metadata (7.5 kB)
[2025-03-02T21:54:22.839+0000] {subprocess.py:106} INFO - Requirement already satisfied: pyparsing>=2.4.7 in /home/***/.local/lib/python3.12/site-packages (from dvc[gdrive]->-r /opt/***/dags/src/requirements.txt (line 25)) (3.2.1)
[2025-03-02T21:54:22.839+0000] {subprocess.py:106} INFO - Requirement already satisfied: rich>=12 in /home/***/.local/lib/python3.12/site-packages (from dvc[gdrive]->-r /opt/***/dags/src/requirements.txt (line 25)) (13.9.4)
[2025-03-02T21:54:22.942+0000] {subprocess.py:106} INFO - Collecting ruamel.yaml>=0.17.11 (from dvc[gdrive]->-r /opt/***/dags/src/requirements.txt (line 25))
[2025-03-02T21:54:22.978+0000] {subprocess.py:106} INFO -   Downloading ruamel.yaml-0.18.10-py3-none-any.whl.metadata (23 kB)
[2025-03-02T21:54:23.043+0000] {subprocess.py:106} INFO - Collecting scmrepo<4,>=3.3.8 (from dvc[gdrive]->-r /opt/***/dags/src/requirements.txt (line 25))
[2025-03-02T21:54:23.089+0000] {subprocess.py:106} INFO -   Downloading scmrepo-3.3.10-py3-none-any.whl.metadata (4.8 kB)
[2025-03-02T21:54:23.132+0000] {subprocess.py:106} INFO - Collecting shortuuid>=0.5 (from dvc[gdrive]->-r /opt/***/dags/src/requirements.txt (line 25))
[2025-03-02T21:54:23.163+0000] {subprocess.py:106} INFO -   Downloading shortuuid-1.0.13-py3-none-any.whl.metadata (5.8 kB)
[2025-03-02T21:54:23.211+0000] {subprocess.py:106} INFO - Collecting shtab<2,>=1.3.4 (from dvc[gdrive]->-r /opt/***/dags/src/requirements.txt (line 25))
[2025-03-02T21:54:23.240+0000] {subprocess.py:106} INFO -   Downloading shtab-1.7.1-py3-none-any.whl.metadata (7.3 kB)
[2025-03-02T21:54:23.244+0000] {subprocess.py:106} INFO - Requirement already satisfied: tabulate>=0.8.7 in /home/***/.local/lib/python3.12/site-packages (from dvc[gdrive]->-r /opt/***/dags/src/requirements.txt (line 25)) (0.9.0)
[2025-03-02T21:54:23.244+0000] {subprocess.py:106} INFO - Requirement already satisfied: tomlkit>=0.11.1 in /home/***/.local/lib/python3.12/site-packages (from dvc[gdrive]->-r /opt/***/dags/src/requirements.txt (line 25)) (0.13.2)
[2025-03-02T21:54:23.311+0000] {subprocess.py:106} INFO - Collecting tqdm<5,>=4.63.1 (from dvc[gdrive]->-r /opt/***/dags/src/requirements.txt (line 25))
[2025-03-02T21:54:23.348+0000] {subprocess.py:106} INFO -   Downloading tqdm-4.67.1-py3-none-any.whl.metadata (57 kB)
[2025-03-02T21:54:23.429+0000] {subprocess.py:106} INFO - Collecting voluptuous>=0.11.7 (from dvc[gdrive]->-r /opt/***/dags/src/requirements.txt (line 25))
[2025-03-02T21:54:23.462+0000] {subprocess.py:106} INFO -   Downloading voluptuous-0.15.2-py3-none-any.whl.metadata (20 kB)
[2025-03-02T21:54:23.504+0000] {subprocess.py:106} INFO - Collecting zc.lockfile>=1.2.1 (from dvc[gdrive]->-r /opt/***/dags/src/requirements.txt (line 25))
[2025-03-02T21:54:23.548+0000] {subprocess.py:106} INFO -   Downloading zc.lockfile-3.0.post1-py3-none-any.whl.metadata (6.2 kB)
[2025-03-02T21:54:23.602+0000] {subprocess.py:106} INFO - Collecting dvc-gdrive<4,>=3 (from dvc[gdrive]->-r /opt/***/dags/src/requirements.txt (line 25))
[2025-03-02T21:54:23.643+0000] {subprocess.py:106} INFO -   Downloading dvc_gdrive-3.0.1-py3-none-any.whl.metadata (2.1 kB)
[2025-03-02T21:54:23.709+0000] {subprocess.py:106} INFO - Collecting dictdiffer>=0.8.1 (from dvc-data<3.17,>=3.16.2->dvc[gdrive]->-r /opt/***/dags/src/requirements.txt (line 25))
[2025-03-02T21:54:23.751+0000] {subprocess.py:106} INFO -   Downloading dictdiffer-0.9.0-py2.py3-none-any.whl.metadata (4.8 kB)
[2025-03-02T21:54:23.822+0000] {subprocess.py:106} INFO - Collecting diskcache>=5.2.1 (from dvc-data<3.17,>=3.16.2->dvc[gdrive]->-r /opt/***/dags/src/requirements.txt (line 25))
[2025-03-02T21:54:23.851+0000] {subprocess.py:106} INFO -   Downloading diskcache-5.6.3-py3-none-any.whl.metadata (20 kB)
[2025-03-02T21:54:23.909+0000] {subprocess.py:106} INFO - Collecting sqltrie<1,>=0.11.0 (from dvc-data<3.17,>=3.16.2->dvc[gdrive]->-r /opt/***/dags/src/requirements.txt (line 25))
[2025-03-02T21:54:23.956+0000] {subprocess.py:106} INFO -   Downloading sqltrie-0.11.2-py3-none-any.whl.metadata (3.3 kB)
[2025-03-02T21:54:24.203+0000] {subprocess.py:106} INFO - Collecting orjson<4,>=3 (from dvc-data<3.17,>=3.16.2->dvc[gdrive]->-r /opt/***/dags/src/requirements.txt (line 25))
[2025-03-02T21:54:24.238+0000] {subprocess.py:106} INFO -   Downloading orjson-3.10.15-cp312-cp312-manylinux_2_17_aarch64.manylinux2014_aarch64.whl.metadata (41 kB)
[2025-03-02T21:54:24.303+0000] {subprocess.py:106} INFO - Collecting pydrive2>=1.19.0 (from pydrive2[fsspec]>=1.19.0->dvc-gdrive<4,>=3->dvc[gdrive]->-r /opt/***/dags/src/requirements.txt (line 25))
[2025-03-02T21:54:24.354+0000] {subprocess.py:106} INFO -   Downloading PyDrive2-1.21.3-py3-none-any.whl.metadata (7.0 kB)
[2025-03-02T21:54:24.409+0000] {subprocess.py:106} INFO - Collecting aiohttp-retry>=2.5.0 (from dvc-http>=2.29.0->dvc[gdrive]->-r /opt/***/dags/src/requirements.txt (line 25))
[2025-03-02T21:54:24.435+0000] {subprocess.py:106} INFO -   Downloading aiohttp_retry-2.9.1-py3-none-any.whl.metadata (8.8 kB)
[2025-03-02T21:54:24.459+0000] {subprocess.py:106} INFO - Requirement already satisfied: billiard<5.0,>=4.2.0 in /home/***/.local/lib/python3.12/site-packages (from celery->dvc[gdrive]->-r /opt/***/dags/src/requirements.txt (line 25)) (4.2.1)
[2025-03-02T21:54:24.459+0000] {subprocess.py:106} INFO - Requirement already satisfied: vine<6.0,>=5.1.0 in /home/***/.local/lib/python3.12/site-packages (from celery->dvc[gdrive]->-r /opt/***/dags/src/requirements.txt (line 25)) (5.1.0)
[2025-03-02T21:54:24.460+0000] {subprocess.py:106} INFO - Requirement already satisfied: click<9.0,>=8.1.2 in /home/***/.local/lib/python3.12/site-packages (from celery->dvc[gdrive]->-r /opt/***/dags/src/requirements.txt (line 25)) (8.1.8)
[2025-03-02T21:54:24.460+0000] {subprocess.py:106} INFO - Requirement already satisfied: click-didyoumean>=0.3.0 in /home/***/.local/lib/python3.12/site-packages (from celery->dvc[gdrive]->-r /opt/***/dags/src/requirements.txt (line 25)) (0.3.1)
[2025-03-02T21:54:24.460+0000] {subprocess.py:106} INFO - Requirement already satisfied: click-repl>=0.2.0 in /home/***/.local/lib/python3.12/site-packages (from celery->dvc[gdrive]->-r /opt/***/dags/src/requirements.txt (line 25)) (0.3.0)
[2025-03-02T21:54:24.460+0000] {subprocess.py:106} INFO - Requirement already satisfied: click-plugins>=1.1.1 in /home/***/.local/lib/python3.12/site-packages (from celery->dvc[gdrive]->-r /opt/***/dags/src/requirements.txt (line 25)) (1.1.1)
[2025-03-02T21:54:24.461+0000] {subprocess.py:106} INFO - Requirement already satisfied: tzdata>=2022.7 in /home/***/.local/lib/python3.12/site-packages (from celery->dvc[gdrive]->-r /opt/***/dags/src/requirements.txt (line 25)) (2025.1)
[2025-03-02T21:54:24.461+0000] {subprocess.py:106} INFO - Requirement already satisfied: python-dateutil>=2.8.2 in /home/***/.local/lib/python3.12/site-packages (from celery->dvc[gdrive]->-r /opt/***/dags/src/requirements.txt (line 25)) (2.9.0.post0)
[2025-03-02T21:54:24.462+0000] {subprocess.py:106} INFO - Requirement already satisfied: six<2.0,>=1.12 in /home/***/.local/lib/python3.12/site-packages (from flatten_dict<1,>=0.4.1->dvc[gdrive]->-r /opt/***/dags/src/requirements.txt (line 25)) (1.17.0)
[2025-03-02T21:54:24.501+0000] {subprocess.py:106} INFO - Collecting atpublic (from flufl.lock<9,>=8.1.0->dvc[gdrive]->-r /opt/***/dags/src/requirements.txt (line 25))
[2025-03-02T21:54:24.529+0000] {subprocess.py:106} INFO -   Downloading atpublic-5.1-py3-none-any.whl.metadata (1.8 kB)
[2025-03-02T21:54:24.570+0000] {subprocess.py:106} INFO - Collecting entrypoints (from gto<2,>=1.6.0->dvc[gdrive]->-r /opt/***/dags/src/requirements.txt (line 25))
[2025-03-02T21:54:24.596+0000] {subprocess.py:106} INFO -   Downloading entrypoints-0.4-py3-none-any.whl.metadata (2.6 kB)
[2025-03-02T21:54:24.603+0000] {subprocess.py:106} INFO - Requirement already satisfied: pydantic!=2.0.0,<3,>=1.9.0 in /home/***/.local/lib/python3.12/site-packages (from gto<2,>=1.6.0->dvc[gdrive]->-r /opt/***/dags/src/requirements.txt (line 25)) (2.10.6)
[2025-03-02T21:54:24.646+0000] {subprocess.py:106} INFO - Collecting semver>=2.13.0 (from gto<2,>=1.6.0->dvc[gdrive]->-r /opt/***/dags/src/requirements.txt (line 25))
[2025-03-02T21:54:24.674+0000] {subprocess.py:106} INFO -   Downloading semver-3.0.4-py3-none-any.whl.metadata (6.8 kB)
[2025-03-02T21:54:24.717+0000] {subprocess.py:106} INFO - Collecting typer>=0.4.1 (from gto<2,>=1.6.0->dvc[gdrive]->-r /opt/***/dags/src/requirements.txt (line 25))
[2025-03-02T21:54:24.746+0000] {subprocess.py:106} INFO -   Downloading typer-0.15.2-py3-none-any.whl.metadata (15 kB)
[2025-03-02T21:54:24.793+0000] {subprocess.py:106} INFO - Collecting antlr4-python3-runtime==4.9.* (from hydra-core>=1.1->dvc[gdrive]->-r /opt/***/dags/src/requirements.txt (line 25))
[2025-03-02T21:54:24.826+0000] {subprocess.py:106} INFO -   Downloading antlr4-python3-runtime-4.9.3.tar.gz (117 kB)
[2025-03-02T21:54:24.875+0000] {subprocess.py:106} INFO -   Installing build dependencies: started
[2025-03-02T21:54:27.790+0000] {subprocess.py:106} INFO -   Installing build dependencies: finished with status 'done'
[2025-03-02T21:54:27.794+0000] {subprocess.py:106} INFO -   Getting requirements to build wheel: started
[2025-03-02T21:54:28.224+0000] {subprocess.py:106} INFO -   Getting requirements to build wheel: finished with status 'done'
[2025-03-02T21:54:28.231+0000] {subprocess.py:106} INFO -   Preparing metadata (pyproject.toml): started
[2025-03-02T21:54:28.607+0000] {subprocess.py:106} INFO -   Preparing metadata (pyproject.toml): finished with status 'done'
[2025-03-02T21:54:28.669+0000] {subprocess.py:106} INFO - Collecting appdirs (from iterative-telemetry>=0.0.7->dvc[gdrive]->-r /opt/***/dags/src/requirements.txt (line 25))
[2025-03-02T21:54:28.698+0000] {subprocess.py:106} INFO -   Downloading appdirs-1.4.4-py2.py3-none-any.whl.metadata (9.0 kB)
[2025-03-02T21:54:28.704+0000] {subprocess.py:106} INFO - Requirement already satisfied: filelock in /home/***/.local/lib/python3.12/site-packages (from iterative-telemetry>=0.0.7->dvc[gdrive]->-r /opt/***/dags/src/requirements.txt (line 25)) (3.17.0)
[2025-03-02T21:54:28.707+0000] {subprocess.py:106} INFO - Requirement already satisfied: amqp<6.0.0,>=5.1.1 in /home/***/.local/lib/python3.12/site-packages (from kombu->dvc[gdrive]->-r /opt/***/dags/src/requirements.txt (line 25)) (5.3.1)
[2025-03-02T21:54:28.714+0000] {subprocess.py:106} INFO - Requirement already satisfied: PyYAML>=5.1.0 in /home/***/.local/lib/python3.12/site-packages (from omegaconf->dvc[gdrive]->-r /opt/***/dags/src/requirements.txt (line 25)) (6.0.2)
[2025-03-02T21:54:28.724+0000] {subprocess.py:106} INFO - Requirement already satisfied: markdown-it-py>=2.2.0 in /home/***/.local/lib/python3.12/site-packages (from rich>=12->dvc[gdrive]->-r /opt/***/dags/src/requirements.txt (line 25)) (3.0.0)
[2025-03-02T21:54:28.724+0000] {subprocess.py:106} INFO - Requirement already satisfied: pygments<3.0.0,>=2.13.0 in /home/***/.local/lib/python3.12/site-packages (from rich>=12->dvc[gdrive]->-r /opt/***/dags/src/requirements.txt (line 25)) (2.19.1)
[2025-03-02T21:54:28.765+0000] {subprocess.py:106} INFO - Collecting ruamel.yaml.clib>=0.2.7 (from ruamel.yaml>=0.17.11->dvc[gdrive]->-r /opt/***/dags/src/requirements.txt (line 25))
[2025-03-02T21:54:28.793+0000] {subprocess.py:106} INFO -   Downloading ruamel.yaml.clib-0.2.12-cp312-cp312-manylinux2014_aarch64.whl.metadata (2.7 kB)
[2025-03-02T21:54:28.841+0000] {subprocess.py:106} INFO - Collecting gitpython>3 (from scmrepo<4,>=3.3.8->dvc[gdrive]->-r /opt/***/dags/src/requirements.txt (line 25))
[2025-03-02T21:54:28.870+0000] {subprocess.py:106} INFO -   Downloading GitPython-3.1.44-py3-none-any.whl.metadata (13 kB)
[2025-03-02T21:54:28.955+0000] {subprocess.py:106} INFO - Collecting pygit2>=1.14.0 (from scmrepo<4,>=3.3.8->dvc[gdrive]->-r /opt/***/dags/src/requirements.txt (line 25))
[2025-03-02T21:54:28.982+0000] {subprocess.py:106} INFO -   Downloading pygit2-1.17.0-cp312-cp312-manylinux_2_17_aarch64.manylinux2014_aarch64.whl.metadata (3.3 kB)
[2025-03-02T21:54:28.987+0000] {subprocess.py:106} INFO - Requirement already satisfied: asyncssh<3,>=2.13.1 in /home/***/.local/lib/python3.12/site-packages (from scmrepo<4,>=3.3.8->dvc[gdrive]->-r /opt/***/dags/src/requirements.txt (line 25)) (2.19.0)
[2025-03-02T21:54:28.997+0000] {subprocess.py:106} INFO - Requirement already satisfied: setuptools in /home/***/.local/lib/python3.12/site-packages (from zc.lockfile>=1.2.1->dvc[gdrive]->-r /opt/***/dags/src/requirements.txt (line 25)) (75.8.0)
[2025-03-02T21:54:29.003+0000] {subprocess.py:106} INFO - Requirement already satisfied: aiohttp in /home/***/.local/lib/python3.12/site-packages (from aiohttp-retry>=2.5.0->dvc-http>=2.29.0->dvc[gdrive]->-r /opt/***/dags/src/requirements.txt (line 25)) (3.11.11)
[2025-03-02T21:54:29.006+0000] {subprocess.py:106} INFO - Requirement already satisfied: cryptography>=39.0 in /home/***/.local/lib/python3.12/site-packages (from asyncssh<3,>=2.13.1->scmrepo<4,>=3.3.8->dvc[gdrive]->-r /opt/***/dags/src/requirements.txt (line 25)) (42.0.8)
[2025-03-02T21:54:29.012+0000] {subprocess.py:106} INFO - Requirement already satisfied: prompt-toolkit>=3.0.36 in /home/***/.local/lib/python3.12/site-packages (from click-repl>=0.2.0->celery->dvc[gdrive]->-r /opt/***/dags/src/requirements.txt (line 25)) (3.0.50)
[2025-03-02T21:54:29.047+0000] {subprocess.py:106} INFO - Collecting gitdb<5,>=4.0.1 (from gitpython>3->scmrepo<4,>=3.3.8->dvc[gdrive]->-r /opt/***/dags/src/requirements.txt (line 25))
[2025-03-02T21:54:29.073+0000] {subprocess.py:106} INFO -   Downloading gitdb-4.0.12-py3-none-any.whl.metadata (1.2 kB)
[2025-03-02T21:54:29.079+0000] {subprocess.py:106} INFO - Requirement already satisfied: mdurl~=0.1 in /home/***/.local/lib/python3.12/site-packages (from markdown-it-py>=2.2.0->rich>=12->dvc[gdrive]->-r /opt/***/dags/src/requirements.txt (line 25)) (0.1.2)
[2025-03-02T21:54:29.082+0000] {subprocess.py:106} INFO - Requirement already satisfied: annotated-types>=0.6.0 in /home/***/.local/lib/python3.12/site-packages (from pydantic!=2.0.0,<3,>=1.9.0->gto<2,>=1.6.0->dvc[gdrive]->-r /opt/***/dags/src/requirements.txt (line 25)) (0.7.0)
[2025-03-02T21:54:29.082+0000] {subprocess.py:106} INFO - Requirement already satisfied: pydantic-core==2.27.2 in /home/***/.local/lib/python3.12/site-packages (from pydantic!=2.0.0,<3,>=1.9.0->gto<2,>=1.6.0->dvc[gdrive]->-r /opt/***/dags/src/requirements.txt (line 25)) (2.27.2)
[2025-03-02T21:54:29.085+0000] {subprocess.py:106} INFO - Requirement already satisfied: google-api-python-client>=1.12.5 in /home/***/.local/lib/python3.12/site-packages (from pydrive2>=1.19.0->pydrive2[fsspec]>=1.19.0->dvc-gdrive<4,>=3->dvc[gdrive]->-r /opt/***/dags/src/requirements.txt (line 25)) (2.160.0)
[2025-03-02T21:54:29.116+0000] {subprocess.py:106} INFO - Collecting oauth2client>=4.0.0 (from pydrive2>=1.19.0->pydrive2[fsspec]>=1.19.0->dvc-gdrive<4,>=3->dvc[gdrive]->-r /opt/***/dags/src/requirements.txt (line 25))
[2025-03-02T21:54:29.149+0000] {subprocess.py:106} INFO -   Downloading oauth2client-4.1.3-py2.py3-none-any.whl.metadata (1.2 kB)
[2025-03-02T21:54:29.189+0000] {subprocess.py:106} INFO - Collecting pyOpenSSL<=24.2.1,>=19.1.0 (from pydrive2>=1.19.0->pydrive2[fsspec]>=1.19.0->dvc-gdrive<4,>=3->dvc[gdrive]->-r /opt/***/dags/src/requirements.txt (line 25))
[2025-03-02T21:54:29.217+0000] {subprocess.py:106} INFO -   Downloading pyOpenSSL-24.2.1-py3-none-any.whl.metadata (13 kB)
[2025-03-02T21:54:29.239+0000] {subprocess.py:106} INFO - Requirement already satisfied: cffi>=1.17.0 in /home/***/.local/lib/python3.12/site-packages (from pygit2>=1.14.0->scmrepo<4,>=3.3.8->dvc[gdrive]->-r /opt/***/dags/src/requirements.txt (line 25)) (1.17.1)
[2025-03-02T21:54:29.286+0000] {subprocess.py:106} INFO - Collecting shellingham>=1.3.0 (from typer>=0.4.1->gto<2,>=1.6.0->dvc[gdrive]->-r /opt/***/dags/src/requirements.txt (line 25))
[2025-03-02T21:54:29.316+0000] {subprocess.py:106} INFO -   Downloading shellingham-1.5.4-py2.py3-none-any.whl.metadata (3.5 kB)
[2025-03-02T21:54:29.333+0000] {subprocess.py:106} INFO - Requirement already satisfied: aiohappyeyeballs>=2.3.0 in /home/***/.local/lib/python3.12/site-packages (from aiohttp->aiohttp-retry>=2.5.0->dvc-http>=2.29.0->dvc[gdrive]->-r /opt/***/dags/src/requirements.txt (line 25)) (2.4.4)
[2025-03-02T21:54:29.333+0000] {subprocess.py:106} INFO - Requirement already satisfied: aiosignal>=1.1.2 in /home/***/.local/lib/python3.12/site-packages (from aiohttp->aiohttp-retry>=2.5.0->dvc-http>=2.29.0->dvc[gdrive]->-r /opt/***/dags/src/requirements.txt (line 25)) (1.3.2)
[2025-03-02T21:54:29.334+0000] {subprocess.py:106} INFO - Requirement already satisfied: frozenlist>=1.1.1 in /home/***/.local/lib/python3.12/site-packages (from aiohttp->aiohttp-retry>=2.5.0->dvc-http>=2.29.0->dvc[gdrive]->-r /opt/***/dags/src/requirements.txt (line 25)) (1.5.0)
[2025-03-02T21:54:29.334+0000] {subprocess.py:106} INFO - Requirement already satisfied: multidict<7.0,>=4.5 in /home/***/.local/lib/python3.12/site-packages (from aiohttp->aiohttp-retry>=2.5.0->dvc-http>=2.29.0->dvc[gdrive]->-r /opt/***/dags/src/requirements.txt (line 25)) (6.1.0)
[2025-03-02T21:54:29.334+0000] {subprocess.py:106} INFO - Requirement already satisfied: propcache>=0.2.0 in /home/***/.local/lib/python3.12/site-packages (from aiohttp->aiohttp-retry>=2.5.0->dvc-http>=2.29.0->dvc[gdrive]->-r /opt/***/dags/src/requirements.txt (line 25)) (0.2.1)
[2025-03-02T21:54:29.335+0000] {subprocess.py:106} INFO - Requirement already satisfied: yarl<2.0,>=1.17.0 in /home/***/.local/lib/python3.12/site-packages (from aiohttp->aiohttp-retry>=2.5.0->dvc-http>=2.29.0->dvc[gdrive]->-r /opt/***/dags/src/requirements.txt (line 25)) (1.18.3)
[2025-03-02T21:54:29.339+0000] {subprocess.py:106} INFO - Requirement already satisfied: pycparser in /home/***/.local/lib/python3.12/site-packages (from cffi>=1.17.0->pygit2>=1.14.0->scmrepo<4,>=3.3.8->dvc[gdrive]->-r /opt/***/dags/src/requirements.txt (line 25)) (2.22)
[2025-03-02T21:54:29.399+0000] {subprocess.py:106} INFO - Collecting smmap<6,>=3.0.1 (from gitdb<5,>=4.0.1->gitpython>3->scmrepo<4,>=3.3.8->dvc[gdrive]->-r /opt/***/dags/src/requirements.txt (line 25))
[2025-03-02T21:54:29.434+0000] {subprocess.py:106} INFO -   Downloading smmap-5.0.2-py3-none-any.whl.metadata (4.3 kB)
[2025-03-02T21:54:29.440+0000] {subprocess.py:106} INFO - Requirement already satisfied: httplib2<1.dev0,>=0.19.0 in /home/***/.local/lib/python3.12/site-packages (from google-api-python-client>=1.12.5->pydrive2>=1.19.0->pydrive2[fsspec]>=1.19.0->dvc-gdrive<4,>=3->dvc[gdrive]->-r /opt/***/dags/src/requirements.txt (line 25)) (0.22.0)
[2025-03-02T21:54:29.440+0000] {subprocess.py:106} INFO - Requirement already satisfied: google-auth!=2.24.0,!=2.25.0,<3.0.0.dev0,>=1.32.0 in /home/***/.local/lib/python3.12/site-packages (from google-api-python-client>=1.12.5->pydrive2>=1.19.0->pydrive2[fsspec]>=1.19.0->dvc-gdrive<4,>=3->dvc[gdrive]->-r /opt/***/dags/src/requirements.txt (line 25)) (2.38.0)
[2025-03-02T21:54:29.440+0000] {subprocess.py:106} INFO - Requirement already satisfied: google-auth-httplib2<1.0.0,>=0.2.0 in /home/***/.local/lib/python3.12/site-packages (from google-api-python-client>=1.12.5->pydrive2>=1.19.0->pydrive2[fsspec]>=1.19.0->dvc-gdrive<4,>=3->dvc[gdrive]->-r /opt/***/dags/src/requirements.txt (line 25)) (0.2.0)
[2025-03-02T21:54:29.440+0000] {subprocess.py:106} INFO - Requirement already satisfied: google-api-core!=2.0.*,!=2.1.*,!=2.2.*,!=2.3.0,<3.0.0.dev0,>=1.31.5 in /home/***/.local/lib/python3.12/site-packages (from google-api-python-client>=1.12.5->pydrive2>=1.19.0->pydrive2[fsspec]>=1.19.0->dvc-gdrive<4,>=3->dvc[gdrive]->-r /opt/***/dags/src/requirements.txt (line 25)) (2.24.1)
[2025-03-02T21:54:29.441+0000] {subprocess.py:106} INFO - Requirement already satisfied: uritemplate<5,>=3.0.1 in /home/***/.local/lib/python3.12/site-packages (from google-api-python-client>=1.12.5->pydrive2>=1.19.0->pydrive2[fsspec]>=1.19.0->dvc-gdrive<4,>=3->dvc[gdrive]->-r /opt/***/dags/src/requirements.txt (line 25)) (4.1.1)
[2025-03-02T21:54:29.444+0000] {subprocess.py:106} INFO - Requirement already satisfied: pyasn1>=0.1.7 in /home/***/.local/lib/python3.12/site-packages (from oauth2client>=4.0.0->pydrive2>=1.19.0->pydrive2[fsspec]>=1.19.0->dvc-gdrive<4,>=3->dvc[gdrive]->-r /opt/***/dags/src/requirements.txt (line 25)) (0.6.1)
[2025-03-02T21:54:29.445+0000] {subprocess.py:106} INFO - Requirement already satisfied: pyasn1-modules>=0.0.5 in /home/***/.local/lib/python3.12/site-packages (from oauth2client>=4.0.0->pydrive2>=1.19.0->pydrive2[fsspec]>=1.19.0->dvc-gdrive<4,>=3->dvc[gdrive]->-r /opt/***/dags/src/requirements.txt (line 25)) (0.4.0)
[2025-03-02T21:54:29.445+0000] {subprocess.py:106} INFO - Requirement already satisfied: rsa>=3.1.4 in /home/***/.local/lib/python3.12/site-packages (from oauth2client>=4.0.0->pydrive2>=1.19.0->pydrive2[fsspec]>=1.19.0->dvc-gdrive<4,>=3->dvc[gdrive]->-r /opt/***/dags/src/requirements.txt (line 25)) (4.9)
[2025-03-02T21:54:29.446+0000] {subprocess.py:106} INFO - Requirement already satisfied: wcwidth in /home/***/.local/lib/python3.12/site-packages (from prompt-toolkit>=3.0.36->click-repl>=0.2.0->celery->dvc[gdrive]->-r /opt/***/dags/src/requirements.txt (line 25)) (0.2.13)
[2025-03-02T21:54:29.457+0000] {subprocess.py:106} INFO - Requirement already satisfied: googleapis-common-protos<2.0.dev0,>=1.56.2 in /home/***/.local/lib/python3.12/site-packages (from google-api-core!=2.0.*,!=2.1.*,!=2.2.*,!=2.3.0,<3.0.0.dev0,>=1.31.5->google-api-python-client>=1.12.5->pydrive2>=1.19.0->pydrive2[fsspec]>=1.19.0->dvc-gdrive<4,>=3->dvc[gdrive]->-r /opt/***/dags/src/requirements.txt (line 25)) (1.66.0)
[2025-03-02T21:54:29.457+0000] {subprocess.py:106} INFO - Requirement already satisfied: protobuf!=3.20.0,!=3.20.1,!=4.21.0,!=4.21.1,!=4.21.2,!=4.21.3,!=4.21.4,!=4.21.5,<6.0.0.dev0,>=3.19.5 in /home/***/.local/lib/python3.12/site-packages (from google-api-core!=2.0.*,!=2.1.*,!=2.2.*,!=2.3.0,<3.0.0.dev0,>=1.31.5->google-api-python-client>=1.12.5->pydrive2>=1.19.0->pydrive2[fsspec]>=1.19.0->dvc-gdrive<4,>=3->dvc[gdrive]->-r /opt/***/dags/src/requirements.txt (line 25)) (4.25.6)
[2025-03-02T21:54:29.458+0000] {subprocess.py:106} INFO - Requirement already satisfied: proto-plus<2.0.0dev,>=1.22.3 in /home/***/.local/lib/python3.12/site-packages (from google-api-core!=2.0.*,!=2.1.*,!=2.2.*,!=2.3.0,<3.0.0.dev0,>=1.31.5->google-api-python-client>=1.12.5->pydrive2>=1.19.0->pydrive2[fsspec]>=1.19.0->dvc-gdrive<4,>=3->dvc[gdrive]->-r /opt/***/dags/src/requirements.txt (line 25)) (1.26.0)
[2025-03-02T21:54:29.460+0000] {subprocess.py:106} INFO - Requirement already satisfied: cachetools<6.0,>=2.0.0 in /home/***/.local/lib/python3.12/site-packages (from google-auth!=2.24.0,!=2.25.0,<3.0.0.dev0,>=1.32.0->google-api-python-client>=1.12.5->pydrive2>=1.19.0->pydrive2[fsspec]>=1.19.0->dvc-gdrive<4,>=3->dvc[gdrive]->-r /opt/***/dags/src/requirements.txt (line 25)) (5.5.1)
[2025-03-02T21:54:29.521+0000] {subprocess.py:106} INFO - Downloading beautifulsoup4-4.13.3-py3-none-any.whl (186 kB)
[2025-03-02T21:54:29.570+0000] {subprocess.py:106} INFO - Downloading selenium-4.28.1-py3-none-any.whl (9.5 MB)
[2025-03-02T21:54:30.216+0000] {subprocess.py:106} INFO -    ━━━━━━━━━━━━━━━━━━━━━━━━━━━━━━━━━━━━━━━━ 9.5/9.5 MB 15.3 MB/s eta 0:00:00
[2025-03-02T21:54:30.247+0000] {subprocess.py:106} INFO - Downloading trio-0.28.0-py3-none-any.whl (486 kB)
[2025-03-02T21:54:30.297+0000] {subprocess.py:106} INFO - Downloading trio_websocket-0.11.1-py3-none-any.whl (17 kB)
[2025-03-02T21:54:30.328+0000] {subprocess.py:106} INFO - Downloading webdriver_manager-4.0.2-py2.py3-none-any.whl (27 kB)
[2025-03-02T21:54:30.361+0000] {subprocess.py:106} INFO - Downloading pytest-8.3.5-py3-none-any.whl (343 kB)
[2025-03-02T21:54:30.429+0000] {subprocess.py:106} INFO - Downloading configobj-5.0.9-py2.py3-none-any.whl (35 kB)
[2025-03-02T21:54:30.474+0000] {subprocess.py:106} INFO - Downloading distro-1.9.0-py3-none-any.whl (20 kB)
[2025-03-02T21:54:30.542+0000] {subprocess.py:106} INFO - Downloading dpath-2.2.0-py3-none-any.whl (17 kB)
[2025-03-02T21:54:30.673+0000] {subprocess.py:106} INFO - Downloading dvc_data-3.16.9-py3-none-any.whl (77 kB)
[2025-03-02T21:54:30.713+0000] {subprocess.py:106} INFO - Downloading dvc_gdrive-3.0.1-py3-none-any.whl (11 kB)
[2025-03-02T21:54:30.761+0000] {subprocess.py:106} INFO - Downloading dvc_http-2.32.0-py3-none-any.whl (12 kB)
[2025-03-02T21:54:30.801+0000] {subprocess.py:106} INFO - Downloading dvc_objects-5.1.0-py3-none-any.whl (33 kB)
[2025-03-02T21:54:30.851+0000] {subprocess.py:106} INFO - Downloading dvc_render-1.0.2-py3-none-any.whl (22 kB)
[2025-03-02T21:54:30.898+0000] {subprocess.py:106} INFO - Downloading dvc_studio_client-0.21.0-py3-none-any.whl (16 kB)
[2025-03-02T21:54:30.933+0000] {subprocess.py:106} INFO - Downloading dvc_task-0.40.2-py3-none-any.whl (21 kB)
[2025-03-02T21:54:30.977+0000] {subprocess.py:106} INFO - Downloading flatten_dict-0.4.2-py2.py3-none-any.whl (9.7 kB)
[2025-03-02T21:54:31.012+0000] {subprocess.py:106} INFO - Downloading flufl_lock-8.1.0-py3-none-any.whl (11 kB)
[2025-03-02T21:54:31.047+0000] {subprocess.py:106} INFO - Downloading funcy-2.0-py2.py3-none-any.whl (30 kB)
[2025-03-02T21:54:31.080+0000] {subprocess.py:106} INFO - Downloading grandalf-0.8-py3-none-any.whl (41 kB)
[2025-03-02T21:54:31.118+0000] {subprocess.py:106} INFO - Downloading gto-1.7.2-py3-none-any.whl (45 kB)
[2025-03-02T21:54:31.152+0000] {subprocess.py:106} INFO - Downloading hydra_core-1.3.2-py3-none-any.whl (154 kB)
[2025-03-02T21:54:31.185+0000] {subprocess.py:106} INFO - Downloading iterative_telemetry-0.0.10-py3-none-any.whl (10 kB)
[2025-03-02T21:54:31.213+0000] {subprocess.py:106} INFO - Downloading networkx-3.4.2-py3-none-any.whl (1.7 MB)
[2025-03-02T21:54:31.270+0000] {subprocess.py:106} INFO -    ━━━━━━━━━━━━━━━━━━━━━━━━━━━━━━━━━━━━━━━━ 1.7/1.7 MB 29.6 MB/s eta 0:00:00
[2025-03-02T21:54:31.298+0000] {subprocess.py:106} INFO - Downloading omegaconf-2.3.0-py3-none-any.whl (79 kB)
[2025-03-02T21:54:31.337+0000] {subprocess.py:106} INFO - Downloading pydot-3.0.4-py3-none-any.whl (35 kB)
[2025-03-02T21:54:31.443+0000] {subprocess.py:106} INFO - Downloading pygtrie-2.5.0-py3-none-any.whl (25 kB)
[2025-03-02T21:54:31.481+0000] {subprocess.py:106} INFO - Downloading ruamel.yaml-0.18.10-py3-none-any.whl (117 kB)
[2025-03-02T21:54:31.517+0000] {subprocess.py:106} INFO - Downloading scmrepo-3.3.10-py3-none-any.whl (73 kB)
[2025-03-02T21:54:31.549+0000] {subprocess.py:106} INFO - Downloading dulwich-0.22.7-cp312-cp312-manylinux_2_17_aarch64.manylinux2014_aarch64.whl (969 kB)
[2025-03-02T21:54:31.577+0000] {subprocess.py:106} INFO -    ━━━━━━━━━━━━━━━━━━━━━━━━━━━━━━━━━━━━━━━━ 969.3/969.3 kB 32.8 MB/s eta 0:00:00
[2025-03-02T21:54:31.603+0000] {subprocess.py:106} INFO - Downloading shortuuid-1.0.13-py3-none-any.whl (10 kB)
[2025-03-02T21:54:31.636+0000] {subprocess.py:106} INFO - Downloading shtab-1.7.1-py3-none-any.whl (14 kB)
[2025-03-02T21:54:31.665+0000] {subprocess.py:106} INFO - Downloading tqdm-4.67.1-py3-none-any.whl (78 kB)
[2025-03-02T21:54:31.700+0000] {subprocess.py:106} INFO - Downloading voluptuous-0.15.2-py3-none-any.whl (31 kB)
[2025-03-02T21:54:31.733+0000] {subprocess.py:106} INFO - Downloading zc.lockfile-3.0.post1-py3-none-any.whl (9.8 kB)
[2025-03-02T21:54:31.768+0000] {subprocess.py:106} INFO - Downloading dvc-3.59.1-py3-none-any.whl (457 kB)
[2025-03-02T21:54:31.810+0000] {subprocess.py:106} INFO - Downloading iniconfig-2.0.0-py3-none-any.whl (5.9 kB)
[2025-03-02T21:54:31.849+0000] {subprocess.py:106} INFO - Downloading aiohttp_retry-2.9.1-py3-none-any.whl (10.0 kB)
[2025-03-02T21:54:31.885+0000] {subprocess.py:106} INFO - Downloading dictdiffer-0.9.0-py2.py3-none-any.whl (16 kB)
[2025-03-02T21:54:31.915+0000] {subprocess.py:106} INFO - Downloading diskcache-5.6.3-py3-none-any.whl (45 kB)
[2025-03-02T21:54:31.946+0000] {subprocess.py:106} INFO - Downloading GitPython-3.1.44-py3-none-any.whl (207 kB)
[2025-03-02T21:54:31.986+0000] {subprocess.py:106} INFO - Downloading orjson-3.10.15-cp312-cp312-manylinux_2_17_aarch64.manylinux2014_aarch64.whl (125 kB)
[2025-03-02T21:54:32.020+0000] {subprocess.py:106} INFO - Downloading PyDrive2-1.21.3-py3-none-any.whl (47 kB)
[2025-03-02T21:54:32.054+0000] {subprocess.py:106} INFO - Downloading appdirs-1.4.4-py2.py3-none-any.whl (9.6 kB)
[2025-03-02T21:54:32.087+0000] {subprocess.py:106} INFO - Downloading pygit2-1.17.0-cp312-cp312-manylinux_2_17_aarch64.manylinux2014_aarch64.whl (5.7 MB)
[2025-03-02T21:54:32.262+0000] {subprocess.py:106} INFO -    ━━━━━━━━━━━━━━━━━━━━━━━━━━━━━━━━━━━━━━━━ 5.7/5.7 MB 35.3 MB/s eta 0:00:00
[2025-03-02T21:54:32.300+0000] {subprocess.py:106} INFO - Downloading ruamel.yaml.clib-0.2.12-cp312-cp312-manylinux2014_aarch64.whl (647 kB)
[2025-03-02T21:54:32.309+0000] {subprocess.py:106} INFO -    ━━━━━━━━━━━━━━━━━━━━━━━━━━━━━━━━━━━━━━━━ 647.4/647.4 kB 51.3 MB/s eta 0:00:00
[2025-03-02T21:54:32.336+0000] {subprocess.py:106} INFO - Downloading semver-3.0.4-py3-none-any.whl (17 kB)
[2025-03-02T21:54:32.369+0000] {subprocess.py:106} INFO - Downloading sqltrie-0.11.2-py3-none-any.whl (17 kB)
[2025-03-02T21:54:32.395+0000] {subprocess.py:106} INFO - Downloading typer-0.15.2-py3-none-any.whl (45 kB)
[2025-03-02T21:54:32.431+0000] {subprocess.py:106} INFO - Downloading atpublic-5.1-py3-none-any.whl (5.2 kB)
[2025-03-02T21:54:32.570+0000] {subprocess.py:106} INFO - Downloading entrypoints-0.4-py3-none-any.whl (5.3 kB)
[2025-03-02T21:54:32.610+0000] {subprocess.py:106} INFO - Downloading gitdb-4.0.12-py3-none-any.whl (62 kB)
[2025-03-02T21:54:32.642+0000] {subprocess.py:106} INFO - Downloading oauth2client-4.1.3-py2.py3-none-any.whl (98 kB)
[2025-03-02T21:54:32.673+0000] {subprocess.py:106} INFO - Downloading pyOpenSSL-24.2.1-py3-none-any.whl (58 kB)
[2025-03-02T21:54:32.715+0000] {subprocess.py:106} INFO - Downloading shellingham-1.5.4-py2.py3-none-any.whl (9.8 kB)
[2025-03-02T21:54:32.818+0000] {subprocess.py:106} INFO - Downloading smmap-5.0.2-py3-none-any.whl (24 kB)
[2025-03-02T21:54:32.937+0000] {subprocess.py:106} INFO - Building wheels for collected packages: antlr4-python3-runtime
[2025-03-02T21:54:32.940+0000] {subprocess.py:106} INFO -   Building wheel for antlr4-python3-runtime (pyproject.toml): started
[2025-03-02T21:54:33.596+0000] {subprocess.py:106} INFO -   Building wheel for antlr4-python3-runtime (pyproject.toml): finished with status 'done'
[2025-03-02T21:54:33.598+0000] {subprocess.py:106} INFO -   Created wheel for antlr4-python3-runtime: filename=antlr4_python3_runtime-4.9.3-py3-none-any.whl size=144592 sha256=087c74dac4527125b002b45d9b99f58e5117d49f7103bbadca1fbd48c70a59a8
[2025-03-02T21:54:33.599+0000] {subprocess.py:106} INFO -   Stored in directory: /tmp/.cache/pip/wheels/1f/be/48/13754633f1d08d1fbfc60d5e80ae1e5d7329500477685286cd
[2025-03-02T21:54:33.603+0000] {subprocess.py:106} INFO - Successfully built antlr4-python3-runtime
[2025-03-02T21:54:34.065+0000] {subprocess.py:106} INFO - Installing collected packages: pygtrie, funcy, dictdiffer, appdirs, antlr4-python3-runtime, zc.lockfile, voluptuous, tqdm, smmap, shtab, shortuuid, shellingham, semver, ruamel.yaml.clib, pydot, orjson, omegaconf, networkx, iniconfig, grandalf, flatten_dict, entrypoints, dvc-render, dvc-objects, dulwich, dpath, distro, diskcache, configobj, beautifulsoup4, atpublic, webdriver-manager, trio, sqltrie, ruamel.yaml, pytest, pygit2, oauth2client, iterative-telemetry, hydra-core, gitdb, flufl.lock, dvc-studio-client, typer, trio-websocket, pyOpenSSL, gitpython, dvc-data, aiohttp-retry, selenium, scmrepo, dvc-task, dvc-http, pydrive2, gto, dvc, dvc-gdrive
[2025-03-02T21:54:35.406+0000] {subprocess.py:106} INFO -   Attempting uninstall: beautifulsoup4
[2025-03-02T21:54:35.418+0000] {subprocess.py:106} INFO -     Found existing installation: beautifulsoup4 4.13.0
[2025-03-02T21:54:35.422+0000] {subprocess.py:106} INFO -     Uninstalling beautifulsoup4-4.13.0:
[2025-03-02T21:54:35.440+0000] {subprocess.py:106} INFO -       Successfully uninstalled beautifulsoup4-4.13.0
[2025-03-02T21:54:35.518+0000] {subprocess.py:106} INFO -   Attempting uninstall: trio
[2025-03-02T21:54:35.528+0000] {subprocess.py:106} INFO -     Found existing installation: trio 0.29.0
[2025-03-02T21:54:35.574+0000] {subprocess.py:106} INFO -     Uninstalling trio-0.29.0:
[2025-03-02T21:54:35.577+0000] {subprocess.py:106} INFO -       Successfully uninstalled trio-0.29.0
[2025-03-02T21:54:36.328+0000] {subprocess.py:106} INFO -   Attempting uninstall: trio-websocket
[2025-03-02T21:54:36.336+0000] {subprocess.py:106} INFO -     Found existing installation: trio-websocket 0.12.2
[2025-03-02T21:54:36.338+0000] {subprocess.py:106} INFO -     Uninstalling trio-websocket-0.12.2:
[2025-03-02T21:54:36.339+0000] {subprocess.py:106} INFO -       Successfully uninstalled trio-websocket-0.12.2
[2025-03-02T21:54:36.347+0000] {subprocess.py:106} INFO -   Attempting uninstall: pyOpenSSL
[2025-03-02T21:54:36.363+0000] {subprocess.py:106} INFO -     Found existing installation: pyOpenSSL 24.3.0
[2025-03-02T21:54:36.373+0000] {subprocess.py:106} INFO -     Uninstalling pyOpenSSL-24.3.0:
[2025-03-02T21:54:36.416+0000] {subprocess.py:106} INFO -       Successfully uninstalled pyOpenSSL-24.3.0
[2025-03-02T21:54:36.828+0000] {subprocess.py:106} INFO -   Attempting uninstall: selenium
[2025-03-02T21:54:36.859+0000] {subprocess.py:106} INFO -     Found existing installation: selenium 4.29.0
[2025-03-02T21:54:36.892+0000] {subprocess.py:106} INFO -     Uninstalling selenium-4.29.0:
[2025-03-02T21:54:36.903+0000] {subprocess.py:106} INFO -       Successfully uninstalled selenium-4.29.0
[2025-03-02T21:54:38.455+0000] {subprocess.py:106} INFO - Successfully installed aiohttp-retry-2.9.1 antlr4-python3-runtime-4.9.3 appdirs-1.4.4 atpublic-5.1 beautifulsoup4-4.13.3 configobj-5.0.9 dictdiffer-0.9.0 diskcache-5.6.3 distro-1.9.0 dpath-2.2.0 dulwich-0.22.7 dvc-3.59.1 dvc-data-3.16.9 dvc-gdrive-3.0.1 dvc-http-2.32.0 dvc-objects-5.1.0 dvc-render-1.0.2 dvc-studio-client-0.21.0 dvc-task-0.40.2 entrypoints-0.4 flatten_dict-0.4.2 flufl.lock-8.1.0 funcy-2.0 gitdb-4.0.12 gitpython-3.1.44 grandalf-0.8 gto-1.7.2 hydra-core-1.3.2 iniconfig-2.0.0 iterative-telemetry-0.0.10 networkx-3.4.2 oauth2client-4.1.3 omegaconf-2.3.0 orjson-3.10.15 pyOpenSSL-24.2.1 pydot-3.0.4 pydrive2-1.21.3 pygit2-1.17.0 pygtrie-2.5.0 pytest-8.3.5 ruamel.yaml-0.18.10 ruamel.yaml.clib-0.2.12 scmrepo-3.3.10 selenium-4.28.1 semver-3.0.4 shellingham-1.5.4 shortuuid-1.0.13 shtab-1.7.1 smmap-5.0.2 sqltrie-0.11.2 tqdm-4.67.1 trio-0.28.0 trio-websocket-0.11.1 typer-0.15.2 voluptuous-0.15.2 webdriver-manager-4.0.2 zc.lockfile-3.0.post1
[2025-03-02T21:54:38.500+0000] {subprocess.py:106} INFO - 
[2025-03-02T21:54:38.501+0000] {subprocess.py:106} INFO - [notice] A new release of pip is available: 25.0 -> 25.0.1
[2025-03-02T21:54:38.501+0000] {subprocess.py:106} INFO - [notice] To update, run: pip install --upgrade pip
[2025-03-02T21:54:38.652+0000] {subprocess.py:110} INFO - Command exited with return code 0
[2025-03-02T21:54:38.702+0000] {taskinstance.py:341} INFO - ::group::Post task execution logs
[2025-03-02T21:54:38.703+0000] {taskinstance.py:353} INFO - Marking task as SUCCESS. dag_id=scraping_pipeline_gcs, task_id=install_requirements, run_id=manual__2025-03-02T21:54:11.947707+00:00, execution_date=20250302T215411, start_date=20250302T215419, end_date=20250302T215438
[2025-03-02T21:54:38.726+0000] {logging_mixin.py:190} INFO - Task instance in success state
[2025-03-02T21:54:38.727+0000] {logging_mixin.py:190} INFO -  Previous state of the Task instance: running
[2025-03-02T21:54:38.727+0000] {logging_mixin.py:190} INFO - Dag name:scraping_pipeline_gcs queued_at:2025-03-02 21:54:11.988613+00:00
[2025-03-02T21:54:38.727+0000] {logging_mixin.py:190} INFO - Task hostname:5e87a20f9330 operator:BashOperator
[2025-03-02T21:54:38.758+0000] {local_task_job_runner.py:266} INFO - Task exited with return code 0
[2025-03-02T21:54:38.809+0000] {taskinstance.py:3901} INFO - 1 downstream tasks scheduled from follow-on schedule check
[2025-03-02T21:54:38.810+0000] {local_task_job_runner.py:245} INFO - ::endgroup::
