[2025-03-03T00:33:06.007+0000] {local_task_job_runner.py:123} INFO - ::group::Pre task execution logs
[2025-03-03T00:33:06.044+0000] {taskinstance.py:2614} INFO - Dependencies all met for dep_context=non-requeueable deps ti=<TaskInstance: scraping_pipeline_gcs.install_requirements manual__2025-03-03T00:32:59.692837+00:00 [queued]>
[2025-03-03T00:33:06.053+0000] {taskinstance.py:2614} INFO - Dependencies all met for dep_context=requeueable deps ti=<TaskInstance: scraping_pipeline_gcs.install_requirements manual__2025-03-03T00:32:59.692837+00:00 [queued]>
[2025-03-03T00:33:06.053+0000] {taskinstance.py:2867} INFO - Starting attempt 1 of 3
[2025-03-03T00:33:06.074+0000] {taskinstance.py:2890} INFO - Executing <Task(BashOperator): install_requirements> on 2025-03-03 00:32:59.692837+00:00
[2025-03-03T00:33:06.084+0000] {warnings.py:112} WARNING - /home/***/.local/lib/python3.12/site-packages/***/task/task_runner/standard_task_runner.py:70: DeprecationWarning: This process (pid=765) is multi-threaded, use of fork() may lead to deadlocks in the child.
  pid = os.fork()

[2025-03-03T00:33:06.086+0000] {standard_task_runner.py:72} INFO - Started process 767 to run task
[2025-03-03T00:33:06.087+0000] {standard_task_runner.py:104} INFO - Running: ['***', 'tasks', 'run', 'scraping_pipeline_gcs', 'install_requirements', 'manual__2025-03-03T00:32:59.692837+00:00', '--job-id', '238', '--raw', '--subdir', 'DAGS_FOLDER/dag.py', '--cfg-path', '/tmp/tmpzyadmm1c']
[2025-03-03T00:33:06.088+0000] {standard_task_runner.py:105} INFO - Job 238: Subtask install_requirements
[2025-03-03T00:33:06.123+0000] {task_command.py:467} INFO - Running <TaskInstance: scraping_pipeline_gcs.install_requirements manual__2025-03-03T00:32:59.692837+00:00 [running]> on host 5e87a20f9330
[2025-03-03T00:33:06.174+0000] {taskinstance.py:3134} INFO - Exporting env vars: AIRFLOW_CTX_DAG_OWNER='***' AIRFLOW_CTX_DAG_ID='scraping_pipeline_gcs' AIRFLOW_CTX_TASK_ID='install_requirements' AIRFLOW_CTX_EXECUTION_DATE='2025-03-03T00:32:59.692837+00:00' AIRFLOW_CTX_TRY_NUMBER='1' AIRFLOW_CTX_DAG_RUN_ID='manual__2025-03-03T00:32:59.692837+00:00'
[2025-03-03T00:33:06.176+0000] {logging_mixin.py:190} INFO - Task instance is in running state
[2025-03-03T00:33:06.177+0000] {logging_mixin.py:190} INFO -  Previous state of the Task instance: queued
[2025-03-03T00:33:06.177+0000] {logging_mixin.py:190} INFO - Current task name:install_requirements state:running start_date:2025-03-03 00:33:06.045396+00:00
[2025-03-03T00:33:06.177+0000] {logging_mixin.py:190} INFO - Dag name:scraping_pipeline_gcs and current dag run status:running
[2025-03-03T00:33:06.182+0000] {taskinstance.py:732} INFO - ::endgroup::
[2025-03-03T00:33:06.183+0000] {subprocess.py:78} INFO - Tmp dir root location: /tmp
[2025-03-03T00:33:06.186+0000] {subprocess.py:88} INFO - Running command: ['/usr/bin/bash', '-c', 'pip install -r /opt/***/dags/src/requirements.txt']
[2025-03-03T00:33:06.204+0000] {subprocess.py:99} INFO - Output:
[2025-03-03T00:33:07.688+0000] {subprocess.py:106} INFO - Requirement already satisfied: attrs==25.1.0 in /home/***/.local/lib/python3.12/site-packages (from -r /opt/***/dags/src/requirements.txt (line 1)) (25.1.0)
[2025-03-03T00:33:07.699+0000] {subprocess.py:106} INFO - Requirement already satisfied: beautifulsoup4==4.13.3 in /home/***/.local/lib/python3.12/site-packages (from -r /opt/***/dags/src/requirements.txt (line 2)) (4.13.3)
[2025-03-03T00:33:07.699+0000] {subprocess.py:106} INFO - Requirement already satisfied: certifi==2025.1.31 in /home/***/.local/lib/python3.12/site-packages (from -r /opt/***/dags/src/requirements.txt (line 3)) (2025.1.31)
[2025-03-03T00:33:07.700+0000] {subprocess.py:106} INFO - Requirement already satisfied: charset-normalizer==3.4.1 in /home/***/.local/lib/python3.12/site-packages (from -r /opt/***/dags/src/requirements.txt (line 4)) (3.4.1)
[2025-03-03T00:33:07.700+0000] {subprocess.py:106} INFO - Requirement already satisfied: colorama==0.4.6 in /home/***/.local/lib/python3.12/site-packages (from -r /opt/***/dags/src/requirements.txt (line 5)) (0.4.6)
[2025-03-03T00:33:07.701+0000] {subprocess.py:106} INFO - Requirement already satisfied: h11==0.14.0 in /home/***/.local/lib/python3.12/site-packages (from -r /opt/***/dags/src/requirements.txt (line 6)) (0.14.0)
[2025-03-03T00:33:07.701+0000] {subprocess.py:106} INFO - Requirement already satisfied: idna==3.10 in /home/***/.local/lib/python3.12/site-packages (from -r /opt/***/dags/src/requirements.txt (line 7)) (3.10)
[2025-03-03T00:33:07.701+0000] {subprocess.py:106} INFO - Requirement already satisfied: outcome==1.3.0.post0 in /home/***/.local/lib/python3.12/site-packages (from -r /opt/***/dags/src/requirements.txt (line 8)) (1.3.0.post0)
[2025-03-03T00:33:07.702+0000] {subprocess.py:106} INFO - Requirement already satisfied: packaging==24.2 in /home/***/.local/lib/python3.12/site-packages (from -r /opt/***/dags/src/requirements.txt (line 9)) (24.2)
[2025-03-03T00:33:07.702+0000] {subprocess.py:106} INFO - Requirement already satisfied: PySocks==1.7.1 in /home/***/.local/lib/python3.12/site-packages (from -r /opt/***/dags/src/requirements.txt (line 10)) (1.7.1)
[2025-03-03T00:33:07.702+0000] {subprocess.py:106} INFO - Requirement already satisfied: python-dotenv==1.0.1 in /home/***/.local/lib/python3.12/site-packages (from -r /opt/***/dags/src/requirements.txt (line 11)) (1.0.1)
[2025-03-03T00:33:07.702+0000] {subprocess.py:106} INFO - Requirement already satisfied: requests==2.32.3 in /home/***/.local/lib/python3.12/site-packages (from -r /opt/***/dags/src/requirements.txt (line 12)) (2.32.3)
[2025-03-03T00:33:07.702+0000] {subprocess.py:106} INFO - Requirement already satisfied: selenium==4.28.1 in /home/***/.local/lib/python3.12/site-packages (from -r /opt/***/dags/src/requirements.txt (line 13)) (4.28.1)
[2025-03-03T00:33:07.703+0000] {subprocess.py:106} INFO - Requirement already satisfied: sniffio==1.3.1 in /home/***/.local/lib/python3.12/site-packages (from -r /opt/***/dags/src/requirements.txt (line 14)) (1.3.1)
[2025-03-03T00:33:07.703+0000] {subprocess.py:106} INFO - Requirement already satisfied: sortedcontainers==2.4.0 in /home/***/.local/lib/python3.12/site-packages (from -r /opt/***/dags/src/requirements.txt (line 15)) (2.4.0)
[2025-03-03T00:33:07.703+0000] {subprocess.py:106} INFO - Requirement already satisfied: soupsieve==2.6 in /home/***/.local/lib/python3.12/site-packages (from -r /opt/***/dags/src/requirements.txt (line 16)) (2.6)
[2025-03-03T00:33:07.703+0000] {subprocess.py:106} INFO - Requirement already satisfied: trio==0.28.0 in /home/***/.local/lib/python3.12/site-packages (from -r /opt/***/dags/src/requirements.txt (line 17)) (0.28.0)
[2025-03-03T00:33:07.703+0000] {subprocess.py:106} INFO - Requirement already satisfied: trio-websocket==0.11.1 in /home/***/.local/lib/python3.12/site-packages (from -r /opt/***/dags/src/requirements.txt (line 18)) (0.11.1)
[2025-03-03T00:33:07.704+0000] {subprocess.py:106} INFO - Requirement already satisfied: typing_extensions==4.12.2 in /home/***/.local/lib/python3.12/site-packages (from -r /opt/***/dags/src/requirements.txt (line 19)) (4.12.2)
[2025-03-03T00:33:07.704+0000] {subprocess.py:106} INFO - Requirement already satisfied: urllib3==2.3.0 in /home/***/.local/lib/python3.12/site-packages (from -r /opt/***/dags/src/requirements.txt (line 20)) (2.3.0)
[2025-03-03T00:33:07.704+0000] {subprocess.py:106} INFO - Requirement already satisfied: webdriver-manager==4.0.2 in /home/***/.local/lib/python3.12/site-packages (from -r /opt/***/dags/src/requirements.txt (line 21)) (4.0.2)
[2025-03-03T00:33:07.704+0000] {subprocess.py:106} INFO - Requirement already satisfied: websocket-client==1.8.0 in /home/***/.local/lib/python3.12/site-packages (from -r /opt/***/dags/src/requirements.txt (line 22)) (1.8.0)
[2025-03-03T00:33:07.705+0000] {subprocess.py:106} INFO - Requirement already satisfied: wsproto==1.2.0 in /home/***/.local/lib/python3.12/site-packages (from -r /opt/***/dags/src/requirements.txt (line 23)) (1.2.0)
[2025-03-03T00:33:07.705+0000] {subprocess.py:106} INFO - Requirement already satisfied: pytest in /home/***/.local/lib/python3.12/site-packages (from -r /opt/***/dags/src/requirements.txt (line 24)) (8.3.5)
[2025-03-03T00:33:07.705+0000] {subprocess.py:106} INFO - Requirement already satisfied: dvc[gs] in /home/***/.local/lib/python3.12/site-packages (from -r /opt/***/dags/src/requirements.txt (line 25)) (3.59.1)
[2025-03-03T00:33:07.723+0000] {subprocess.py:106} INFO - Requirement already satisfied: iniconfig in /home/***/.local/lib/python3.12/site-packages (from pytest->-r /opt/***/dags/src/requirements.txt (line 24)) (2.0.0)
[2025-03-03T00:33:07.724+0000] {subprocess.py:106} INFO - Requirement already satisfied: pluggy<2,>=1.5 in /home/***/.local/lib/python3.12/site-packages (from pytest->-r /opt/***/dags/src/requirements.txt (line 24)) (1.5.0)
[2025-03-03T00:33:07.734+0000] {subprocess.py:106} INFO - Requirement already satisfied: celery in /home/***/.local/lib/python3.12/site-packages (from dvc[gs]->-r /opt/***/dags/src/requirements.txt (line 25)) (5.4.0)
[2025-03-03T00:33:07.735+0000] {subprocess.py:106} INFO - Requirement already satisfied: configobj>=5.0.9 in /home/***/.local/lib/python3.12/site-packages (from dvc[gs]->-r /opt/***/dags/src/requirements.txt (line 25)) (5.0.9)
[2025-03-03T00:33:07.736+0000] {subprocess.py:106} INFO - Requirement already satisfied: distro>=1.3 in /home/***/.local/lib/python3.12/site-packages (from dvc[gs]->-r /opt/***/dags/src/requirements.txt (line 25)) (1.9.0)
[2025-03-03T00:33:07.737+0000] {subprocess.py:106} INFO - Requirement already satisfied: dpath<3,>=2.1.0 in /home/***/.local/lib/python3.12/site-packages (from dvc[gs]->-r /opt/***/dags/src/requirements.txt (line 25)) (2.2.0)
[2025-03-03T00:33:07.737+0000] {subprocess.py:106} INFO - Requirement already satisfied: dulwich in /home/***/.local/lib/python3.12/site-packages (from dvc[gs]->-r /opt/***/dags/src/requirements.txt (line 25)) (0.22.7)
[2025-03-03T00:33:07.737+0000] {subprocess.py:106} INFO - Requirement already satisfied: dvc-data<3.17,>=3.16.2 in /home/***/.local/lib/python3.12/site-packages (from dvc[gs]->-r /opt/***/dags/src/requirements.txt (line 25)) (3.16.9)
[2025-03-03T00:33:07.738+0000] {subprocess.py:106} INFO - Requirement already satisfied: dvc-http>=2.29.0 in /home/***/.local/lib/python3.12/site-packages (from dvc[gs]->-r /opt/***/dags/src/requirements.txt (line 25)) (2.32.0)
[2025-03-03T00:33:07.738+0000] {subprocess.py:106} INFO - Requirement already satisfied: dvc-objects in /home/***/.local/lib/python3.12/site-packages (from dvc[gs]->-r /opt/***/dags/src/requirements.txt (line 25)) (5.1.0)
[2025-03-03T00:33:07.739+0000] {subprocess.py:106} INFO - Requirement already satisfied: dvc-render<2,>=1.0.1 in /home/***/.local/lib/python3.12/site-packages (from dvc[gs]->-r /opt/***/dags/src/requirements.txt (line 25)) (1.0.2)
[2025-03-03T00:33:07.739+0000] {subprocess.py:106} INFO - Requirement already satisfied: dvc-studio-client<1,>=0.21 in /home/***/.local/lib/python3.12/site-packages (from dvc[gs]->-r /opt/***/dags/src/requirements.txt (line 25)) (0.21.0)
[2025-03-03T00:33:07.739+0000] {subprocess.py:106} INFO - Requirement already satisfied: dvc-task<1,>=0.3.0 in /home/***/.local/lib/python3.12/site-packages (from dvc[gs]->-r /opt/***/dags/src/requirements.txt (line 25)) (0.40.2)
[2025-03-03T00:33:07.740+0000] {subprocess.py:106} INFO - Requirement already satisfied: flatten_dict<1,>=0.4.1 in /home/***/.local/lib/python3.12/site-packages (from dvc[gs]->-r /opt/***/dags/src/requirements.txt (line 25)) (0.4.2)
[2025-03-03T00:33:07.740+0000] {subprocess.py:106} INFO - Requirement already satisfied: flufl.lock<9,>=8.1.0 in /home/***/.local/lib/python3.12/site-packages (from dvc[gs]->-r /opt/***/dags/src/requirements.txt (line 25)) (8.1.0)
[2025-03-03T00:33:07.740+0000] {subprocess.py:106} INFO - Requirement already satisfied: fsspec>=2024.2.0 in /home/***/.local/lib/python3.12/site-packages (from dvc[gs]->-r /opt/***/dags/src/requirements.txt (line 25)) (2025.2.0)
[2025-03-03T00:33:07.741+0000] {subprocess.py:106} INFO - Requirement already satisfied: funcy>=1.14 in /home/***/.local/lib/python3.12/site-packages (from dvc[gs]->-r /opt/***/dags/src/requirements.txt (line 25)) (2.0)
[2025-03-03T00:33:07.741+0000] {subprocess.py:106} INFO - Requirement already satisfied: grandalf<1,>=0.7 in /home/***/.local/lib/python3.12/site-packages (from dvc[gs]->-r /opt/***/dags/src/requirements.txt (line 25)) (0.8)
[2025-03-03T00:33:07.741+0000] {subprocess.py:106} INFO - Requirement already satisfied: gto<2,>=1.6.0 in /home/***/.local/lib/python3.12/site-packages (from dvc[gs]->-r /opt/***/dags/src/requirements.txt (line 25)) (1.7.2)
[2025-03-03T00:33:07.742+0000] {subprocess.py:106} INFO - Requirement already satisfied: hydra-core>=1.1 in /home/***/.local/lib/python3.12/site-packages (from dvc[gs]->-r /opt/***/dags/src/requirements.txt (line 25)) (1.3.2)
[2025-03-03T00:33:07.742+0000] {subprocess.py:106} INFO - Requirement already satisfied: iterative-telemetry>=0.0.7 in /home/***/.local/lib/python3.12/site-packages (from dvc[gs]->-r /opt/***/dags/src/requirements.txt (line 25)) (0.0.10)
[2025-03-03T00:33:07.743+0000] {subprocess.py:106} INFO - Requirement already satisfied: kombu in /home/***/.local/lib/python3.12/site-packages (from dvc[gs]->-r /opt/***/dags/src/requirements.txt (line 25)) (5.4.2)
[2025-03-03T00:33:07.743+0000] {subprocess.py:106} INFO - Requirement already satisfied: networkx>=2.5 in /home/***/.local/lib/python3.12/site-packages (from dvc[gs]->-r /opt/***/dags/src/requirements.txt (line 25)) (3.4.2)
[2025-03-03T00:33:07.743+0000] {subprocess.py:106} INFO - Requirement already satisfied: omegaconf in /home/***/.local/lib/python3.12/site-packages (from dvc[gs]->-r /opt/***/dags/src/requirements.txt (line 25)) (2.3.0)
[2025-03-03T00:33:07.744+0000] {subprocess.py:106} INFO - Requirement already satisfied: pathspec>=0.10.3 in /home/***/.local/lib/python3.12/site-packages (from dvc[gs]->-r /opt/***/dags/src/requirements.txt (line 25)) (0.12.1)
[2025-03-03T00:33:07.746+0000] {subprocess.py:106} INFO - Requirement already satisfied: platformdirs<5,>=3.1.1 in /home/***/.local/lib/python3.12/site-packages (from dvc[gs]->-r /opt/***/dags/src/requirements.txt (line 25)) (4.3.6)
[2025-03-03T00:33:07.747+0000] {subprocess.py:106} INFO - Requirement already satisfied: psutil>=5.8 in /home/***/.local/lib/python3.12/site-packages (from dvc[gs]->-r /opt/***/dags/src/requirements.txt (line 25)) (6.1.1)
[2025-03-03T00:33:07.747+0000] {subprocess.py:106} INFO - Requirement already satisfied: pydot>=1.2.4 in /home/***/.local/lib/python3.12/site-packages (from dvc[gs]->-r /opt/***/dags/src/requirements.txt (line 25)) (3.0.4)
[2025-03-03T00:33:07.747+0000] {subprocess.py:106} INFO - Requirement already satisfied: pygtrie>=2.3.2 in /home/***/.local/lib/python3.12/site-packages (from dvc[gs]->-r /opt/***/dags/src/requirements.txt (line 25)) (2.5.0)
[2025-03-03T00:33:07.747+0000] {subprocess.py:106} INFO - Requirement already satisfied: pyparsing>=2.4.7 in /home/***/.local/lib/python3.12/site-packages (from dvc[gs]->-r /opt/***/dags/src/requirements.txt (line 25)) (3.2.1)
[2025-03-03T00:33:07.747+0000] {subprocess.py:106} INFO - Requirement already satisfied: rich>=12 in /home/***/.local/lib/python3.12/site-packages (from dvc[gs]->-r /opt/***/dags/src/requirements.txt (line 25)) (13.9.4)
[2025-03-03T00:33:07.748+0000] {subprocess.py:106} INFO - Requirement already satisfied: ruamel.yaml>=0.17.11 in /home/***/.local/lib/python3.12/site-packages (from dvc[gs]->-r /opt/***/dags/src/requirements.txt (line 25)) (0.18.10)
[2025-03-03T00:33:07.748+0000] {subprocess.py:106} INFO - Requirement already satisfied: scmrepo<4,>=3.3.8 in /home/***/.local/lib/python3.12/site-packages (from dvc[gs]->-r /opt/***/dags/src/requirements.txt (line 25)) (3.3.10)
[2025-03-03T00:33:07.748+0000] {subprocess.py:106} INFO - Requirement already satisfied: shortuuid>=0.5 in /home/***/.local/lib/python3.12/site-packages (from dvc[gs]->-r /opt/***/dags/src/requirements.txt (line 25)) (1.0.13)
[2025-03-03T00:33:07.748+0000] {subprocess.py:106} INFO - Requirement already satisfied: shtab<2,>=1.3.4 in /home/***/.local/lib/python3.12/site-packages (from dvc[gs]->-r /opt/***/dags/src/requirements.txt (line 25)) (1.7.1)
[2025-03-03T00:33:07.749+0000] {subprocess.py:106} INFO - Requirement already satisfied: tabulate>=0.8.7 in /home/***/.local/lib/python3.12/site-packages (from dvc[gs]->-r /opt/***/dags/src/requirements.txt (line 25)) (0.9.0)
[2025-03-03T00:33:07.749+0000] {subprocess.py:106} INFO - Requirement already satisfied: tomlkit>=0.11.1 in /home/***/.local/lib/python3.12/site-packages (from dvc[gs]->-r /opt/***/dags/src/requirements.txt (line 25)) (0.13.2)
[2025-03-03T00:33:07.749+0000] {subprocess.py:106} INFO - Requirement already satisfied: tqdm<5,>=4.63.1 in /home/***/.local/lib/python3.12/site-packages (from dvc[gs]->-r /opt/***/dags/src/requirements.txt (line 25)) (4.67.1)
[2025-03-03T00:33:07.749+0000] {subprocess.py:106} INFO - Requirement already satisfied: voluptuous>=0.11.7 in /home/***/.local/lib/python3.12/site-packages (from dvc[gs]->-r /opt/***/dags/src/requirements.txt (line 25)) (0.15.2)
[2025-03-03T00:33:07.749+0000] {subprocess.py:106} INFO - Requirement already satisfied: zc.lockfile>=1.2.1 in /home/***/.local/lib/python3.12/site-packages (from dvc[gs]->-r /opt/***/dags/src/requirements.txt (line 25)) (3.0.post1)
[2025-03-03T00:33:07.749+0000] {subprocess.py:106} INFO - Requirement already satisfied: dvc-gs<4,>=3 in /home/***/.local/lib/python3.12/site-packages (from dvc[gs]->-r /opt/***/dags/src/requirements.txt (line 25)) (3.0.1)
[2025-03-03T00:33:07.751+0000] {subprocess.py:106} INFO - Requirement already satisfied: dictdiffer>=0.8.1 in /home/***/.local/lib/python3.12/site-packages (from dvc-data<3.17,>=3.16.2->dvc[gs]->-r /opt/***/dags/src/requirements.txt (line 25)) (0.9.0)
[2025-03-03T00:33:07.751+0000] {subprocess.py:106} INFO - Requirement already satisfied: diskcache>=5.2.1 in /home/***/.local/lib/python3.12/site-packages (from dvc-data<3.17,>=3.16.2->dvc[gs]->-r /opt/***/dags/src/requirements.txt (line 25)) (5.6.3)
[2025-03-03T00:33:07.752+0000] {subprocess.py:106} INFO - Requirement already satisfied: sqltrie<1,>=0.11.0 in /home/***/.local/lib/python3.12/site-packages (from dvc-data<3.17,>=3.16.2->dvc[gs]->-r /opt/***/dags/src/requirements.txt (line 25)) (0.11.2)
[2025-03-03T00:33:07.753+0000] {subprocess.py:106} INFO - Requirement already satisfied: orjson<4,>=3 in /home/***/.local/lib/python3.12/site-packages (from dvc-data<3.17,>=3.16.2->dvc[gs]->-r /opt/***/dags/src/requirements.txt (line 25)) (3.10.15)
[2025-03-03T00:33:07.755+0000] {subprocess.py:106} INFO - Requirement already satisfied: gcsfs>=2022.11.0 in /home/***/.local/lib/python3.12/site-packages (from dvc-gs<4,>=3->dvc[gs]->-r /opt/***/dags/src/requirements.txt (line 25)) (2025.2.0)
[2025-03-03T00:33:07.757+0000] {subprocess.py:106} INFO - Requirement already satisfied: aiohttp-retry>=2.5.0 in /home/***/.local/lib/python3.12/site-packages (from dvc-http>=2.29.0->dvc[gs]->-r /opt/***/dags/src/requirements.txt (line 25)) (2.9.1)
[2025-03-03T00:33:07.777+0000] {subprocess.py:106} INFO - Requirement already satisfied: billiard<5.0,>=4.2.0 in /home/***/.local/lib/python3.12/site-packages (from celery->dvc[gs]->-r /opt/***/dags/src/requirements.txt (line 25)) (4.2.1)
[2025-03-03T00:33:07.777+0000] {subprocess.py:106} INFO - Requirement already satisfied: vine<6.0,>=5.1.0 in /home/***/.local/lib/python3.12/site-packages (from celery->dvc[gs]->-r /opt/***/dags/src/requirements.txt (line 25)) (5.1.0)
[2025-03-03T00:33:07.777+0000] {subprocess.py:106} INFO - Requirement already satisfied: click<9.0,>=8.1.2 in /home/***/.local/lib/python3.12/site-packages (from celery->dvc[gs]->-r /opt/***/dags/src/requirements.txt (line 25)) (8.1.8)
[2025-03-03T00:33:07.778+0000] {subprocess.py:106} INFO - Requirement already satisfied: click-didyoumean>=0.3.0 in /home/***/.local/lib/python3.12/site-packages (from celery->dvc[gs]->-r /opt/***/dags/src/requirements.txt (line 25)) (0.3.1)
[2025-03-03T00:33:07.778+0000] {subprocess.py:106} INFO - Requirement already satisfied: click-repl>=0.2.0 in /home/***/.local/lib/python3.12/site-packages (from celery->dvc[gs]->-r /opt/***/dags/src/requirements.txt (line 25)) (0.3.0)
[2025-03-03T00:33:07.779+0000] {subprocess.py:106} INFO - Requirement already satisfied: click-plugins>=1.1.1 in /home/***/.local/lib/python3.12/site-packages (from celery->dvc[gs]->-r /opt/***/dags/src/requirements.txt (line 25)) (1.1.1)
[2025-03-03T00:33:07.779+0000] {subprocess.py:106} INFO - Requirement already satisfied: tzdata>=2022.7 in /home/***/.local/lib/python3.12/site-packages (from celery->dvc[gs]->-r /opt/***/dags/src/requirements.txt (line 25)) (2025.1)
[2025-03-03T00:33:07.779+0000] {subprocess.py:106} INFO - Requirement already satisfied: python-dateutil>=2.8.2 in /home/***/.local/lib/python3.12/site-packages (from celery->dvc[gs]->-r /opt/***/dags/src/requirements.txt (line 25)) (2.9.0.post0)
[2025-03-03T00:33:07.780+0000] {subprocess.py:106} INFO - Requirement already satisfied: six<2.0,>=1.12 in /home/***/.local/lib/python3.12/site-packages (from flatten_dict<1,>=0.4.1->dvc[gs]->-r /opt/***/dags/src/requirements.txt (line 25)) (1.17.0)
[2025-03-03T00:33:07.782+0000] {subprocess.py:106} INFO - Requirement already satisfied: atpublic in /home/***/.local/lib/python3.12/site-packages (from flufl.lock<9,>=8.1.0->dvc[gs]->-r /opt/***/dags/src/requirements.txt (line 25)) (5.1)
[2025-03-03T00:33:07.799+0000] {subprocess.py:106} INFO - Requirement already satisfied: entrypoints in /home/***/.local/lib/python3.12/site-packages (from gto<2,>=1.6.0->dvc[gs]->-r /opt/***/dags/src/requirements.txt (line 25)) (0.4)
[2025-03-03T00:33:07.803+0000] {subprocess.py:106} INFO - Requirement already satisfied: pydantic!=2.0.0,<3,>=1.9.0 in /home/***/.local/lib/python3.12/site-packages (from gto<2,>=1.6.0->dvc[gs]->-r /opt/***/dags/src/requirements.txt (line 25)) (2.10.6)
[2025-03-03T00:33:07.804+0000] {subprocess.py:106} INFO - Requirement already satisfied: semver>=2.13.0 in /home/***/.local/lib/python3.12/site-packages (from gto<2,>=1.6.0->dvc[gs]->-r /opt/***/dags/src/requirements.txt (line 25)) (3.0.4)
[2025-03-03T00:33:07.804+0000] {subprocess.py:106} INFO - Requirement already satisfied: typer>=0.4.1 in /home/***/.local/lib/python3.12/site-packages (from gto<2,>=1.6.0->dvc[gs]->-r /opt/***/dags/src/requirements.txt (line 25)) (0.15.2)
[2025-03-03T00:33:07.804+0000] {subprocess.py:106} INFO - Requirement already satisfied: antlr4-python3-runtime==4.9.* in /home/***/.local/lib/python3.12/site-packages (from hydra-core>=1.1->dvc[gs]->-r /opt/***/dags/src/requirements.txt (line 25)) (4.9.3)
[2025-03-03T00:33:07.810+0000] {subprocess.py:106} INFO - Requirement already satisfied: appdirs in /home/***/.local/lib/python3.12/site-packages (from iterative-telemetry>=0.0.7->dvc[gs]->-r /opt/***/dags/src/requirements.txt (line 25)) (1.4.4)
[2025-03-03T00:33:07.811+0000] {subprocess.py:106} INFO - Requirement already satisfied: filelock in /home/***/.local/lib/python3.12/site-packages (from iterative-telemetry>=0.0.7->dvc[gs]->-r /opt/***/dags/src/requirements.txt (line 25)) (3.17.0)
[2025-03-03T00:33:07.815+0000] {subprocess.py:106} INFO - Requirement already satisfied: amqp<6.0.0,>=5.1.1 in /home/***/.local/lib/python3.12/site-packages (from kombu->dvc[gs]->-r /opt/***/dags/src/requirements.txt (line 25)) (5.3.1)
[2025-03-03T00:33:07.822+0000] {subprocess.py:106} INFO - Requirement already satisfied: PyYAML>=5.1.0 in /home/***/.local/lib/python3.12/site-packages (from omegaconf->dvc[gs]->-r /opt/***/dags/src/requirements.txt (line 25)) (6.0.2)
[2025-03-03T00:33:07.853+0000] {subprocess.py:106} INFO - Requirement already satisfied: markdown-it-py>=2.2.0 in /home/***/.local/lib/python3.12/site-packages (from rich>=12->dvc[gs]->-r /opt/***/dags/src/requirements.txt (line 25)) (3.0.0)
[2025-03-03T00:33:07.857+0000] {subprocess.py:106} INFO - Requirement already satisfied: pygments<3.0.0,>=2.13.0 in /home/***/.local/lib/python3.12/site-packages (from rich>=12->dvc[gs]->-r /opt/***/dags/src/requirements.txt (line 25)) (2.19.1)
[2025-03-03T00:33:07.858+0000] {subprocess.py:106} INFO - Requirement already satisfied: ruamel.yaml.clib>=0.2.7 in /home/***/.local/lib/python3.12/site-packages (from ruamel.yaml>=0.17.11->dvc[gs]->-r /opt/***/dags/src/requirements.txt (line 25)) (0.2.12)
[2025-03-03T00:33:07.859+0000] {subprocess.py:106} INFO - Requirement already satisfied: gitpython>3 in /home/***/.local/lib/python3.12/site-packages (from scmrepo<4,>=3.3.8->dvc[gs]->-r /opt/***/dags/src/requirements.txt (line 25)) (3.1.44)
[2025-03-03T00:33:07.859+0000] {subprocess.py:106} INFO - Requirement already satisfied: pygit2>=1.14.0 in /home/***/.local/lib/python3.12/site-packages (from scmrepo<4,>=3.3.8->dvc[gs]->-r /opt/***/dags/src/requirements.txt (line 25)) (1.17.0)
[2025-03-03T00:33:07.860+0000] {subprocess.py:106} INFO - Requirement already satisfied: asyncssh<3,>=2.13.1 in /home/***/.local/lib/python3.12/site-packages (from scmrepo<4,>=3.3.8->dvc[gs]->-r /opt/***/dags/src/requirements.txt (line 25)) (2.19.0)
[2025-03-03T00:33:07.874+0000] {subprocess.py:106} INFO - Requirement already satisfied: setuptools in /home/***/.local/lib/python3.12/site-packages (from zc.lockfile>=1.2.1->dvc[gs]->-r /opt/***/dags/src/requirements.txt (line 25)) (75.8.0)
[2025-03-03T00:33:07.880+0000] {subprocess.py:106} INFO - Requirement already satisfied: aiohttp in /home/***/.local/lib/python3.12/site-packages (from aiohttp-retry>=2.5.0->dvc-http>=2.29.0->dvc[gs]->-r /opt/***/dags/src/requirements.txt (line 25)) (3.11.11)
[2025-03-03T00:33:07.884+0000] {subprocess.py:106} INFO - Requirement already satisfied: cryptography>=39.0 in /home/***/.local/lib/python3.12/site-packages (from asyncssh<3,>=2.13.1->scmrepo<4,>=3.3.8->dvc[gs]->-r /opt/***/dags/src/requirements.txt (line 25)) (42.0.8)
[2025-03-03T00:33:07.895+0000] {subprocess.py:106} INFO - Requirement already satisfied: prompt-toolkit>=3.0.36 in /home/***/.local/lib/python3.12/site-packages (from click-repl>=0.2.0->celery->dvc[gs]->-r /opt/***/dags/src/requirements.txt (line 25)) (3.0.50)
[2025-03-03T00:33:07.911+0000] {subprocess.py:106} INFO - Requirement already satisfied: decorator>4.1.2 in /home/***/.local/lib/python3.12/site-packages (from gcsfs>=2022.11.0->dvc-gs<4,>=3->dvc[gs]->-r /opt/***/dags/src/requirements.txt (line 25)) (5.1.1)
[2025-03-03T00:33:07.911+0000] {subprocess.py:106} INFO - Requirement already satisfied: google-auth>=1.2 in /home/***/.local/lib/python3.12/site-packages (from gcsfs>=2022.11.0->dvc-gs<4,>=3->dvc[gs]->-r /opt/***/dags/src/requirements.txt (line 25)) (2.38.0)
[2025-03-03T00:33:07.913+0000] {subprocess.py:106} INFO - Requirement already satisfied: google-auth-oauthlib in /home/***/.local/lib/python3.12/site-packages (from gcsfs>=2022.11.0->dvc-gs<4,>=3->dvc[gs]->-r /opt/***/dags/src/requirements.txt (line 25)) (1.2.1)
[2025-03-03T00:33:07.916+0000] {subprocess.py:106} INFO - Requirement already satisfied: google-cloud-storage in /home/***/.local/lib/python3.12/site-packages (from gcsfs>=2022.11.0->dvc-gs<4,>=3->dvc[gs]->-r /opt/***/dags/src/requirements.txt (line 25)) (2.19.0)
[2025-03-03T00:33:07.918+0000] {subprocess.py:106} INFO - Requirement already satisfied: gitdb<5,>=4.0.1 in /home/***/.local/lib/python3.12/site-packages (from gitpython>3->scmrepo<4,>=3.3.8->dvc[gs]->-r /opt/***/dags/src/requirements.txt (line 25)) (4.0.12)
[2025-03-03T00:33:07.921+0000] {subprocess.py:106} INFO - Requirement already satisfied: mdurl~=0.1 in /home/***/.local/lib/python3.12/site-packages (from markdown-it-py>=2.2.0->rich>=12->dvc[gs]->-r /opt/***/dags/src/requirements.txt (line 25)) (0.1.2)
[2025-03-03T00:33:07.927+0000] {subprocess.py:106} INFO - Requirement already satisfied: annotated-types>=0.6.0 in /home/***/.local/lib/python3.12/site-packages (from pydantic!=2.0.0,<3,>=1.9.0->gto<2,>=1.6.0->dvc[gs]->-r /opt/***/dags/src/requirements.txt (line 25)) (0.7.0)
[2025-03-03T00:33:07.928+0000] {subprocess.py:106} INFO - Requirement already satisfied: pydantic-core==2.27.2 in /home/***/.local/lib/python3.12/site-packages (from pydantic!=2.0.0,<3,>=1.9.0->gto<2,>=1.6.0->dvc[gs]->-r /opt/***/dags/src/requirements.txt (line 25)) (2.27.2)
[2025-03-03T00:33:07.933+0000] {subprocess.py:106} INFO - Requirement already satisfied: cffi>=1.17.0 in /home/***/.local/lib/python3.12/site-packages (from pygit2>=1.14.0->scmrepo<4,>=3.3.8->dvc[gs]->-r /opt/***/dags/src/requirements.txt (line 25)) (1.17.1)
[2025-03-03T00:33:07.953+0000] {subprocess.py:106} INFO - Requirement already satisfied: shellingham>=1.3.0 in /home/***/.local/lib/python3.12/site-packages (from typer>=0.4.1->gto<2,>=1.6.0->dvc[gs]->-r /opt/***/dags/src/requirements.txt (line 25)) (1.5.4)
[2025-03-03T00:33:07.972+0000] {subprocess.py:106} INFO - Requirement already satisfied: aiohappyeyeballs>=2.3.0 in /home/***/.local/lib/python3.12/site-packages (from aiohttp->aiohttp-retry>=2.5.0->dvc-http>=2.29.0->dvc[gs]->-r /opt/***/dags/src/requirements.txt (line 25)) (2.4.4)
[2025-03-03T00:33:07.973+0000] {subprocess.py:106} INFO - Requirement already satisfied: aiosignal>=1.1.2 in /home/***/.local/lib/python3.12/site-packages (from aiohttp->aiohttp-retry>=2.5.0->dvc-http>=2.29.0->dvc[gs]->-r /opt/***/dags/src/requirements.txt (line 25)) (1.3.2)
[2025-03-03T00:33:07.973+0000] {subprocess.py:106} INFO - Requirement already satisfied: frozenlist>=1.1.1 in /home/***/.local/lib/python3.12/site-packages (from aiohttp->aiohttp-retry>=2.5.0->dvc-http>=2.29.0->dvc[gs]->-r /opt/***/dags/src/requirements.txt (line 25)) (1.5.0)
[2025-03-03T00:33:07.973+0000] {subprocess.py:106} INFO - Requirement already satisfied: multidict<7.0,>=4.5 in /home/***/.local/lib/python3.12/site-packages (from aiohttp->aiohttp-retry>=2.5.0->dvc-http>=2.29.0->dvc[gs]->-r /opt/***/dags/src/requirements.txt (line 25)) (6.1.0)
[2025-03-03T00:33:07.974+0000] {subprocess.py:106} INFO - Requirement already satisfied: propcache>=0.2.0 in /home/***/.local/lib/python3.12/site-packages (from aiohttp->aiohttp-retry>=2.5.0->dvc-http>=2.29.0->dvc[gs]->-r /opt/***/dags/src/requirements.txt (line 25)) (0.2.1)
[2025-03-03T00:33:07.974+0000] {subprocess.py:106} INFO - Requirement already satisfied: yarl<2.0,>=1.17.0 in /home/***/.local/lib/python3.12/site-packages (from aiohttp->aiohttp-retry>=2.5.0->dvc-http>=2.29.0->dvc[gs]->-r /opt/***/dags/src/requirements.txt (line 25)) (1.18.3)
[2025-03-03T00:33:07.977+0000] {subprocess.py:106} INFO - Requirement already satisfied: pycparser in /home/***/.local/lib/python3.12/site-packages (from cffi>=1.17.0->pygit2>=1.14.0->scmrepo<4,>=3.3.8->dvc[gs]->-r /opt/***/dags/src/requirements.txt (line 25)) (2.22)
[2025-03-03T00:33:07.990+0000] {subprocess.py:106} INFO - Requirement already satisfied: smmap<6,>=3.0.1 in /home/***/.local/lib/python3.12/site-packages (from gitdb<5,>=4.0.1->gitpython>3->scmrepo<4,>=3.3.8->dvc[gs]->-r /opt/***/dags/src/requirements.txt (line 25)) (5.0.2)
[2025-03-03T00:33:07.993+0000] {subprocess.py:106} INFO - Requirement already satisfied: cachetools<6.0,>=2.0.0 in /home/***/.local/lib/python3.12/site-packages (from google-auth>=1.2->gcsfs>=2022.11.0->dvc-gs<4,>=3->dvc[gs]->-r /opt/***/dags/src/requirements.txt (line 25)) (5.5.1)
[2025-03-03T00:33:07.994+0000] {subprocess.py:106} INFO - Requirement already satisfied: pyasn1-modules>=0.2.1 in /home/***/.local/lib/python3.12/site-packages (from google-auth>=1.2->gcsfs>=2022.11.0->dvc-gs<4,>=3->dvc[gs]->-r /opt/***/dags/src/requirements.txt (line 25)) (0.4.0)
[2025-03-03T00:33:07.994+0000] {subprocess.py:106} INFO - Requirement already satisfied: rsa<5,>=3.1.4 in /home/***/.local/lib/python3.12/site-packages (from google-auth>=1.2->gcsfs>=2022.11.0->dvc-gs<4,>=3->dvc[gs]->-r /opt/***/dags/src/requirements.txt (line 25)) (4.9)
[2025-03-03T00:33:08.001+0000] {subprocess.py:106} INFO - Requirement already satisfied: wcwidth in /home/***/.local/lib/python3.12/site-packages (from prompt-toolkit>=3.0.36->click-repl>=0.2.0->celery->dvc[gs]->-r /opt/***/dags/src/requirements.txt (line 25)) (0.2.13)
[2025-03-03T00:33:08.006+0000] {subprocess.py:106} INFO - Requirement already satisfied: requests-oauthlib>=0.7.0 in /home/***/.local/lib/python3.12/site-packages (from google-auth-oauthlib->gcsfs>=2022.11.0->dvc-gs<4,>=3->dvc[gs]->-r /opt/***/dags/src/requirements.txt (line 25)) (1.3.1)
[2025-03-03T00:33:08.009+0000] {subprocess.py:106} INFO - Requirement already satisfied: google-api-core<3.0.0dev,>=2.15.0 in /home/***/.local/lib/python3.12/site-packages (from google-cloud-storage->gcsfs>=2022.11.0->dvc-gs<4,>=3->dvc[gs]->-r /opt/***/dags/src/requirements.txt (line 25)) (2.24.1)
[2025-03-03T00:33:08.010+0000] {subprocess.py:106} INFO - Requirement already satisfied: google-cloud-core<3.0dev,>=2.3.0 in /home/***/.local/lib/python3.12/site-packages (from google-cloud-storage->gcsfs>=2022.11.0->dvc-gs<4,>=3->dvc[gs]->-r /opt/***/dags/src/requirements.txt (line 25)) (2.4.1)
[2025-03-03T00:33:08.010+0000] {subprocess.py:106} INFO - Requirement already satisfied: google-resumable-media>=2.7.2 in /home/***/.local/lib/python3.12/site-packages (from google-cloud-storage->gcsfs>=2022.11.0->dvc-gs<4,>=3->dvc[gs]->-r /opt/***/dags/src/requirements.txt (line 25)) (2.7.2)
[2025-03-03T00:33:08.010+0000] {subprocess.py:106} INFO - Requirement already satisfied: google-crc32c<2.0dev,>=1.0 in /home/***/.local/lib/python3.12/site-packages (from google-cloud-storage->gcsfs>=2022.11.0->dvc-gs<4,>=3->dvc[gs]->-r /opt/***/dags/src/requirements.txt (line 25)) (1.6.0)
[2025-03-03T00:33:08.026+0000] {subprocess.py:106} INFO - Requirement already satisfied: googleapis-common-protos<2.0.dev0,>=1.56.2 in /home/***/.local/lib/python3.12/site-packages (from google-api-core<3.0.0dev,>=2.15.0->google-cloud-storage->gcsfs>=2022.11.0->dvc-gs<4,>=3->dvc[gs]->-r /opt/***/dags/src/requirements.txt (line 25)) (1.66.0)
[2025-03-03T00:33:08.029+0000] {subprocess.py:106} INFO - Requirement already satisfied: protobuf!=3.20.0,!=3.20.1,!=4.21.0,!=4.21.1,!=4.21.2,!=4.21.3,!=4.21.4,!=4.21.5,<6.0.0.dev0,>=3.19.5 in /home/***/.local/lib/python3.12/site-packages (from google-api-core<3.0.0dev,>=2.15.0->google-cloud-storage->gcsfs>=2022.11.0->dvc-gs<4,>=3->dvc[gs]->-r /opt/***/dags/src/requirements.txt (line 25)) (4.25.6)
[2025-03-03T00:33:08.030+0000] {subprocess.py:106} INFO - Requirement already satisfied: proto-plus<2.0.0dev,>=1.22.3 in /home/***/.local/lib/python3.12/site-packages (from google-api-core<3.0.0dev,>=2.15.0->google-cloud-storage->gcsfs>=2022.11.0->dvc-gs<4,>=3->dvc[gs]->-r /opt/***/dags/src/requirements.txt (line 25)) (1.26.0)
[2025-03-03T00:33:08.046+0000] {subprocess.py:106} INFO - Requirement already satisfied: pyasn1<0.7.0,>=0.4.6 in /home/***/.local/lib/python3.12/site-packages (from pyasn1-modules>=0.2.1->google-auth>=1.2->gcsfs>=2022.11.0->dvc-gs<4,>=3->dvc[gs]->-r /opt/***/dags/src/requirements.txt (line 25)) (0.6.1)
[2025-03-03T00:33:08.050+0000] {subprocess.py:106} INFO - Requirement already satisfied: oauthlib>=3.0.0 in /home/***/.local/lib/python3.12/site-packages (from requests-oauthlib>=0.7.0->google-auth-oauthlib->gcsfs>=2022.11.0->dvc-gs<4,>=3->dvc[gs]->-r /opt/***/dags/src/requirements.txt (line 25)) (3.2.2)
[2025-03-03T00:33:09.108+0000] {subprocess.py:106} INFO - 
[2025-03-03T00:33:09.116+0000] {subprocess.py:106} INFO - [notice] A new release of pip is available: 25.0 -> 25.0.1
[2025-03-03T00:33:09.118+0000] {subprocess.py:106} INFO - [notice] To update, run: pip install --upgrade pip
[2025-03-03T00:33:09.266+0000] {subprocess.py:110} INFO - Command exited with return code 0
[2025-03-03T00:33:09.498+0000] {taskinstance.py:341} INFO - ::group::Post task execution logs
[2025-03-03T00:33:09.518+0000] {taskinstance.py:353} INFO - Marking task as SUCCESS. dag_id=scraping_pipeline_gcs, task_id=install_requirements, run_id=manual__2025-03-03T00:32:59.692837+00:00, execution_date=20250303T003259, start_date=20250303T003306, end_date=20250303T003309
[2025-03-03T00:33:09.630+0000] {logging_mixin.py:190} INFO - Task instance in success state
[2025-03-03T00:33:09.631+0000] {logging_mixin.py:190} INFO -  Previous state of the Task instance: running
[2025-03-03T00:33:09.631+0000] {logging_mixin.py:190} INFO - Dag name:scraping_pipeline_gcs queued_at:2025-03-03 00:32:59.794751+00:00
[2025-03-03T00:33:09.632+0000] {logging_mixin.py:190} INFO - Task hostname:5e87a20f9330 operator:BashOperator
[2025-03-03T00:33:09.721+0000] {local_task_job_runner.py:266} INFO - Task exited with return code 0
[2025-03-03T00:33:09.989+0000] {taskinstance.py:3901} INFO - 1 downstream tasks scheduled from follow-on schedule check
[2025-03-03T00:33:09.994+0000] {local_task_job_runner.py:245} INFO - ::endgroup::
