[2025-03-02T08:24:39.052+0000] {local_task_job_runner.py:123} INFO - ::group::Pre task execution logs
[2025-03-02T08:24:39.071+0000] {taskinstance.py:2614} INFO - Dependencies all met for dep_context=non-requeueable deps ti=<TaskInstance: scraping_pipeline_gcs.extract_data manual__2025-03-02T08:23:42.621336+00:00 [queued]>
[2025-03-02T08:24:39.075+0000] {taskinstance.py:2614} INFO - Dependencies all met for dep_context=requeueable deps ti=<TaskInstance: scraping_pipeline_gcs.extract_data manual__2025-03-02T08:23:42.621336+00:00 [queued]>
[2025-03-02T08:24:39.075+0000] {taskinstance.py:2867} INFO - Starting attempt 1 of 3
[2025-03-02T08:24:39.084+0000] {taskinstance.py:2890} INFO - Executing <Task(BashOperator): extract_data> on 2025-03-02 08:23:42.621336+00:00
[2025-03-02T08:24:39.094+0000] {warnings.py:112} WARNING - /home/***/.local/lib/python3.12/site-packages/***/task/task_runner/standard_task_runner.py:70: DeprecationWarning: This process (pid=183) is multi-threaded, use of fork() may lead to deadlocks in the child.
  pid = os.fork()

[2025-03-02T08:24:39.096+0000] {standard_task_runner.py:72} INFO - Started process 185 to run task
[2025-03-02T08:24:39.097+0000] {standard_task_runner.py:104} INFO - Running: ['***', 'tasks', 'run', 'scraping_pipeline_gcs', 'extract_data', 'manual__2025-03-02T08:23:42.621336+00:00', '--job-id', '61', '--raw', '--subdir', 'DAGS_FOLDER/dag.py', '--cfg-path', '/tmp/tmpyaw5383r']
[2025-03-02T08:24:39.098+0000] {standard_task_runner.py:105} INFO - Job 61: Subtask extract_data
[2025-03-02T08:24:39.130+0000] {task_command.py:467} INFO - Running <TaskInstance: scraping_pipeline_gcs.extract_data manual__2025-03-02T08:23:42.621336+00:00 [running]> on host 8b8ee4ab00d2
[2025-03-02T08:24:39.702+0000] {taskinstance.py:3134} INFO - Exporting env vars: AIRFLOW_CTX_DAG_OWNER='***' AIRFLOW_CTX_DAG_ID='scraping_pipeline_gcs' AIRFLOW_CTX_TASK_ID='extract_data' AIRFLOW_CTX_EXECUTION_DATE='2025-03-02T08:23:42.621336+00:00' AIRFLOW_CTX_TRY_NUMBER='1' AIRFLOW_CTX_DAG_RUN_ID='manual__2025-03-02T08:23:42.621336+00:00'
[2025-03-02T08:24:39.706+0000] {logging_mixin.py:190} INFO - Task instance is in running state
[2025-03-02T08:24:39.706+0000] {logging_mixin.py:190} INFO -  Previous state of the Task instance: queued
[2025-03-02T08:24:39.707+0000] {logging_mixin.py:190} INFO - Current task name:extract_data state:running start_date:2025-03-02 08:24:39.071739+00:00
[2025-03-02T08:24:39.707+0000] {logging_mixin.py:190} INFO - Dag name:scraping_pipeline_gcs and current dag run status:running
[2025-03-02T08:24:39.707+0000] {taskinstance.py:732} INFO - ::endgroup::
[2025-03-02T08:24:39.710+0000] {subprocess.py:78} INFO - Tmp dir root location: /tmp
[2025-03-02T08:24:39.713+0000] {subprocess.py:88} INFO - Running command: ['/usr/bin/bash', '-c', 'python /opt/***/dags/src/Scrape_script.py && true']
[2025-03-02T08:24:39.739+0000] {subprocess.py:99} INFO - Output:
[2025-03-02T08:27:15.506+0000] {subprocess.py:106} INFO - [INFO] Visiting: https://www.recreation.northeastern.edu/ (fail_count=0)
[2025-03-02T08:27:29.207+0000] {subprocess.py:106} INFO - [SUCCESS] Scraped: https://www.recreation.northeastern.edu/
[2025-03-02T08:27:29.868+0000] {subprocess.py:106} INFO - [INFO] Visiting: https://recreation.northeastern.edu/im-handbook-and-sport-rules/ (fail_count=0)
[2025-03-02T08:27:37.585+0000] {subprocess.py:106} INFO - [SUCCESS] Scraped: https://recreation.northeastern.edu/im-handbook-and-sport-rules/
[2025-03-02T08:27:38.131+0000] {subprocess.py:106} INFO - [INFO] Visiting: https://recreation.northeastern.edu/staff/ (fail_count=0)
[2025-03-02T08:27:47.672+0000] {subprocess.py:106} INFO - [SUCCESS] Scraped: https://recreation.northeastern.edu/staff/
[2025-03-02T08:27:48.293+0000] {subprocess.py:106} INFO - [INFO] Visiting: https://recreation.northeastern.edu/personal-training/ (fail_count=0)
[2025-03-02T08:27:55.676+0000] {subprocess.py:106} INFO - [SUCCESS] Scraped: https://recreation.northeastern.edu/personal-training/
[2025-03-02T08:27:56.118+0000] {subprocess.py:106} INFO - [INFO] Visiting: https://recreation.northeastern.edu/how-to-register/ (fail_count=0)
[2025-03-02T08:28:03.459+0000] {subprocess.py:106} INFO - [SUCCESS] Scraped: https://recreation.northeastern.edu/how-to-register/
[2025-03-02T08:28:03.906+0000] {subprocess.py:106} INFO - [INFO] Visiting: https://recreation.northeastern.edu/class-descriptions/ (fail_count=0)
[2025-03-02T08:28:12.059+0000] {subprocess.py:106} INFO - [SUCCESS] Scraped: https://recreation.northeastern.edu/class-descriptions/
[2025-03-02T08:28:12.564+0000] {subprocess.py:106} INFO - [INFO] Visiting: https://recreation.northeastern.edu/intramural-sports-faqs/ (fail_count=0)
[2025-03-02T08:28:19.471+0000] {subprocess.py:106} INFO - [SUCCESS] Scraped: https://recreation.northeastern.edu/intramural-sports-faqs/
[2025-03-02T08:28:20.021+0000] {subprocess.py:106} INFO - [INFO] Visiting: https://recreation.northeastern.edu/global-recreation-ambassadors/ (fail_count=0)
[2025-03-02T08:28:28.893+0000] {subprocess.py:106} INFO - [SUCCESS] Scraped: https://recreation.northeastern.edu/global-recreation-ambassadors/
[2025-03-02T08:28:30.021+0000] {subprocess.py:106} INFO - [INFO] Visiting: https://recreation.northeastern.edu/retirees/ (fail_count=0)
[2025-03-02T08:28:39.853+0000] {subprocess.py:106} INFO - [SUCCESS] Scraped: https://recreation.northeastern.edu/retirees/
[2025-03-02T08:28:40.545+0000] {subprocess.py:106} INFO - [INFO] Visiting: https://recreation.northeastern.edu/boston-conservatory-at-berklee-berklee-college-of-music/ (fail_count=0)
[2025-03-02T08:28:47.201+0000] {subprocess.py:106} INFO - [SUCCESS] Scraped: https://recreation.northeastern.edu/boston-conservatory-at-berklee-berklee-college-of-music/
[2025-03-02T08:28:48.514+0000] {subprocess.py:106} INFO - [INFO] Visiting: https://recreation.northeastern.edu/become-an-instructor/ (fail_count=0)
[2025-03-02T08:28:58.810+0000] {subprocess.py:106} INFO - [SUCCESS] Scraped: https://recreation.northeastern.edu/become-an-instructor/
[2025-03-02T08:28:59.512+0000] {subprocess.py:106} INFO - [INFO] Visiting: https://recreation.northeastern.edu/intramural-sports/ (fail_count=0)
[2025-03-02T08:29:10.166+0000] {subprocess.py:106} INFO - [SUCCESS] Scraped: https://recreation.northeastern.edu/intramural-sports/
[2025-03-02T08:29:10.834+0000] {subprocess.py:106} INFO - [INFO] Visiting: https://recreation.northeastern.edu/students/ (fail_count=0)
[2025-03-02T08:29:20.977+0000] {subprocess.py:106} INFO - [SUCCESS] Scraped: https://recreation.northeastern.edu/students/
[2025-03-02T08:29:21.480+0000] {subprocess.py:106} INFO - [INFO] Visiting: https://recreation.northeastern.edu/community-privileges/ (fail_count=0)
[2025-03-02T08:29:30.777+0000] {subprocess.py:106} INFO - [SUCCESS] Scraped: https://recreation.northeastern.edu/community-privileges/
[2025-03-02T08:29:31.282+0000] {subprocess.py:106} INFO - [INFO] Visiting: https://recreation.northeastern.edu/part-time-non-benefits-eligible-employees-and-visiting-scholars/ (fail_count=0)
[2025-03-02T08:29:37.702+0000] {subprocess.py:106} INFO - [SUCCESS] Scraped: https://recreation.northeastern.edu/part-time-non-benefits-eligible-employees-and-visiting-scholars/
[2025-03-02T08:29:38.099+0000] {subprocess.py:106} INFO - [INFO] Visiting: https://recreation.northeastern.edu/global-recreation-fitness-app/ (fail_count=0)
[2025-03-02T08:29:46.320+0000] {subprocess.py:106} INFO - [SUCCESS] Scraped: https://recreation.northeastern.edu/global-recreation-fitness-app/
[2025-03-02T08:29:46.749+0000] {subprocess.py:106} INFO - [INFO] Visiting: https://recreation.northeastern.edu/global-recreation-fitness-app/flex.fod247.fitness (fail_count=0)
[2025-03-02T08:29:53.789+0000] {subprocess.py:106} INFO - [SUCCESS] Scraped: https://recreation.northeastern.edu/global-recreation-fitness-app/flex.fod247.fitness
[2025-03-02T08:29:54.691+0000] {subprocess.py:106} INFO - [INFO] Visiting: https://recreation.northeastern.edu/hello-world/ (fail_count=0)
[2025-03-02T08:30:01.892+0000] {subprocess.py:106} INFO - [SUCCESS] Scraped: https://recreation.northeastern.edu/hello-world/
[2025-03-02T08:30:02.550+0000] {subprocess.py:106} INFO - [INFO] Visiting: https://recreation.northeastern.edu/author/crousseau/ (fail_count=0)
[2025-03-02T08:30:12.047+0000] {subprocess.py:106} INFO - [SUCCESS] Scraped: https://recreation.northeastern.edu/author/crousseau/
[2025-03-02T08:30:12.520+0000] {subprocess.py:106} INFO - [INFO] Visiting: https://recreation.northeastern.edu/free-agents/ (fail_count=0)
[2025-03-02T08:30:20.711+0000] {subprocess.py:106} INFO - [SUCCESS] Scraped: https://recreation.northeastern.edu/free-agents/
[2025-03-02T08:30:21.207+0000] {subprocess.py:106} INFO - [INFO] Visiting: https://recreation.northeastern.edu/merchandise-shop/ (fail_count=0)
[2025-03-02T08:30:27.602+0000] {subprocess.py:106} INFO - [SUCCESS] Scraped: https://recreation.northeastern.edu/merchandise-shop/
[2025-03-02T08:30:28.210+0000] {subprocess.py:106} INFO - [INFO] Visiting: https://recreation.northeastern.edu/program-registration/ (fail_count=0)
[2025-03-02T08:30:34.432+0000] {subprocess.py:106} INFO - [SUCCESS] Scraped: https://recreation.northeastern.edu/program-registration/
[2025-03-02T08:30:34.947+0000] {subprocess.py:106} INFO - [INFO] Visiting: https://recreation.northeastern.edu/group-fitness/ (fail_count=0)
[2025-03-02T08:30:42.865+0000] {subprocess.py:106} INFO - [SUCCESS] Scraped: https://recreation.northeastern.edu/group-fitness/
[2025-03-02T08:30:43.667+0000] {subprocess.py:106} INFO - [INFO] Visiting: https://recreation.northeastern.edu/general-information/ (fail_count=0)
[2025-03-02T08:30:51.858+0000] {subprocess.py:106} INFO - [SUCCESS] Scraped: https://recreation.northeastern.edu/general-information/
[2025-03-02T08:30:52.585+0000] {subprocess.py:106} INFO - [INFO] Visiting: https://recreation.northeastern.edu/small-group-training/ (fail_count=0)
[2025-03-02T08:31:00.364+0000] {subprocess.py:106} INFO - [SUCCESS] Scraped: https://recreation.northeastern.edu/small-group-training/
[2025-03-02T08:31:01.041+0000] {subprocess.py:106} INFO - [INFO] Visiting: https://recreation.northeastern.edu/e-sports-leagues/ (fail_count=0)
[2025-03-02T08:31:10.518+0000] {subprocess.py:106} INFO - [SUCCESS] Scraped: https://recreation.northeastern.edu/e-sports-leagues/
[2025-03-02T08:31:11.631+0000] {subprocess.py:106} INFO - [INFO] Visiting: https://recreation.northeastern.edu/global-recreation-london-campus/ (fail_count=0)
[2025-03-02T08:31:21.079+0000] {subprocess.py:106} INFO - [SUCCESS] Scraped: https://recreation.northeastern.edu/global-recreation-london-campus/
[2025-03-02T08:31:21.681+0000] {subprocess.py:106} INFO - [INFO] Visiting: https://recreation.northeastern.edu/full-time-benefit-eligible-faculty-and-staff/ (fail_count=0)
[2025-03-02T08:31:30.463+0000] {subprocess.py:106} INFO - [SUCCESS] Scraped: https://recreation.northeastern.edu/full-time-benefit-eligible-faculty-and-staff/
[2025-03-02T08:31:31.542+0000] {subprocess.py:106} INFO - [INFO] Visiting: https://recreation.northeastern.edu/new-england-conservatory-nec/ (fail_count=0)
[2025-03-02T08:31:41.977+0000] {subprocess.py:106} INFO - [SUCCESS] Scraped: https://recreation.northeastern.edu/new-england-conservatory-nec/
[2025-03-02T08:31:43.566+0000] {subprocess.py:106} INFO - [INFO] Visiting: https://recreation.northeastern.edu/global-recreation/ (fail_count=0)
[2025-03-02T08:31:55.053+0000] {subprocess.py:106} INFO - [SUCCESS] Scraped: https://recreation.northeastern.edu/global-recreation/
[2025-03-02T08:31:55.610+0000] {subprocess.py:106} INFO - [INFO] Visiting: https://recreation.northeastern.edu/protest-policy/ (fail_count=0)
[2025-03-02T08:32:02.868+0000] {subprocess.py:106} INFO - [SUCCESS] Scraped: https://recreation.northeastern.edu/protest-policy/
[2025-03-02T08:32:03.783+0000] {subprocess.py:106} INFO - [INFO] Visiting: https://recreation.northeastern.edu/cabot-physical-education-center/ (fail_count=0)
[2025-03-02T08:32:13.334+0000] {subprocess.py:106} INFO - [SUCCESS] Scraped: https://recreation.northeastern.edu/cabot-physical-education-center/
[2025-03-02T08:32:13.773+0000] {subprocess.py:106} INFO - [INFO] Visiting: https://recreation.northeastern.edu/equipment-rentals/ (fail_count=0)
[2025-03-02T08:32:22.069+0000] {subprocess.py:106} INFO - [SUCCESS] Scraped: https://recreation.northeastern.edu/equipment-rentals/
[2025-03-02T08:32:22.549+0000] {subprocess.py:106} INFO - [INFO] Visiting: https://recreation.northeastern.edu/matthews-arena/ (fail_count=0)
[2025-03-02T08:32:36.311+0000] {subprocess.py:106} INFO - [SUCCESS] Scraped: https://recreation.northeastern.edu/matthews-arena/
[2025-03-02T08:32:36.759+0000] {subprocess.py:106} INFO - [INFO] Visiting: https://recreation.northeastern.edu/group-fitness-schedule/ (fail_count=0)
[2025-03-02T08:32:44.176+0000] {subprocess.py:106} INFO - [SUCCESS] Scraped: https://recreation.northeastern.edu/group-fitness-schedule/
[2025-03-02T08:32:44.514+0000] {subprocess.py:106} INFO - [INFO] Visiting: https://recreation.northeastern.edu/club-sports/ (fail_count=0)
[2025-03-02T08:32:51.448+0000] {subprocess.py:106} INFO - [SUCCESS] Scraped: https://recreation.northeastern.edu/club-sports/
[2025-03-02T08:32:51.784+0000] {subprocess.py:106} INFO - [INFO] Visiting: https://recreation.northeastern.edu/policies/ (fail_count=0)
[2025-03-02T08:32:58.144+0000] {subprocess.py:106} INFO - [SUCCESS] Scraped: https://recreation.northeastern.edu/policies/
[2025-03-02T08:32:58.476+0000] {subprocess.py:106} INFO - [INFO] Visiting: https://recreation.northeastern.edu/client-testimonials/ (fail_count=0)
[2025-03-02T08:33:05.970+0000] {subprocess.py:106} INFO - [SUCCESS] Scraped: https://recreation.northeastern.edu/client-testimonials/
[2025-03-02T08:33:06.356+0000] {subprocess.py:106} INFO - [INFO] Visiting: https://recreation.northeastern.edu/our-personal-trainers/ (fail_count=0)
[2025-03-02T08:33:16.720+0000] {subprocess.py:106} INFO - [SUCCESS] Scraped: https://recreation.northeastern.edu/our-personal-trainers/
[2025-03-02T08:33:17.165+0000] {subprocess.py:106} INFO - [INFO] Visiting: https://recreation.northeastern.edu/instructional-recreation-faqs/ (fail_count=0)
[2025-03-02T08:33:24.829+0000] {subprocess.py:106} INFO - [SUCCESS] Scraped: https://recreation.northeastern.edu/instructional-recreation-faqs/
[2025-03-02T08:33:25.257+0000] {subprocess.py:106} INFO - [INFO] Visiting: https://recreation.northeastern.edu/ (fail_count=0)
[2025-03-02T08:33:41.256+0000] {subprocess.py:106} INFO - [SUCCESS] Scraped: https://recreation.northeastern.edu/
[2025-03-02T08:33:42.589+0000] {subprocess.py:106} INFO - [INFO] Visiting: https://recreation.northeastern.edu/alumni/ (fail_count=0)
[2025-03-02T08:33:52.612+0000] {subprocess.py:106} INFO - [SUCCESS] Scraped: https://recreation.northeastern.edu/alumni/
[2025-03-02T08:33:53.023+0000] {subprocess.py:106} INFO - [INFO] Visiting: https://recreation.northeastern.edu/facility-reservation/ (fail_count=0)
[2025-03-02T08:34:02.463+0000] {subprocess.py:106} INFO - [SUCCESS] Scraped: https://recreation.northeastern.edu/facility-reservation/
[2025-03-02T08:34:02.829+0000] {subprocess.py:106} INFO - [INFO] Visiting: https://recreation.northeastern.edu/jobs/ (fail_count=0)
[2025-03-02T08:34:13.623+0000] {subprocess.py:106} INFO - [SUCCESS] Scraped: https://recreation.northeastern.edu/jobs/
[2025-03-02T08:34:14.201+0000] {subprocess.py:106} INFO - [INFO] Visiting: https://recreation.northeastern.edu/spouse-domestic-partners-and-dependents/ (fail_count=0)
[2025-03-02T08:34:23.372+0000] {subprocess.py:106} INFO - [SUCCESS] Scraped: https://recreation.northeastern.edu/spouse-domestic-partners-and-dependents/
[2025-03-02T08:34:23.720+0000] {subprocess.py:106} INFO - [INFO] Visiting: https://recreation.northeastern.edu/guests (fail_count=0)
[2025-03-02T08:34:35.767+0000] {subprocess.py:106} INFO - [SUCCESS] Scraped: https://recreation.northeastern.edu/guests
[2025-03-02T08:34:36.295+0000] {subprocess.py:106} INFO - [INFO] Visiting: https://recreation.northeastern.edu/appropriate-attire-and-equipment-guidelinesolicy/ (fail_count=0)
[2025-03-02T08:34:45.509+0000] {subprocess.py:106} INFO - [SUCCESS] Scraped: https://recreation.northeastern.edu/appropriate-attire-and-equipment-guidelinesolicy/
[2025-03-02T08:34:45.866+0000] {subprocess.py:106} INFO - [INFO] Visiting: https://recreation.northeastern.edu/marino-recreation-center/ (fail_count=0)
[2025-03-02T08:34:53.026+0000] {subprocess.py:106} INFO - [SUCCESS] Scraped: https://recreation.northeastern.edu/marino-recreation-center/
[2025-03-02T08:34:54.730+0000] {subprocess.py:106} INFO - [SUCCESS] Downloaded: https://recreation.northeastern.edu/files/2024/11/MC-SQB-Winter-Break-2024.pdf
[2025-03-02T08:34:54.736+0000] {subprocess.py:106} INFO - [INFO] Visiting: https://recreation.northeastern.edu/mcphs-university/ (fail_count=0)
[2025-03-02T08:35:05.246+0000] {subprocess.py:106} INFO - [SUCCESS] Scraped: https://recreation.northeastern.edu/mcphs-university/
[2025-03-02T08:35:05.871+0000] {subprocess.py:106} INFO - [INFO] Visiting: https://recreation.northeastern.edu/school-of-the-museum-of-fine-arts-smfa/ (fail_count=0)
[2025-03-02T08:35:17.030+0000] {subprocess.py:106} INFO - [SUCCESS] Scraped: https://recreation.northeastern.edu/school-of-the-museum-of-fine-arts-smfa/
[2025-03-02T08:35:17.645+0000] {subprocess.py:106} INFO - [INFO] Visiting: https://recreation.northeastern.edu/current-intramural-sports/ (fail_count=0)
[2025-03-02T08:35:26.389+0000] {subprocess.py:106} INFO - [SUCCESS] Scraped: https://recreation.northeastern.edu/current-intramural-sports/
[2025-03-02T08:35:27.273+0000] {subprocess.py:106} INFO - [INFO] Visiting: https://recreation.northeastern.edu/road-races-triathlons/ (fail_count=0)
[2025-03-02T08:35:36.886+0000] {subprocess.py:106} INFO - [SUCCESS] Scraped: https://recreation.northeastern.edu/road-races-triathlons/
[2025-03-02T08:35:37.338+0000] {subprocess.py:106} INFO - [INFO] Visiting: https://recreation.northeastern.edu/membership/ (fail_count=0)
[2025-03-02T08:35:46.863+0000] {subprocess.py:106} INFO - [SUCCESS] Scraped: https://recreation.northeastern.edu/membership/
[2025-03-02T08:35:47.371+0000] {subprocess.py:106} INFO - [INFO] Visiting: https://recreation.northeastern.edu/instructional-recreation-policies/ (fail_count=0)
[2025-03-02T08:35:53.863+0000] {subprocess.py:106} INFO - [SUCCESS] Scraped: https://recreation.northeastern.edu/instructional-recreation-policies/
[2025-03-02T08:35:55.342+0000] {subprocess.py:106} INFO - [SUCCESS] Downloaded: https://recreation.northeastern.edu/files/2020/09/consent.pdf
[2025-03-02T08:35:55.345+0000] {subprocess.py:106} INFO - [INFO] Visiting: https://recreation.northeastern.edu/membership (fail_count=0)
[2025-03-02T08:36:03.420+0000] {subprocess.py:106} INFO - [SUCCESS] Scraped: https://recreation.northeastern.edu/membership
[2025-03-02T08:36:04.027+0000] {subprocess.py:106} INFO - [INFO] Visiting: https://recreation.northeastern.edu/become-a-referee/ (fail_count=0)
[2025-03-02T08:36:12.187+0000] {subprocess.py:106} INFO - [SUCCESS] Scraped: https://recreation.northeastern.edu/become-a-referee/
[2025-03-02T08:36:12.544+0000] {subprocess.py:106} INFO - [INFO] Visiting: https://recreation.northeastern.edu/instructional-recreation/ (fail_count=0)
[2025-03-02T08:36:21.953+0000] {subprocess.py:106} INFO - [SUCCESS] Scraped: https://recreation.northeastern.edu/instructional-recreation/
[2025-03-02T08:36:22.383+0000] {subprocess.py:106} INFO - [INFO] Visiting: https://recreation.northeastern.edu/facilities-hours/ (fail_count=0)
[2025-03-02T08:36:28.703+0000] {subprocess.py:106} INFO - [SUCCESS] Scraped: https://recreation.northeastern.edu/facilities-hours/
[2025-03-02T08:36:29.064+0000] {subprocess.py:106} INFO - [INFO] Visiting: https://recreation.northeastern.edu/files/2020/09/carter-playground.jpg (fail_count=0)
[2025-03-02T08:36:34.256+0000] {subprocess.py:106} INFO - [SUCCESS] Scraped: https://recreation.northeastern.edu/files/2020/09/carter-playground.jpg
[2025-03-02T08:36:34.576+0000] {subprocess.py:106} INFO - [INFO] Visiting: https://recreation.northeastern.edu/files/2020/09/Matthews1.png (fail_count=0)
[2025-03-02T08:36:43.716+0000] {subprocess.py:106} INFO - [SUCCESS] Scraped: https://recreation.northeastern.edu/files/2020/09/Matthews1.png
[2025-03-02T08:36:44.152+0000] {subprocess.py:106} INFO - [INFO] Visiting: https://recreation.northeastern.edu/files/2020/09/3.png (fail_count=0)
[2025-03-02T08:36:52.990+0000] {subprocess.py:106} INFO - [SUCCESS] Scraped: https://recreation.northeastern.edu/files/2020/09/3.png
[2025-03-02T08:36:53.322+0000] {subprocess.py:106} INFO - [INFO] Visiting: https://recreation.northeastern.edu/files/2020/09/pool.jpg (fail_count=0)
[2025-03-02T08:36:58.493+0000] {subprocess.py:106} INFO - [SUCCESS] Scraped: https://recreation.northeastern.edu/files/2020/09/pool.jpg
[2025-03-02T08:36:58.835+0000] {subprocess.py:106} INFO - [INFO] Visiting: https://recreation.northeastern.edu/who-can-play-intramural-sports/ (fail_count=0)
[2025-03-02T08:37:07.533+0000] {subprocess.py:106} INFO - [SUCCESS] Scraped: https://recreation.northeastern.edu/who-can-play-intramural-sports/
[2025-03-02T08:37:07.944+0000] {subprocess.py:106} INFO - [INFO] Visiting: https://recreation.northeastern.edu/who-can-play-intramural-sports/intramural-sports-faqs/ (fail_count=0)
[2025-03-02T08:37:13.955+0000] {subprocess.py:106} INFO - [SUCCESS] Scraped: https://recreation.northeastern.edu/who-can-play-intramural-sports/intramural-sports-faqs/
[2025-03-02T08:37:14.380+0000] {subprocess.py:106} INFO - [INFO] Visiting: https://recreation.northeastern.edu/student-employee-of-the-month/ (fail_count=0)
[2025-03-02T08:37:23.104+0000] {subprocess.py:106} INFO - [SUCCESS] Scraped: https://recreation.northeastern.edu/student-employee-of-the-month/
[2025-03-02T08:37:23.667+0000] {subprocess.py:106} INFO - [INFO] Visiting: https://recreation.northeastern.edu/files/2023/11/Sofia-Murray.png (fail_count=0)
[2025-03-02T08:37:29.911+0000] {subprocess.py:106} INFO - [SUCCESS] Scraped: https://recreation.northeastern.edu/files/2023/11/Sofia-Murray.png
[2025-03-02T08:37:30.351+0000] {subprocess.py:106} INFO - [INFO] Visiting: https://recreation.northeastern.edu/files/2022/09/Ashish-Sharma.jpg (fail_count=0)
[2025-03-02T08:37:38.320+0000] {subprocess.py:106} INFO - [SUCCESS] Scraped: https://recreation.northeastern.edu/files/2022/09/Ashish-Sharma.jpg
[2025-03-02T08:37:38.758+0000] {subprocess.py:106} INFO - [INFO] Visiting: https://recreation.northeastern.edu/files/2020/09/Jonah-Albrecht.png (fail_count=0)
[2025-03-02T08:37:45.305+0000] {subprocess.py:106} INFO - [SUCCESS] Scraped: https://recreation.northeastern.edu/files/2020/09/Jonah-Albrecht.png
[2025-03-02T08:37:47.196+0000] {subprocess.py:106} INFO - [INFO] Visiting: https://recreation.northeastern.edu/files/2023/04/Samantha-Yip.png (fail_count=0)
[2025-03-02T08:37:53.172+0000] {subprocess.py:106} INFO - [SUCCESS] Scraped: https://recreation.northeastern.edu/files/2023/04/Samantha-Yip.png
[2025-03-02T08:37:54.043+0000] {subprocess.py:106} INFO - [INFO] Visiting: https://recreation.northeastern.edu/files/2024/02/Belle-McNamara-5014f9021e4d48d4.png (fail_count=0)
[2025-03-02T08:38:01.045+0000] {subprocess.py:106} INFO - [SUCCESS] Scraped: https://recreation.northeastern.edu/files/2024/02/Belle-McNamara-5014f9021e4d48d4.png
[2025-03-02T08:38:01.428+0000] {subprocess.py:106} INFO - [INFO] Visiting: https://recreation.northeastern.edu/files/2020/09/Cory-Luk.png (fail_count=0)
[2025-03-02T08:38:06.359+0000] {subprocess.py:106} INFO - [SUCCESS] Scraped: https://recreation.northeastern.edu/files/2020/09/Cory-Luk.png
[2025-03-02T08:38:06.751+0000] {subprocess.py:106} INFO - [INFO] Visiting: https://recreation.northeastern.edu/files/2024/03/Nate-Parker-dd222d15ba5df192.png (fail_count=0)
[2025-03-02T08:38:15.746+0000] {subprocess.py:106} INFO - [SUCCESS] Scraped: https://recreation.northeastern.edu/files/2024/03/Nate-Parker-dd222d15ba5df192.png
[2025-03-02T08:38:16.251+0000] {subprocess.py:106} INFO - [INFO] Visiting: https://recreation.northeastern.edu/files/2020/09/Jamila-Yunusa.png (fail_count=0)
[2025-03-02T08:38:22.108+0000] {subprocess.py:106} INFO - [SUCCESS] Scraped: https://recreation.northeastern.edu/files/2020/09/Jamila-Yunusa.png
[2025-03-02T08:38:22.477+0000] {subprocess.py:106} INFO - [INFO] Visiting: https://recreation.northeastern.edu/files/2020/09/Sarah-Olender-IM.png (fail_count=0)
[2025-03-02T08:38:28.352+0000] {subprocess.py:106} INFO - [SUCCESS] Scraped: https://recreation.northeastern.edu/files/2020/09/Sarah-Olender-IM.png
[2025-03-02T08:38:28.724+0000] {subprocess.py:106} INFO - [INFO] Visiting: https://recreation.northeastern.edu/files/2023/04/Robbie-Neumann.png (fail_count=0)
[2025-03-02T08:38:34.763+0000] {subprocess.py:106} INFO - [SUCCESS] Scraped: https://recreation.northeastern.edu/files/2023/04/Robbie-Neumann.png
[2025-03-02T08:38:35.115+0000] {subprocess.py:106} INFO - [INFO] Visiting: https://recreation.northeastern.edu/files/2024/11/Sophia.png (fail_count=0)
[2025-03-02T08:38:44.059+0000] {subprocess.py:106} INFO - [SUCCESS] Scraped: https://recreation.northeastern.edu/files/2024/11/Sophia.png
[2025-03-02T08:38:44.458+0000] {subprocess.py:106} INFO - [INFO] Visiting: https://recreation.northeastern.edu/files/2023/12/Caroline-Ho.png (fail_count=0)
[2025-03-02T08:38:53.351+0000] {subprocess.py:106} INFO - [SUCCESS] Scraped: https://recreation.northeastern.edu/files/2023/12/Caroline-Ho.png
[2025-03-02T08:38:54.038+0000] {subprocess.py:106} INFO - [INFO] Visiting: https://recreation.northeastern.edu/files/2020/09/Alexandros-Zografos-Manos.png (fail_count=0)
[2025-03-02T08:39:00.280+0000] {subprocess.py:106} INFO - [SUCCESS] Scraped: https://recreation.northeastern.edu/files/2020/09/Alexandros-Zografos-Manos.png
[2025-03-02T08:39:00.652+0000] {subprocess.py:106} INFO - [INFO] Visiting: https://recreation.northeastern.edu/files/2023/04/Vatsal-kheni.png (fail_count=0)
[2025-03-02T08:39:08.763+0000] {subprocess.py:106} INFO - [SUCCESS] Scraped: https://recreation.northeastern.edu/files/2023/04/Vatsal-kheni.png
[2025-03-02T08:39:09.127+0000] {subprocess.py:106} INFO - [INFO] Visiting: https://recreation.northeastern.edu/files/2022/10/Devin-Chatterjee.png (fail_count=0)
[2025-03-02T08:39:14.062+0000] {subprocess.py:106} INFO - [SUCCESS] Scraped: https://recreation.northeastern.edu/files/2022/10/Devin-Chatterjee.png
[2025-03-02T08:39:14.436+0000] {subprocess.py:106} INFO - [INFO] Visiting: https://recreation.northeastern.edu/files/2024/03/Genevieve-Steever-7d1cbeca0cae3f39.png (fail_count=0)
[2025-03-02T08:39:20.620+0000] {subprocess.py:106} INFO - [SUCCESS] Scraped: https://recreation.northeastern.edu/files/2024/03/Genevieve-Steever-7d1cbeca0cae3f39.png
[2025-03-02T08:39:21.026+0000] {subprocess.py:106} INFO - [INFO] Visiting: https://recreation.northeastern.edu/files/2024/05/Leticia.png (fail_count=0)
[2025-03-02T08:39:30.328+0000] {subprocess.py:106} INFO - [SUCCESS] Scraped: https://recreation.northeastern.edu/files/2024/05/Leticia.png
[2025-03-02T08:39:30.842+0000] {subprocess.py:106} INFO - [INFO] Visiting: https://recreation.northeastern.edu/files/2020/09/Sarah-Baker.png (fail_count=0)
[2025-03-02T08:39:38.408+0000] {subprocess.py:106} INFO - [SUCCESS] Scraped: https://recreation.northeastern.edu/files/2020/09/Sarah-Baker.png
[2025-03-02T08:39:38.949+0000] {subprocess.py:106} INFO - [INFO] Visiting: https://recreation.northeastern.edu/files/2022/07/Nicole-Roach.png (fail_count=0)
[2025-03-02T08:39:43.736+0000] {subprocess.py:106} INFO - [SUCCESS] Scraped: https://recreation.northeastern.edu/files/2022/07/Nicole-Roach.png
[2025-03-02T08:39:44.174+0000] {subprocess.py:106} INFO - [INFO] Visiting: https://recreation.northeastern.edu/files/2022/12/Sarah-Baker.png (fail_count=0)
[2025-03-02T08:39:50.012+0000] {subprocess.py:106} INFO - [SUCCESS] Scraped: https://recreation.northeastern.edu/files/2022/12/Sarah-Baker.png
[2025-03-02T08:39:50.503+0000] {subprocess.py:106} INFO - [INFO] Visiting: https://recreation.northeastern.edu/files/2023/01/Mehal-Patel.png (fail_count=0)
[2025-03-02T08:39:59.804+0000] {subprocess.py:106} INFO - [SUCCESS] Scraped: https://recreation.northeastern.edu/files/2023/01/Mehal-Patel.png
[2025-03-02T08:40:01.059+0000] {subprocess.py:106} INFO - [INFO] Visiting: https://recreation.northeastern.edu/files/2020/09/Jatinder-Bali.png (fail_count=0)
[2025-03-02T08:40:06.073+0000] {subprocess.py:106} INFO - [SUCCESS] Scraped: https://recreation.northeastern.edu/files/2020/09/Jatinder-Bali.png
[2025-03-02T08:40:06.487+0000] {subprocess.py:106} INFO - [INFO] Visiting: https://recreation.northeastern.edu/class-descriptions-2/ (fail_count=0)
[2025-03-02T08:40:15.870+0000] {subprocess.py:106} INFO - [SUCCESS] Scraped: https://recreation.northeastern.edu/class-descriptions-2/
[2025-03-02T08:40:16.280+0000] {subprocess.py:106} INFO - [INFO] Visiting: https://recreation.northeastern.edu/guests/ (fail_count=0)
[2025-03-02T08:40:27.337+0000] {subprocess.py:106} INFO - [SUCCESS] Scraped: https://recreation.northeastern.edu/guests/
[2025-03-02T08:40:28.358+0000] {subprocess.py:106} INFO - [INFO] Visiting: https://recreation.northeastern.edu/squashbusters-center/ (fail_count=0)
[2025-03-02T08:40:38.738+0000] {subprocess.py:106} INFO - [SUCCESS] Scraped: https://recreation.northeastern.edu/squashbusters-center/
[2025-03-02T08:40:39.094+0000] {subprocess.py:106} INFO - [INFO] Visiting: https://recreation.northeastern.edu/classes-offered-registration/ (fail_count=0)
[2025-03-02T08:40:48.108+0000] {subprocess.py:106} INFO - [SUCCESS] Scraped: https://recreation.northeastern.edu/classes-offered-registration/
[2025-03-02T08:40:48.453+0000] {subprocess.py:106} INFO - [INFO] Visiting: https://recreation.northeastern.edu/global-recreation-resource-guides/ (fail_count=0)
[2025-03-02T08:40:55.403+0000] {subprocess.py:106} INFO - [SUCCESS] Scraped: https://recreation.northeastern.edu/global-recreation-resource-guides/
[2025-03-02T08:40:55.925+0000] {subprocess.py:106} INFO - [INFO] Visiting: https://recreation.northeastern.edu/global-recreation-vancouver-campus/ (fail_count=0)
[2025-03-02T08:41:06.328+0000] {subprocess.py:106} INFO - [SUCCESS] Scraped: https://recreation.northeastern.edu/global-recreation-vancouver-campus/
[2025-03-02T08:41:06.818+0000] {subprocess.py:106} INFO - [INFO] Visiting: https://recreation.northeastern.edu/become-a-trainer/ (fail_count=0)
[2025-03-02T08:41:12.980+0000] {subprocess.py:106} INFO - [SUCCESS] Scraped: https://recreation.northeastern.edu/become-a-trainer/
[2025-03-02T08:41:13.333+0000] {subprocess.py:106} INFO - [INFO] Visiting: https://recreation.northeastern.edu/aquatics-2/ (fail_count=0)
[2025-03-02T08:41:23.780+0000] {subprocess.py:106} INFO - [SUCCESS] Scraped: https://recreation.northeastern.edu/aquatics-2/
[2025-03-02T08:41:24.179+0000] {subprocess.py:106} INFO - [INFO] Visiting: https://recreation.northeastern.edu/request-a-personal-trainer/ (fail_count=0)
[2025-03-02T08:41:31.373+0000] {subprocess.py:106} INFO - [SUCCESS] Scraped: https://recreation.northeastern.edu/request-a-personal-trainer/
[2025-03-02T08:41:31.809+0000] {subprocess.py:106} INFO - [INFO] Visiting: https://recreation.northeastern.edu/personal-training-fees/ (fail_count=0)
[2025-03-02T08:41:39.384+0000] {subprocess.py:106} INFO - [SUCCESS] Scraped: https://recreation.northeastern.edu/personal-training-fees/
[2025-03-02T08:41:39.998+0000] {subprocess.py:106} INFO - [INFO] Visiting: https://recreation.northeastern.edu/carter-playground/ (fail_count=0)
[2025-03-02T08:41:46.124+0000] {subprocess.py:106} INFO - [SUCCESS] Scraped: https://recreation.northeastern.edu/carter-playground/
[2025-03-02T08:41:48.249+0000] {subprocess.py:106} INFO - [SUCCESS] Downloaded: https://recreation.northeastern.edu/files/2024/09/Silicon-Valley-Global-Recreation-Resource-Guide-1.pdf
[2025-03-02T08:41:49.700+0000] {subprocess.py:106} INFO - [SUCCESS] Downloaded: https://recreation.northeastern.edu/files/2024/09/Vancouver-Global-Recreation-Resource-Guide-1.pdf
[2025-03-02T08:41:51.466+0000] {subprocess.py:106} INFO - [SUCCESS] Downloaded: https://recreation.northeastern.edu/files/2024/09/Toronto-Global-Recreation-Resource-Guide-1.pdf
[2025-03-02T08:41:51.471+0000] {subprocess.py:106} INFO - [INFO] Visiting: https://recreation.northeastern.edu/global-recreation-seattle-campus/ (fail_count=0)
[2025-03-02T08:42:00.578+0000] {subprocess.py:106} INFO - [SUCCESS] Scraped: https://recreation.northeastern.edu/global-recreation-seattle-campus/
[2025-03-02T08:42:02.589+0000] {subprocess.py:106} INFO - [SUCCESS] Downloaded: https://recreation.northeastern.edu/files/2024/09/Updated-Seattle-Resource-Guide.pdf
[2025-03-02T08:42:04.730+0000] {subprocess.py:106} INFO - [SUCCESS] Downloaded: https://recreation.northeastern.edu/files/2024/09/London-Global-Recreation-Resource-Guide.pdf
[2025-03-02T08:42:04.731+0000] {subprocess.py:106} INFO - [INFO] Visiting: https://recreation.northeastern.edu/global-recreation-arlington-campus/ (fail_count=0)
[2025-03-02T08:42:13.797+0000] {subprocess.py:106} INFO - [SUCCESS] Scraped: https://recreation.northeastern.edu/global-recreation-arlington-campus/
[2025-03-02T08:42:14.135+0000] {subprocess.py:106} INFO - [INFO] Visiting: https://recreation.northeastern.edu/global-recreation-silicon-valley-campus/ (fail_count=0)
[2025-03-02T08:42:24.438+0000] {subprocess.py:106} INFO - [SUCCESS] Scraped: https://recreation.northeastern.edu/global-recreation-silicon-valley-campus/
[2025-03-02T08:42:26.708+0000] {subprocess.py:106} INFO - [SUCCESS] Downloaded: https://recreation.northeastern.edu/files/2024/09/Arlington-Global-Recreation-Resource-Guide-1.pdf
[2025-03-02T08:42:26.712+0000] {subprocess.py:106} INFO - [INFO] Visiting: https://recreation.northeastern.edu/global-recreation-toronto-campus/ (fail_count=0)
[2025-03-02T08:42:36.449+0000] {subprocess.py:106} INFO - [SUCCESS] Scraped: https://recreation.northeastern.edu/global-recreation-toronto-campus/
[2025-03-02T08:42:38.495+0000] {subprocess.py:106} INFO - [SUCCESS] Downloaded: https://recreation.northeastern.edu/files/2024/09/Roux-Institute-Global-Recreation-Resource-Guide-2.pdf
[2025-03-02T08:42:38.504+0000] {subprocess.py:106} INFO - [INFO] Visiting: https://recreation.northeastern.edu/global-recreation-roux-institute/ (fail_count=0)
[2025-03-02T08:42:47.651+0000] {subprocess.py:106} INFO - [SUCCESS] Scraped: https://recreation.northeastern.edu/global-recreation-roux-institute/
[2025-03-02T08:42:49.148+0000] {subprocess.py:106} INFO - [SUCCESS] Downloaded: https://recreation.northeastern.edu/files/2024/09/Roux-Institute-Global-Recreation-Resource-Guide.pdf
[2025-03-02T08:42:49.153+0000] {subprocess.py:106} INFO - [INFO] Visiting: https://recreation.northeastern.edu/files/2020/09/Shreyash.png (fail_count=0)
[2025-03-02T08:42:58.049+0000] {subprocess.py:106} INFO - [SUCCESS] Scraped: https://recreation.northeastern.edu/files/2020/09/Shreyash.png
[2025-03-02T08:42:58.433+0000] {subprocess.py:106} INFO - [INFO] Visiting: https://recreation.northeastern.edu/files/2020/09/Keval-Shah.png (fail_count=0)
[2025-03-02T08:43:06.705+0000] {subprocess.py:106} INFO - [SUCCESS] Scraped: https://recreation.northeastern.edu/files/2020/09/Keval-Shah.png
[2025-03-02T08:43:07.085+0000] {subprocess.py:106} INFO - [INFO] Visiting: https://recreation.northeastern.edu/files/2025/01/1.png (fail_count=0)
[2025-03-02T08:43:16.197+0000] {subprocess.py:106} INFO - [SUCCESS] Scraped: https://recreation.northeastern.edu/files/2025/01/1.png
[2025-03-02T08:43:17.005+0000] {subprocess.py:106} INFO - [INFO] Visiting: https://recreation.northeastern.edu/files/2023/09/Ashish-Sharma.png (fail_count=0)
[2025-03-02T08:43:26.142+0000] {subprocess.py:106} INFO - [SUCCESS] Scraped: https://recreation.northeastern.edu/files/2023/09/Ashish-Sharma.png
[2025-03-02T08:43:26.690+0000] {subprocess.py:106} INFO - [INFO] Visiting: https://recreation.northeastern.edu/files/2020/09/Matt-Fritz.png (fail_count=0)
[2025-03-02T08:43:35.619+0000] {subprocess.py:106} INFO - [SUCCESS] Scraped: https://recreation.northeastern.edu/files/2020/09/Matt-Fritz.png
[2025-03-02T08:43:36.020+0000] {subprocess.py:106} INFO - [INFO] Visiting: https://recreation.northeastern.edu/files/2023/12/Donovan-Holt.png (fail_count=0)
[2025-03-02T08:43:43.946+0000] {subprocess.py:106} INFO - [SUCCESS] Scraped: https://recreation.northeastern.edu/files/2023/12/Donovan-Holt.png
[2025-03-02T08:43:44.295+0000] {subprocess.py:106} INFO - [INFO] Visiting: https://recreation.northeastern.edu/files/2024/11/Sarah.png (fail_count=0)
[2025-03-02T08:43:50.351+0000] {subprocess.py:106} INFO - [SUCCESS] Scraped: https://recreation.northeastern.edu/files/2024/11/Sarah.png
[2025-03-02T08:43:50.776+0000] {subprocess.py:106} INFO - [INFO] Visiting: https://recreation.northeastern.edu/files/2022/11/Tiana-Sheddy.png (fail_count=0)
[2025-03-02T08:43:58.793+0000] {subprocess.py:106} INFO - [SUCCESS] Scraped: https://recreation.northeastern.edu/files/2022/11/Tiana-Sheddy.png
[2025-03-02T08:43:59.267+0000] {subprocess.py:106} INFO - [INFO] Visiting: https://recreation.northeastern.edu/files/2020/09/Matt-Fritz-IM.png (fail_count=0)
[2025-03-02T08:44:05.428+0000] {subprocess.py:106} INFO - [SUCCESS] Scraped: https://recreation.northeastern.edu/files/2020/09/Matt-Fritz-IM.png
[2025-03-02T08:44:05.912+0000] {subprocess.py:106} INFO - [INFO] Visiting: https://recreation.northeastern.edu/files/2022/07/Prashanth-Krishnamsetty.png (fail_count=0)
[2025-03-02T08:44:13.097+0000] {subprocess.py:106} INFO - [SUCCESS] Scraped: https://recreation.northeastern.edu/files/2022/07/Prashanth-Krishnamsetty.png
[2025-03-02T08:44:13.448+0000] {subprocess.py:106} INFO - [INFO] Visiting: https://recreation.northeastern.edu/files/2020/09/Josue-Oviedo.png (fail_count=0)
[2025-03-02T08:44:21.556+0000] {subprocess.py:106} INFO - [SUCCESS] Scraped: https://recreation.northeastern.edu/files/2020/09/Josue-Oviedo.png
[2025-03-02T08:44:21.890+0000] {subprocess.py:106} INFO - [INFO] Visiting: https://recreation.northeastern.edu/files/2023/03/Shivam-Joshi.png (fail_count=0)
[2025-03-02T08:44:30.759+0000] {subprocess.py:106} INFO - [SUCCESS] Scraped: https://recreation.northeastern.edu/files/2023/03/Shivam-Joshi.png
[2025-03-02T08:44:31.080+0000] {subprocess.py:106} INFO - [INFO] Visiting: https://recreation.northeastern.edu/files/2023/05/Kevin-Chan.png (fail_count=0)
[2025-03-02T08:44:40.238+0000] {subprocess.py:106} INFO - [SUCCESS] Scraped: https://recreation.northeastern.edu/files/2023/05/Kevin-Chan.png
[2025-03-02T08:44:40.696+0000] {subprocess.py:106} INFO - [INFO] Visiting: https://recreation.northeastern.edu/files/2023/03/Belle-McNamara.png (fail_count=0)
[2025-03-02T08:44:45.710+0000] {subprocess.py:106} INFO - [SUCCESS] Scraped: https://recreation.northeastern.edu/files/2023/03/Belle-McNamara.png
[2025-03-02T08:44:46.025+0000] {subprocess.py:106} INFO - [INFO] Visiting: https://recreation.northeastern.edu/files/2024/11/Guna.png (fail_count=0)
[2025-03-02T08:44:52.181+0000] {subprocess.py:106} INFO - [SUCCESS] Scraped: https://recreation.northeastern.edu/files/2024/11/Guna.png
[2025-03-02T08:44:52.519+0000] {subprocess.py:106} INFO - [INFO] Visiting: https://recreation.northeastern.edu/files/2022/08/Maria-Paula-Acosta-Bello.png (fail_count=0)
[2025-03-02T08:44:58.845+0000] {subprocess.py:106} INFO - [SUCCESS] Scraped: https://recreation.northeastern.edu/files/2022/08/Maria-Paula-Acosta-Bello.png
[2025-03-02T08:44:59.258+0000] {subprocess.py:106} INFO - [INFO] Visiting: https://recreation.northeastern.edu/files/2020/09/Sandy-Saliba.png (fail_count=0)
[2025-03-02T08:45:07.434+0000] {subprocess.py:106} INFO - [SUCCESS] Scraped: https://recreation.northeastern.edu/files/2020/09/Sandy-Saliba.png
[2025-03-02T08:45:07.955+0000] {subprocess.py:106} INFO - [INFO] Visiting: https://recreation.northeastern.edu/files/2022/12/Jack-Butler.png (fail_count=0)
[2025-03-02T08:45:12.970+0000] {subprocess.py:106} INFO - [SUCCESS] Scraped: https://recreation.northeastern.edu/files/2022/12/Jack-Butler.png
[2025-03-02T08:45:13.306+0000] {subprocess.py:106} INFO - [INFO] Visiting: https://recreation.northeastern.edu/files/2020/09/Natalie-Noland.png (fail_count=0)
[2025-03-02T08:45:19.557+0000] {subprocess.py:106} INFO - [SUCCESS] Scraped: https://recreation.northeastern.edu/files/2020/09/Natalie-Noland.png
[2025-03-02T08:45:19.887+0000] {subprocess.py:106} INFO - [INFO] Visiting: https://recreation.northeastern.edu/files/2022/10/Neha-Swaminathan.png (fail_count=0)
[2025-03-02T08:45:25.094+0000] {subprocess.py:106} INFO - [SUCCESS] Scraped: https://recreation.northeastern.edu/files/2022/10/Neha-Swaminathan.png
[2025-03-02T08:45:25.438+0000] {subprocess.py:106} INFO - [INFO] Visiting: https://recreation.northeastern.edu/files/2023/10/Ellis-Thomas.png (fail_count=0)
[2025-03-02T08:45:30.563+0000] {subprocess.py:106} INFO - [SUCCESS] Scraped: https://recreation.northeastern.edu/files/2023/10/Ellis-Thomas.png
[2025-03-02T08:45:30.926+0000] {subprocess.py:106} INFO - [INFO] Visiting: https://recreation.northeastern.edu/files/2023/01/Vinny-Coppola.png (fail_count=0)
[2025-03-02T08:45:35.956+0000] {subprocess.py:106} INFO - [SUCCESS] Scraped: https://recreation.northeastern.edu/files/2023/01/Vinny-Coppola.png
[2025-03-02T08:45:36.292+0000] {subprocess.py:106} INFO - [INFO] Visiting: https://recreation.northeastern.edu/files/2023/11/Tatyana-Boiano.png (fail_count=0)
[2025-03-02T08:45:45.514+0000] {subprocess.py:106} INFO - [SUCCESS] Scraped: https://recreation.northeastern.edu/files/2023/11/Tatyana-Boiano.png
[2025-03-02T08:45:45.877+0000] {subprocess.py:106} INFO - [INFO] Visiting: https://recreation.northeastern.edu/files/2020/09/Rachel-Miramontes.png (fail_count=0)
[2025-03-02T08:45:54.729+0000] {subprocess.py:106} INFO - [SUCCESS] Scraped: https://recreation.northeastern.edu/files/2020/09/Rachel-Miramontes.png
[2025-03-02T08:45:55.433+0000] {subprocess.py:106} INFO - [INFO] Visiting: https://recreation.northeastern.edu/files/2022/09/Emma-Castle.jpg (fail_count=0)
[2025-03-02T08:46:03.217+0000] {subprocess.py:106} INFO - [SUCCESS] Scraped: https://recreation.northeastern.edu/files/2022/09/Emma-Castle.jpg
[2025-03-02T08:46:03.605+0000] {subprocess.py:106} INFO - [INFO] Visiting: https://recreation.northeastern.edu/files/2023/04/Emma-McGarrity.png (fail_count=0)
[2025-03-02T08:46:09.882+0000] {subprocess.py:106} INFO - [SUCCESS] Scraped: https://recreation.northeastern.edu/files/2023/04/Emma-McGarrity.png
[2025-03-02T08:46:10.253+0000] {subprocess.py:106} INFO - [INFO] Visiting: https://recreation.northeastern.edu/files/2020/09/Varun.png (fail_count=0)
[2025-03-02T08:46:16.181+0000] {subprocess.py:106} INFO - [SUCCESS] Scraped: https://recreation.northeastern.edu/files/2020/09/Varun.png
[2025-03-02T08:46:16.534+0000] {subprocess.py:106} INFO - [INFO] Visiting: https://recreation.northeastern.edu/files/2023/11/Sai-Narmeta.png (fail_count=0)
[2025-03-02T08:46:22.535+0000] {subprocess.py:106} INFO - [SUCCESS] Scraped: https://recreation.northeastern.edu/files/2023/11/Sai-Narmeta.png
[2025-03-02T08:46:22.914+0000] {subprocess.py:106} INFO - [INFO] Visiting: https://recreation.northeastern.edu/files/2023/03/Dennis-Simmons.png (fail_count=0)
[2025-03-02T08:46:29.051+0000] {subprocess.py:106} INFO - [SUCCESS] Scraped: https://recreation.northeastern.edu/files/2023/03/Dennis-Simmons.png
[2025-03-02T08:46:29.507+0000] {subprocess.py:106} INFO - [INFO] Visiting: https://recreation.northeastern.edu/files/2020/09/Nimi.png (fail_count=0)
[2025-03-02T08:46:36.728+0000] {subprocess.py:106} INFO - [SUCCESS] Scraped: https://recreation.northeastern.edu/files/2020/09/Nimi.png
[2025-03-02T08:46:37.386+0000] {subprocess.py:106} INFO - [INFO] Visiting: https://recreation.northeastern.edu/files/2022/06/Bri-Kelly.png (fail_count=0)
[2025-03-02T08:46:42.470+0000] {subprocess.py:106} INFO - [SUCCESS] Scraped: https://recreation.northeastern.edu/files/2022/06/Bri-Kelly.png
[2025-03-02T08:46:42.828+0000] {subprocess.py:106} INFO - [INFO] Visiting: https://recreation.northeastern.edu/files/2020/09/Rachael-Biega.png (fail_count=0)
[2025-03-02T08:46:48.821+0000] {subprocess.py:106} INFO - [SUCCESS] Scraped: https://recreation.northeastern.edu/files/2020/09/Rachael-Biega.png
[2025-03-02T08:46:49.295+0000] {subprocess.py:106} INFO - [INFO] Visiting: https://recreation.northeastern.edu/files/2023/03/Daria-Listkova.png (fail_count=0)
[2025-03-02T08:46:54.083+0000] {subprocess.py:106} INFO - [SUCCESS] Scraped: https://recreation.northeastern.edu/files/2023/03/Daria-Listkova.png
[2025-03-02T08:46:54.418+0000] {subprocess.py:106} INFO - [INFO] Visiting: https://recreation.northeastern.edu/files/2025/01/3.png (fail_count=0)
[2025-03-02T08:47:01.354+0000] {subprocess.py:106} INFO - [SUCCESS] Scraped: https://recreation.northeastern.edu/files/2025/01/3.png
[2025-03-02T08:47:01.742+0000] {subprocess.py:106} INFO - [INFO] Visiting: https://recreation.northeastern.edu/files/2023/10/Joshua-Miller.png (fail_count=0)
[2025-03-02T08:47:06.723+0000] {subprocess.py:106} INFO - [SUCCESS] Scraped: https://recreation.northeastern.edu/files/2023/10/Joshua-Miller.png
[2025-03-02T08:47:07.260+0000] {subprocess.py:106} INFO - [INFO] Visiting: https://recreation.northeastern.edu/files/2020/09/Liam-Moore.png (fail_count=0)
[2025-03-02T08:47:15.145+0000] {subprocess.py:106} INFO - [SUCCESS] Scraped: https://recreation.northeastern.edu/files/2020/09/Liam-Moore.png
[2025-03-02T08:47:15.601+0000] {subprocess.py:106} INFO - [INFO] Visiting: https://recreation.northeastern.edu/files/2023/09/Jack-Butler.png (fail_count=0)
[2025-03-02T08:47:22.631+0000] {subprocess.py:106} INFO - [SUCCESS] Scraped: https://recreation.northeastern.edu/files/2023/09/Jack-Butler.png
[2025-03-02T08:47:23.236+0000] {subprocess.py:106} INFO - [INFO] Visiting: https://recreation.northeastern.edu/files/2022/06/Jake-OShea.png (fail_count=0)
[2025-03-02T08:47:29.142+0000] {subprocess.py:106} INFO - [SUCCESS] Scraped: https://recreation.northeastern.edu/files/2022/06/Jake-OShea.png
[2025-03-02T08:47:29.594+0000] {subprocess.py:106} INFO - [INFO] Visiting: https://recreation.northeastern.edu/files/2024/09/Yashasvi.png (fail_count=0)
[2025-03-02T08:47:34.648+0000] {subprocess.py:106} INFO - [SUCCESS] Scraped: https://recreation.northeastern.edu/files/2024/09/Yashasvi.png
[2025-03-02T08:47:35.030+0000] {subprocess.py:106} INFO - [INFO] Visiting: https://recreation.northeastern.edu/files/2022/08/Sakshee-Naik.png (fail_count=0)
[2025-03-02T08:47:44.159+0000] {subprocess.py:106} INFO - [SUCCESS] Scraped: https://recreation.northeastern.edu/files/2022/08/Sakshee-Naik.png
[2025-03-02T08:47:44.557+0000] {subprocess.py:106} INFO - [INFO] Visiting: https://recreation.northeastern.edu/files/2020/09/Mitesha-Jadhav.png (fail_count=0)
[2025-03-02T08:47:50.446+0000] {subprocess.py:106} INFO - [SUCCESS] Scraped: https://recreation.northeastern.edu/files/2020/09/Mitesha-Jadhav.png
[2025-03-02T08:47:50.759+0000] {subprocess.py:106} INFO - [INFO] Visiting: https://recreation.northeastern.edu/files/2020/09/Sarah-Adamo.png (fail_count=0)
[2025-03-02T08:47:58.830+0000] {subprocess.py:106} INFO - [SUCCESS] Scraped: https://recreation.northeastern.edu/files/2020/09/Sarah-Adamo.png
[2025-03-02T08:47:59.216+0000] {subprocess.py:106} INFO - [INFO] Visiting: https://recreation.northeastern.edu/files/2020/09/Alison-Sheng.png (fail_count=0)
[2025-03-02T08:48:08.567+0000] {subprocess.py:106} INFO - [SUCCESS] Scraped: https://recreation.northeastern.edu/files/2020/09/Alison-Sheng.png
[2025-03-02T08:48:08.959+0000] {subprocess.py:106} INFO - [INFO] Visiting: https://recreation.northeastern.edu/files/2022/12/Elena-Castellini-.png (fail_count=0)
[2025-03-02T08:48:13.920+0000] {subprocess.py:106} INFO - [SUCCESS] Scraped: https://recreation.northeastern.edu/files/2022/12/Elena-Castellini-.png
[2025-03-02T08:48:14.286+0000] {subprocess.py:106} INFO - [INFO] Visiting: https://recreation.northeastern.edu/files/2020/09/Roya-Baalbaki.png (fail_count=0)
[2025-03-02T08:48:23.437+0000] {subprocess.py:106} INFO - [SUCCESS] Scraped: https://recreation.northeastern.edu/files/2020/09/Roya-Baalbaki.png
[2025-03-02T08:48:23.751+0000] {subprocess.py:106} INFO - [INFO] Visiting: https://recreation.northeastern.edu/files/2024/11/Vedant.png (fail_count=0)
[2025-03-02T08:48:30.675+0000] {subprocess.py:106} INFO - [SUCCESS] Scraped: https://recreation.northeastern.edu/files/2024/11/Vedant.png
[2025-03-02T08:48:31.005+0000] {subprocess.py:106} INFO - [INFO] Visiting: https://recreation.northeastern.edu/files/2024/11/Shub.png (fail_count=0)
[2025-03-02T08:48:38.094+0000] {subprocess.py:106} INFO - [SUCCESS] Scraped: https://recreation.northeastern.edu/files/2024/11/Shub.png
[2025-03-02T08:48:38.505+0000] {subprocess.py:106} INFO - [INFO] Visiting: https://recreation.northeastern.edu/files/2020/09/Dakota-Wintrode.png (fail_count=0)
[2025-03-02T08:48:47.467+0000] {subprocess.py:106} INFO - [SUCCESS] Scraped: https://recreation.northeastern.edu/files/2020/09/Dakota-Wintrode.png
[2025-03-02T08:48:47.953+0000] {subprocess.py:106} INFO - [INFO] Visiting: https://recreation.northeastern.edu/files/2022/08/Mayzie-Hunter.png (fail_count=0)
[2025-03-02T08:48:55.488+0000] {subprocess.py:106} INFO - [SUCCESS] Scraped: https://recreation.northeastern.edu/files/2022/08/Mayzie-Hunter.png
[2025-03-02T08:48:55.878+0000] {subprocess.py:106} INFO - [INFO] Visiting: https://recreation.northeastern.edu/files/2022/11/Qian-Jing.png (fail_count=0)
[2025-03-02T08:49:00.382+0000] {subprocess.py:106} INFO - [SUCCESS] Scraped: https://recreation.northeastern.edu/files/2022/11/Qian-Jing.png
[2025-03-02T08:49:00.747+0000] {subprocess.py:106} INFO - [INFO] Visiting: https://recreation.northeastern.edu/files/2022/07/Pedro-Escobar.png (fail_count=0)
[2025-03-02T08:49:08.321+0000] {subprocess.py:106} INFO - [SUCCESS] Scraped: https://recreation.northeastern.edu/files/2022/07/Pedro-Escobar.png
[2025-03-02T08:49:08.807+0000] {subprocess.py:106} INFO - [INFO] Visiting: https://recreation.northeastern.edu/files/2024/04/Lauren-0714aeed58ab0147.png (fail_count=0)
[2025-03-02T08:49:14.342+0000] {subprocess.py:106} INFO - [SUCCESS] Scraped: https://recreation.northeastern.edu/files/2024/04/Lauren-0714aeed58ab0147.png
[2025-03-02T08:49:14.679+0000] {subprocess.py:106} INFO - [INFO] Visiting: https://recreation.northeastern.edu/files/2023/08/Sacha-Sergent.png (fail_count=0)
[2025-03-02T08:49:22.410+0000] {subprocess.py:106} INFO - [SUCCESS] Scraped: https://recreation.northeastern.edu/files/2023/08/Sacha-Sergent.png
[2025-03-02T08:49:22.805+0000] {subprocess.py:106} INFO - [INFO] Visiting: https://recreation.northeastern.edu/files/2020/09/Aabha-Parikh.png (fail_count=0)
[2025-03-02T08:49:29.474+0000] {subprocess.py:106} INFO - [SUCCESS] Scraped: https://recreation.northeastern.edu/files/2020/09/Aabha-Parikh.png
[2025-03-02T08:49:29.909+0000] {subprocess.py:106} INFO - [INFO] Visiting: https://recreation.northeastern.edu/files/2023/04/Kaneesha-Ranade.png (fail_count=0)
[2025-03-02T08:49:35.479+0000] {subprocess.py:106} INFO - [SUCCESS] Scraped: https://recreation.northeastern.edu/files/2023/04/Kaneesha-Ranade.png
[2025-03-02T08:49:36.150+0000] {subprocess.py:106} INFO - [INFO] Visiting: https://recreation.northeastern.edu/files/2024/04/Dylan-d72d2550bf26bae0.png (fail_count=0)
[2025-03-02T08:49:41.885+0000] {subprocess.py:106} INFO - [SUCCESS] Scraped: https://recreation.northeastern.edu/files/2024/04/Dylan-d72d2550bf26bae0.png
[2025-03-02T08:49:42.418+0000] {subprocess.py:106} INFO - [INFO] Visiting: https://recreation.northeastern.edu/files/2022/10/Lizbeth-Dominguez.png (fail_count=0)
[2025-03-02T08:49:51.253+0000] {subprocess.py:106} INFO - [SUCCESS] Scraped: https://recreation.northeastern.edu/files/2022/10/Lizbeth-Dominguez.png
[2025-03-02T08:49:51.642+0000] {subprocess.py:106} INFO - [INFO] Visiting: https://recreation.northeastern.edu/files/2025/01/4.png (fail_count=0)
[2025-03-02T08:49:57.100+0000] {subprocess.py:106} INFO - [SUCCESS] Scraped: https://recreation.northeastern.edu/files/2025/01/4.png
[2025-03-02T08:49:57.410+0000] {subprocess.py:106} INFO - [INFO] Visiting: https://recreation.northeastern.edu/files/2025/01/2.png (fail_count=0)
[2025-03-02T08:50:05.078+0000] {subprocess.py:106} INFO - [SUCCESS] Scraped: https://recreation.northeastern.edu/files/2025/01/2.png
[2025-03-02T08:50:05.526+0000] {subprocess.py:106} INFO - [INFO] Visiting: https://recreation.northeastern.edu/files/2024/08/Emily.png (fail_count=0)
[2025-03-02T08:50:11.131+0000] {subprocess.py:106} INFO - [SUCCESS] Scraped: https://recreation.northeastern.edu/files/2024/08/Emily.png
[2025-03-02T08:50:11.817+0000] {subprocess.py:106} INFO - [INFO] Visiting: https://recreation.northeastern.edu/files/2020/09/Emily-Tran.png (fail_count=0)
[2025-03-02T08:50:19.640+0000] {subprocess.py:106} INFO - [SUCCESS] Scraped: https://recreation.northeastern.edu/files/2020/09/Emily-Tran.png
[2025-03-02T08:50:19.939+0000] {subprocess.py:106} INFO - [INFO] Visiting: https://recreation.northeastern.edu/files/2020/09/Sarah-Olender.png (fail_count=0)
[2025-03-02T08:50:24.627+0000] {subprocess.py:106} INFO - [SUCCESS] Scraped: https://recreation.northeastern.edu/files/2020/09/Sarah-Olender.png
[2025-03-02T08:50:25.012+0000] {subprocess.py:106} INFO - [INFO] Visiting: https://recreation.northeastern.edu/files/2023/02/Sacha-Sergent.png (fail_count=0)
[2025-03-02T08:50:33.771+0000] {subprocess.py:106} INFO - [SUCCESS] Scraped: https://recreation.northeastern.edu/files/2023/02/Sacha-Sergent.png
[2025-03-02T08:50:34.335+0000] {subprocess.py:106} INFO - [INFO] Visiting: https://recreation.northeastern.edu/files/2023/09/Sarah-Jacobs.png (fail_count=0)
[2025-03-02T08:50:40.043+0000] {subprocess.py:106} INFO - [SUCCESS] Scraped: https://recreation.northeastern.edu/files/2023/09/Sarah-Jacobs.png
[2025-03-02T08:50:40.403+0000] {subprocess.py:106} INFO - [INFO] Visiting: https://recreation.northeastern.edu/files/2024/03/Ria-Nath-373a813884a1e09e.png (fail_count=0)
[2025-03-02T08:50:48.104+0000] {subprocess.py:106} INFO - [SUCCESS] Scraped: https://recreation.northeastern.edu/files/2024/03/Ria-Nath-373a813884a1e09e.png
[2025-03-02T08:50:48.780+0000] {subprocess.py:106} INFO - [INFO] Visiting: https://recreation.northeastern.edu/files/2020/09/Rachel-Luccarelli.png (fail_count=0)
[2025-03-02T08:50:55.260+0000] {subprocess.py:106} INFO - [SUCCESS] Scraped: https://recreation.northeastern.edu/files/2020/09/Rachel-Luccarelli.png
[2025-03-02T08:50:55.568+0000] {subprocess.py:106} INFO - [INFO] Visiting: https://recreation.northeastern.edu/files/2020/09/Jacob.png (fail_count=0)
[2025-03-02T08:51:04.123+0000] {subprocess.py:106} INFO - [SUCCESS] Scraped: https://recreation.northeastern.edu/files/2020/09/Jacob.png
[2025-03-02T08:51:04.436+0000] {subprocess.py:106} INFO - [INFO] Visiting: https://recreation.northeastern.edu/files/2020/09/Thomas-Cunningham.png (fail_count=0)
[2025-03-02T08:51:08.965+0000] {subprocess.py:106} INFO - [SUCCESS] Scraped: https://recreation.northeastern.edu/files/2020/09/Thomas-Cunningham.png
[2025-03-02T08:51:09.331+0000] {subprocess.py:106} INFO - [INFO] Visiting: https://recreation.northeastern.edu/files/2022/11/Ishan-Shah-.png (fail_count=0)
[2025-03-02T08:51:14.214+0000] {subprocess.py:106} INFO - [SUCCESS] Scraped: https://recreation.northeastern.edu/files/2022/11/Ishan-Shah-.png
[2025-03-02T08:51:14.580+0000] {subprocess.py:106} INFO - [INFO] Visiting: https://recreation.northeastern.edu/files/2024/02/Shreyas-Terdalkar-fe8e571c91c85eb8.png (fail_count=0)
[2025-03-02T08:51:21.238+0000] {subprocess.py:106} INFO - [SUCCESS] Scraped: https://recreation.northeastern.edu/files/2024/02/Shreyas-Terdalkar-fe8e571c91c85eb8.png
[2025-03-02T08:51:21.542+0000] {subprocess.py:106} INFO - [INFO] Visiting: https://recreation.northeastern.edu/files/2023/08/Michael-Davis.png (fail_count=0)
[2025-03-02T08:51:30.083+0000] {subprocess.py:106} INFO - [SUCCESS] Scraped: https://recreation.northeastern.edu/files/2023/08/Michael-Davis.png
[2025-03-02T08:51:30.427+0000] {subprocess.py:106} INFO - [INFO] Visiting: https://recreation.northeastern.edu/files/2024/05/Melanie.png (fail_count=0)
[2025-03-02T08:51:37.068+0000] {subprocess.py:106} INFO - [SUCCESS] Scraped: https://recreation.northeastern.edu/files/2024/05/Melanie.png
[2025-03-02T08:51:37.418+0000] {subprocess.py:106} INFO - [INFO] Visiting: https://recreation.northeastern.edu/files/2023/05/Mihir-Joshi-.png (fail_count=0)
[2025-03-02T08:51:44.025+0000] {subprocess.py:106} INFO - [SUCCESS] Scraped: https://recreation.northeastern.edu/files/2023/05/Mihir-Joshi-.png
[2025-03-02T08:51:44.399+0000] {subprocess.py:106} INFO - [INFO] Visiting: https://recreation.northeastern.edu/files/2020/09/Sarah-Jacobs.png (fail_count=0)
[2025-03-02T08:51:52.123+0000] {subprocess.py:106} INFO - [SUCCESS] Scraped: https://recreation.northeastern.edu/files/2020/09/Sarah-Jacobs.png
[2025-03-02T08:51:52.476+0000] {subprocess.py:106} INFO - [INFO] Visiting: https://recreation.northeastern.edu/files/2020/09/Zachary-Umans.png (fail_count=0)
[2025-03-02T08:52:01.095+0000] {subprocess.py:106} INFO - [SUCCESS] Scraped: https://recreation.northeastern.edu/files/2020/09/Zachary-Umans.png
[2025-03-02T08:52:01.421+0000] {subprocess.py:106} INFO - [INFO] Visiting: https://recreation.northeastern.edu/files/2023/02/Genevieve-Steever.png (fail_count=0)
[2025-03-02T08:52:08.034+0000] {subprocess.py:106} INFO - [SUCCESS] Scraped: https://recreation.northeastern.edu/files/2023/02/Genevieve-Steever.png
[2025-03-02T08:52:08.379+0000] {subprocess.py:106} INFO - [INFO] Visiting: https://recreation.northeastern.edu/files/2024/04/Kiki-1ddcf7504fe73add.png (fail_count=0)
[2025-03-02T08:52:16.851+0000] {subprocess.py:106} INFO - [SUCCESS] Scraped: https://recreation.northeastern.edu/files/2024/04/Kiki-1ddcf7504fe73add.png
[2025-03-02T08:52:17.221+0000] {subprocess.py:106} INFO - [INFO] Visiting: https://recreation.northeastern.edu/files/2023/12/Julia-Lo.png (fail_count=0)
[2025-03-02T08:52:24.972+0000] {subprocess.py:106} INFO - [SUCCESS] Scraped: https://recreation.northeastern.edu/files/2023/12/Julia-Lo.png
[2025-03-02T08:52:25.350+0000] {subprocess.py:106} INFO - [INFO] Visiting: https://recreation.northeastern.edu/files/2024/05/Abby.png (fail_count=0)
[2025-03-02T08:52:30.849+0000] {subprocess.py:106} INFO - [SUCCESS] Scraped: https://recreation.northeastern.edu/files/2024/05/Abby.png
[2025-03-02T08:52:31.220+0000] {subprocess.py:106} INFO - [INFO] Visiting: https://recreation.northeastern.edu/files/2020/09/Maria-Paula-Acosta-Bello.png (fail_count=0)
[2025-03-02T08:52:38.851+0000] {subprocess.py:106} INFO - [SUCCESS] Scraped: https://recreation.northeastern.edu/files/2020/09/Maria-Paula-Acosta-Bello.png
[2025-03-02T08:52:39.206+0000] {subprocess.py:106} INFO - [INFO] Visiting: https://recreation.northeastern.edu/files/2020/09/Michael-Quinn.png (fail_count=0)
[2025-03-02T08:52:44.220+0000] {subprocess.py:106} INFO - [SUCCESS] Scraped: https://recreation.northeastern.edu/files/2020/09/Michael-Quinn.png
[2025-03-02T08:52:44.599+0000] {subprocess.py:106} INFO - [INFO] Visiting: https://recreation.northeastern.edu/files/2024/02/Jacob-Katz-3b5a8765000de9b7.png (fail_count=0)
[2025-03-02T08:52:53.451+0000] {subprocess.py:106} INFO - [SUCCESS] Scraped: https://recreation.northeastern.edu/files/2024/02/Jacob-Katz-3b5a8765000de9b7.png
[2025-03-02T08:52:53.785+0000] {subprocess.py:106} INFO - [INFO] Visiting: https://recreation.northeastern.edu/files/2023/04/Mira-Gandhi.png (fail_count=0)
[2025-03-02T08:53:02.486+0000] {subprocess.py:106} INFO - [SUCCESS] Scraped: https://recreation.northeastern.edu/files/2023/04/Mira-Gandhi.png
[2025-03-02T08:53:02.845+0000] {subprocess.py:106} INFO - [INFO] Visiting: https://recreation.northeastern.edu/files/2023/02/Emily-Aliotta.png (fail_count=0)
[2025-03-02T08:53:10.508+0000] {subprocess.py:106} INFO - [SUCCESS] Scraped: https://recreation.northeastern.edu/files/2023/02/Emily-Aliotta.png
[2025-03-02T08:53:10.845+0000] {subprocess.py:106} INFO - [INFO] Visiting: https://recreation.northeastern.edu/files/2020/09/1.jpg (fail_count=0)
[2025-03-02T08:53:19.448+0000] {subprocess.py:106} INFO - [SUCCESS] Scraped: https://recreation.northeastern.edu/files/2020/09/1.jpg
[2025-03-02T08:53:20.424+0000] {subprocess.py:106} INFO - [SUCCESS] Downloaded: https://recreation.northeastern.edu/files/2024/12/SquashBusters-Spring-2025.pdf
[2025-03-02T08:53:20.758+0000] {subprocess.py:106} INFO - [SUCCESS] Downloaded: https://recreation.northeastern.edu/files/2024/12/Marino-Spring-2025.pdf
[2025-03-02T08:53:20.762+0000] {subprocess.py:106} INFO - [INFO] Visiting: https://recreation.northeastern.edu/guest/ (fail_count=0)
[2025-03-02T08:53:32.197+0000] {subprocess.py:106} INFO - [SUCCESS] Scraped: https://recreation.northeastern.edu/guest/
[2025-03-02T08:53:33.074+0000] {subprocess.py:106} INFO - [SUCCESS] Downloaded: https://recreation.northeastern.edu/files/2020/09/FreeAgentHandoutWeb.pdf
[2025-03-02T08:53:33.075+0000] {subprocess.py:106} INFO - [INFO] Visiting: https://recreation.northeastern.edu/category/uncategorized/ (fail_count=0)
[2025-03-02T08:53:40.145+0000] {subprocess.py:106} INFO - [SUCCESS] Scraped: https://recreation.northeastern.edu/category/uncategorized/
[2025-03-02T08:53:40.566+0000] {subprocess.py:106} INFO - [INFO] Visiting: https://recreation.northeastern.edu/blog-post/ (fail_count=0)
[2025-03-02T08:53:50.759+0000] {subprocess.py:106} INFO - [SUCCESS] Scraped: https://recreation.northeastern.edu/blog-post/
[2025-03-02T08:53:51.757+0000] {subprocess.py:106} INFO - [INFO] Visiting: https://recreation.northeastern.edu/wp-content/mu-plugins/lean-captcha/lc_ep.php (fail_count=0)
[2025-03-02T08:53:59.119+0000] {subprocess.py:106} INFO - [SUCCESS] Scraped: https://recreation.northeastern.edu/wp-content/mu-plugins/lean-captcha/lc_ep.php
[2025-03-02T08:53:59.529+0000] {subprocess.py:106} INFO - [INFO] Visiting: https://recreation.northeastern.edu/title-with-featured-image-as-background/ (fail_count=0)
[2025-03-02T08:54:07.124+0000] {subprocess.py:106} INFO - [SUCCESS] Scraped: https://recreation.northeastern.edu/title-with-featured-image-as-background/
[2025-03-02T08:54:10.943+0000] {subprocess.py:106} INFO - [SUCCESS] Downloaded: https://recreation.northeastern.edu/files/2020/09/ProgramGuide.pdf
[2025-03-02T08:54:10.955+0000] {subprocess.py:106} INFO - [INFO] Visiting: https://recreation.northeastern.edu/Guest Policy (fail_count=0)
[2025-03-02T08:54:19.093+0000] {subprocess.py:106} INFO - [SUCCESS] Scraped: https://recreation.northeastern.edu/Guest Policy
[2025-03-02T08:54:20.001+0000] {subprocess.py:106} INFO - [INFO] Visiting: https://recreation.northeastern.edu/Guest%20Policy (fail_count=0)
[2025-03-02T08:54:30.384+0000] {subprocess.py:106} INFO - [SUCCESS] Scraped: https://recreation.northeastern.edu/Guest%20Policy
[2025-03-02T08:54:31.270+0000] {subprocess.py:106} INFO - [SUCCESS] Downloaded: https://recreation.northeastern.edu/files/2024/10/IM-Handbook.pdf
[2025-03-02T08:54:31.277+0000] {subprocess.py:106} INFO - [INFO] Visiting: https://recreation.northeastern.edu/im-handbook-and-sport-rules/protest-policy (fail_count=0)
[2025-03-02T08:54:39.055+0000] {subprocess.py:106} INFO - [SUCCESS] Scraped: https://recreation.northeastern.edu/im-handbook-and-sport-rules/protest-policy
[2025-03-02T08:54:39.481+0000] {subprocess.py:106} INFO - [INFO] Visiting: https://recreation.northeastern.edu/im-handbook-and-sport-rules/banned-equipment-and-jewelry-policy/ (fail_count=0)
[2025-03-02T08:54:49.669+0000] {subprocess.py:106} INFO - [SUCCESS] Scraped: https://recreation.northeastern.edu/im-handbook-and-sport-rules/banned-equipment-and-jewelry-policy/
[2025-03-02T08:54:50.262+0000] {subprocess.py:106} INFO - [INFO] Scraping Complete!
[2025-03-02T08:54:50.427+0000] {subprocess.py:110} INFO - Command exited with return code 0
[2025-03-02T08:54:50.770+0000] {taskinstance.py:341} INFO - ::group::Post task execution logs
[2025-03-02T08:54:50.773+0000] {taskinstance.py:353} INFO - Marking task as SUCCESS. dag_id=scraping_pipeline_gcs, task_id=extract_data, run_id=manual__2025-03-02T08:23:42.621336+00:00, execution_date=20250302T082342, start_date=20250302T082439, end_date=20250302T085450
[2025-03-02T08:54:50.836+0000] {logging_mixin.py:190} INFO - Task instance in success state
[2025-03-02T08:54:50.837+0000] {logging_mixin.py:190} INFO -  Previous state of the Task instance: running
[2025-03-02T08:54:50.837+0000] {logging_mixin.py:190} INFO - Dag name:scraping_pipeline_gcs queued_at:2025-03-02 08:23:42.853904+00:00
[2025-03-02T08:54:50.837+0000] {logging_mixin.py:190} INFO - Task hostname:8b8ee4ab00d2 operator:BashOperator
[2025-03-02T08:54:50.892+0000] {local_task_job_runner.py:266} INFO - Task exited with return code 0
[2025-03-02T08:54:51.094+0000] {taskinstance.py:3901} INFO - 1 downstream tasks scheduled from follow-on schedule check
[2025-03-02T08:54:51.097+0000] {local_task_job_runner.py:245} INFO - ::endgroup::
[2025-03-02T08:54:54.369+0000] {standard_task_runner.py:217} INFO - Process not found (most likely exited), stop collecting metrics
