[2025-03-02T07:58:40.454+0000] {local_task_job_runner.py:123} INFO - ::group::Pre task execution logs
[2025-03-02T07:58:40.465+0000] {taskinstance.py:2614} INFO - Dependencies all met for dep_context=non-requeueable deps ti=<TaskInstance: scraping_pipeline_gcs.alert_failure manual__2025-03-02T07:57:14.523004+00:00 [queued]>
[2025-03-02T07:58:40.470+0000] {taskinstance.py:2614} INFO - Dependencies all met for dep_context=requeueable deps ti=<TaskInstance: scraping_pipeline_gcs.alert_failure manual__2025-03-02T07:57:14.523004+00:00 [queued]>
[2025-03-02T07:58:40.470+0000] {taskinstance.py:2867} INFO - Starting attempt 1 of 3
[2025-03-02T07:58:40.476+0000] {taskinstance.py:2890} INFO - Executing <Task(BashOperator): alert_failure> on 2025-03-02 07:57:14.523004+00:00
[2025-03-02T07:58:40.483+0000] {warnings.py:112} WARNING - /home/***/.local/lib/python3.12/site-packages/***/task/task_runner/standard_task_runner.py:70: DeprecationWarning: This process (pid=823) is multi-threaded, use of fork() may lead to deadlocks in the child.
  pid = os.fork()

[2025-03-02T07:58:40.484+0000] {standard_task_runner.py:72} INFO - Started process 825 to run task
[2025-03-02T07:58:40.485+0000] {standard_task_runner.py:104} INFO - Running: ['***', 'tasks', 'run', 'scraping_pipeline_gcs', 'alert_failure', 'manual__2025-03-02T07:57:14.523004+00:00', '--job-id', '20', '--raw', '--subdir', 'DAGS_FOLDER/dag.py', '--cfg-path', '/tmp/tmprwef8mp9']
[2025-03-02T07:58:40.486+0000] {standard_task_runner.py:105} INFO - Job 20: Subtask alert_failure
[2025-03-02T07:58:40.513+0000] {task_command.py:467} INFO - Running <TaskInstance: scraping_pipeline_gcs.alert_failure manual__2025-03-02T07:57:14.523004+00:00 [running]> on host 8b8ee4ab00d2
[2025-03-02T07:58:40.818+0000] {taskinstance.py:3134} INFO - Exporting env vars: AIRFLOW_CTX_DAG_OWNER='***' AIRFLOW_CTX_DAG_ID='scraping_pipeline_gcs' AIRFLOW_CTX_TASK_ID='alert_failure' AIRFLOW_CTX_EXECUTION_DATE='2025-03-02T07:57:14.523004+00:00' AIRFLOW_CTX_TRY_NUMBER='1' AIRFLOW_CTX_DAG_RUN_ID='manual__2025-03-02T07:57:14.523004+00:00'
[2025-03-02T07:58:40.819+0000] {logging_mixin.py:190} INFO - Task instance is in running state
[2025-03-02T07:58:40.819+0000] {logging_mixin.py:190} INFO -  Previous state of the Task instance: queued
[2025-03-02T07:58:40.819+0000] {logging_mixin.py:190} INFO - Current task name:alert_failure state:running start_date:2025-03-02 07:58:40.465443+00:00
[2025-03-02T07:58:40.819+0000] {logging_mixin.py:190} INFO - Dag name:scraping_pipeline_gcs and current dag run status:running
[2025-03-02T07:58:40.819+0000] {taskinstance.py:732} INFO - ::endgroup::
[2025-03-02T07:58:40.820+0000] {subprocess.py:78} INFO - Tmp dir root location: /tmp
[2025-03-02T07:58:40.820+0000] {subprocess.py:88} INFO - Running command: ['/usr/bin/bash', '-c', "echo '❌ Scraping Failed! Check Airflow logs.'"]
[2025-03-02T07:58:40.829+0000] {subprocess.py:99} INFO - Output:
[2025-03-02T07:58:40.835+0000] {subprocess.py:106} INFO - ❌ Scraping Failed! Check Airflow logs.
[2025-03-02T07:58:40.837+0000] {subprocess.py:110} INFO - Command exited with return code 0
[2025-03-02T07:58:40.861+0000] {taskinstance.py:341} INFO - ::group::Post task execution logs
[2025-03-02T07:58:40.861+0000] {taskinstance.py:353} INFO - Marking task as SUCCESS. dag_id=scraping_pipeline_gcs, task_id=alert_failure, run_id=manual__2025-03-02T07:57:14.523004+00:00, execution_date=20250302T075714, start_date=20250302T075840, end_date=20250302T075840
[2025-03-02T07:58:40.871+0000] {logging_mixin.py:190} INFO - Task instance in success state
[2025-03-02T07:58:40.871+0000] {logging_mixin.py:190} INFO -  Previous state of the Task instance: running
[2025-03-02T07:58:40.871+0000] {logging_mixin.py:190} INFO - Dag name:scraping_pipeline_gcs queued_at:2025-03-02 07:57:14.556147+00:00
[2025-03-02T07:58:40.871+0000] {logging_mixin.py:190} INFO - Task hostname:8b8ee4ab00d2 operator:BashOperator
[2025-03-02T07:58:40.918+0000] {local_task_job_runner.py:266} INFO - Task exited with return code 0
[2025-03-02T07:58:40.930+0000] {taskinstance.py:3901} INFO - 0 downstream tasks scheduled from follow-on schedule check
[2025-03-02T07:58:40.931+0000] {local_task_job_runner.py:245} INFO - ::endgroup::
