[2025-03-02T07:57:16.677+0000] {local_task_job_runner.py:123} INFO - ::group::Pre task execution logs
[2025-03-02T07:57:16.684+0000] {taskinstance.py:2614} INFO - Dependencies all met for dep_context=non-requeueable deps ti=<TaskInstance: scraping_pipeline_gcs.install_requirements manual__2025-03-02T07:57:14.523004+00:00 [queued]>
[2025-03-02T07:57:16.687+0000] {taskinstance.py:2614} INFO - Dependencies all met for dep_context=requeueable deps ti=<TaskInstance: scraping_pipeline_gcs.install_requirements manual__2025-03-02T07:57:14.523004+00:00 [queued]>
[2025-03-02T07:57:16.687+0000] {taskinstance.py:2867} INFO - Starting attempt 1 of 3
[2025-03-02T07:57:16.692+0000] {taskinstance.py:2890} INFO - Executing <Task(BashOperator): install_requirements> on 2025-03-02 07:57:14.523004+00:00
[2025-03-02T07:57:16.698+0000] {warnings.py:112} WARNING - /home/***/.local/lib/python3.12/site-packages/***/task/task_runner/standard_task_runner.py:70: DeprecationWarning: This process (pid=738) is multi-threaded, use of fork() may lead to deadlocks in the child.
  pid = os.fork()

[2025-03-02T07:57:16.700+0000] {standard_task_runner.py:72} INFO - Started process 742 to run task
[2025-03-02T07:57:16.700+0000] {standard_task_runner.py:104} INFO - Running: ['***', 'tasks', 'run', 'scraping_pipeline_gcs', 'install_requirements', 'manual__2025-03-02T07:57:14.523004+00:00', '--job-id', '17', '--raw', '--subdir', 'DAGS_FOLDER/dag.py', '--cfg-path', '/tmp/tmpqoitnhyj']
[2025-03-02T07:57:16.701+0000] {standard_task_runner.py:105} INFO - Job 17: Subtask install_requirements
[2025-03-02T07:57:16.735+0000] {task_command.py:467} INFO - Running <TaskInstance: scraping_pipeline_gcs.install_requirements manual__2025-03-02T07:57:14.523004+00:00 [running]> on host 8b8ee4ab00d2
[2025-03-02T07:57:16.785+0000] {taskinstance.py:3134} INFO - Exporting env vars: AIRFLOW_CTX_DAG_OWNER='***' AIRFLOW_CTX_DAG_ID='scraping_pipeline_gcs' AIRFLOW_CTX_TASK_ID='install_requirements' AIRFLOW_CTX_EXECUTION_DATE='2025-03-02T07:57:14.523004+00:00' AIRFLOW_CTX_TRY_NUMBER='1' AIRFLOW_CTX_DAG_RUN_ID='manual__2025-03-02T07:57:14.523004+00:00'
[2025-03-02T07:57:16.786+0000] {logging_mixin.py:190} INFO - Task instance is in running state
[2025-03-02T07:57:16.787+0000] {logging_mixin.py:190} INFO -  Previous state of the Task instance: queued
[2025-03-02T07:57:16.787+0000] {logging_mixin.py:190} INFO - Current task name:install_requirements state:running start_date:2025-03-02 07:57:16.684875+00:00
[2025-03-02T07:57:16.787+0000] {logging_mixin.py:190} INFO - Dag name:scraping_pipeline_gcs and current dag run status:running
[2025-03-02T07:57:16.787+0000] {taskinstance.py:732} INFO - ::endgroup::
[2025-03-02T07:57:16.788+0000] {subprocess.py:78} INFO - Tmp dir root location: /tmp
[2025-03-02T07:57:16.788+0000] {subprocess.py:88} INFO - Running command: ['/usr/bin/bash', '-c', 'pip install -r /opt/***/dags/src/requirements.txt']
[2025-03-02T07:57:16.795+0000] {subprocess.py:99} INFO - Output:
[2025-03-02T07:57:17.421+0000] {subprocess.py:106} INFO - Requirement already satisfied: attrs==25.1.0 in /home/***/.local/lib/python3.12/site-packages (from -r /opt/***/dags/src/requirements.txt (line 1)) (25.1.0)
[2025-03-02T07:57:17.620+0000] {subprocess.py:106} INFO - Collecting beautifulsoup4==4.13.3 (from -r /opt/***/dags/src/requirements.txt (line 2))
[2025-03-02T07:57:17.851+0000] {subprocess.py:106} INFO -   Downloading beautifulsoup4-4.13.3-py3-none-any.whl.metadata (3.8 kB)
[2025-03-02T07:57:17.878+0000] {subprocess.py:106} INFO - Requirement already satisfied: certifi==2025.1.31 in /home/***/.local/lib/python3.12/site-packages (from -r /opt/***/dags/src/requirements.txt (line 3)) (2025.1.31)
[2025-03-02T07:57:17.879+0000] {subprocess.py:106} INFO - Requirement already satisfied: charset-normalizer==3.4.1 in /home/***/.local/lib/python3.12/site-packages (from -r /opt/***/dags/src/requirements.txt (line 4)) (3.4.1)
[2025-03-02T07:57:17.880+0000] {subprocess.py:106} INFO - Requirement already satisfied: colorama==0.4.6 in /home/***/.local/lib/python3.12/site-packages (from -r /opt/***/dags/src/requirements.txt (line 5)) (0.4.6)
[2025-03-02T07:57:17.884+0000] {subprocess.py:106} INFO - Requirement already satisfied: h11==0.14.0 in /home/***/.local/lib/python3.12/site-packages (from -r /opt/***/dags/src/requirements.txt (line 6)) (0.14.0)
[2025-03-02T07:57:17.884+0000] {subprocess.py:106} INFO - Requirement already satisfied: idna==3.10 in /home/***/.local/lib/python3.12/site-packages (from -r /opt/***/dags/src/requirements.txt (line 7)) (3.10)
[2025-03-02T07:57:17.928+0000] {subprocess.py:106} INFO - Collecting outcome==1.3.0.post0 (from -r /opt/***/dags/src/requirements.txt (line 8))
[2025-03-02T07:57:17.959+0000] {subprocess.py:106} INFO -   Downloading outcome-1.3.0.post0-py2.py3-none-any.whl.metadata (2.6 kB)
[2025-03-02T07:57:17.967+0000] {subprocess.py:106} INFO - Requirement already satisfied: packaging==24.2 in /home/***/.local/lib/python3.12/site-packages (from -r /opt/***/dags/src/requirements.txt (line 9)) (24.2)
[2025-03-02T07:57:18.012+0000] {subprocess.py:106} INFO - Collecting PySocks==1.7.1 (from -r /opt/***/dags/src/requirements.txt (line 10))
[2025-03-02T07:57:18.046+0000] {subprocess.py:106} INFO -   Downloading PySocks-1.7.1-py3-none-any.whl.metadata (13 kB)
[2025-03-02T07:57:18.107+0000] {subprocess.py:106} INFO - Requirement already satisfied: python-dotenv==1.0.1 in /home/***/.local/lib/python3.12/site-packages (from -r /opt/***/dags/src/requirements.txt (line 11)) (1.0.1)
[2025-03-02T07:57:18.107+0000] {subprocess.py:106} INFO - Requirement already satisfied: requests==2.32.3 in /home/***/.local/lib/python3.12/site-packages (from -r /opt/***/dags/src/requirements.txt (line 12)) (2.32.3)
[2025-03-02T07:57:18.194+0000] {subprocess.py:106} INFO - Collecting selenium==4.28.1 (from -r /opt/***/dags/src/requirements.txt (line 13))
[2025-03-02T07:57:18.238+0000] {subprocess.py:106} INFO -   Downloading selenium-4.28.1-py3-none-any.whl.metadata (7.1 kB)
[2025-03-02T07:57:18.253+0000] {subprocess.py:106} INFO - Requirement already satisfied: sniffio==1.3.1 in /home/***/.local/lib/python3.12/site-packages (from -r /opt/***/dags/src/requirements.txt (line 14)) (1.3.1)
[2025-03-02T07:57:18.253+0000] {subprocess.py:106} INFO - Requirement already satisfied: sortedcontainers==2.4.0 in /home/***/.local/lib/python3.12/site-packages (from -r /opt/***/dags/src/requirements.txt (line 15)) (2.4.0)
[2025-03-02T07:57:18.254+0000] {subprocess.py:106} INFO - Requirement already satisfied: soupsieve==2.6 in /home/***/.local/lib/python3.12/site-packages (from -r /opt/***/dags/src/requirements.txt (line 16)) (2.6)
[2025-03-02T07:57:18.291+0000] {subprocess.py:106} INFO - Collecting trio==0.28.0 (from -r /opt/***/dags/src/requirements.txt (line 17))
[2025-03-02T07:57:18.323+0000] {subprocess.py:106} INFO -   Downloading trio-0.28.0-py3-none-any.whl.metadata (8.5 kB)
[2025-03-02T07:57:18.382+0000] {subprocess.py:106} INFO - Collecting trio-websocket==0.11.1 (from -r /opt/***/dags/src/requirements.txt (line 18))
[2025-03-02T07:57:18.412+0000] {subprocess.py:106} INFO -   Downloading trio_websocket-0.11.1-py3-none-any.whl.metadata (4.7 kB)
[2025-03-02T07:57:18.416+0000] {subprocess.py:106} INFO - Requirement already satisfied: typing_extensions==4.12.2 in /home/***/.local/lib/python3.12/site-packages (from -r /opt/***/dags/src/requirements.txt (line 19)) (4.12.2)
[2025-03-02T07:57:18.417+0000] {subprocess.py:106} INFO - Requirement already satisfied: urllib3==2.3.0 in /home/***/.local/lib/python3.12/site-packages (from -r /opt/***/dags/src/requirements.txt (line 20)) (2.3.0)
[2025-03-02T07:57:18.460+0000] {subprocess.py:106} INFO - Collecting webdriver-manager==4.0.2 (from -r /opt/***/dags/src/requirements.txt (line 21))
[2025-03-02T07:57:18.495+0000] {subprocess.py:106} INFO -   Downloading webdriver_manager-4.0.2-py2.py3-none-any.whl.metadata (12 kB)
[2025-03-02T07:57:18.514+0000] {subprocess.py:106} INFO - Requirement already satisfied: websocket-client==1.8.0 in /home/***/.local/lib/python3.12/site-packages (from -r /opt/***/dags/src/requirements.txt (line 22)) (1.8.0)
[2025-03-02T07:57:18.573+0000] {subprocess.py:106} INFO - Collecting wsproto==1.2.0 (from -r /opt/***/dags/src/requirements.txt (line 23))
[2025-03-02T07:57:18.605+0000] {subprocess.py:106} INFO -   Downloading wsproto-1.2.0-py3-none-any.whl.metadata (5.6 kB)
[2025-03-02T07:57:18.690+0000] {subprocess.py:106} INFO - Collecting pytest (from -r /opt/***/dags/src/requirements.txt (line 24))
[2025-03-02T07:57:18.727+0000] {subprocess.py:106} INFO -   Downloading pytest-8.3.4-py3-none-any.whl.metadata (7.5 kB)
[2025-03-02T07:57:18.854+0000] {subprocess.py:106} INFO - Collecting iniconfig (from pytest->-r /opt/***/dags/src/requirements.txt (line 24))
[2025-03-02T07:57:18.897+0000] {subprocess.py:106} INFO -   Downloading iniconfig-2.0.0-py3-none-any.whl.metadata (2.6 kB)
[2025-03-02T07:57:18.911+0000] {subprocess.py:106} INFO - Requirement already satisfied: pluggy<2,>=1.5 in /home/***/.local/lib/python3.12/site-packages (from pytest->-r /opt/***/dags/src/requirements.txt (line 24)) (1.5.0)
[2025-03-02T07:57:18.953+0000] {subprocess.py:106} INFO - Downloading beautifulsoup4-4.13.3-py3-none-any.whl (186 kB)
[2025-03-02T07:57:19.195+0000] {subprocess.py:106} INFO - Downloading outcome-1.3.0.post0-py2.py3-none-any.whl (10 kB)
[2025-03-02T07:57:19.237+0000] {subprocess.py:106} INFO - Downloading PySocks-1.7.1-py3-none-any.whl (16 kB)
[2025-03-02T07:57:19.303+0000] {subprocess.py:106} INFO - Downloading selenium-4.28.1-py3-none-any.whl (9.5 MB)
[2025-03-02T07:57:25.648+0000] {subprocess.py:106} INFO -    ━━━━━━━━━━━━━━━━━━━━━━━━━━━━━━━━━━━━━━━━ 9.5/9.5 MB 1.5 MB/s eta 0:00:00
[2025-03-02T07:57:25.688+0000] {subprocess.py:106} INFO - Downloading trio-0.28.0-py3-none-any.whl (486 kB)
[2025-03-02T07:57:25.878+0000] {subprocess.py:106} INFO - Downloading trio_websocket-0.11.1-py3-none-any.whl (17 kB)
[2025-03-02T07:57:25.919+0000] {subprocess.py:106} INFO - Downloading webdriver_manager-4.0.2-py2.py3-none-any.whl (27 kB)
[2025-03-02T07:57:25.973+0000] {subprocess.py:106} INFO - Downloading wsproto-1.2.0-py3-none-any.whl (24 kB)
[2025-03-02T07:57:26.022+0000] {subprocess.py:106} INFO - Downloading pytest-8.3.4-py3-none-any.whl (343 kB)
[2025-03-02T07:57:26.216+0000] {subprocess.py:106} INFO - Downloading iniconfig-2.0.0-py3-none-any.whl (5.9 kB)
[2025-03-02T07:57:26.797+0000] {subprocess.py:106} INFO - Installing collected packages: wsproto, PySocks, outcome, iniconfig, beautifulsoup4, webdriver-manager, trio, pytest, trio-websocket, selenium
[2025-03-02T07:57:26.837+0000] {subprocess.py:106} INFO -   Attempting uninstall: beautifulsoup4
[2025-03-02T07:57:26.843+0000] {subprocess.py:106} INFO -     Found existing installation: beautifulsoup4 4.13.0
[2025-03-02T07:57:26.850+0000] {subprocess.py:106} INFO -     Uninstalling beautifulsoup4-4.13.0:
[2025-03-02T07:57:26.869+0000] {subprocess.py:106} INFO -       Successfully uninstalled beautifulsoup4-4.13.0
[2025-03-02T07:57:27.831+0000] {subprocess.py:106} INFO - Successfully installed PySocks-1.7.1 beautifulsoup4-4.13.3 iniconfig-2.0.0 outcome-1.3.0.post0 pytest-8.3.4 selenium-4.28.1 trio-0.28.0 trio-websocket-0.11.1 webdriver-manager-4.0.2 wsproto-1.2.0
[2025-03-02T07:57:27.861+0000] {subprocess.py:106} INFO - 
[2025-03-02T07:57:27.861+0000] {subprocess.py:106} INFO - [notice] A new release of pip is available: 25.0 -> 25.0.1
[2025-03-02T07:57:27.862+0000] {subprocess.py:106} INFO - [notice] To update, run: pip install --upgrade pip
[2025-03-02T07:57:27.939+0000] {subprocess.py:110} INFO - Command exited with return code 0
[2025-03-02T07:57:28.526+0000] {taskinstance.py:341} INFO - ::group::Post task execution logs
[2025-03-02T07:57:28.529+0000] {taskinstance.py:353} INFO - Marking task as SUCCESS. dag_id=scraping_pipeline_gcs, task_id=install_requirements, run_id=manual__2025-03-02T07:57:14.523004+00:00, execution_date=20250302T075714, start_date=20250302T075716, end_date=20250302T075728
[2025-03-02T07:57:28.603+0000] {logging_mixin.py:190} INFO - Task instance in success state
[2025-03-02T07:57:28.604+0000] {logging_mixin.py:190} INFO -  Previous state of the Task instance: running
[2025-03-02T07:57:28.604+0000] {logging_mixin.py:190} INFO - Dag name:scraping_pipeline_gcs queued_at:2025-03-02 07:57:14.556147+00:00
[2025-03-02T07:57:28.604+0000] {logging_mixin.py:190} INFO - Task hostname:8b8ee4ab00d2 operator:BashOperator
[2025-03-02T07:57:28.657+0000] {local_task_job_runner.py:266} INFO - Task exited with return code 0
[2025-03-02T07:57:28.761+0000] {taskinstance.py:3901} INFO - 1 downstream tasks scheduled from follow-on schedule check
[2025-03-02T07:57:28.765+0000] {local_task_job_runner.py:245} INFO - ::endgroup::
