[2025-03-02T08:05:15.405+0000] {local_task_job_runner.py:123} INFO - ::group::Pre task execution logs
[2025-03-02T08:05:15.413+0000] {taskinstance.py:2614} INFO - Dependencies all met for dep_context=non-requeueable deps ti=<TaskInstance: scraping_pipeline_gcs.extract_data manual__2025-03-02T08:05:04.547613+00:00 [queued]>
[2025-03-02T08:05:15.417+0000] {taskinstance.py:2614} INFO - Dependencies all met for dep_context=requeueable deps ti=<TaskInstance: scraping_pipeline_gcs.extract_data manual__2025-03-02T08:05:04.547613+00:00 [queued]>
[2025-03-02T08:05:15.417+0000] {taskinstance.py:2867} INFO - Starting attempt 1 of 3
[2025-03-02T08:05:15.422+0000] {taskinstance.py:2890} INFO - Executing <Task(BashOperator): extract_data> on 2025-03-02 08:05:04.547613+00:00
[2025-03-02T08:05:15.427+0000] {warnings.py:112} WARNING - /home/***/.local/lib/python3.12/site-packages/***/task/task_runner/standard_task_runner.py:70: DeprecationWarning: This process (pid=1259) is multi-threaded, use of fork() may lead to deadlocks in the child.
  pid = os.fork()

[2025-03-02T08:05:15.428+0000] {standard_task_runner.py:72} INFO - Started process 1261 to run task
[2025-03-02T08:05:15.429+0000] {standard_task_runner.py:104} INFO - Running: ['***', 'tasks', 'run', 'scraping_pipeline_gcs', 'extract_data', 'manual__2025-03-02T08:05:04.547613+00:00', '--job-id', '38', '--raw', '--subdir', 'DAGS_FOLDER/dag.py', '--cfg-path', '/tmp/tmpxuf8soru']
[2025-03-02T08:05:15.430+0000] {standard_task_runner.py:105} INFO - Job 38: Subtask extract_data
[2025-03-02T08:05:15.450+0000] {task_command.py:467} INFO - Running <TaskInstance: scraping_pipeline_gcs.extract_data manual__2025-03-02T08:05:04.547613+00:00 [running]> on host 8b8ee4ab00d2
[2025-03-02T08:05:15.693+0000] {taskinstance.py:3134} INFO - Exporting env vars: AIRFLOW_CTX_DAG_OWNER='***' AIRFLOW_CTX_DAG_ID='scraping_pipeline_gcs' AIRFLOW_CTX_TASK_ID='extract_data' AIRFLOW_CTX_EXECUTION_DATE='2025-03-02T08:05:04.547613+00:00' AIRFLOW_CTX_TRY_NUMBER='1' AIRFLOW_CTX_DAG_RUN_ID='manual__2025-03-02T08:05:04.547613+00:00'
[2025-03-02T08:05:15.693+0000] {logging_mixin.py:190} INFO - Task instance is in running state
[2025-03-02T08:05:15.694+0000] {logging_mixin.py:190} INFO -  Previous state of the Task instance: queued
[2025-03-02T08:05:15.694+0000] {logging_mixin.py:190} INFO - Current task name:extract_data state:running start_date:2025-03-02 08:05:15.413748+00:00
[2025-03-02T08:05:15.694+0000] {logging_mixin.py:190} INFO - Dag name:scraping_pipeline_gcs and current dag run status:running
[2025-03-02T08:05:15.694+0000] {taskinstance.py:732} INFO - ::endgroup::
[2025-03-02T08:05:15.694+0000] {subprocess.py:78} INFO - Tmp dir root location: /tmp
[2025-03-02T08:05:15.695+0000] {subprocess.py:88} INFO - Running command: ['/usr/bin/bash', '-c', 'python /opt/***/dags/src/Scrape_script.py']
[2025-03-02T08:05:15.701+0000] {subprocess.py:99} INFO - Output:
[2025-03-02T08:05:17.329+0000] {subprocess.py:106} INFO - [FATAL ERROR] Message: Service /home/***/.wdm/drivers/chromedriver/linux64/114.0.5735.90/chromedriver unexpectedly exited. Status code was: -5
[2025-03-02T08:05:17.333+0000] {subprocess.py:106} INFO - 
[2025-03-02T08:05:17.353+0000] {subprocess.py:106} INFO - [INFO] Scraping Complete!
[2025-03-02T08:05:17.382+0000] {subprocess.py:110} INFO - Command exited with return code 0
[2025-03-02T08:05:17.529+0000] {taskinstance.py:341} INFO - ::group::Post task execution logs
[2025-03-02T08:05:17.531+0000] {taskinstance.py:353} INFO - Marking task as SUCCESS. dag_id=scraping_pipeline_gcs, task_id=extract_data, run_id=manual__2025-03-02T08:05:04.547613+00:00, execution_date=20250302T080504, start_date=20250302T080515, end_date=20250302T080517
[2025-03-02T08:05:17.561+0000] {logging_mixin.py:190} INFO - Task instance in success state
[2025-03-02T08:05:17.562+0000] {logging_mixin.py:190} INFO -  Previous state of the Task instance: running
[2025-03-02T08:05:17.562+0000] {logging_mixin.py:190} INFO - Dag name:scraping_pipeline_gcs queued_at:2025-03-02 08:05:04.604976+00:00
[2025-03-02T08:05:17.562+0000] {logging_mixin.py:190} INFO - Task hostname:8b8ee4ab00d2 operator:BashOperator
[2025-03-02T08:05:17.622+0000] {local_task_job_runner.py:266} INFO - Task exited with return code 0
[2025-03-02T08:05:17.676+0000] {taskinstance.py:3901} INFO - 1 downstream tasks scheduled from follow-on schedule check
[2025-03-02T08:05:17.677+0000] {local_task_job_runner.py:245} INFO - ::endgroup::
