[2025-03-02T10:12:40.899+0000] {local_task_job_runner.py:123} INFO - ::group::Pre task execution logs
[2025-03-02T10:12:40.923+0000] {taskinstance.py:2614} INFO - Dependencies all met for dep_context=non-requeueable deps ti=<TaskInstance: scraping_pipeline_gcs.extract_data manual__2025-03-02T09:44:57.083679+00:00 [queued]>
[2025-03-02T10:12:40.931+0000] {taskinstance.py:2614} INFO - Dependencies all met for dep_context=requeueable deps ti=<TaskInstance: scraping_pipeline_gcs.extract_data manual__2025-03-02T09:44:57.083679+00:00 [queued]>
[2025-03-02T10:12:40.937+0000] {taskinstance.py:2867} INFO - Starting attempt 2 of 3
[2025-03-02T10:12:40.948+0000] {taskinstance.py:2890} INFO - Executing <Task(BashOperator): extract_data> on 2025-03-02 09:44:57.083679+00:00
[2025-03-02T10:12:40.958+0000] {warnings.py:112} WARNING - /home/***/.local/lib/python3.12/site-packages/***/task/task_runner/standard_task_runner.py:70: DeprecationWarning: This process (pid=1514) is multi-threaded, use of fork() may lead to deadlocks in the child.
  pid = os.fork()

[2025-03-02T10:12:40.959+0000] {standard_task_runner.py:72} INFO - Started process 1516 to run task
[2025-03-02T10:12:40.960+0000] {standard_task_runner.py:104} INFO - Running: ['***', 'tasks', 'run', 'scraping_pipeline_gcs', 'extract_data', 'manual__2025-03-02T09:44:57.083679+00:00', '--job-id', '87', '--raw', '--subdir', 'DAGS_FOLDER/dag.py', '--cfg-path', '/tmp/tmpv64lxjw2']
[2025-03-02T10:12:40.961+0000] {standard_task_runner.py:105} INFO - Job 87: Subtask extract_data
[2025-03-02T10:12:41.005+0000] {task_command.py:467} INFO - Running <TaskInstance: scraping_pipeline_gcs.extract_data manual__2025-03-02T09:44:57.083679+00:00 [running]> on host 8b8ee4ab00d2
[2025-03-02T10:12:43.509+0000] {taskinstance.py:3134} INFO - Exporting env vars: AIRFLOW_CTX_DAG_OWNER='***' AIRFLOW_CTX_DAG_ID='scraping_pipeline_gcs' AIRFLOW_CTX_TASK_ID='extract_data' AIRFLOW_CTX_EXECUTION_DATE='2025-03-02T09:44:57.083679+00:00' AIRFLOW_CTX_TRY_NUMBER='2' AIRFLOW_CTX_DAG_RUN_ID='manual__2025-03-02T09:44:57.083679+00:00'
[2025-03-02T10:12:43.512+0000] {logging_mixin.py:190} INFO - Task instance is in running state
[2025-03-02T10:12:43.516+0000] {logging_mixin.py:190} INFO -  Previous state of the Task instance: queued
[2025-03-02T10:12:43.516+0000] {logging_mixin.py:190} INFO - Current task name:extract_data state:running start_date:2025-03-02 10:12:40.925487+00:00
[2025-03-02T10:12:43.517+0000] {logging_mixin.py:190} INFO - Dag name:scraping_pipeline_gcs and current dag run status:running
[2025-03-02T10:12:43.517+0000] {taskinstance.py:732} INFO - ::endgroup::
[2025-03-02T10:12:43.518+0000] {subprocess.py:78} INFO - Tmp dir root location: /tmp
[2025-03-02T10:12:43.520+0000] {subprocess.py:88} INFO - Running command: ['/usr/bin/bash', '-c', 'cd /opt/***/dags/src && python Scrape_script.py && true']
[2025-03-02T10:12:43.555+0000] {subprocess.py:99} INFO - Output:
[2025-03-02T10:16:37.410+0000] {subprocess.py:106} INFO - [INFO] Visiting: https://www.recreation.northeastern.edu/ (fail_count=0)
[2025-03-02T10:16:46.818+0000] {subprocess.py:106} INFO - [SKIPPED] Already Scraped: https://www.recreation.northeastern.edu/
[2025-03-02T10:16:47.494+0000] {subprocess.py:106} INFO - [INFO] Visiting: https://recreation.northeastern.edu/personal-training-fees/ (fail_count=0)
[2025-03-02T10:16:53.816+0000] {subprocess.py:106} INFO - [SUCCESS] Scraped: https://recreation.northeastern.edu/personal-training-fees/
[2025-03-02T10:16:54.651+0000] {subprocess.py:106} INFO - [INFO] Visiting: https://recreation.northeastern.edu/road-races-triathlons/ (fail_count=0)
[2025-03-02T10:17:04.139+0000] {subprocess.py:106} INFO - [SUCCESS] Scraped: https://recreation.northeastern.edu/road-races-triathlons/
[2025-03-02T10:17:04.504+0000] {subprocess.py:106} INFO - [INFO] Visiting: https://recreation.northeastern.edu/merchandise-shop/ (fail_count=0)
[2025-03-02T10:17:09.769+0000] {subprocess.py:106} INFO - [SUCCESS] Scraped: https://recreation.northeastern.edu/merchandise-shop/
[2025-03-02T10:17:10.205+0000] {subprocess.py:106} INFO - [INFO] Visiting: https://recreation.northeastern.edu/new-england-conservatory-nec/ (fail_count=0)
[2025-03-02T10:17:16.442+0000] {subprocess.py:106} INFO - [SUCCESS] Scraped: https://recreation.northeastern.edu/new-england-conservatory-nec/
[2025-03-02T10:17:16.848+0000] {subprocess.py:106} INFO - [INFO] Visiting: https://recreation.northeastern.edu/appropriate-attire-and-equipment-guidelinesolicy/ (fail_count=0)
[2025-03-02T10:17:23.095+0000] {subprocess.py:106} INFO - [SUCCESS] Scraped: https://recreation.northeastern.edu/appropriate-attire-and-equipment-guidelinesolicy/
[2025-03-02T10:17:23.518+0000] {subprocess.py:106} INFO - [INFO] Visiting: https://recreation.northeastern.edu/e-sports-leagues/ (fail_count=0)
[2025-03-02T10:17:30.082+0000] {subprocess.py:106} INFO - [SUCCESS] Scraped: https://recreation.northeastern.edu/e-sports-leagues/
[2025-03-02T10:17:30.634+0000] {subprocess.py:106} INFO - [INFO] Visiting: https://recreation.northeastern.edu/carter-playground/ (fail_count=0)
[2025-03-02T10:17:37.501+0000] {subprocess.py:106} INFO - [SUCCESS] Scraped: https://recreation.northeastern.edu/carter-playground/
[2025-03-02T10:17:37.832+0000] {subprocess.py:106} INFO - [INFO] Visiting: https://recreation.northeastern.edu/cabot-physical-education-center/ (fail_count=0)
[2025-03-02T10:17:48.543+0000] {subprocess.py:106} INFO - [SUCCESS] Scraped: https://recreation.northeastern.edu/cabot-physical-education-center/
[2025-03-02T10:17:49.085+0000] {subprocess.py:106} INFO - [INFO] Visiting: https://recreation.northeastern.edu/become-a-referee/ (fail_count=0)
[2025-03-02T10:17:55.746+0000] {subprocess.py:106} INFO - [SUCCESS] Scraped: https://recreation.northeastern.edu/become-a-referee/
[2025-03-02T10:17:56.084+0000] {subprocess.py:106} INFO - [INFO] Visiting: https://recreation.northeastern.edu/who-can-play-intramural-sports/ (fail_count=0)
[2025-03-02T10:18:04.450+0000] {subprocess.py:106} INFO - [SUCCESS] Scraped: https://recreation.northeastern.edu/who-can-play-intramural-sports/
[2025-03-02T10:18:04.974+0000] {subprocess.py:106} INFO - [INFO] Visiting: https://recreation.northeastern.edu/who-can-play-intramural-sports/intramural-sports-faqs/ (fail_count=0)
[2025-03-02T10:18:14.687+0000] {subprocess.py:106} INFO - [SUCCESS] Scraped: https://recreation.northeastern.edu/who-can-play-intramural-sports/intramural-sports-faqs/
[2025-03-02T10:18:15.025+0000] {subprocess.py:106} INFO - [INFO] Visiting: https://recreation.northeastern.edu/our-personal-trainers/ (fail_count=0)
[2025-03-02T10:18:23.240+0000] {subprocess.py:106} INFO - [SUCCESS] Scraped: https://recreation.northeastern.edu/our-personal-trainers/
[2025-03-02T10:18:23.692+0000] {subprocess.py:106} INFO - [INFO] Visiting: https://recreation.northeastern.edu/alumni/ (fail_count=0)
[2025-03-02T10:18:30.628+0000] {subprocess.py:106} INFO - [SUCCESS] Scraped: https://recreation.northeastern.edu/alumni/
[2025-03-02T10:18:31.399+0000] {subprocess.py:106} INFO - [INFO] Visiting: https://recreation.northeastern.edu/intramural-sports-faqs/ (fail_count=0)
[2025-03-02T10:18:39.554+0000] {subprocess.py:106} INFO - [SUCCESS] Scraped: https://recreation.northeastern.edu/intramural-sports-faqs/
[2025-03-02T10:18:39.905+0000] {subprocess.py:106} INFO - [INFO] Visiting: https://recreation.northeastern.edu/instructional-recreation-faqs/ (fail_count=0)
[2025-03-02T10:18:48.887+0000] {subprocess.py:106} INFO - [SUCCESS] Scraped: https://recreation.northeastern.edu/instructional-recreation-faqs/
[2025-03-02T10:18:49.451+0000] {subprocess.py:106} INFO - [INFO] Visiting: https://recreation.northeastern.edu/student-employee-of-the-month/ (fail_count=0)
[2025-03-02T10:18:57.637+0000] {subprocess.py:106} INFO - [SUCCESS] Scraped: https://recreation.northeastern.edu/student-employee-of-the-month/
[2025-03-02T10:18:57.989+0000] {subprocess.py:106} INFO - [INFO] Visiting: https://recreation.northeastern.edu/files/2024/02/Shreyas-Terdalkar-fe8e571c91c85eb8.png (fail_count=0)
[2025-03-02T10:19:05.565+0000] {subprocess.py:106} INFO - [SUCCESS] Scraped: https://recreation.northeastern.edu/files/2024/02/Shreyas-Terdalkar-fe8e571c91c85eb8.png
[2025-03-02T10:19:05.924+0000] {subprocess.py:106} INFO - [INFO] Visiting: https://recreation.northeastern.edu/files/2023/04/Emma-McGarrity.png (fail_count=0)
[2025-03-02T10:19:11.449+0000] {subprocess.py:106} INFO - [SUCCESS] Scraped: https://recreation.northeastern.edu/files/2023/04/Emma-McGarrity.png
[2025-03-02T10:19:11.786+0000] {subprocess.py:106} INFO - [INFO] Visiting: https://recreation.northeastern.edu/files/2020/09/Emily-Tran.png (fail_count=0)
[2025-03-02T10:19:18.313+0000] {subprocess.py:106} INFO - [SUCCESS] Scraped: https://recreation.northeastern.edu/files/2020/09/Emily-Tran.png
[2025-03-02T10:19:18.643+0000] {subprocess.py:106} INFO - [INFO] Visiting: https://recreation.northeastern.edu/files/2020/09/Sarah-Adamo.png (fail_count=0)
[2025-03-02T10:19:27.296+0000] {subprocess.py:106} INFO - [SUCCESS] Scraped: https://recreation.northeastern.edu/files/2020/09/Sarah-Adamo.png
[2025-03-02T10:19:27.589+0000] {subprocess.py:106} INFO - [INFO] Visiting: https://recreation.northeastern.edu/files/2024/11/Sarah.png (fail_count=0)
[2025-03-02T10:19:35.059+0000] {subprocess.py:106} INFO - [SUCCESS] Scraped: https://recreation.northeastern.edu/files/2024/11/Sarah.png
[2025-03-02T10:19:35.465+0000] {subprocess.py:106} INFO - [INFO] Visiting: https://recreation.northeastern.edu/files/2024/04/Kiki-1ddcf7504fe73add.png (fail_count=0)
[2025-03-02T10:19:43.100+0000] {subprocess.py:106} INFO - [SUCCESS] Scraped: https://recreation.northeastern.edu/files/2024/04/Kiki-1ddcf7504fe73add.png
[2025-03-02T10:19:43.393+0000] {subprocess.py:106} INFO - [INFO] Visiting: https://recreation.northeastern.edu/files/2020/09/Sarah-Olender.png (fail_count=0)
[2025-03-02T10:19:48.903+0000] {subprocess.py:106} INFO - [SUCCESS] Scraped: https://recreation.northeastern.edu/files/2020/09/Sarah-Olender.png
[2025-03-02T10:19:49.275+0000] {subprocess.py:106} INFO - [INFO] Visiting: https://recreation.northeastern.edu/files/2023/05/Mihir-Joshi-.png (fail_count=0)
[2025-03-02T10:19:56.017+0000] {subprocess.py:106} INFO - [SUCCESS] Scraped: https://recreation.northeastern.edu/files/2023/05/Mihir-Joshi-.png
[2025-03-02T10:19:56.432+0000] {subprocess.py:106} INFO - [INFO] Visiting: https://recreation.northeastern.edu/files/2024/05/Abby.png (fail_count=0)
[2025-03-02T10:20:05.096+0000] {subprocess.py:106} INFO - [SUCCESS] Scraped: https://recreation.northeastern.edu/files/2024/05/Abby.png
[2025-03-02T10:20:05.498+0000] {subprocess.py:106} INFO - [INFO] Visiting: https://recreation.northeastern.edu/files/2024/05/Leticia.png (fail_count=0)
[2025-03-02T10:20:13.966+0000] {subprocess.py:106} INFO - [SUCCESS] Scraped: https://recreation.northeastern.edu/files/2024/05/Leticia.png
[2025-03-02T10:20:14.281+0000] {subprocess.py:106} INFO - [INFO] Visiting: https://recreation.northeastern.edu/global-recreation-fitness-app/ (fail_count=0)
[2025-03-02T10:20:24.397+0000] {subprocess.py:106} INFO - [SUCCESS] Scraped: https://recreation.northeastern.edu/global-recreation-fitness-app/
[2025-03-02T10:20:24.913+0000] {subprocess.py:106} INFO - [INFO] Visiting: https://recreation.northeastern.edu/classes-offered-registration/ (fail_count=0)
[2025-03-02T10:20:32.032+0000] {subprocess.py:106} INFO - [SUCCESS] Scraped: https://recreation.northeastern.edu/classes-offered-registration/
[2025-03-02T10:20:32.630+0000] {subprocess.py:106} INFO - [INFO] Visiting: https://recreation.northeastern.edu/jobs/ (fail_count=0)
[2025-03-02T10:20:40.820+0000] {subprocess.py:106} INFO - [SUCCESS] Scraped: https://recreation.northeastern.edu/jobs/
[2025-03-02T10:20:41.154+0000] {subprocess.py:106} INFO - [INFO] Visiting: https://recreation.northeastern.edu/squashbusters-center/ (fail_count=0)
[2025-03-02T10:20:51.411+0000] {subprocess.py:106} INFO - [SUCCESS] Scraped: https://recreation.northeastern.edu/squashbusters-center/
[2025-03-02T10:20:52.353+0000] {subprocess.py:106} INFO - [SUCCESS] Downloaded: https://recreation.northeastern.edu/files/2024/11/MC-SQB-Winter-Break-2024.pdf
[2025-03-02T10:20:52.358+0000] {subprocess.py:106} INFO - [INFO] Visiting: https://recreation.northeastern.edu/personal-training/ (fail_count=0)
[2025-03-02T10:21:01.794+0000] {subprocess.py:106} INFO - [SUCCESS] Scraped: https://recreation.northeastern.edu/personal-training/
[2025-03-02T10:21:02.123+0000] {subprocess.py:106} INFO - [INFO] Visiting: https://recreation.northeastern.edu/community-privileges/ (fail_count=0)
[2025-03-02T10:21:07.469+0000] {subprocess.py:106} INFO - [SUCCESS] Scraped: https://recreation.northeastern.edu/community-privileges/
[2025-03-02T10:21:07.849+0000] {subprocess.py:106} INFO - [INFO] Visiting: https://recreation.northeastern.edu/equipment-rentals/ (fail_count=0)
[2025-03-02T10:21:17.817+0000] {subprocess.py:106} INFO - [SUCCESS] Scraped: https://recreation.northeastern.edu/equipment-rentals/
[2025-03-02T10:21:18.204+0000] {subprocess.py:106} INFO - [INFO] Visiting: https://recreation.northeastern.edu/students/ (fail_count=0)
[2025-03-02T10:21:27.605+0000] {subprocess.py:106} INFO - [SUCCESS] Scraped: https://recreation.northeastern.edu/students/
[2025-03-02T10:21:28.103+0000] {subprocess.py:106} INFO - [INFO] Visiting: https://recreation.northeastern.edu/im-handbook-and-sport-rules/ (fail_count=0)
[2025-03-02T10:21:34.278+0000] {subprocess.py:106} INFO - [SUCCESS] Scraped: https://recreation.northeastern.edu/im-handbook-and-sport-rules/
[2025-03-02T10:21:34.956+0000] {subprocess.py:106} INFO - [INFO] Visiting: https://recreation.northeastern.edu/class-descriptions-2/ (fail_count=0)
[2025-03-02T10:21:44.108+0000] {subprocess.py:106} INFO - [SUCCESS] Scraped: https://recreation.northeastern.edu/class-descriptions-2/
[2025-03-02T10:21:44.479+0000] {subprocess.py:106} INFO - [INFO] Visiting: https://recreation.northeastern.edu/staff/ (fail_count=0)
[2025-03-02T10:21:50.713+0000] {subprocess.py:106} INFO - [SUCCESS] Scraped: https://recreation.northeastern.edu/staff/
[2025-03-02T10:21:51.366+0000] {subprocess.py:106} INFO - [INFO] Visiting: https://recreation.northeastern.edu/mcphs-university/ (fail_count=0)
[2025-03-02T10:21:58.837+0000] {subprocess.py:106} INFO - [SUCCESS] Scraped: https://recreation.northeastern.edu/mcphs-university/
[2025-03-02T10:21:59.455+0000] {subprocess.py:106} INFO - [INFO] Visiting: https://recreation.northeastern.edu/global-recreation-resource-guides/ (fail_count=0)
[2025-03-02T10:22:08.668+0000] {subprocess.py:106} INFO - [SUCCESS] Scraped: https://recreation.northeastern.edu/global-recreation-resource-guides/
[2025-03-02T10:22:09.060+0000] {subprocess.py:106} INFO - [INFO] Visiting: https://recreation.northeastern.edu/facilities-hours/ (fail_count=0)
[2025-03-02T10:22:15.502+0000] {subprocess.py:106} INFO - [SUCCESS] Scraped: https://recreation.northeastern.edu/facilities-hours/
[2025-03-02T10:22:15.996+0000] {subprocess.py:106} INFO - [INFO] Visiting: https://recreation.northeastern.edu/files/2020/09/1.jpg (fail_count=0)
[2025-03-02T10:22:24.629+0000] {subprocess.py:106} INFO - [SUCCESS] Scraped: https://recreation.northeastern.edu/files/2020/09/1.jpg
[2025-03-02T10:22:25.066+0000] {subprocess.py:106} INFO - [INFO] Visiting: https://recreation.northeastern.edu/files/2020/09/Matthews1.png (fail_count=0)
[2025-03-02T10:22:33.716+0000] {subprocess.py:106} INFO - [SUCCESS] Scraped: https://recreation.northeastern.edu/files/2020/09/Matthews1.png
[2025-03-02T10:22:34.024+0000] {subprocess.py:106} INFO - [INFO] Visiting: https://recreation.northeastern.edu/membership/ (fail_count=0)
[2025-03-02T10:22:43.348+0000] {subprocess.py:106} INFO - [SUCCESS] Scraped: https://recreation.northeastern.edu/membership/
[2025-03-02T10:22:43.747+0000] {subprocess.py:106} INFO - [INFO] Visiting: https://recreation.northeastern.edu/become-an-instructor/ (fail_count=0)
[2025-03-02T10:22:52.839+0000] {subprocess.py:106} INFO - [SUCCESS] Scraped: https://recreation.northeastern.edu/become-an-instructor/
[2025-03-02T10:22:53.206+0000] {subprocess.py:106} INFO - [INFO] Visiting: https://recreation.northeastern.edu/current-intramural-sports/ (fail_count=0)
[2025-03-02T10:22:59.856+0000] {subprocess.py:106} INFO - [SUCCESS] Scraped: https://recreation.northeastern.edu/current-intramural-sports/
[2025-03-02T10:23:00.252+0000] {subprocess.py:106} INFO - [INFO] Visiting: https://recreation.northeastern.edu/intramural-sports/ (fail_count=0)
[2025-03-02T10:23:07.538+0000] {subprocess.py:106} INFO - [SUCCESS] Scraped: https://recreation.northeastern.edu/intramural-sports/
[2025-03-02T10:23:08.966+0000] {subprocess.py:106} INFO - [SUCCESS] Downloaded: https://recreation.northeastern.edu/files/2020/09/ProgramGuide.pdf
[2025-03-02T10:23:08.969+0000] {subprocess.py:106} INFO - [INFO] Visiting: https://recreation.northeastern.edu/group-fitness-schedule/ (fail_count=0)
[2025-03-02T10:23:17.045+0000] {subprocess.py:106} INFO - [SUCCESS] Scraped: https://recreation.northeastern.edu/group-fitness-schedule/
[2025-03-02T10:23:17.378+0000] {subprocess.py:106} INFO - [INFO] Visiting: https://recreation.northeastern.edu/protest-policy/ (fail_count=0)
[2025-03-02T10:23:27.295+0000] {subprocess.py:106} INFO - [SUCCESS] Scraped: https://recreation.northeastern.edu/protest-policy/
[2025-03-02T10:23:27.620+0000] {subprocess.py:106} INFO - [INFO] Visiting: https://recreation.northeastern.edu/school-of-the-museum-of-fine-arts-smfa/ (fail_count=0)
[2025-03-02T10:23:37.603+0000] {subprocess.py:106} INFO - [SUCCESS] Scraped: https://recreation.northeastern.edu/school-of-the-museum-of-fine-arts-smfa/
[2025-03-02T10:23:37.937+0000] {subprocess.py:106} INFO - [INFO] Visiting: https://recreation.northeastern.edu/free-agents/ (fail_count=0)
[2025-03-02T10:23:44.865+0000] {subprocess.py:106} INFO - [SUCCESS] Scraped: https://recreation.northeastern.edu/free-agents/
[2025-03-02T10:23:45.185+0000] {subprocess.py:106} INFO - [INFO] Visiting: https://recreation.northeastern.edu/policies/ (fail_count=0)
[2025-03-02T10:23:50.324+0000] {subprocess.py:106} INFO - [SUCCESS] Scraped: https://recreation.northeastern.edu/policies/
[2025-03-02T10:23:50.755+0000] {subprocess.py:106} INFO - [INFO] Visiting: https://recreation.northeastern.edu/guest/ (fail_count=0)
[2025-03-02T10:24:01.163+0000] {subprocess.py:106} INFO - [SUCCESS] Scraped: https://recreation.northeastern.edu/guest/
[2025-03-02T10:24:01.476+0000] {subprocess.py:106} INFO - [INFO] Visiting: https://recreation.northeastern.edu/marino-recreation-center/ (fail_count=0)
[2025-03-02T10:24:12.064+0000] {subprocess.py:106} INFO - [SUCCESS] Scraped: https://recreation.northeastern.edu/marino-recreation-center/
[2025-03-02T10:24:12.385+0000] {subprocess.py:106} INFO - [INFO] Visiting: https://recreation.northeastern.edu/ (fail_count=0)
[2025-03-02T10:24:22.884+0000] {subprocess.py:106} INFO - [SUCCESS] Scraped: https://recreation.northeastern.edu/
[2025-03-02T10:24:23.781+0000] {subprocess.py:106} INFO - [SUCCESS] Downloaded: https://recreation.northeastern.edu/files/2024/12/Marino-Spring-2025.pdf
[2025-03-02T10:24:23.785+0000] {subprocess.py:106} INFO - [INFO] Visiting: https://recreation.northeastern.edu/aquatics-2/ (fail_count=0)
[2025-03-02T10:24:35.100+0000] {subprocess.py:106} INFO - [SUCCESS] Scraped: https://recreation.northeastern.edu/aquatics-2/
[2025-03-02T10:24:35.541+0000] {subprocess.py:106} INFO - [INFO] Visiting: https://recreation.northeastern.edu/become-a-trainer/ (fail_count=0)
[2025-03-02T10:24:42.697+0000] {subprocess.py:106} INFO - [SUCCESS] Scraped: https://recreation.northeastern.edu/become-a-trainer/
[2025-03-02T10:24:43.123+0000] {subprocess.py:106} INFO - [INFO] Visiting: https://recreation.northeastern.edu/small-group-training/ (fail_count=0)
[2025-03-02T10:24:52.529+0000] {subprocess.py:106} INFO - [SUCCESS] Scraped: https://recreation.northeastern.edu/small-group-training/
[2025-03-02T10:24:52.858+0000] {subprocess.py:106} INFO - [INFO] Visiting: https://recreation.northeastern.edu/request-a-personal-trainer/ (fail_count=0)
[2025-03-02T10:24:59.139+0000] {subprocess.py:106} INFO - [SUCCESS] Scraped: https://recreation.northeastern.edu/request-a-personal-trainer/
[2025-03-02T10:24:59.520+0000] {subprocess.py:106} INFO - [INFO] Visiting: https://recreation.northeastern.edu/boston-conservatory-at-berklee-berklee-college-of-music/ (fail_count=0)
[2025-03-02T10:25:09.529+0000] {subprocess.py:106} INFO - [SUCCESS] Scraped: https://recreation.northeastern.edu/boston-conservatory-at-berklee-berklee-college-of-music/
[2025-03-02T10:25:09.893+0000] {subprocess.py:106} INFO - [INFO] Visiting: https://recreation.northeastern.edu/guests (fail_count=0)
[2025-03-02T10:25:20.125+0000] {subprocess.py:106} INFO - [SUCCESS] Scraped: https://recreation.northeastern.edu/guests
[2025-03-02T10:25:20.574+0000] {subprocess.py:106} INFO - [INFO] Visiting: https://recreation.northeastern.edu/class-descriptions/ (fail_count=0)
[2025-03-02T10:25:29.849+0000] {subprocess.py:106} INFO - [SUCCESS] Scraped: https://recreation.northeastern.edu/class-descriptions/
[2025-03-02T10:25:30.216+0000] {subprocess.py:106} INFO - [INFO] Visiting: https://recreation.northeastern.edu/group-fitness/ (fail_count=0)
[2025-03-02T10:25:37.760+0000] {subprocess.py:106} INFO - [SUCCESS] Scraped: https://recreation.northeastern.edu/group-fitness/
[2025-03-02T10:25:38.187+0000] {subprocess.py:106} INFO - [INFO] Visiting: https://recreation.northeastern.edu/matthews-arena/ (fail_count=0)
[2025-03-02T10:25:50.914+0000] {subprocess.py:106} INFO - [SUCCESS] Scraped: https://recreation.northeastern.edu/matthews-arena/
[2025-03-02T10:25:51.458+0000] {subprocess.py:106} INFO - [INFO] Visiting: https://recreation.northeastern.edu/full-time-benefit-eligible-faculty-and-staff/ (fail_count=0)
[2025-03-02T10:25:57.599+0000] {subprocess.py:106} INFO - [SUCCESS] Scraped: https://recreation.northeastern.edu/full-time-benefit-eligible-faculty-and-staff/
[2025-03-02T10:25:57.974+0000] {subprocess.py:106} INFO - [INFO] Visiting: https://recreation.northeastern.edu/retirees/ (fail_count=0)
[2025-03-02T10:26:04.825+0000] {subprocess.py:106} INFO - [SUCCESS] Scraped: https://recreation.northeastern.edu/retirees/
[2025-03-02T10:26:05.337+0000] {subprocess.py:106} INFO - [INFO] Visiting: https://recreation.northeastern.edu/global-recreation-ambassadors/ (fail_count=0)
[2025-03-02T10:26:11.582+0000] {subprocess.py:106} INFO - [SUCCESS] Scraped: https://recreation.northeastern.edu/global-recreation-ambassadors/
[2025-03-02T10:26:11.926+0000] {subprocess.py:106} INFO - [INFO] Visiting: https://recreation.northeastern.edu/global-recreation-vancouver-campus/ (fail_count=0)
[2025-03-02T10:26:18.843+0000] {subprocess.py:106} INFO - [SUCCESS] Scraped: https://recreation.northeastern.edu/global-recreation-vancouver-campus/
[2025-03-02T10:26:19.329+0000] {subprocess.py:106} INFO - [INFO] Visiting: https://recreation.northeastern.edu/club-sports/ (fail_count=0)
[2025-03-02T10:26:27.221+0000] {subprocess.py:106} INFO - [SUCCESS] Scraped: https://recreation.northeastern.edu/club-sports/
[2025-03-02T10:26:27.573+0000] {subprocess.py:106} INFO - [INFO] Visiting: https://recreation.northeastern.edu/client-testimonials/ (fail_count=0)
[2025-03-02T10:26:34.522+0000] {subprocess.py:106} INFO - [SUCCESS] Scraped: https://recreation.northeastern.edu/client-testimonials/
[2025-03-02T10:26:34.887+0000] {subprocess.py:106} INFO - [INFO] Visiting: https://recreation.northeastern.edu/facility-reservation/ (fail_count=0)
[2025-03-02T10:26:42.279+0000] {subprocess.py:106} INFO - [SUCCESS] Scraped: https://recreation.northeastern.edu/facility-reservation/
[2025-03-02T10:26:42.630+0000] {subprocess.py:106} INFO - [INFO] Visiting: https://recreation.northeastern.edu/how-to-register/ (fail_count=0)
[2025-03-02T10:26:48.863+0000] {subprocess.py:106} INFO - [SUCCESS] Scraped: https://recreation.northeastern.edu/how-to-register/
[2025-03-02T10:26:49.298+0000] {subprocess.py:106} INFO - [INFO] Visiting: https://recreation.northeastern.edu/instructional-recreation-policies/ (fail_count=0)
[2025-03-02T10:26:57.470+0000] {subprocess.py:106} INFO - [SUCCESS] Scraped: https://recreation.northeastern.edu/instructional-recreation-policies/
[2025-03-02T10:26:58.487+0000] {subprocess.py:106} INFO - [SUCCESS] Downloaded: https://recreation.northeastern.edu/files/2020/09/consent.pdf
[2025-03-02T10:26:58.489+0000] {subprocess.py:106} INFO - [INFO] Visiting: https://recreation.northeastern.edu/membership (fail_count=0)
[2025-03-02T10:27:05.292+0000] {subprocess.py:106} INFO - [SUCCESS] Scraped: https://recreation.northeastern.edu/membership
[2025-03-02T10:27:05.764+0000] {subprocess.py:106} INFO - [INFO] Visiting: https://recreation.northeastern.edu/guests/ (fail_count=0)
[2025-03-02T10:27:12.616+0000] {subprocess.py:106} INFO - [SUCCESS] Scraped: https://recreation.northeastern.edu/guests/
[2025-03-02T10:27:12.968+0000] {subprocess.py:106} INFO - [INFO] Visiting: https://recreation.northeastern.edu/instructional-recreation/ (fail_count=0)
[2025-03-02T10:27:23.162+0000] {subprocess.py:106} INFO - [SUCCESS] Scraped: https://recreation.northeastern.edu/instructional-recreation/
[2025-03-02T10:27:23.728+0000] {subprocess.py:106} INFO - [INFO] Visiting: https://recreation.northeastern.edu/general-information/ (fail_count=0)
[2025-03-02T10:27:32.675+0000] {subprocess.py:106} INFO - [SUCCESS] Scraped: https://recreation.northeastern.edu/general-information/
[2025-03-02T10:27:33.255+0000] {subprocess.py:106} INFO - [INFO] Visiting: https://recreation.northeastern.edu/part-time-non-benefits-eligible-employees-and-visiting-scholars/ (fail_count=0)
[2025-03-02T10:27:42.807+0000] {subprocess.py:106} INFO - [SUCCESS] Scraped: https://recreation.northeastern.edu/part-time-non-benefits-eligible-employees-and-visiting-scholars/
[2025-03-02T10:27:43.209+0000] {subprocess.py:106} INFO - [INFO] Visiting: https://recreation.northeastern.edu/global-recreation/ (fail_count=0)
[2025-03-02T10:27:57.161+0000] {subprocess.py:106} INFO - [SUCCESS] Scraped: https://recreation.northeastern.edu/global-recreation/
[2025-03-02T10:27:57.587+0000] {subprocess.py:106} INFO - [INFO] Visiting: https://recreation.northeastern.edu/global-recreation-arlington-campus/ (fail_count=0)
[2025-03-02T10:28:07.190+0000] {subprocess.py:106} INFO - [SUCCESS] Scraped: https://recreation.northeastern.edu/global-recreation-arlington-campus/
[2025-03-02T10:28:07.586+0000] {subprocess.py:106} INFO - [INFO] Visiting: https://recreation.northeastern.edu/program-registration/ (fail_count=0)
[2025-03-02T10:28:16.891+0000] {subprocess.py:106} INFO - [SUCCESS] Scraped: https://recreation.northeastern.edu/program-registration/
[2025-03-02T10:28:17.276+0000] {subprocess.py:106} INFO - [INFO] Visiting: https://recreation.northeastern.edu/spouse-domestic-partners-and-dependents/ (fail_count=0)
[2025-03-02T10:28:24.662+0000] {subprocess.py:106} INFO - [SUCCESS] Scraped: https://recreation.northeastern.edu/spouse-domestic-partners-and-dependents/
[2025-03-02T10:28:25.031+0000] {subprocess.py:106} INFO - [INFO] Visiting: https://recreation.northeastern.edu/global-recreation-roux-institute/ (fail_count=0)
[2025-03-02T10:28:31.867+0000] {subprocess.py:106} INFO - [SUCCESS] Scraped: https://recreation.northeastern.edu/global-recreation-roux-institute/
[2025-03-02T10:28:32.857+0000] {subprocess.py:106} INFO - [SUCCESS] Downloaded: https://recreation.northeastern.edu/files/2024/09/Roux-Institute-Global-Recreation-Resource-Guide.pdf
[2025-03-02T10:28:32.859+0000] {subprocess.py:106} INFO - [INFO] Visiting: https://recreation.northeastern.edu/global-recreation-toronto-campus/ (fail_count=0)
[2025-03-02T10:28:41.312+0000] {subprocess.py:106} INFO - [SUCCESS] Scraped: https://recreation.northeastern.edu/global-recreation-toronto-campus/
[2025-03-02T10:28:41.745+0000] {subprocess.py:106} INFO - [INFO] Visiting: https://recreation.northeastern.edu/global-recreation-silicon-valley-campus/ (fail_count=0)
[2025-03-02T10:28:50.536+0000] {subprocess.py:106} INFO - [SUCCESS] Scraped: https://recreation.northeastern.edu/global-recreation-silicon-valley-campus/
[2025-03-02T10:28:51.019+0000] {subprocess.py:106} INFO - [INFO] Visiting: https://recreation.northeastern.edu/global-recreation-seattle-campus/ (fail_count=0)
[2025-03-02T10:29:00.156+0000] {subprocess.py:106} INFO - [SUCCESS] Scraped: https://recreation.northeastern.edu/global-recreation-seattle-campus/
[2025-03-02T10:29:00.634+0000] {subprocess.py:106} INFO - [INFO] Visiting: https://recreation.northeastern.edu/global-recreation-london-campus/ (fail_count=0)
[2025-03-02T10:29:08.035+0000] {subprocess.py:106} INFO - [SUCCESS] Scraped: https://recreation.northeastern.edu/global-recreation-london-campus/
[2025-03-02T10:29:08.742+0000] {subprocess.py:106} INFO - [SUCCESS] Downloaded: https://recreation.northeastern.edu/files/2024/12/SquashBusters-Spring-2025.pdf
[2025-03-02T10:29:09.172+0000] {subprocess.py:106} INFO - [SUCCESS] Downloaded: https://recreation.northeastern.edu/files/2020/09/FreeAgentHandoutWeb.pdf
[2025-03-02T10:29:09.174+0000] {subprocess.py:106} INFO - [INFO] Visiting: https://recreation.northeastern.edu/files/2020/09/carter-playground.jpg (fail_count=0)
[2025-03-02T10:29:17.653+0000] {subprocess.py:106} INFO - [SUCCESS] Scraped: https://recreation.northeastern.edu/files/2020/09/carter-playground.jpg
[2025-03-02T10:29:17.974+0000] {subprocess.py:106} INFO - [INFO] Visiting: https://recreation.northeastern.edu/files/2020/09/pool.jpg (fail_count=0)
[2025-03-02T10:29:23.834+0000] {subprocess.py:106} INFO - [SUCCESS] Scraped: https://recreation.northeastern.edu/files/2020/09/pool.jpg
[2025-03-02T10:29:24.215+0000] {subprocess.py:106} INFO - [INFO] Visiting: https://recreation.northeastern.edu/files/2020/09/3.png (fail_count=0)
[2025-03-02T10:29:31.607+0000] {subprocess.py:106} INFO - [SUCCESS] Scraped: https://recreation.northeastern.edu/files/2020/09/3.png
[2025-03-02T10:29:32.966+0000] {subprocess.py:106} INFO - [SUCCESS] Downloaded: https://recreation.northeastern.edu/files/2024/09/Vancouver-Global-Recreation-Resource-Guide-1.pdf
[2025-03-02T10:29:33.708+0000] {subprocess.py:106} INFO - [SUCCESS] Downloaded: https://recreation.northeastern.edu/files/2024/09/Arlington-Global-Recreation-Resource-Guide-1.pdf
[2025-03-02T10:29:34.483+0000] {subprocess.py:106} INFO - [SUCCESS] Downloaded: https://recreation.northeastern.edu/files/2024/09/Toronto-Global-Recreation-Resource-Guide-1.pdf
[2025-03-02T10:29:35.524+0000] {subprocess.py:106} INFO - [SUCCESS] Downloaded: https://recreation.northeastern.edu/files/2024/09/Silicon-Valley-Global-Recreation-Resource-Guide-1.pdf
[2025-03-02T10:29:35.667+0000] {subprocess.py:106} INFO - [ERROR] Failed to download https://recreation.northeastern.edu/files/2024/09/Roux-Institute-Global-Recreation-Resource-Guide-2.pdf (status=599)
[2025-03-02T10:29:35.842+0000] {subprocess.py:106} INFO - [ERROR] Failed to download https://recreation.northeastern.edu/files/2024/09/London-Global-Recreation-Resource-Guide.pdf (status=599)
[2025-03-02T10:29:36.808+0000] {subprocess.py:106} INFO - [SUCCESS] Downloaded: https://recreation.northeastern.edu/files/2024/09/Updated-Seattle-Resource-Guide.pdf
[2025-03-02T10:29:36.816+0000] {subprocess.py:106} INFO - [INFO] Visiting: https://recreation.northeastern.edu/im-handbook-and-sport-rules/protest-policy (fail_count=0)
[2025-03-02T10:29:43.893+0000] {subprocess.py:106} INFO - [SUCCESS] Scraped: https://recreation.northeastern.edu/im-handbook-and-sport-rules/protest-policy
[2025-03-02T10:29:44.805+0000] {subprocess.py:106} INFO - [SUCCESS] Downloaded: https://recreation.northeastern.edu/files/2024/10/IM-Handbook.pdf
[2025-03-02T10:29:44.815+0000] {subprocess.py:106} INFO - [INFO] Visiting: https://recreation.northeastern.edu/Guest Policy (fail_count=0)
[2025-03-02T10:29:50.809+0000] {subprocess.py:106} INFO - [SUCCESS] Scraped: https://recreation.northeastern.edu/Guest Policy
[2025-03-02T10:29:51.217+0000] {subprocess.py:106} INFO - [INFO] Visiting: https://recreation.northeastern.edu/Guest%20Policy (fail_count=0)
[2025-03-02T10:29:58.336+0000] {subprocess.py:106} INFO - [SUCCESS] Scraped: https://recreation.northeastern.edu/Guest%20Policy
[2025-03-02T10:29:58.784+0000] {subprocess.py:106} INFO - [INFO] Visiting: https://recreation.northeastern.edu/blog-post/ (fail_count=0)
[2025-03-02T10:30:05.007+0000] {subprocess.py:106} INFO - [SUCCESS] Scraped: https://recreation.northeastern.edu/blog-post/
[2025-03-02T10:30:05.670+0000] {subprocess.py:106} INFO - [INFO] Visiting: https://recreation.northeastern.edu/category/uncategorized/ (fail_count=0)
[2025-03-02T10:30:13.545+0000] {subprocess.py:106} INFO - [SUCCESS] Scraped: https://recreation.northeastern.edu/category/uncategorized/
[2025-03-02T10:30:14.107+0000] {subprocess.py:106} INFO - [INFO] Visiting: https://recreation.northeastern.edu/title-with-featured-image-as-background/ (fail_count=0)
[2025-03-02T10:30:24.678+0000] {subprocess.py:106} INFO - [SUCCESS] Scraped: https://recreation.northeastern.edu/title-with-featured-image-as-background/
[2025-03-02T10:30:25.022+0000] {subprocess.py:106} INFO - [INFO] Visiting: https://recreation.northeastern.edu/author/crousseau/ (fail_count=0)
[2025-03-02T10:30:32.011+0000] {subprocess.py:106} INFO - [SUCCESS] Scraped: https://recreation.northeastern.edu/author/crousseau/
[2025-03-02T10:30:32.440+0000] {subprocess.py:106} INFO - [INFO] Visiting: https://recreation.northeastern.edu/hello-world/ (fail_count=0)
[2025-03-02T10:30:39.614+0000] {subprocess.py:106} INFO - [SUCCESS] Scraped: https://recreation.northeastern.edu/hello-world/
[2025-03-02T10:30:40.031+0000] {subprocess.py:106} INFO - [INFO] Visiting: https://recreation.northeastern.edu/wp-content/mu-plugins/lean-captcha/lc_ep.php (fail_count=0)
[2025-03-02T10:30:45.348+0000] {subprocess.py:106} INFO - [SUCCESS] Scraped: https://recreation.northeastern.edu/wp-content/mu-plugins/lean-captcha/lc_ep.php
[2025-03-02T10:30:45.762+0000] {subprocess.py:106} INFO - [INFO] Visiting: https://recreation.northeastern.edu/im-handbook-and-sport-rules/banned-equipment-and-jewelry-policy/ (fail_count=0)
[2025-03-02T10:30:54.582+0000] {subprocess.py:106} INFO - [SUCCESS] Scraped: https://recreation.northeastern.edu/im-handbook-and-sport-rules/banned-equipment-and-jewelry-policy/
[2025-03-02T10:30:54.984+0000] {subprocess.py:106} INFO - [INFO] Visiting: https://recreation.northeastern.edu/global-recreation-fitness-app/flex.fod247.fitness (fail_count=0)
[2025-03-02T10:31:03.929+0000] {subprocess.py:106} INFO - [SUCCESS] Scraped: https://recreation.northeastern.edu/global-recreation-fitness-app/flex.fod247.fitness
[2025-03-02T10:31:04.372+0000] {subprocess.py:106} INFO - [INFO] Visiting: https://recreation.northeastern.edu/files/2020/09/Roya-Baalbaki.png (fail_count=0)
[2025-03-02T10:31:09.312+0000] {subprocess.py:106} INFO - [SUCCESS] Scraped: https://recreation.northeastern.edu/files/2020/09/Roya-Baalbaki.png
[2025-03-02T10:31:09.673+0000] {subprocess.py:106} INFO - [INFO] Visiting: https://recreation.northeastern.edu/files/2024/02/Jacob-Katz-3b5a8765000de9b7.png (fail_count=0)
[2025-03-02T10:31:17.209+0000] {subprocess.py:106} INFO - [SUCCESS] Scraped: https://recreation.northeastern.edu/files/2024/02/Jacob-Katz-3b5a8765000de9b7.png
[2025-03-02T10:31:17.733+0000] {subprocess.py:106} INFO - [INFO] Visiting: https://recreation.northeastern.edu/files/2023/10/Ellis-Thomas.png (fail_count=0)
[2025-03-02T10:31:26.561+0000] {subprocess.py:106} INFO - [SUCCESS] Scraped: https://recreation.northeastern.edu/files/2023/10/Ellis-Thomas.png
[2025-03-02T10:31:26.876+0000] {subprocess.py:106} INFO - [INFO] Visiting: https://recreation.northeastern.edu/files/2023/11/Tatyana-Boiano.png (fail_count=0)
[2025-03-02T10:31:31.419+0000] {subprocess.py:106} INFO - [SUCCESS] Scraped: https://recreation.northeastern.edu/files/2023/11/Tatyana-Boiano.png
[2025-03-02T10:31:31.766+0000] {subprocess.py:106} INFO - [INFO] Visiting: https://recreation.northeastern.edu/files/2022/07/Nicole-Roach.png (fail_count=0)
[2025-03-02T10:31:38.437+0000] {subprocess.py:106} INFO - [SUCCESS] Scraped: https://recreation.northeastern.edu/files/2022/07/Nicole-Roach.png
[2025-03-02T10:31:38.748+0000] {subprocess.py:106} INFO - [INFO] Visiting: https://recreation.northeastern.edu/files/2022/09/Emma-Castle.jpg (fail_count=0)
[2025-03-02T10:31:45.318+0000] {subprocess.py:106} INFO - [SUCCESS] Scraped: https://recreation.northeastern.edu/files/2022/09/Emma-Castle.jpg
[2025-03-02T10:31:45.631+0000] {subprocess.py:106} INFO - [INFO] Visiting: https://recreation.northeastern.edu/files/2023/01/Mehal-Patel.png (fail_count=0)
[2025-03-02T10:31:52.356+0000] {subprocess.py:106} INFO - [SUCCESS] Scraped: https://recreation.northeastern.edu/files/2023/01/Mehal-Patel.png
[2025-03-02T10:31:52.705+0000] {subprocess.py:106} INFO - [INFO] Visiting: https://recreation.northeastern.edu/files/2020/09/Maria-Paula-Acosta-Bello.png (fail_count=0)
[2025-03-02T10:31:59.538+0000] {subprocess.py:106} INFO - [SUCCESS] Scraped: https://recreation.northeastern.edu/files/2020/09/Maria-Paula-Acosta-Bello.png
[2025-03-02T10:31:59.883+0000] {subprocess.py:106} INFO - [INFO] Visiting: https://recreation.northeastern.edu/files/2023/03/Shivam-Joshi.png (fail_count=0)
[2025-03-02T10:32:08.571+0000] {subprocess.py:106} INFO - [SUCCESS] Scraped: https://recreation.northeastern.edu/files/2023/03/Shivam-Joshi.png
[2025-03-02T10:32:08.880+0000] {subprocess.py:106} INFO - [INFO] Visiting: https://recreation.northeastern.edu/files/2020/09/Mitesha-Jadhav.png (fail_count=0)
[2025-03-02T10:32:13.557+0000] {subprocess.py:106} INFO - [SUCCESS] Scraped: https://recreation.northeastern.edu/files/2020/09/Mitesha-Jadhav.png
[2025-03-02T10:32:13.856+0000] {subprocess.py:106} INFO - [INFO] Visiting: https://recreation.northeastern.edu/files/2023/03/Daria-Listkova.png (fail_count=0)
[2025-03-02T10:32:22.577+0000] {subprocess.py:106} INFO - [SUCCESS] Scraped: https://recreation.northeastern.edu/files/2023/03/Daria-Listkova.png
[2025-03-02T10:32:22.945+0000] {subprocess.py:106} INFO - [INFO] Visiting: https://recreation.northeastern.edu/files/2023/03/Belle-McNamara.png (fail_count=0)
[2025-03-02T10:32:28.609+0000] {subprocess.py:106} INFO - [SUCCESS] Scraped: https://recreation.northeastern.edu/files/2023/03/Belle-McNamara.png
[2025-03-02T10:32:28.947+0000] {subprocess.py:106} INFO - [INFO] Visiting: https://recreation.northeastern.edu/files/2020/09/Matt-Fritz-IM.png (fail_count=0)
[2025-03-02T10:32:35.591+0000] {subprocess.py:106} INFO - [SUCCESS] Scraped: https://recreation.northeastern.edu/files/2020/09/Matt-Fritz-IM.png
[2025-03-02T10:32:36.006+0000] {subprocess.py:106} INFO - [INFO] Visiting: https://recreation.northeastern.edu/files/2022/06/Bri-Kelly.png (fail_count=0)
[2025-03-02T10:32:43.627+0000] {subprocess.py:106} INFO - [SUCCESS] Scraped: https://recreation.northeastern.edu/files/2022/06/Bri-Kelly.png
[2025-03-02T10:32:43.940+0000] {subprocess.py:106} INFO - [INFO] Visiting: https://recreation.northeastern.edu/files/2023/02/Emily-Aliotta.png (fail_count=0)
[2025-03-02T10:32:48.686+0000] {subprocess.py:106} INFO - [SUCCESS] Scraped: https://recreation.northeastern.edu/files/2023/02/Emily-Aliotta.png
[2025-03-02T10:32:49.059+0000] {subprocess.py:106} INFO - [INFO] Visiting: https://recreation.northeastern.edu/files/2023/02/Genevieve-Steever.png (fail_count=0)
[2025-03-02T10:32:54.538+0000] {subprocess.py:106} INFO - [SUCCESS] Scraped: https://recreation.northeastern.edu/files/2023/02/Genevieve-Steever.png
[2025-03-02T10:32:54.867+0000] {subprocess.py:106} INFO - [INFO] Visiting: https://recreation.northeastern.edu/files/2022/12/Jack-Butler.png (fail_count=0)
[2025-03-02T10:33:01.345+0000] {subprocess.py:106} INFO - [SUCCESS] Scraped: https://recreation.northeastern.edu/files/2022/12/Jack-Butler.png
[2025-03-02T10:33:01.686+0000] {subprocess.py:106} INFO - [INFO] Visiting: https://recreation.northeastern.edu/files/2020/09/Zachary-Umans.png (fail_count=0)
[2025-03-02T10:33:08.356+0000] {subprocess.py:106} INFO - [SUCCESS] Scraped: https://recreation.northeastern.edu/files/2020/09/Zachary-Umans.png
[2025-03-02T10:33:08.727+0000] {subprocess.py:106} INFO - [INFO] Visiting: https://recreation.northeastern.edu/files/2024/11/Guna.png (fail_count=0)
[2025-03-02T10:33:15.295+0000] {subprocess.py:106} INFO - [SUCCESS] Scraped: https://recreation.northeastern.edu/files/2024/11/Guna.png
[2025-03-02T10:33:15.640+0000] {subprocess.py:106} INFO - [INFO] Visiting: https://recreation.northeastern.edu/files/2024/02/Belle-McNamara-5014f9021e4d48d4.png (fail_count=0)
[2025-03-02T10:33:21.143+0000] {subprocess.py:106} INFO - [SUCCESS] Scraped: https://recreation.northeastern.edu/files/2024/02/Belle-McNamara-5014f9021e4d48d4.png
[2025-03-02T10:33:21.579+0000] {subprocess.py:106} INFO - [INFO] Visiting: https://recreation.northeastern.edu/files/2025/01/3.png (fail_count=0)
[2025-03-02T10:33:26.289+0000] {subprocess.py:106} INFO - [SUCCESS] Scraped: https://recreation.northeastern.edu/files/2025/01/3.png
[2025-03-02T10:33:26.629+0000] {subprocess.py:106} INFO - [INFO] Visiting: https://recreation.northeastern.edu/files/2023/12/Julia-Lo.png (fail_count=0)
[2025-03-02T10:33:33.135+0000] {subprocess.py:106} INFO - [SUCCESS] Scraped: https://recreation.northeastern.edu/files/2023/12/Julia-Lo.png
[2025-03-02T10:33:33.463+0000] {subprocess.py:106} INFO - [INFO] Visiting: https://recreation.northeastern.edu/files/2020/09/Sarah-Jacobs.png (fail_count=0)
[2025-03-02T10:33:42.130+0000] {subprocess.py:106} INFO - [SUCCESS] Scraped: https://recreation.northeastern.edu/files/2020/09/Sarah-Jacobs.png
[2025-03-02T10:33:42.531+0000] {subprocess.py:106} INFO - [INFO] Visiting: https://recreation.northeastern.edu/files/2023/04/Mira-Gandhi.png (fail_count=0)
[2025-03-02T10:33:51.198+0000] {subprocess.py:106} INFO - [SUCCESS] Scraped: https://recreation.northeastern.edu/files/2023/04/Mira-Gandhi.png
[2025-03-02T10:33:51.693+0000] {subprocess.py:106} INFO - [INFO] Visiting: https://recreation.northeastern.edu/files/2022/10/Devin-Chatterjee.png (fail_count=0)
[2025-03-02T10:33:58.277+0000] {subprocess.py:106} INFO - [SUCCESS] Scraped: https://recreation.northeastern.edu/files/2022/10/Devin-Chatterjee.png
[2025-03-02T10:33:58.598+0000] {subprocess.py:106} INFO - [INFO] Visiting: https://recreation.northeastern.edu/files/2024/03/Genevieve-Steever-7d1cbeca0cae3f39.png (fail_count=0)
[2025-03-02T10:34:03.184+0000] {subprocess.py:106} INFO - [SUCCESS] Scraped: https://recreation.northeastern.edu/files/2024/03/Genevieve-Steever-7d1cbeca0cae3f39.png
[2025-03-02T10:34:03.532+0000] {subprocess.py:106} INFO - [INFO] Visiting: https://recreation.northeastern.edu/files/2020/09/Cory-Luk.png (fail_count=0)
[2025-03-02T10:34:09.056+0000] {subprocess.py:106} INFO - [SUCCESS] Scraped: https://recreation.northeastern.edu/files/2020/09/Cory-Luk.png
[2025-03-02T10:34:09.385+0000] {subprocess.py:106} INFO - [INFO] Visiting: https://recreation.northeastern.edu/files/2020/09/Shreyash.png (fail_count=0)
[2025-03-02T10:34:13.896+0000] {subprocess.py:106} INFO - [SUCCESS] Scraped: https://recreation.northeastern.edu/files/2020/09/Shreyash.png
[2025-03-02T10:34:14.343+0000] {subprocess.py:106} INFO - [INFO] Visiting: https://recreation.northeastern.edu/files/2023/01/Vinny-Coppola.png (fail_count=0)
[2025-03-02T10:34:22.947+0000] {subprocess.py:106} INFO - [SUCCESS] Scraped: https://recreation.northeastern.edu/files/2023/01/Vinny-Coppola.png
[2025-03-02T10:34:23.325+0000] {subprocess.py:106} INFO - [INFO] Visiting: https://recreation.northeastern.edu/files/2023/08/Sacha-Sergent.png (fail_count=0)
[2025-03-02T10:34:27.950+0000] {subprocess.py:106} INFO - [SUCCESS] Scraped: https://recreation.northeastern.edu/files/2023/08/Sacha-Sergent.png
[2025-03-02T10:34:28.320+0000] {subprocess.py:106} INFO - [INFO] Visiting: https://recreation.northeastern.edu/files/2022/12/Sarah-Baker.png (fail_count=0)
[2025-03-02T10:34:33.756+0000] {subprocess.py:106} INFO - [SUCCESS] Scraped: https://recreation.northeastern.edu/files/2022/12/Sarah-Baker.png
[2025-03-02T10:34:34.108+0000] {subprocess.py:106} INFO - [INFO] Visiting: https://recreation.northeastern.edu/files/2024/05/Melanie.png (fail_count=0)
[2025-03-02T10:34:41.655+0000] {subprocess.py:106} INFO - [SUCCESS] Scraped: https://recreation.northeastern.edu/files/2024/05/Melanie.png
[2025-03-02T10:34:41.970+0000] {subprocess.py:106} INFO - [INFO] Visiting: https://recreation.northeastern.edu/files/2020/09/Nimi.png (fail_count=0)
[2025-03-02T10:34:48.537+0000] {subprocess.py:106} INFO - [SUCCESS] Scraped: https://recreation.northeastern.edu/files/2020/09/Nimi.png
[2025-03-02T10:34:48.856+0000] {subprocess.py:106} INFO - [INFO] Visiting: https://recreation.northeastern.edu/files/2020/09/Jonah-Albrecht.png (fail_count=0)
[2025-03-02T10:34:55.385+0000] {subprocess.py:106} INFO - [SUCCESS] Scraped: https://recreation.northeastern.edu/files/2020/09/Jonah-Albrecht.png
[2025-03-02T10:34:55.791+0000] {subprocess.py:106} INFO - [INFO] Visiting: https://recreation.northeastern.edu/files/2023/04/Vatsal-kheni.png (fail_count=0)
[2025-03-02T10:35:03.252+0000] {subprocess.py:106} INFO - [SUCCESS] Scraped: https://recreation.northeastern.edu/files/2023/04/Vatsal-kheni.png
[2025-03-02T10:35:03.727+0000] {subprocess.py:106} INFO - [INFO] Visiting: https://recreation.northeastern.edu/files/2020/09/Jatinder-Bali.png (fail_count=0)
[2025-03-02T10:35:08.318+0000] {subprocess.py:106} INFO - [SUCCESS] Scraped: https://recreation.northeastern.edu/files/2020/09/Jatinder-Bali.png
[2025-03-02T10:35:08.645+0000] {subprocess.py:106} INFO - [INFO] Visiting: https://recreation.northeastern.edu/files/2025/01/2.png (fail_count=0)
[2025-03-02T10:35:13.209+0000] {subprocess.py:106} INFO - [SUCCESS] Scraped: https://recreation.northeastern.edu/files/2025/01/2.png
[2025-03-02T10:35:13.532+0000] {subprocess.py:106} INFO - [INFO] Visiting: https://recreation.northeastern.edu/files/2023/05/Kevin-Chan.png (fail_count=0)
[2025-03-02T10:35:20.081+0000] {subprocess.py:106} INFO - [SUCCESS] Scraped: https://recreation.northeastern.edu/files/2023/05/Kevin-Chan.png
[2025-03-02T10:35:20.390+0000] {subprocess.py:106} INFO - [INFO] Visiting: https://recreation.northeastern.edu/files/2025/01/1.png (fail_count=0)
[2025-03-02T10:35:25.960+0000] {subprocess.py:106} INFO - [SUCCESS] Scraped: https://recreation.northeastern.edu/files/2025/01/1.png
[2025-03-02T10:35:26.302+0000] {subprocess.py:106} INFO - [INFO] Visiting: https://recreation.northeastern.edu/files/2020/09/Alexandros-Zografos-Manos.png (fail_count=0)
[2025-03-02T10:35:31.829+0000] {subprocess.py:106} INFO - [SUCCESS] Scraped: https://recreation.northeastern.edu/files/2020/09/Alexandros-Zografos-Manos.png
[2025-03-02T10:35:32.214+0000] {subprocess.py:106} INFO - [INFO] Visiting: https://recreation.northeastern.edu/files/2020/09/Sandy-Saliba.png (fail_count=0)
[2025-03-02T10:35:37.867+0000] {subprocess.py:106} INFO - [SUCCESS] Scraped: https://recreation.northeastern.edu/files/2020/09/Sandy-Saliba.png
[2025-03-02T10:35:38.252+0000] {subprocess.py:106} INFO - [INFO] Visiting: https://recreation.northeastern.edu/files/2024/11/Shub.png (fail_count=0)
[2025-03-02T10:35:47.023+0000] {subprocess.py:106} INFO - [SUCCESS] Scraped: https://recreation.northeastern.edu/files/2024/11/Shub.png
[2025-03-02T10:35:47.336+0000] {subprocess.py:106} INFO - [INFO] Visiting: https://recreation.northeastern.edu/files/2023/09/Ashish-Sharma.png (fail_count=0)
[2025-03-02T10:35:53.905+0000] {subprocess.py:106} INFO - [SUCCESS] Scraped: https://recreation.northeastern.edu/files/2023/09/Ashish-Sharma.png
[2025-03-02T10:35:54.206+0000] {subprocess.py:106} INFO - [INFO] Visiting: https://recreation.northeastern.edu/files/2023/11/Sai-Narmeta.png (fail_count=0)
[2025-03-02T10:36:00.711+0000] {subprocess.py:106} INFO - [SUCCESS] Scraped: https://recreation.northeastern.edu/files/2023/11/Sai-Narmeta.png
[2025-03-02T10:36:01.030+0000] {subprocess.py:106} INFO - [INFO] Visiting: https://recreation.northeastern.edu/files/2020/09/Josue-Oviedo.png (fail_count=0)
[2025-03-02T10:36:08.630+0000] {subprocess.py:106} INFO - [SUCCESS] Scraped: https://recreation.northeastern.edu/files/2020/09/Josue-Oviedo.png
[2025-03-02T10:36:09.276+0000] {subprocess.py:106} INFO - [INFO] Visiting: https://recreation.northeastern.edu/files/2023/09/Jack-Butler.png (fail_count=0)
[2025-03-02T10:36:14.856+0000] {subprocess.py:106} INFO - [SUCCESS] Scraped: https://recreation.northeastern.edu/files/2023/09/Jack-Butler.png
[2025-03-02T10:36:15.227+0000] {subprocess.py:106} INFO - [INFO] Visiting: https://recreation.northeastern.edu/files/2024/08/Emily.png (fail_count=0)
[2025-03-02T10:36:23.738+0000] {subprocess.py:106} INFO - [SUCCESS] Scraped: https://recreation.northeastern.edu/files/2024/08/Emily.png
[2025-03-02T10:36:24.082+0000] {subprocess.py:106} INFO - [INFO] Visiting: https://recreation.northeastern.edu/files/2023/04/Robbie-Neumann.png (fail_count=0)
[2025-03-02T10:36:32.002+0000] {subprocess.py:106} INFO - [SUCCESS] Scraped: https://recreation.northeastern.edu/files/2023/04/Robbie-Neumann.png
[2025-03-02T10:36:32.417+0000] {subprocess.py:106} INFO - [INFO] Visiting: https://recreation.northeastern.edu/files/2023/12/Donovan-Holt.png (fail_count=0)
[2025-03-02T10:36:37.527+0000] {subprocess.py:106} INFO - [SUCCESS] Scraped: https://recreation.northeastern.edu/files/2023/12/Donovan-Holt.png
[2025-03-02T10:36:39.320+0000] {subprocess.py:106} INFO - [INFO] Visiting: https://recreation.northeastern.edu/files/2020/09/Michael-Quinn.png (fail_count=0)
[2025-03-02T10:36:45.810+0000] {subprocess.py:106} INFO - [SUCCESS] Scraped: https://recreation.northeastern.edu/files/2020/09/Michael-Quinn.png
[2025-03-02T10:36:46.549+0000] {subprocess.py:106} INFO - [INFO] Visiting: https://recreation.northeastern.edu/files/2025/01/4.png (fail_count=0)
[2025-03-02T10:36:55.158+0000] {subprocess.py:106} INFO - [SUCCESS] Scraped: https://recreation.northeastern.edu/files/2025/01/4.png
[2025-03-02T10:36:55.642+0000] {subprocess.py:106} INFO - [INFO] Visiting: https://recreation.northeastern.edu/files/2024/11/Sophia.png (fail_count=0)
[2025-03-02T10:37:04.415+0000] {subprocess.py:106} INFO - [SUCCESS] Scraped: https://recreation.northeastern.edu/files/2024/11/Sophia.png
[2025-03-02T10:37:04.879+0000] {subprocess.py:106} INFO - [INFO] Visiting: https://recreation.northeastern.edu/files/2023/04/Samantha-Yip.png (fail_count=0)
[2025-03-02T10:37:10.899+0000] {subprocess.py:106} INFO - [SUCCESS] Scraped: https://recreation.northeastern.edu/files/2023/04/Samantha-Yip.png
[2025-03-02T10:37:11.598+0000] {subprocess.py:106} INFO - [INFO] Visiting: https://recreation.northeastern.edu/files/2023/10/Joshua-Miller.png (fail_count=0)
[2025-03-02T10:37:18.133+0000] {subprocess.py:106} INFO - [SUCCESS] Scraped: https://recreation.northeastern.edu/files/2023/10/Joshua-Miller.png
[2025-03-02T10:37:18.526+0000] {subprocess.py:106} INFO - [INFO] Visiting: https://recreation.northeastern.edu/files/2023/03/Dennis-Simmons.png (fail_count=0)
[2025-03-02T10:37:26.201+0000] {subprocess.py:106} INFO - [SUCCESS] Scraped: https://recreation.northeastern.edu/files/2023/03/Dennis-Simmons.png
[2025-03-02T10:37:27.154+0000] {subprocess.py:106} INFO - [INFO] Visiting: https://recreation.northeastern.edu/files/2022/12/Elena-Castellini-.png (fail_count=0)
[2025-03-02T10:37:33.698+0000] {subprocess.py:106} INFO - [SUCCESS] Scraped: https://recreation.northeastern.edu/files/2022/12/Elena-Castellini-.png
[2025-03-02T10:37:34.079+0000] {subprocess.py:106} INFO - [INFO] Visiting: https://recreation.northeastern.edu/files/2023/09/Sarah-Jacobs.png (fail_count=0)
[2025-03-02T10:37:41.626+0000] {subprocess.py:106} INFO - [SUCCESS] Scraped: https://recreation.northeastern.edu/files/2023/09/Sarah-Jacobs.png
[2025-03-02T10:37:42.122+0000] {subprocess.py:106} INFO - [INFO] Visiting: https://recreation.northeastern.edu/files/2022/08/Maria-Paula-Acosta-Bello.png (fail_count=0)
[2025-03-02T10:37:48.567+0000] {subprocess.py:106} INFO - [SUCCESS] Scraped: https://recreation.northeastern.edu/files/2022/08/Maria-Paula-Acosta-Bello.png
[2025-03-02T10:37:48.922+0000] {subprocess.py:106} INFO - [INFO] Visiting: https://recreation.northeastern.edu/files/2024/11/Vedant.png (fail_count=0)
[2025-03-02T10:37:56.553+0000] {subprocess.py:106} INFO - [SUCCESS] Scraped: https://recreation.northeastern.edu/files/2024/11/Vedant.png
[2025-03-02T10:37:56.910+0000] {subprocess.py:106} INFO - [INFO] Visiting: https://recreation.northeastern.edu/files/2020/09/Rachel-Miramontes.png (fail_count=0)
[2025-03-02T10:38:05.465+0000] {subprocess.py:106} INFO - [SUCCESS] Scraped: https://recreation.northeastern.edu/files/2020/09/Rachel-Miramontes.png
[2025-03-02T10:38:06.197+0000] {subprocess.py:106} INFO - [INFO] Visiting: https://recreation.northeastern.edu/files/2022/07/Prashanth-Krishnamsetty.png (fail_count=0)
[2025-03-02T10:38:13.809+0000] {subprocess.py:106} INFO - [SUCCESS] Scraped: https://recreation.northeastern.edu/files/2022/07/Prashanth-Krishnamsetty.png
[2025-03-02T10:38:14.149+0000] {subprocess.py:106} INFO - [INFO] Visiting: https://recreation.northeastern.edu/files/2020/09/Keval-Shah.png (fail_count=0)
[2025-03-02T10:38:19.673+0000] {subprocess.py:106} INFO - [SUCCESS] Scraped: https://recreation.northeastern.edu/files/2020/09/Keval-Shah.png
[2025-03-02T10:38:20.023+0000] {subprocess.py:106} INFO - [INFO] Visiting: https://recreation.northeastern.edu/files/2023/02/Sacha-Sergent.png (fail_count=0)
[2025-03-02T10:38:27.615+0000] {subprocess.py:106} INFO - [SUCCESS] Scraped: https://recreation.northeastern.edu/files/2023/02/Sacha-Sergent.png
[2025-03-02T10:38:27.953+0000] {subprocess.py:106} INFO - [INFO] Visiting: https://recreation.northeastern.edu/files/2022/10/Lizbeth-Dominguez.png (fail_count=0)
[2025-03-02T10:38:34.552+0000] {subprocess.py:106} INFO - [SUCCESS] Scraped: https://recreation.northeastern.edu/files/2022/10/Lizbeth-Dominguez.png
[2025-03-02T10:38:34.915+0000] {subprocess.py:106} INFO - [INFO] Visiting: https://recreation.northeastern.edu/files/2024/03/Ria-Nath-373a813884a1e09e.png (fail_count=0)
[2025-03-02T10:38:43.603+0000] {subprocess.py:106} INFO - [SUCCESS] Scraped: https://recreation.northeastern.edu/files/2024/03/Ria-Nath-373a813884a1e09e.png
[2025-03-02T10:38:43.987+0000] {subprocess.py:106} INFO - [INFO] Visiting: https://recreation.northeastern.edu/files/2020/09/Natalie-Noland.png (fail_count=0)
[2025-03-02T10:38:52.520+0000] {subprocess.py:106} INFO - [SUCCESS] Scraped: https://recreation.northeastern.edu/files/2020/09/Natalie-Noland.png
[2025-03-02T10:38:52.925+0000] {subprocess.py:106} INFO - [INFO] Visiting: https://recreation.northeastern.edu/files/2023/08/Michael-Davis.png (fail_count=0)
[2025-03-02T10:39:00.564+0000] {subprocess.py:106} INFO - [SUCCESS] Scraped: https://recreation.northeastern.edu/files/2023/08/Michael-Davis.png
[2025-03-02T10:39:00.883+0000] {subprocess.py:106} INFO - [INFO] Visiting: https://recreation.northeastern.edu/files/2020/09/Jacob.png (fail_count=0)
[2025-03-02T10:39:05.722+0000] {subprocess.py:106} INFO - [SUCCESS] Scraped: https://recreation.northeastern.edu/files/2020/09/Jacob.png
[2025-03-02T10:39:06.301+0000] {subprocess.py:106} INFO - [INFO] Visiting: https://recreation.northeastern.edu/files/2020/09/Jamila-Yunusa.png (fail_count=0)
[2025-03-02T10:39:13.818+0000] {subprocess.py:106} INFO - [SUCCESS] Scraped: https://recreation.northeastern.edu/files/2020/09/Jamila-Yunusa.png
[2025-03-02T10:39:14.165+0000] {subprocess.py:106} INFO - [INFO] Visiting: https://recreation.northeastern.edu/files/2020/09/Varun.png (fail_count=0)
[2025-03-02T10:39:21.732+0000] {subprocess.py:106} INFO - [SUCCESS] Scraped: https://recreation.northeastern.edu/files/2020/09/Varun.png
[2025-03-02T10:39:22.226+0000] {subprocess.py:106} INFO - [INFO] Visiting: https://recreation.northeastern.edu/files/2022/07/Pedro-Escobar.png (fail_count=0)
[2025-03-02T10:39:27.895+0000] {subprocess.py:106} INFO - [SUCCESS] Scraped: https://recreation.northeastern.edu/files/2022/07/Pedro-Escobar.png
[2025-03-02T10:39:28.221+0000] {subprocess.py:106} INFO - [INFO] Visiting: https://recreation.northeastern.edu/files/2022/09/Ashish-Sharma.jpg (fail_count=0)
[2025-03-02T10:39:36.738+0000] {subprocess.py:106} INFO - [SUCCESS] Scraped: https://recreation.northeastern.edu/files/2022/09/Ashish-Sharma.jpg
[2025-03-02T10:39:37.323+0000] {subprocess.py:106} INFO - [INFO] Visiting: https://recreation.northeastern.edu/files/2022/08/Mayzie-Hunter.png (fail_count=0)
[2025-03-02T10:39:42.756+0000] {subprocess.py:106} INFO - [SUCCESS] Scraped: https://recreation.northeastern.edu/files/2022/08/Mayzie-Hunter.png
[2025-03-02T10:39:43.120+0000] {subprocess.py:106} INFO - [INFO] Visiting: https://recreation.northeastern.edu/files/2020/09/Sarah-Baker.png (fail_count=0)
[2025-03-02T10:39:49.843+0000] {subprocess.py:106} INFO - [SUCCESS] Scraped: https://recreation.northeastern.edu/files/2020/09/Sarah-Baker.png
[2025-03-02T10:39:50.202+0000] {subprocess.py:106} INFO - [INFO] Visiting: https://recreation.northeastern.edu/files/2020/09/Rachael-Biega.png (fail_count=0)
[2025-03-02T10:39:58.792+0000] {subprocess.py:106} INFO - [SUCCESS] Scraped: https://recreation.northeastern.edu/files/2020/09/Rachael-Biega.png
[2025-03-02T10:39:59.117+0000] {subprocess.py:106} INFO - [INFO] Visiting: https://recreation.northeastern.edu/files/2024/03/Nate-Parker-dd222d15ba5df192.png (fail_count=0)
[2025-03-02T10:40:06.827+0000] {subprocess.py:106} INFO - [SUCCESS] Scraped: https://recreation.northeastern.edu/files/2024/03/Nate-Parker-dd222d15ba5df192.png
[2025-03-02T10:40:07.382+0000] {subprocess.py:106} INFO - [INFO] Visiting: https://recreation.northeastern.edu/files/2023/12/Caroline-Ho.png (fail_count=0)
[2025-03-02T10:40:12.144+0000] {subprocess.py:106} INFO - [SUCCESS] Scraped: https://recreation.northeastern.edu/files/2023/12/Caroline-Ho.png
[2025-03-02T10:40:12.503+0000] {subprocess.py:106} INFO - [INFO] Visiting: https://recreation.northeastern.edu/files/2022/08/Sakshee-Naik.png (fail_count=0)
[2025-03-02T10:40:20.133+0000] {subprocess.py:106} INFO - [SUCCESS] Scraped: https://recreation.northeastern.edu/files/2022/08/Sakshee-Naik.png
[2025-03-02T10:40:20.470+0000] {subprocess.py:106} INFO - [INFO] Visiting: https://recreation.northeastern.edu/files/2020/09/Dakota-Wintrode.png (fail_count=0)
[2025-03-02T10:40:26.041+0000] {subprocess.py:106} INFO - [SUCCESS] Scraped: https://recreation.northeastern.edu/files/2020/09/Dakota-Wintrode.png
[2025-03-02T10:40:26.360+0000] {subprocess.py:106} INFO - [INFO] Visiting: https://recreation.northeastern.edu/files/2024/09/Yashasvi.png (fail_count=0)
[2025-03-02T10:40:31.966+0000] {subprocess.py:106} INFO - [SUCCESS] Scraped: https://recreation.northeastern.edu/files/2024/09/Yashasvi.png
[2025-03-02T10:40:32.299+0000] {subprocess.py:106} INFO - [INFO] Visiting: https://recreation.northeastern.edu/files/2020/09/Matt-Fritz.png (fail_count=0)
[2025-03-02T10:40:41.005+0000] {subprocess.py:106} INFO - [SUCCESS] Scraped: https://recreation.northeastern.edu/files/2020/09/Matt-Fritz.png
[2025-03-02T10:40:41.420+0000] {subprocess.py:106} INFO - [INFO] Visiting: https://recreation.northeastern.edu/files/2022/11/Ishan-Shah-.png (fail_count=0)
[2025-03-02T10:40:45.978+0000] {subprocess.py:106} INFO - [SUCCESS] Scraped: https://recreation.northeastern.edu/files/2022/11/Ishan-Shah-.png
[2025-03-02T10:40:46.317+0000] {subprocess.py:106} INFO - [INFO] Visiting: https://recreation.northeastern.edu/files/2020/09/Rachel-Luccarelli.png (fail_count=0)
[2025-03-02T10:40:54.808+0000] {subprocess.py:106} INFO - [SUCCESS] Scraped: https://recreation.northeastern.edu/files/2020/09/Rachel-Luccarelli.png
[2025-03-02T10:40:55.138+0000] {subprocess.py:106} INFO - [INFO] Visiting: https://recreation.northeastern.edu/files/2022/10/Neha-Swaminathan.png (fail_count=0)
[2025-03-02T10:40:59.724+0000] {subprocess.py:106} INFO - [SUCCESS] Scraped: https://recreation.northeastern.edu/files/2022/10/Neha-Swaminathan.png
[2025-03-02T10:41:00.112+0000] {subprocess.py:106} INFO - [INFO] Visiting: https://recreation.northeastern.edu/files/2022/06/Jake-OShea.png (fail_count=0)
[2025-03-02T10:41:06.809+0000] {subprocess.py:106} INFO - [SUCCESS] Scraped: https://recreation.northeastern.edu/files/2022/06/Jake-OShea.png
[2025-03-02T10:41:07.472+0000] {subprocess.py:106} INFO - [INFO] Visiting: https://recreation.northeastern.edu/files/2023/04/Kaneesha-Ranade.png (fail_count=0)
[2025-03-02T10:41:14.130+0000] {subprocess.py:106} INFO - [SUCCESS] Scraped: https://recreation.northeastern.edu/files/2023/04/Kaneesha-Ranade.png
[2025-03-02T10:41:14.461+0000] {subprocess.py:106} INFO - [INFO] Visiting: https://recreation.northeastern.edu/files/2024/04/Lauren-0714aeed58ab0147.png (fail_count=0)
[2025-03-02T10:41:19.968+0000] {subprocess.py:106} INFO - [SUCCESS] Scraped: https://recreation.northeastern.edu/files/2024/04/Lauren-0714aeed58ab0147.png
[2025-03-02T10:41:20.325+0000] {subprocess.py:106} INFO - [INFO] Visiting: https://recreation.northeastern.edu/files/2023/11/Sofia-Murray.png (fail_count=0)
[2025-03-02T10:41:27.017+0000] {subprocess.py:106} INFO - [SUCCESS] Scraped: https://recreation.northeastern.edu/files/2023/11/Sofia-Murray.png
[2025-03-02T10:41:27.418+0000] {subprocess.py:106} INFO - [INFO] Visiting: https://recreation.northeastern.edu/files/2022/11/Tiana-Sheddy.png (fail_count=0)
[2025-03-02T10:41:35.965+0000] {subprocess.py:106} INFO - [SUCCESS] Scraped: https://recreation.northeastern.edu/files/2022/11/Tiana-Sheddy.png
[2025-03-02T10:41:36.473+0000] {subprocess.py:106} INFO - [INFO] Visiting: https://recreation.northeastern.edu/files/2024/04/Dylan-d72d2550bf26bae0.png (fail_count=0)
[2025-03-02T10:41:45.015+0000] {subprocess.py:106} INFO - [SUCCESS] Scraped: https://recreation.northeastern.edu/files/2024/04/Dylan-d72d2550bf26bae0.png
[2025-03-02T10:41:45.429+0000] {subprocess.py:106} INFO - [INFO] Visiting: https://recreation.northeastern.edu/files/2020/09/Alison-Sheng.png (fail_count=0)
[2025-03-02T10:41:52.144+0000] {subprocess.py:106} INFO - [SUCCESS] Scraped: https://recreation.northeastern.edu/files/2020/09/Alison-Sheng.png
[2025-03-02T10:41:52.687+0000] {subprocess.py:106} INFO - [INFO] Visiting: https://recreation.northeastern.edu/files/2020/09/Aabha-Parikh.png (fail_count=0)
[2025-03-02T10:41:57.443+0000] {subprocess.py:106} INFO - [SUCCESS] Scraped: https://recreation.northeastern.edu/files/2020/09/Aabha-Parikh.png
[2025-03-02T10:41:57.790+0000] {subprocess.py:106} INFO - [INFO] Visiting: https://recreation.northeastern.edu/files/2020/09/Liam-Moore.png (fail_count=0)
[2025-03-02T10:42:06.346+0000] {subprocess.py:106} INFO - [SUCCESS] Scraped: https://recreation.northeastern.edu/files/2020/09/Liam-Moore.png
[2025-03-02T10:42:06.875+0000] {subprocess.py:106} INFO - [INFO] Visiting: https://recreation.northeastern.edu/files/2020/09/Sarah-Olender-IM.png (fail_count=0)
[2025-03-02T10:43:23.009+0000] {job.py:229} INFO - Heartbeat recovered after 79.73 seconds
[2025-03-02T10:43:27.252+0000] {subprocess.py:106} INFO - [SUCCESS] Scraped: https://recreation.northeastern.edu/files/2020/09/Sarah-Olender-IM.png
[2025-03-02T10:43:27.661+0000] {subprocess.py:106} INFO - [INFO] Visiting: https://recreation.northeastern.edu/files/2020/09/Thomas-Cunningham.png (fail_count=0)
[2025-03-02T10:43:34.955+0000] {subprocess.py:106} INFO - [SUCCESS] Scraped: https://recreation.northeastern.edu/files/2020/09/Thomas-Cunningham.png
[2025-03-02T10:43:35.256+0000] {subprocess.py:106} INFO - [INFO] Visiting: https://recreation.northeastern.edu/files/2022/11/Qian-Jing.png (fail_count=0)
[2025-03-02T10:43:42.920+0000] {subprocess.py:106} INFO - [SUCCESS] Scraped: https://recreation.northeastern.edu/files/2022/11/Qian-Jing.png
[2025-03-02T10:43:43.314+0000] {subprocess.py:106} INFO - [INFO] Scraping Complete!
[2025-03-02T10:43:43.502+0000] {subprocess.py:110} INFO - Command exited with return code 0
[2025-03-02T10:43:43.630+0000] {taskinstance.py:341} INFO - ::group::Post task execution logs
[2025-03-02T10:43:43.632+0000] {taskinstance.py:353} INFO - Marking task as SUCCESS. dag_id=scraping_pipeline_gcs, task_id=extract_data, run_id=manual__2025-03-02T09:44:57.083679+00:00, execution_date=20250302T094457, start_date=20250302T101240, end_date=20250302T104343
[2025-03-02T10:43:43.663+0000] {logging_mixin.py:190} INFO - Task instance in success state
[2025-03-02T10:43:43.663+0000] {logging_mixin.py:190} INFO -  Previous state of the Task instance: running
[2025-03-02T10:43:43.663+0000] {logging_mixin.py:190} INFO - Dag name:scraping_pipeline_gcs queued_at:2025-03-02 09:44:57.132940+00:00
[2025-03-02T10:43:43.663+0000] {logging_mixin.py:190} INFO - Task hostname:8b8ee4ab00d2 operator:BashOperator
[2025-03-02T10:43:43.705+0000] {local_task_job_runner.py:266} INFO - Task exited with return code 0
[2025-03-02T10:43:43.775+0000] {taskinstance.py:3901} INFO - 1 downstream tasks scheduled from follow-on schedule check
[2025-03-02T10:43:43.776+0000] {local_task_job_runner.py:245} INFO - ::endgroup::
