[2025-03-03T01:03:25.267+0000] {local_task_job_runner.py:123} INFO - ::group::Pre task execution logs
[2025-03-03T01:03:25.304+0000] {taskinstance.py:2614} INFO - Dependencies all met for dep_context=non-requeueable deps ti=<TaskInstance: scraping_pipeline_gcs.set_env_vars manual__2025-03-03T00:44:58.016740+00:00 [queued]>
[2025-03-03T01:03:25.313+0000] {taskinstance.py:2614} INFO - Dependencies all met for dep_context=requeueable deps ti=<TaskInstance: scraping_pipeline_gcs.set_env_vars manual__2025-03-03T00:44:58.016740+00:00 [queued]>
[2025-03-03T01:03:25.314+0000] {taskinstance.py:2867} INFO - Starting attempt 1 of 3
[2025-03-03T01:03:25.333+0000] {taskinstance.py:2890} INFO - Executing <Task(BashOperator): set_env_vars> on 2025-03-03 00:44:58.016740+00:00
[2025-03-03T01:03:25.361+0000] {warnings.py:112} WARNING - /home/***/.local/lib/python3.12/site-packages/***/task/task_runner/standard_task_runner.py:70: DeprecationWarning: This process (pid=1314) is multi-threaded, use of fork() may lead to deadlocks in the child.
  pid = os.fork()

[2025-03-03T01:03:25.368+0000] {standard_task_runner.py:72} INFO - Started process 1317 to run task
[2025-03-03T01:03:25.367+0000] {standard_task_runner.py:104} INFO - Running: ['***', 'tasks', 'run', 'scraping_pipeline_gcs', 'set_env_vars', 'manual__2025-03-03T00:44:58.016740+00:00', '--job-id', '263', '--raw', '--subdir', 'DAGS_FOLDER/dag.py', '--cfg-path', '/tmp/tmpmpgla4hh']
[2025-03-03T01:03:25.370+0000] {standard_task_runner.py:105} INFO - Job 263: Subtask set_env_vars
[2025-03-03T01:03:25.481+0000] {task_command.py:467} INFO - Running <TaskInstance: scraping_pipeline_gcs.set_env_vars manual__2025-03-03T00:44:58.016740+00:00 [running]> on host 5e87a20f9330
[2025-03-03T01:03:25.652+0000] {taskinstance.py:3134} INFO - Exporting env vars: AIRFLOW_CTX_DAG_OWNER='***' AIRFLOW_CTX_DAG_ID='scraping_pipeline_gcs' AIRFLOW_CTX_TASK_ID='set_env_vars' AIRFLOW_CTX_EXECUTION_DATE='2025-03-03T00:44:58.016740+00:00' AIRFLOW_CTX_TRY_NUMBER='1' AIRFLOW_CTX_DAG_RUN_ID='manual__2025-03-03T00:44:58.016740+00:00'
[2025-03-03T01:03:25.657+0000] {logging_mixin.py:190} INFO - Task instance is in running state
[2025-03-03T01:03:25.658+0000] {logging_mixin.py:190} INFO -  Previous state of the Task instance: queued
[2025-03-03T01:03:25.658+0000] {logging_mixin.py:190} INFO - Current task name:set_env_vars state:running start_date:2025-03-03 01:03:25.305244+00:00
[2025-03-03T01:03:25.659+0000] {logging_mixin.py:190} INFO - Dag name:scraping_pipeline_gcs and current dag run status:running
[2025-03-03T01:03:25.659+0000] {taskinstance.py:732} INFO - ::endgroup::
[2025-03-03T01:03:25.660+0000] {subprocess.py:78} INFO - Tmp dir root location: /tmp
[2025-03-03T01:03:25.663+0000] {subprocess.py:88} INFO - Running command: ['/usr/bin/bash', '-c', 'export GOOGLE_APPLICATION_CREDENTIALS=./opt/***/dags/src/gcs_creds.json']
[2025-03-03T01:03:25.699+0000] {subprocess.py:99} INFO - Output:
[2025-03-03T01:03:25.718+0000] {subprocess.py:110} INFO - Command exited with return code 0
[2025-03-03T01:03:25.776+0000] {taskinstance.py:341} INFO - ::group::Post task execution logs
[2025-03-03T01:03:25.777+0000] {taskinstance.py:353} INFO - Marking task as SUCCESS. dag_id=scraping_pipeline_gcs, task_id=set_env_vars, run_id=manual__2025-03-03T00:44:58.016740+00:00, execution_date=20250303T004458, start_date=20250303T010325, end_date=20250303T010325
[2025-03-03T01:03:25.843+0000] {logging_mixin.py:190} INFO - Task instance in success state
[2025-03-03T01:03:25.846+0000] {logging_mixin.py:190} INFO -  Previous state of the Task instance: running
[2025-03-03T01:03:25.847+0000] {logging_mixin.py:190} INFO - Dag name:scraping_pipeline_gcs queued_at:2025-03-03 00:44:58.560045+00:00
[2025-03-03T01:03:25.848+0000] {logging_mixin.py:190} INFO - Task hostname:5e87a20f9330 operator:BashOperator
[2025-03-03T01:03:25.901+0000] {local_task_job_runner.py:266} INFO - Task exited with return code 0
[2025-03-03T01:03:26.006+0000] {taskinstance.py:3901} INFO - 0 downstream tasks scheduled from follow-on schedule check
[2025-03-03T01:03:26.011+0000] {local_task_job_runner.py:245} INFO - ::endgroup::
