[2025-03-02T23:56:08.965+0000] {local_task_job_runner.py:123} INFO - ::group::Pre task execution logs
[2025-03-02T23:56:09.030+0000] {taskinstance.py:2614} INFO - Dependencies all met for dep_context=non-requeueable deps ti=<TaskInstance: scraping_pipeline_gcs.extract_data manual__2025-03-02T23:55:51.463780+00:00 [queued]>
[2025-03-02T23:56:09.043+0000] {taskinstance.py:2614} INFO - Dependencies all met for dep_context=requeueable deps ti=<TaskInstance: scraping_pipeline_gcs.extract_data manual__2025-03-02T23:55:51.463780+00:00 [queued]>
[2025-03-02T23:56:09.043+0000] {taskinstance.py:2867} INFO - Starting attempt 1 of 3
[2025-03-02T23:56:09.084+0000] {taskinstance.py:2890} INFO - Executing <Task(BashOperator): extract_data> on 2025-03-02 23:55:51.463780+00:00
[2025-03-02T23:56:09.119+0000] {warnings.py:112} WARNING - /home/***/.local/lib/python3.12/site-packages/***/task/task_runner/standard_task_runner.py:70: DeprecationWarning: This process (pid=180) is multi-threaded, use of fork() may lead to deadlocks in the child.
  pid = os.fork()

[2025-03-02T23:56:09.122+0000] {standard_task_runner.py:72} INFO - Started process 182 to run task
[2025-03-02T23:56:09.132+0000] {standard_task_runner.py:104} INFO - Running: ['***', 'tasks', 'run', 'scraping_pipeline_gcs', 'extract_data', 'manual__2025-03-02T23:55:51.463780+00:00', '--job-id', '231', '--raw', '--subdir', 'DAGS_FOLDER/dag.py', '--cfg-path', '/tmp/tmpmw_2izug']
[2025-03-02T23:56:09.135+0000] {standard_task_runner.py:105} INFO - Job 231: Subtask extract_data
[2025-03-02T23:56:09.217+0000] {task_command.py:467} INFO - Running <TaskInstance: scraping_pipeline_gcs.extract_data manual__2025-03-02T23:55:51.463780+00:00 [running]> on host 5e87a20f9330
[2025-03-02T23:56:09.315+0000] {taskinstance.py:3134} INFO - Exporting env vars: AIRFLOW_CTX_DAG_OWNER='***' AIRFLOW_CTX_DAG_ID='scraping_pipeline_gcs' AIRFLOW_CTX_TASK_ID='extract_data' AIRFLOW_CTX_EXECUTION_DATE='2025-03-02T23:55:51.463780+00:00' AIRFLOW_CTX_TRY_NUMBER='1' AIRFLOW_CTX_DAG_RUN_ID='manual__2025-03-02T23:55:51.463780+00:00'
[2025-03-02T23:56:09.322+0000] {logging_mixin.py:190} INFO - Task instance is in running state
[2025-03-02T23:56:09.324+0000] {logging_mixin.py:190} INFO -  Previous state of the Task instance: queued
[2025-03-02T23:56:09.324+0000] {logging_mixin.py:190} INFO - Current task name:extract_data state:running start_date:2025-03-02 23:56:09.031126+00:00
[2025-03-02T23:56:09.325+0000] {logging_mixin.py:190} INFO - Dag name:scraping_pipeline_gcs and current dag run status:running
[2025-03-02T23:56:09.325+0000] {taskinstance.py:732} INFO - ::endgroup::
[2025-03-02T23:56:09.326+0000] {subprocess.py:78} INFO - Tmp dir root location: /tmp
[2025-03-02T23:56:09.329+0000] {subprocess.py:88} INFO - Running command: ['/usr/bin/bash', '-c', 'mkdir -p /opt/***/dags/src/scraped_texts && python /opt/***/dags/src/Scrape_script.py && true']
[2025-03-02T23:56:09.343+0000] {subprocess.py:99} INFO - Output:
[2025-03-02T23:56:13.367+0000] {subprocess.py:106} INFO - [INFO] Visiting: https://www.recreation.northeastern.edu/ (fail_count=0)
[2025-03-02T23:56:25.309+0000] {subprocess.py:106} INFO - [SUCCESS] Scraped: https://www.recreation.northeastern.edu/
[2025-03-02T23:56:26.080+0000] {subprocess.py:106} INFO - [INFO] Visiting: https://recreation.northeastern.edu/program-registration/ (fail_count=0)
[2025-03-02T23:56:31.421+0000] {subprocess.py:106} INFO - [SUCCESS] Scraped: https://recreation.northeastern.edu/program-registration/
[2025-03-02T23:56:31.943+0000] {subprocess.py:106} INFO - [INFO] Visiting: https://recreation.northeastern.edu/equipment-rentals/ (fail_count=0)
[2025-03-02T23:56:39.526+0000] {subprocess.py:106} INFO - [SUCCESS] Scraped: https://recreation.northeastern.edu/equipment-rentals/
[2025-03-02T23:56:40.276+0000] {subprocess.py:106} INFO - [INFO] Visiting: https://recreation.northeastern.edu/carter-playground/ (fail_count=0)
[2025-03-02T23:56:45.804+0000] {subprocess.py:106} INFO - [SUCCESS] Scraped: https://recreation.northeastern.edu/carter-playground/
[2025-03-02T23:56:46.761+0000] {subprocess.py:106} INFO - [INFO] Visiting: https://recreation.northeastern.edu/facilities-hours/ (fail_count=0)
[2025-03-02T23:56:53.246+0000] {subprocess.py:106} INFO - [SUCCESS] Scraped: https://recreation.northeastern.edu/facilities-hours/
[2025-03-02T23:56:54.254+0000] {subprocess.py:106} INFO - [INFO] Visiting: https://recreation.northeastern.edu/files/2020/09/3.png (fail_count=0)
[2025-03-02T23:57:02.696+0000] {subprocess.py:106} INFO - [SUCCESS] Scraped: https://recreation.northeastern.edu/files/2020/09/3.png
[2025-03-02T23:57:03.198+0000] {subprocess.py:106} INFO - [INFO] Visiting: https://recreation.northeastern.edu/intramural-sports/ (fail_count=0)
[2025-03-02T23:57:12.211+0000] {subprocess.py:106} INFO - [SUCCESS] Scraped: https://recreation.northeastern.edu/intramural-sports/
[2025-03-02T23:57:12.922+0000] {subprocess.py:106} INFO - [INFO] Visiting: https://recreation.northeastern.edu/protest-policy/ (fail_count=0)
[2025-03-02T23:57:20.174+0000] {subprocess.py:106} INFO - [SUCCESS] Scraped: https://recreation.northeastern.edu/protest-policy/
[2025-03-02T23:57:20.678+0000] {subprocess.py:106} INFO - [INFO] Visiting: https://recreation.northeastern.edu/who-can-play-intramural-sports/ (fail_count=0)
[2025-03-02T23:57:27.489+0000] {subprocess.py:106} INFO - [SUCCESS] Scraped: https://recreation.northeastern.edu/who-can-play-intramural-sports/
[2025-03-02T23:57:28.038+0000] {subprocess.py:106} INFO - [INFO] Visiting: https://recreation.northeastern.edu/instructional-recreation-policies/ (fail_count=0)
[2025-03-02T23:57:38.542+0000] {subprocess.py:106} INFO - [SUCCESS] Scraped: https://recreation.northeastern.edu/instructional-recreation-policies/
[2025-03-02T23:57:39.034+0000] {subprocess.py:106} INFO - [INFO] Visiting: https://recreation.northeastern.edu/general-information/ (fail_count=0)
[2025-03-02T23:57:48.817+0000] {subprocess.py:106} INFO - [SUCCESS] Scraped: https://recreation.northeastern.edu/general-information/
[2025-03-02T23:57:49.886+0000] {subprocess.py:106} INFO - [INFO] Visiting: https://recreation.northeastern.edu/how-to-register/ (fail_count=0)
[2025-03-02T23:57:57.686+0000] {subprocess.py:106} INFO - [SUCCESS] Scraped: https://recreation.northeastern.edu/how-to-register/
[2025-03-02T23:57:58.273+0000] {subprocess.py:106} INFO - [INFO] Visiting: https://recreation.northeastern.edu/client-testimonials/ (fail_count=0)
[2025-03-02T23:58:07.611+0000] {subprocess.py:106} INFO - [SUCCESS] Scraped: https://recreation.northeastern.edu/client-testimonials/
[2025-03-02T23:58:08.149+0000] {subprocess.py:106} INFO - [INFO] Visiting: https://recreation.northeastern.edu/new-england-conservatory-nec/ (fail_count=0)
[2025-03-02T23:58:17.036+0000] {subprocess.py:106} INFO - [SUCCESS] Scraped: https://recreation.northeastern.edu/new-england-conservatory-nec/
[2025-03-02T23:58:17.576+0000] {subprocess.py:106} INFO - [INFO] Visiting: https://recreation.northeastern.edu/guests (fail_count=0)
[2025-03-02T23:58:29.094+0000] {subprocess.py:106} INFO - [SUCCESS] Scraped: https://recreation.northeastern.edu/guests
[2025-03-02T23:58:29.813+0000] {subprocess.py:106} INFO - [INFO] Visiting: https://recreation.northeastern.edu/group-fitness-schedule/ (fail_count=0)
[2025-03-02T23:58:40.530+0000] {subprocess.py:106} INFO - [SUCCESS] Scraped: https://recreation.northeastern.edu/group-fitness-schedule/
[2025-03-02T23:58:41.243+0000] {subprocess.py:106} INFO - [INFO] Visiting: https://recreation.northeastern.edu/mcphs-university/ (fail_count=0)
[2025-03-02T23:58:50.782+0000] {subprocess.py:106} INFO - [SUCCESS] Scraped: https://recreation.northeastern.edu/mcphs-university/
[2025-03-02T23:58:51.444+0000] {subprocess.py:106} INFO - [INFO] Visiting: https://recreation.northeastern.edu/become-a-trainer/ (fail_count=0)
[2025-03-02T23:59:01.193+0000] {subprocess.py:106} INFO - [SUCCESS] Scraped: https://recreation.northeastern.edu/become-a-trainer/
[2025-03-02T23:59:01.664+0000] {subprocess.py:106} INFO - [INFO] Visiting: https://recreation.northeastern.edu/personal-training-fees/ (fail_count=0)
[2025-03-02T23:59:12.205+0000] {subprocess.py:106} INFO - [SUCCESS] Scraped: https://recreation.northeastern.edu/personal-training-fees/
[2025-03-02T23:59:12.975+0000] {subprocess.py:106} INFO - [INFO] Visiting: https://recreation.northeastern.edu/request-a-personal-trainer/ (fail_count=0)
[2025-03-02T23:59:22.340+0000] {subprocess.py:106} INFO - [SUCCESS] Scraped: https://recreation.northeastern.edu/request-a-personal-trainer/
[2025-03-02T23:59:23.292+0000] {subprocess.py:106} INFO - [INFO] Visiting: https://recreation.northeastern.edu/intramural-sports-faqs/ (fail_count=0)
[2025-03-02T23:59:31.504+0000] {subprocess.py:106} INFO - [SUCCESS] Scraped: https://recreation.northeastern.edu/intramural-sports-faqs/
[2025-03-02T23:59:32.075+0000] {subprocess.py:106} INFO - [INFO] Visiting: https://recreation.northeastern.edu/instructional-recreation-faqs/ (fail_count=0)
[2025-03-02T23:59:42.670+0000] {subprocess.py:106} INFO - [SUCCESS] Scraped: https://recreation.northeastern.edu/instructional-recreation-faqs/
[2025-03-02T23:59:43.176+0000] {subprocess.py:106} INFO - [INFO] Visiting: https://recreation.northeastern.edu/e-sports-leagues/ (fail_count=0)
[2025-03-02T23:59:53.657+0000] {subprocess.py:106} INFO - [SUCCESS] Scraped: https://recreation.northeastern.edu/e-sports-leagues/
[2025-03-02T23:59:54.221+0000] {subprocess.py:106} INFO - [INFO] Visiting: https://recreation.northeastern.edu/global-recreation-seattle-campus/ (fail_count=0)
[2025-03-03T00:00:09.717+0000] {subprocess.py:106} INFO - [SUCCESS] Scraped: https://recreation.northeastern.edu/global-recreation-seattle-campus/
[2025-03-03T00:00:12.548+0000] {subprocess.py:106} INFO - [INFO] Visiting: https://recreation.northeastern.edu/merchandise-shop/ (fail_count=0)
[2025-03-03T00:00:23.166+0000] {subprocess.py:106} INFO - [SUCCESS] Scraped: https://recreation.northeastern.edu/merchandise-shop/
[2025-03-03T00:00:24.515+0000] {subprocess.py:106} INFO - [INFO] Visiting: https://recreation.northeastern.edu/marino-recreation-center/ (fail_count=0)
[2025-03-03T00:00:33.878+0000] {subprocess.py:106} INFO - [SUCCESS] Scraped: https://recreation.northeastern.edu/marino-recreation-center/
[2025-03-03T00:00:35.419+0000] {subprocess.py:106} INFO - [INFO] Visiting: https://recreation.northeastern.edu/students/ (fail_count=0)
[2025-03-03T00:00:45.070+0000] {subprocess.py:106} INFO - [SUCCESS] Scraped: https://recreation.northeastern.edu/students/
[2025-03-03T00:00:46.402+0000] {subprocess.py:106} INFO - [INFO] Visiting: https://recreation.northeastern.edu/im-handbook-and-sport-rules/ (fail_count=0)
[2025-03-03T00:00:53.724+0000] {subprocess.py:106} INFO - [SUCCESS] Scraped: https://recreation.northeastern.edu/im-handbook-and-sport-rules/
[2025-03-03T00:00:54.475+0000] {subprocess.py:106} INFO - [INFO] Visiting: https://recreation.northeastern.edu/im-handbook-and-sport-rules/protest-policy (fail_count=0)
[2025-03-03T00:01:03.400+0000] {subprocess.py:106} INFO - [SUCCESS] Scraped: https://recreation.northeastern.edu/im-handbook-and-sport-rules/protest-policy
[2025-03-03T00:01:04.112+0000] {subprocess.py:106} INFO - [INFO] Visiting: https://recreation.northeastern.edu/appropriate-attire-and-equipment-guidelinesolicy/ (fail_count=0)
[2025-03-03T00:01:14.232+0000] {subprocess.py:106} INFO - [SUCCESS] Scraped: https://recreation.northeastern.edu/appropriate-attire-and-equipment-guidelinesolicy/
[2025-03-03T00:01:14.876+0000] {subprocess.py:106} INFO - [INFO] Visiting: https://recreation.northeastern.edu/part-time-non-benefits-eligible-employees-and-visiting-scholars/ (fail_count=0)
[2025-03-03T00:01:24.846+0000] {subprocess.py:106} INFO - [SUCCESS] Scraped: https://recreation.northeastern.edu/part-time-non-benefits-eligible-employees-and-visiting-scholars/
[2025-03-03T00:01:25.498+0000] {subprocess.py:106} INFO - [INFO] Visiting: https://recreation.northeastern.edu/spouse-domestic-partners-and-dependents/ (fail_count=0)
[2025-03-03T00:01:35.335+0000] {subprocess.py:106} INFO - [SUCCESS] Scraped: https://recreation.northeastern.edu/spouse-domestic-partners-and-dependents/
[2025-03-03T00:01:36.018+0000] {subprocess.py:106} INFO - [INFO] Visiting: https://recreation.northeastern.edu/squashbusters-center/ (fail_count=0)
[2025-03-03T00:01:42.627+0000] {subprocess.py:106} INFO - [SUCCESS] Scraped: https://recreation.northeastern.edu/squashbusters-center/
[2025-03-03T00:01:43.367+0000] {subprocess.py:106} INFO - [INFO] Visiting: https://recreation.northeastern.edu/membership/ (fail_count=0)
[2025-03-03T00:01:50.897+0000] {subprocess.py:106} INFO - [SUCCESS] Scraped: https://recreation.northeastern.edu/membership/
[2025-03-03T00:01:51.648+0000] {subprocess.py:106} INFO - [INFO] Visiting: https://recreation.northeastern.edu/school-of-the-museum-of-fine-arts-smfa/ (fail_count=0)
[2025-03-03T00:01:57.723+0000] {subprocess.py:106} INFO - [SUCCESS] Scraped: https://recreation.northeastern.edu/school-of-the-museum-of-fine-arts-smfa/
[2025-03-03T00:01:58.268+0000] {subprocess.py:106} INFO - [INFO] Visiting: https://recreation.northeastern.edu/global-recreation-ambassadors/ (fail_count=0)
[2025-03-03T00:02:05.669+0000] {subprocess.py:106} INFO - [SUCCESS] Scraped: https://recreation.northeastern.edu/global-recreation-ambassadors/
[2025-03-03T00:02:06.251+0000] {subprocess.py:106} INFO - [INFO] Visiting: https://recreation.northeastern.edu/global-recreation-toronto-campus/ (fail_count=0)
[2025-03-03T00:02:16.875+0000] {subprocess.py:106} INFO - [SUCCESS] Scraped: https://recreation.northeastern.edu/global-recreation-toronto-campus/
[2025-03-03T00:02:17.369+0000] {subprocess.py:106} INFO - [INFO] Visiting: https://recreation.northeastern.edu/global-recreation-resource-guides/ (fail_count=0)
[2025-03-03T00:02:26.631+0000] {subprocess.py:106} INFO - [SUCCESS] Scraped: https://recreation.northeastern.edu/global-recreation-resource-guides/
[2025-03-03T00:02:28.628+0000] {subprocess.py:106} INFO - [SUCCESS] Downloaded: https://recreation.northeastern.edu/files/2024/09/Toronto-Global-Recreation-Resource-Guide-1.pdf
[2025-03-03T00:02:28.639+0000] {subprocess.py:106} INFO - [INFO] Visiting: https://recreation.northeastern.edu/free-agents/ (fail_count=0)
[2025-03-03T00:02:36.753+0000] {subprocess.py:106} INFO - [SUCCESS] Scraped: https://recreation.northeastern.edu/free-agents/
[2025-03-03T00:02:37.263+0000] {subprocess.py:106} INFO - [INFO] Visiting: https://recreation.northeastern.edu/our-personal-trainers/ (fail_count=0)
[2025-03-03T00:02:47.844+0000] {subprocess.py:106} INFO - [SUCCESS] Scraped: https://recreation.northeastern.edu/our-personal-trainers/
[2025-03-03T00:02:48.524+0000] {subprocess.py:106} INFO - [INFO] Visiting: https://recreation.northeastern.edu/student-employee-of-the-month/ (fail_count=0)
[2025-03-03T00:02:58.007+0000] {subprocess.py:106} INFO - [SUCCESS] Scraped: https://recreation.northeastern.edu/student-employee-of-the-month/
[2025-03-03T00:02:58.819+0000] {subprocess.py:106} INFO - [INFO] Visiting: https://recreation.northeastern.edu/files/2020/09/Natalie-Noland.png (fail_count=0)
[2025-03-03T00:03:03.701+0000] {subprocess.py:106} INFO - [SUCCESS] Scraped: https://recreation.northeastern.edu/files/2020/09/Natalie-Noland.png
[2025-03-03T00:03:04.416+0000] {subprocess.py:106} INFO - [INFO] Visiting: https://recreation.northeastern.edu/files/2020/09/Sarah-Jacobs.png (fail_count=0)
[2025-03-03T00:03:08.991+0000] {subprocess.py:106} INFO - [SUCCESS] Scraped: https://recreation.northeastern.edu/files/2020/09/Sarah-Jacobs.png
[2025-03-03T00:03:09.403+0000] {subprocess.py:106} INFO - [INFO] Visiting: https://recreation.northeastern.edu/files/2020/09/Sarah-Adamo.png (fail_count=0)
[2025-03-03T00:03:15.053+0000] {subprocess.py:106} INFO - [SUCCESS] Scraped: https://recreation.northeastern.edu/files/2020/09/Sarah-Adamo.png
[2025-03-03T00:03:15.506+0000] {subprocess.py:106} INFO - [INFO] Visiting: https://recreation.northeastern.edu/files/2024/04/Dylan-d72d2550bf26bae0.png (fail_count=0)
[2025-03-03T00:03:22.031+0000] {subprocess.py:106} INFO - [SUCCESS] Scraped: https://recreation.northeastern.edu/files/2024/04/Dylan-d72d2550bf26bae0.png
[2025-03-03T00:03:22.448+0000] {subprocess.py:106} INFO - [INFO] Visiting: https://recreation.northeastern.edu/files/2020/09/Keval-Shah.png (fail_count=0)
[2025-03-03T00:03:28.015+0000] {subprocess.py:106} INFO - [SUCCESS] Scraped: https://recreation.northeastern.edu/files/2020/09/Keval-Shah.png
[2025-03-03T00:03:28.468+0000] {subprocess.py:106} INFO - [INFO] Visiting: https://recreation.northeastern.edu/files/2022/12/Sarah-Baker.png (fail_count=0)
[2025-03-03T00:03:34.212+0000] {subprocess.py:106} INFO - [SUCCESS] Scraped: https://recreation.northeastern.edu/files/2022/12/Sarah-Baker.png
[2025-03-03T00:03:35.051+0000] {subprocess.py:106} INFO - [INFO] Visiting: https://recreation.northeastern.edu/files/2020/09/Zachary-Umans.png (fail_count=0)
[2025-03-03T00:03:42.743+0000] {subprocess.py:106} INFO - [SUCCESS] Scraped: https://recreation.northeastern.edu/files/2020/09/Zachary-Umans.png
[2025-03-03T00:03:43.519+0000] {subprocess.py:106} INFO - [INFO] Visiting: https://recreation.northeastern.edu/files/2020/09/Jacob.png (fail_count=0)
[2025-03-03T00:03:49.160+0000] {subprocess.py:106} INFO - [SUCCESS] Scraped: https://recreation.northeastern.edu/files/2020/09/Jacob.png
[2025-03-03T00:03:49.683+0000] {subprocess.py:106} INFO - [INFO] Visiting: https://recreation.northeastern.edu/files/2022/12/Jack-Butler.png (fail_count=0)
[2025-03-03T00:03:56.208+0000] {subprocess.py:106} INFO - [SUCCESS] Scraped: https://recreation.northeastern.edu/files/2022/12/Jack-Butler.png
[2025-03-03T00:03:56.677+0000] {subprocess.py:106} INFO - [INFO] Visiting: https://recreation.northeastern.edu/files/2023/04/Kaneesha-Ranade.png (fail_count=0)
[2025-03-03T00:04:02.963+0000] {subprocess.py:106} INFO - [SUCCESS] Scraped: https://recreation.northeastern.edu/files/2023/04/Kaneesha-Ranade.png
[2025-03-03T00:04:03.730+0000] {subprocess.py:106} INFO - [INFO] Visiting: https://recreation.northeastern.edu/files/2022/07/Prashanth-Krishnamsetty.png (fail_count=0)
[2025-03-03T00:04:10.050+0000] {subprocess.py:106} INFO - [SUCCESS] Scraped: https://recreation.northeastern.edu/files/2022/07/Prashanth-Krishnamsetty.png
[2025-03-03T00:04:10.632+0000] {subprocess.py:106} INFO - [INFO] Visiting: https://recreation.northeastern.edu/files/2020/09/Jonah-Albrecht.png (fail_count=0)
[2025-03-03T00:04:19.426+0000] {subprocess.py:106} INFO - [SUCCESS] Scraped: https://recreation.northeastern.edu/files/2020/09/Jonah-Albrecht.png
[2025-03-03T00:04:20.036+0000] {subprocess.py:106} INFO - [INFO] Visiting: https://recreation.northeastern.edu/files/2023/03/Dennis-Simmons.png (fail_count=0)
[2025-03-03T00:04:24.880+0000] {subprocess.py:106} INFO - [SUCCESS] Scraped: https://recreation.northeastern.edu/files/2023/03/Dennis-Simmons.png
[2025-03-03T00:04:25.637+0000] {subprocess.py:106} INFO - [INFO] Visiting: https://recreation.northeastern.edu/files/2023/03/Daria-Listkova.png (fail_count=0)
[2025-03-03T00:04:32.242+0000] {subprocess.py:106} INFO - [SUCCESS] Scraped: https://recreation.northeastern.edu/files/2023/03/Daria-Listkova.png
[2025-03-03T00:04:32.688+0000] {subprocess.py:106} INFO - [INFO] Visiting: https://recreation.northeastern.edu/files/2023/02/Emily-Aliotta.png (fail_count=0)
[2025-03-03T00:04:39.693+0000] {subprocess.py:106} INFO - [SUCCESS] Scraped: https://recreation.northeastern.edu/files/2023/02/Emily-Aliotta.png
[2025-03-03T00:04:40.197+0000] {subprocess.py:106} INFO - [INFO] Visiting: https://recreation.northeastern.edu/files/2023/09/Jack-Butler.png (fail_count=0)
[2025-03-03T00:04:49.174+0000] {subprocess.py:106} INFO - [SUCCESS] Scraped: https://recreation.northeastern.edu/files/2023/09/Jack-Butler.png
[2025-03-03T00:04:49.614+0000] {subprocess.py:106} INFO - [INFO] Visiting: https://recreation.northeastern.edu/files/2023/04/Samantha-Yip.png (fail_count=0)
[2025-03-03T00:04:58.459+0000] {subprocess.py:106} INFO - [SUCCESS] Scraped: https://recreation.northeastern.edu/files/2023/04/Samantha-Yip.png
[2025-03-03T00:04:58.881+0000] {subprocess.py:106} INFO - [INFO] Visiting: https://recreation.northeastern.edu/files/2020/09/Matt-Fritz-IM.png (fail_count=0)
[2025-03-03T00:05:05.612+0000] {subprocess.py:106} INFO - [SUCCESS] Scraped: https://recreation.northeastern.edu/files/2020/09/Matt-Fritz-IM.png
[2025-03-03T00:05:06.035+0000] {subprocess.py:106} INFO - [INFO] Visiting: https://recreation.northeastern.edu/matthews-arena/ (fail_count=0)
[2025-03-03T00:05:18.459+0000] {subprocess.py:106} INFO - [SUCCESS] Scraped: https://recreation.northeastern.edu/matthews-arena/
[2025-03-03T00:05:19.060+0000] {subprocess.py:106} INFO - [INFO] Visiting: https://recreation.northeastern.edu/guests/ (fail_count=0)
[2025-03-03T00:05:29.066+0000] {subprocess.py:106} INFO - [SUCCESS] Scraped: https://recreation.northeastern.edu/guests/
[2025-03-03T00:05:29.642+0000] {subprocess.py:106} INFO - [INFO] Visiting: https://recreation.northeastern.edu/facility-reservation/ (fail_count=0)
[2025-03-03T00:05:37.638+0000] {subprocess.py:106} INFO - [SUCCESS] Scraped: https://recreation.northeastern.edu/facility-reservation/
[2025-03-03T00:05:38.254+0000] {subprocess.py:106} INFO - [INFO] Visiting: https://recreation.northeastern.edu/ (fail_count=0)
[2025-03-03T00:05:50.373+0000] {subprocess.py:106} INFO - [SUCCESS] Scraped: https://recreation.northeastern.edu/
[2025-03-03T00:05:52.478+0000] {subprocess.py:106} INFO - [SUCCESS] Downloaded: https://recreation.northeastern.edu/files/2024/12/Marino-Spring-2025.pdf
[2025-03-03T00:05:52.483+0000] {subprocess.py:106} INFO - [INFO] Visiting: https://recreation.northeastern.edu/personal-training/ (fail_count=0)
[2025-03-03T00:05:59.907+0000] {subprocess.py:106} INFO - [SUCCESS] Scraped: https://recreation.northeastern.edu/personal-training/
[2025-03-03T00:06:00.777+0000] {subprocess.py:106} INFO - [INFO] Visiting: https://recreation.northeastern.edu/global-recreation/ (fail_count=0)
[2025-03-03T00:06:13.299+0000] {subprocess.py:106} INFO - [SUCCESS] Scraped: https://recreation.northeastern.edu/global-recreation/
[2025-03-03T00:06:14.581+0000] {subprocess.py:106} INFO - [INFO] Visiting: https://recreation.northeastern.edu/global-recreation-silicon-valley-campus/ (fail_count=0)
[2025-03-03T00:06:24.794+0000] {subprocess.py:106} INFO - [SUCCESS] Scraped: https://recreation.northeastern.edu/global-recreation-silicon-valley-campus/
[2025-03-03T00:06:26.239+0000] {subprocess.py:106} INFO - [INFO] Visiting: https://recreation.northeastern.edu/policies/ (fail_count=0)
[2025-03-03T00:06:36.781+0000] {subprocess.py:106} INFO - [SUCCESS] Scraped: https://recreation.northeastern.edu/policies/
[2025-03-03T00:06:37.381+0000] {subprocess.py:106} INFO - [INFO] Visiting: https://recreation.northeastern.edu/club-sports/ (fail_count=0)
[2025-03-03T00:06:47.690+0000] {subprocess.py:106} INFO - [SUCCESS] Scraped: https://recreation.northeastern.edu/club-sports/
[2025-03-03T00:06:48.559+0000] {subprocess.py:106} INFO - [INFO] Visiting: https://recreation.northeastern.edu/boston-conservatory-at-berklee-berklee-college-of-music/ (fail_count=0)
[2025-03-03T00:06:57.097+0000] {subprocess.py:106} INFO - [SUCCESS] Scraped: https://recreation.northeastern.edu/boston-conservatory-at-berklee-berklee-college-of-music/
[2025-03-03T00:06:57.733+0000] {subprocess.py:106} INFO - [INFO] Visiting: https://recreation.northeastern.edu/class-descriptions-2/ (fail_count=0)
[2025-03-03T00:07:05.649+0000] {subprocess.py:106} INFO - [SUCCESS] Scraped: https://recreation.northeastern.edu/class-descriptions-2/
[2025-03-03T00:07:06.135+0000] {subprocess.py:106} INFO - [INFO] Visiting: https://recreation.northeastern.edu/membership (fail_count=0)
[2025-03-03T00:07:15.202+0000] {subprocess.py:106} INFO - [SUCCESS] Scraped: https://recreation.northeastern.edu/membership
[2025-03-03T00:07:16.218+0000] {subprocess.py:106} INFO - [INFO] Visiting: https://recreation.northeastern.edu/become-an-instructor/ (fail_count=0)
[2025-03-03T00:07:27.167+0000] {subprocess.py:106} INFO - [SUCCESS] Scraped: https://recreation.northeastern.edu/become-an-instructor/
[2025-03-03T00:07:28.634+0000] {subprocess.py:106} INFO - [INFO] Visiting: https://recreation.northeastern.edu/class-descriptions/ (fail_count=0)
[2025-03-03T00:07:36.551+0000] {subprocess.py:106} INFO - [SUCCESS] Scraped: https://recreation.northeastern.edu/class-descriptions/
[2025-03-03T00:07:37.661+0000] {subprocess.py:106} INFO - [INFO] Visiting: https://recreation.northeastern.edu/staff/ (fail_count=0)
[2025-03-03T00:07:47.795+0000] {subprocess.py:106} INFO - [SUCCESS] Scraped: https://recreation.northeastern.edu/staff/
[2025-03-03T00:07:48.605+0000] {subprocess.py:106} INFO - [INFO] Visiting: https://recreation.northeastern.edu/road-races-triathlons/ (fail_count=0)
[2025-03-03T00:07:58.362+0000] {subprocess.py:106} INFO - [SUCCESS] Scraped: https://recreation.northeastern.edu/road-races-triathlons/
[2025-03-03T00:07:58.969+0000] {subprocess.py:106} INFO - [INFO] Visiting: https://recreation.northeastern.edu/jobs/ (fail_count=0)
[2025-03-03T00:08:04.594+0000] {subprocess.py:106} INFO - [SUCCESS] Scraped: https://recreation.northeastern.edu/jobs/
[2025-03-03T00:08:05.023+0000] {subprocess.py:106} INFO - [INFO] Visiting: https://recreation.northeastern.edu/retirees/ (fail_count=0)
[2025-03-03T00:08:13.960+0000] {subprocess.py:106} INFO - [SUCCESS] Scraped: https://recreation.northeastern.edu/retirees/
[2025-03-03T00:08:14.366+0000] {subprocess.py:106} INFO - [INFO] Visiting: https://recreation.northeastern.edu/cabot-physical-education-center/ (fail_count=0)
[2025-03-03T00:08:24.911+0000] {subprocess.py:106} INFO - [SUCCESS] Scraped: https://recreation.northeastern.edu/cabot-physical-education-center/
[2025-03-03T00:08:25.375+0000] {subprocess.py:106} INFO - [INFO] Visiting: https://recreation.northeastern.edu/instructional-recreation/ (fail_count=0)
[2025-03-03T00:08:35.200+0000] {subprocess.py:106} INFO - [SUCCESS] Scraped: https://recreation.northeastern.edu/instructional-recreation/
[2025-03-03T00:08:35.560+0000] {subprocess.py:106} INFO - [INFO] Visiting: https://recreation.northeastern.edu/full-time-benefit-eligible-faculty-and-staff/ (fail_count=0)
[2025-03-03T00:08:42.017+0000] {subprocess.py:106} INFO - [SUCCESS] Scraped: https://recreation.northeastern.edu/full-time-benefit-eligible-faculty-and-staff/
[2025-03-03T00:08:42.457+0000] {subprocess.py:106} INFO - [INFO] Visiting: https://recreation.northeastern.edu/current-intramural-sports/ (fail_count=0)
[2025-03-03T00:08:50.573+0000] {subprocess.py:106} INFO - [SUCCESS] Scraped: https://recreation.northeastern.edu/current-intramural-sports/
[2025-03-03T00:08:51.008+0000] {subprocess.py:106} INFO - [INFO] Visiting: https://recreation.northeastern.edu/alumni/ (fail_count=0)
[2025-03-03T00:08:58.265+0000] {subprocess.py:106} INFO - [SUCCESS] Scraped: https://recreation.northeastern.edu/alumni/
[2025-03-03T00:08:58.741+0000] {subprocess.py:106} INFO - [INFO] Visiting: https://recreation.northeastern.edu/global-recreation-fitness-app/ (fail_count=0)
[2025-03-03T00:09:07.446+0000] {subprocess.py:106} INFO - [SUCCESS] Scraped: https://recreation.northeastern.edu/global-recreation-fitness-app/
[2025-03-03T00:09:08.036+0000] {subprocess.py:106} INFO - [INFO] Visiting: https://recreation.northeastern.edu/global-recreation-london-campus/ (fail_count=0)
[2025-03-03T00:09:16.797+0000] {subprocess.py:106} INFO - [SUCCESS] Scraped: https://recreation.northeastern.edu/global-recreation-london-campus/
[2025-03-03T00:09:17.229+0000] {subprocess.py:106} INFO - [INFO] Visiting: https://recreation.northeastern.edu/community-privileges/ (fail_count=0)
[2025-03-03T00:09:25.017+0000] {subprocess.py:106} INFO - [SUCCESS] Scraped: https://recreation.northeastern.edu/community-privileges/
[2025-03-03T00:09:25.536+0000] {subprocess.py:106} INFO - [INFO] Visiting: https://recreation.northeastern.edu/classes-offered-registration/ (fail_count=0)
[2025-03-03T00:09:36.522+0000] {subprocess.py:106} INFO - [SUCCESS] Scraped: https://recreation.northeastern.edu/classes-offered-registration/
[2025-03-03T00:09:36.948+0000] {subprocess.py:106} INFO - [INFO] Visiting: https://recreation.northeastern.edu/aquatics-2/ (fail_count=0)
[2025-03-03T00:09:49.083+0000] {subprocess.py:106} INFO - [SUCCESS] Scraped: https://recreation.northeastern.edu/aquatics-2/
[2025-03-03T00:09:49.628+0000] {subprocess.py:106} INFO - [INFO] Visiting: https://recreation.northeastern.edu/small-group-training/ (fail_count=0)
[2025-03-03T00:09:59.984+0000] {subprocess.py:106} INFO - [SUCCESS] Scraped: https://recreation.northeastern.edu/small-group-training/
[2025-03-03T00:10:00.607+0000] {subprocess.py:106} INFO - [INFO] Visiting: https://recreation.northeastern.edu/group-fitness/ (fail_count=0)
[2025-03-03T00:10:10.508+0000] {subprocess.py:106} INFO - [SUCCESS] Scraped: https://recreation.northeastern.edu/group-fitness/
[2025-03-03T00:10:11.161+0000] {subprocess.py:106} INFO - [INFO] Visiting: https://recreation.northeastern.edu/become-a-referee/ (fail_count=0)
[2025-03-03T00:10:18.392+0000] {subprocess.py:106} INFO - [SUCCESS] Scraped: https://recreation.northeastern.edu/become-a-referee/
[2025-03-03T00:10:19.254+0000] {subprocess.py:106} INFO - [INFO] Visiting: https://recreation.northeastern.edu/global-recreation-fitness-app/flex.fod247.fitness (fail_count=0)
[2025-03-03T00:10:29.127+0000] {subprocess.py:106} INFO - [SUCCESS] Scraped: https://recreation.northeastern.edu/global-recreation-fitness-app/flex.fod247.fitness
[2025-03-03T00:10:29.657+0000] {subprocess.py:106} INFO - [INFO] Visiting: https://recreation.northeastern.edu/blog-post/ (fail_count=0)
[2025-03-03T00:10:38.203+0000] {subprocess.py:106} INFO - [SUCCESS] Scraped: https://recreation.northeastern.edu/blog-post/
[2025-03-03T00:10:38.576+0000] {subprocess.py:106} INFO - [INFO] Visiting: https://recreation.northeastern.edu/wp-content/mu-plugins/lean-captcha/lc_ep.php (fail_count=0)
[2025-03-03T00:10:45.838+0000] {subprocess.py:106} INFO - [SUCCESS] Scraped: https://recreation.northeastern.edu/wp-content/mu-plugins/lean-captcha/lc_ep.php
[2025-03-03T00:10:46.246+0000] {subprocess.py:106} INFO - [INFO] Visiting: https://recreation.northeastern.edu/hello-world/ (fail_count=0)
[2025-03-03T00:10:52.855+0000] {subprocess.py:106} INFO - [SUCCESS] Scraped: https://recreation.northeastern.edu/hello-world/
[2025-03-03T00:10:53.388+0000] {subprocess.py:106} INFO - [INFO] Visiting: https://recreation.northeastern.edu/author/crousseau/ (fail_count=0)
[2025-03-03T00:10:59.810+0000] {subprocess.py:106} INFO - [SUCCESS] Scraped: https://recreation.northeastern.edu/author/crousseau/
[2025-03-03T00:11:00.427+0000] {subprocess.py:106} INFO - [INFO] Visiting: https://recreation.northeastern.edu/category/uncategorized/ (fail_count=0)
[2025-03-03T00:11:08.860+0000] {subprocess.py:106} INFO - [SUCCESS] Scraped: https://recreation.northeastern.edu/category/uncategorized/
[2025-03-03T00:11:09.312+0000] {subprocess.py:106} INFO - [INFO] Visiting: https://recreation.northeastern.edu/title-with-featured-image-as-background/ (fail_count=0)
[2025-03-03T00:11:16.335+0000] {subprocess.py:106} INFO - [SUCCESS] Scraped: https://recreation.northeastern.edu/title-with-featured-image-as-background/
[2025-03-03T00:11:16.883+0000] {subprocess.py:106} INFO - [INFO] Visiting: https://recreation.northeastern.edu/global-recreation-roux-institute/ (fail_count=0)
[2025-03-03T00:11:24.995+0000] {subprocess.py:106} INFO - [SUCCESS] Scraped: https://recreation.northeastern.edu/global-recreation-roux-institute/
[2025-03-03T00:11:26.260+0000] {subprocess.py:106} INFO - [SUCCESS] Downloaded: https://recreation.northeastern.edu/files/2024/09/Roux-Institute-Global-Recreation-Resource-Guide.pdf
[2025-03-03T00:11:26.263+0000] {subprocess.py:106} INFO - [INFO] Visiting: https://recreation.northeastern.edu/global-recreation-vancouver-campus/ (fail_count=0)
[2025-03-03T00:11:35.756+0000] {subprocess.py:106} INFO - [SUCCESS] Scraped: https://recreation.northeastern.edu/global-recreation-vancouver-campus/
[2025-03-03T00:11:36.408+0000] {subprocess.py:106} INFO - [INFO] Visiting: https://recreation.northeastern.edu/global-recreation-arlington-campus/ (fail_count=0)
[2025-03-03T00:11:46.954+0000] {subprocess.py:106} INFO - [SUCCESS] Scraped: https://recreation.northeastern.edu/global-recreation-arlington-campus/
[2025-03-03T00:11:47.441+0000] {subprocess.py:106} INFO - [INFO] Visiting: https://recreation.northeastern.edu/guest/ (fail_count=0)
[2025-03-03T00:11:58.461+0000] {subprocess.py:106} INFO - [SUCCESS] Scraped: https://recreation.northeastern.edu/guest/
[2025-03-03T00:11:59.214+0000] {subprocess.py:106} INFO - [SUCCESS] Downloaded: https://recreation.northeastern.edu/files/2024/12/SquashBusters-Spring-2025.pdf
[2025-03-03T00:11:59.219+0000] {subprocess.py:106} INFO - [INFO] Visiting: https://recreation.northeastern.edu/files/2024/05/Leticia.png (fail_count=0)
[2025-03-03T00:12:04.854+0000] {subprocess.py:106} INFO - [SUCCESS] Scraped: https://recreation.northeastern.edu/files/2024/05/Leticia.png
[2025-03-03T00:12:05.306+0000] {subprocess.py:106} INFO - [INFO] Visiting: https://recreation.northeastern.edu/files/2023/01/Vinny-Coppola.png (fail_count=0)
[2025-03-03T00:12:10.927+0000] {subprocess.py:106} INFO - [SUCCESS] Scraped: https://recreation.northeastern.edu/files/2023/01/Vinny-Coppola.png
[2025-03-03T00:12:11.377+0000] {subprocess.py:106} INFO - [INFO] Visiting: https://recreation.northeastern.edu/files/2020/09/Matt-Fritz.png (fail_count=0)
[2025-03-03T00:12:18.063+0000] {subprocess.py:106} INFO - [SUCCESS] Scraped: https://recreation.northeastern.edu/files/2020/09/Matt-Fritz.png
[2025-03-03T00:12:18.465+0000] {subprocess.py:106} INFO - [INFO] Visiting: https://recreation.northeastern.edu/files/2023/08/Michael-Davis.png (fail_count=0)
[2025-03-03T00:12:22.910+0000] {subprocess.py:106} INFO - [SUCCESS] Scraped: https://recreation.northeastern.edu/files/2023/08/Michael-Davis.png
[2025-03-03T00:12:23.312+0000] {subprocess.py:106} INFO - [INFO] Visiting: https://recreation.northeastern.edu/files/2020/09/Roya-Baalbaki.png (fail_count=0)
[2025-03-03T00:12:27.965+0000] {subprocess.py:106} INFO - [SUCCESS] Scraped: https://recreation.northeastern.edu/files/2020/09/Roya-Baalbaki.png
[2025-03-03T00:12:28.500+0000] {subprocess.py:106} INFO - [INFO] Visiting: https://recreation.northeastern.edu/files/2023/02/Genevieve-Steever.png (fail_count=0)
[2025-03-03T00:12:37.161+0000] {subprocess.py:106} INFO - [SUCCESS] Scraped: https://recreation.northeastern.edu/files/2023/02/Genevieve-Steever.png
[2025-03-03T00:12:37.600+0000] {subprocess.py:106} INFO - [INFO] Visiting: https://recreation.northeastern.edu/files/2022/06/Jake-OShea.png (fail_count=0)
[2025-03-03T00:12:44.324+0000] {subprocess.py:106} INFO - [SUCCESS] Scraped: https://recreation.northeastern.edu/files/2022/06/Jake-OShea.png
[2025-03-03T00:12:44.703+0000] {subprocess.py:106} INFO - [INFO] Visiting: https://recreation.northeastern.edu/files/2020/09/Sarah-Baker.png (fail_count=0)
[2025-03-03T00:12:53.661+0000] {subprocess.py:106} INFO - [SUCCESS] Scraped: https://recreation.northeastern.edu/files/2020/09/Sarah-Baker.png
[2025-03-03T00:12:54.138+0000] {subprocess.py:106} INFO - [INFO] Visiting: https://recreation.northeastern.edu/files/2020/09/Dakota-Wintrode.png (fail_count=0)
[2025-03-03T00:12:59.115+0000] {subprocess.py:106} INFO - [SUCCESS] Scraped: https://recreation.northeastern.edu/files/2020/09/Dakota-Wintrode.png
[2025-03-03T00:12:59.610+0000] {subprocess.py:106} INFO - [INFO] Visiting: https://recreation.northeastern.edu/files/2024/09/Yashasvi.png (fail_count=0)
[2025-03-03T00:13:05.467+0000] {subprocess.py:106} INFO - [SUCCESS] Scraped: https://recreation.northeastern.edu/files/2024/09/Yashasvi.png
[2025-03-03T00:13:07.314+0000] {subprocess.py:106} INFO - [INFO] Visiting: https://recreation.northeastern.edu/files/2020/09/Alison-Sheng.png (fail_count=0)
[2025-03-03T00:13:13.239+0000] {subprocess.py:106} INFO - [SUCCESS] Scraped: https://recreation.northeastern.edu/files/2020/09/Alison-Sheng.png
[2025-03-03T00:13:13.788+0000] {subprocess.py:106} INFO - [INFO] Visiting: https://recreation.northeastern.edu/files/2022/08/Sakshee-Naik.png (fail_count=0)
[2025-03-03T00:13:21.563+0000] {subprocess.py:106} INFO - [SUCCESS] Scraped: https://recreation.northeastern.edu/files/2022/08/Sakshee-Naik.png
[2025-03-03T00:13:22.225+0000] {subprocess.py:106} INFO - [INFO] Visiting: https://recreation.northeastern.edu/files/2020/09/Shreyash.png (fail_count=0)
[2025-03-03T00:13:31.160+0000] {subprocess.py:106} INFO - [SUCCESS] Scraped: https://recreation.northeastern.edu/files/2020/09/Shreyash.png
[2025-03-03T00:13:31.677+0000] {subprocess.py:106} INFO - [INFO] Visiting: https://recreation.northeastern.edu/files/2022/11/Ishan-Shah-.png (fail_count=0)
[2025-03-03T00:13:37.446+0000] {subprocess.py:106} INFO - [SUCCESS] Scraped: https://recreation.northeastern.edu/files/2022/11/Ishan-Shah-.png
[2025-03-03T00:13:37.971+0000] {subprocess.py:106} INFO - [INFO] Visiting: https://recreation.northeastern.edu/files/2022/10/Neha-Swaminathan.png (fail_count=0)
[2025-03-03T00:13:43.782+0000] {subprocess.py:106} INFO - [SUCCESS] Scraped: https://recreation.northeastern.edu/files/2022/10/Neha-Swaminathan.png
[2025-03-03T00:13:44.248+0000] {subprocess.py:106} INFO - [INFO] Visiting: https://recreation.northeastern.edu/files/2022/07/Nicole-Roach.png (fail_count=0)
[2025-03-03T00:13:53.065+0000] {subprocess.py:106} INFO - [SUCCESS] Scraped: https://recreation.northeastern.edu/files/2022/07/Nicole-Roach.png
[2025-03-03T00:13:53.632+0000] {subprocess.py:106} INFO - [INFO] Visiting: https://recreation.northeastern.edu/files/2023/03/Belle-McNamara.png (fail_count=0)
[2025-03-03T00:14:02.490+0000] {subprocess.py:106} INFO - [SUCCESS] Scraped: https://recreation.northeastern.edu/files/2023/03/Belle-McNamara.png
[2025-03-03T00:14:02.980+0000] {subprocess.py:106} INFO - [INFO] Visiting: https://recreation.northeastern.edu/files/2023/11/Sai-Narmeta.png (fail_count=0)
[2025-03-03T00:14:07.834+0000] {subprocess.py:106} INFO - [SUCCESS] Scraped: https://recreation.northeastern.edu/files/2023/11/Sai-Narmeta.png
[2025-03-03T00:14:08.718+0000] {subprocess.py:106} INFO - [INFO] Visiting: https://recreation.northeastern.edu/files/2020/09/Jatinder-Bali.png (fail_count=0)
[2025-03-03T00:14:15.103+0000] {subprocess.py:106} INFO - [SUCCESS] Scraped: https://recreation.northeastern.edu/files/2020/09/Jatinder-Bali.png
[2025-03-03T00:14:15.718+0000] {subprocess.py:106} INFO - [INFO] Visiting: https://recreation.northeastern.edu/files/2023/09/Sarah-Jacobs.png (fail_count=0)
[2025-03-03T00:14:21.396+0000] {subprocess.py:106} INFO - [SUCCESS] Scraped: https://recreation.northeastern.edu/files/2023/09/Sarah-Jacobs.png
[2025-03-03T00:14:21.853+0000] {subprocess.py:106} INFO - [INFO] Visiting: https://recreation.northeastern.edu/files/2020/09/Rachel-Luccarelli.png (fail_count=0)
[2025-03-03T00:14:30.002+0000] {subprocess.py:106} INFO - [SUCCESS] Scraped: https://recreation.northeastern.edu/files/2020/09/Rachel-Luccarelli.png
[2025-03-03T00:14:30.830+0000] {subprocess.py:106} INFO - [INFO] Visiting: https://recreation.northeastern.edu/files/2020/09/Sandy-Saliba.png (fail_count=0)
[2025-03-03T00:14:40.353+0000] {subprocess.py:106} INFO - [SUCCESS] Scraped: https://recreation.northeastern.edu/files/2020/09/Sandy-Saliba.png
[2025-03-03T00:14:41.045+0000] {subprocess.py:106} INFO - [INFO] Visiting: https://recreation.northeastern.edu/files/2025/01/3.png (fail_count=0)
[2025-03-03T00:14:48.859+0000] {subprocess.py:106} INFO - [SUCCESS] Scraped: https://recreation.northeastern.edu/files/2025/01/3.png
[2025-03-03T00:14:50.165+0000] {subprocess.py:106} INFO - [INFO] Visiting: https://recreation.northeastern.edu/files/2020/09/Rachael-Biega.png (fail_count=0)
[2025-03-03T00:14:55.220+0000] {subprocess.py:106} INFO - [SUCCESS] Scraped: https://recreation.northeastern.edu/files/2020/09/Rachael-Biega.png
[2025-03-03T00:14:56.158+0000] {subprocess.py:106} INFO - [INFO] Visiting: https://recreation.northeastern.edu/files/2020/09/Michael-Quinn.png (fail_count=0)
[2025-03-03T00:15:04.944+0000] {subprocess.py:106} INFO - [SUCCESS] Scraped: https://recreation.northeastern.edu/files/2020/09/Michael-Quinn.png
[2025-03-03T00:15:05.627+0000] {subprocess.py:106} INFO - [INFO] Visiting: https://recreation.northeastern.edu/files/2023/04/Mira-Gandhi.png (fail_count=0)
[2025-03-03T00:15:14.326+0000] {subprocess.py:106} INFO - [SUCCESS] Scraped: https://recreation.northeastern.edu/files/2023/04/Mira-Gandhi.png
[2025-03-03T00:15:15.097+0000] {subprocess.py:106} INFO - [INFO] Visiting: https://recreation.northeastern.edu/files/2023/04/Emma-McGarrity.png (fail_count=0)
[2025-03-03T00:15:22.704+0000] {subprocess.py:106} INFO - [SUCCESS] Scraped: https://recreation.northeastern.edu/files/2023/04/Emma-McGarrity.png
[2025-03-03T00:15:23.222+0000] {subprocess.py:106} INFO - [INFO] Visiting: https://recreation.northeastern.edu/files/2023/10/Joshua-Miller.png (fail_count=0)
[2025-03-03T00:15:28.853+0000] {subprocess.py:106} INFO - [SUCCESS] Scraped: https://recreation.northeastern.edu/files/2023/10/Joshua-Miller.png
[2025-03-03T00:15:29.533+0000] {subprocess.py:106} INFO - [INFO] Visiting: https://recreation.northeastern.edu/files/2020/09/Sarah-Olender.png (fail_count=0)
[2025-03-03T00:15:38.297+0000] {subprocess.py:106} INFO - [SUCCESS] Scraped: https://recreation.northeastern.edu/files/2020/09/Sarah-Olender.png
[2025-03-03T00:15:39.332+0000] {subprocess.py:106} INFO - [INFO] Visiting: https://recreation.northeastern.edu/files/2020/09/Nimi.png (fail_count=0)
[2025-03-03T00:15:46.756+0000] {subprocess.py:106} INFO - [SUCCESS] Scraped: https://recreation.northeastern.edu/files/2020/09/Nimi.png
[2025-03-03T00:15:47.618+0000] {subprocess.py:106} INFO - [INFO] Visiting: https://recreation.northeastern.edu/files/2023/09/Ashish-Sharma.png (fail_count=0)
[2025-03-03T00:15:54.070+0000] {subprocess.py:106} INFO - [SUCCESS] Scraped: https://recreation.northeastern.edu/files/2023/09/Ashish-Sharma.png
[2025-03-03T00:15:54.534+0000] {subprocess.py:106} INFO - [INFO] Visiting: https://recreation.northeastern.edu/files/2020/09/Aabha-Parikh.png (fail_count=0)
[2025-03-03T00:16:03.285+0000] {subprocess.py:106} INFO - [SUCCESS] Scraped: https://recreation.northeastern.edu/files/2020/09/Aabha-Parikh.png
[2025-03-03T00:16:03.899+0000] {subprocess.py:106} INFO - [INFO] Visiting: https://recreation.northeastern.edu/files/2024/04/Lauren-0714aeed58ab0147.png (fail_count=0)
[2025-03-03T00:16:10.110+0000] {subprocess.py:106} INFO - [SUCCESS] Scraped: https://recreation.northeastern.edu/files/2024/04/Lauren-0714aeed58ab0147.png
[2025-03-03T00:16:10.873+0000] {subprocess.py:106} INFO - [INFO] Visiting: https://recreation.northeastern.edu/files/2020/09/Josue-Oviedo.png (fail_count=0)
[2025-03-03T00:16:15.731+0000] {subprocess.py:106} INFO - [SUCCESS] Scraped: https://recreation.northeastern.edu/files/2020/09/Josue-Oviedo.png
[2025-03-03T00:16:16.948+0000] {subprocess.py:106} INFO - [INFO] Visiting: https://recreation.northeastern.edu/files/2022/09/Emma-Castle.jpg (fail_count=0)
[2025-03-03T00:16:22.805+0000] {subprocess.py:106} INFO - [SUCCESS] Scraped: https://recreation.northeastern.edu/files/2022/09/Emma-Castle.jpg
[2025-03-03T00:16:23.591+0000] {subprocess.py:106} INFO - [INFO] Visiting: https://recreation.northeastern.edu/files/2023/08/Sacha-Sergent.png (fail_count=0)
[2025-03-03T00:16:28.344+0000] {subprocess.py:106} INFO - [SUCCESS] Scraped: https://recreation.northeastern.edu/files/2023/08/Sacha-Sergent.png
[2025-03-03T00:16:28.925+0000] {subprocess.py:106} INFO - [INFO] Visiting: https://recreation.northeastern.edu/files/2022/09/Ashish-Sharma.jpg (fail_count=0)
[2025-03-03T00:16:34.546+0000] {subprocess.py:106} INFO - [SUCCESS] Scraped: https://recreation.northeastern.edu/files/2022/09/Ashish-Sharma.jpg
[2025-03-03T00:16:35.180+0000] {subprocess.py:106} INFO - [INFO] Visiting: https://recreation.northeastern.edu/files/2024/05/Melanie.png (fail_count=0)
[2025-03-03T00:16:43.210+0000] {subprocess.py:106} INFO - [SUCCESS] Scraped: https://recreation.northeastern.edu/files/2024/05/Melanie.png
[2025-03-03T00:16:44.228+0000] {subprocess.py:106} INFO - [INFO] Visiting: https://recreation.northeastern.edu/files/2022/08/Maria-Paula-Acosta-Bello.png (fail_count=0)
[2025-03-03T00:16:48.985+0000] {subprocess.py:106} INFO - [SUCCESS] Scraped: https://recreation.northeastern.edu/files/2022/08/Maria-Paula-Acosta-Bello.png
[2025-03-03T00:16:49.730+0000] {subprocess.py:106} INFO - [INFO] Visiting: https://recreation.northeastern.edu/files/2020/09/Thomas-Cunningham.png (fail_count=0)
[2025-03-03T00:16:55.283+0000] {subprocess.py:106} INFO - [SUCCESS] Scraped: https://recreation.northeastern.edu/files/2020/09/Thomas-Cunningham.png
[2025-03-03T00:16:55.726+0000] {subprocess.py:106} INFO - [INFO] Visiting: https://recreation.northeastern.edu/files/2024/11/Guna.png (fail_count=0)
[2025-03-03T00:17:03.205+0000] {subprocess.py:106} INFO - [SUCCESS] Scraped: https://recreation.northeastern.edu/files/2024/11/Guna.png
[2025-03-03T00:17:03.749+0000] {subprocess.py:106} INFO - [INFO] Visiting: https://recreation.northeastern.edu/files/2020/09/Mitesha-Jadhav.png (fail_count=0)
[2025-03-03T00:17:08.285+0000] {subprocess.py:106} INFO - [SUCCESS] Scraped: https://recreation.northeastern.edu/files/2020/09/Mitesha-Jadhav.png
[2025-03-03T00:17:08.919+0000] {subprocess.py:106} INFO - [INFO] Visiting: https://recreation.northeastern.edu/files/2022/12/Elena-Castellini-.png (fail_count=0)
[2025-03-03T00:17:16.584+0000] {subprocess.py:106} INFO - [SUCCESS] Scraped: https://recreation.northeastern.edu/files/2022/12/Elena-Castellini-.png
[2025-03-03T00:17:17.146+0000] {subprocess.py:106} INFO - [INFO] Visiting: https://recreation.northeastern.edu/files/2022/10/Lizbeth-Dominguez.png (fail_count=0)
[2025-03-03T00:17:23.598+0000] {subprocess.py:106} INFO - [SUCCESS] Scraped: https://recreation.northeastern.edu/files/2022/10/Lizbeth-Dominguez.png
[2025-03-03T00:17:23.974+0000] {subprocess.py:106} INFO - [INFO] Visiting: https://recreation.northeastern.edu/files/2020/09/Cory-Luk.png (fail_count=0)
[2025-03-03T00:17:31.532+0000] {subprocess.py:106} INFO - [SUCCESS] Scraped: https://recreation.northeastern.edu/files/2020/09/Cory-Luk.png
[2025-03-03T00:17:32.051+0000] {subprocess.py:106} INFO - [INFO] Visiting: https://recreation.northeastern.edu/files/2023/04/Robbie-Neumann.png (fail_count=0)
[2025-03-03T00:17:40.981+0000] {subprocess.py:106} INFO - [SUCCESS] Scraped: https://recreation.northeastern.edu/files/2023/04/Robbie-Neumann.png
[2025-03-03T00:17:41.559+0000] {subprocess.py:106} INFO - [INFO] Visiting: https://recreation.northeastern.edu/files/2023/12/Caroline-Ho.png (fail_count=0)
[2025-03-03T00:17:48.227+0000] {subprocess.py:106} INFO - [SUCCESS] Scraped: https://recreation.northeastern.edu/files/2023/12/Caroline-Ho.png
[2025-03-03T00:17:49.226+0000] {subprocess.py:106} INFO - [INFO] Visiting: https://recreation.northeastern.edu/files/2024/11/Shub.png (fail_count=0)
[2025-03-03T00:17:56.754+0000] {subprocess.py:106} INFO - [SUCCESS] Scraped: https://recreation.northeastern.edu/files/2024/11/Shub.png
[2025-03-03T00:17:57.139+0000] {subprocess.py:106} INFO - [INFO] Visiting: https://recreation.northeastern.edu/files/2024/04/Kiki-1ddcf7504fe73add.png (fail_count=0)
[2025-03-03T00:18:05.998+0000] {subprocess.py:106} INFO - [SUCCESS] Scraped: https://recreation.northeastern.edu/files/2024/04/Kiki-1ddcf7504fe73add.png
[2025-03-03T00:18:06.438+0000] {subprocess.py:106} INFO - [INFO] Visiting: https://recreation.northeastern.edu/files/2024/03/Genevieve-Steever-7d1cbeca0cae3f39.png (fail_count=0)
[2025-03-03T00:18:15.365+0000] {subprocess.py:106} INFO - [SUCCESS] Scraped: https://recreation.northeastern.edu/files/2024/03/Genevieve-Steever-7d1cbeca0cae3f39.png
[2025-03-03T00:18:15.870+0000] {subprocess.py:106} INFO - [INFO] Visiting: https://recreation.northeastern.edu/files/2023/11/Tatyana-Boiano.png (fail_count=0)
[2025-03-03T00:18:24.533+0000] {subprocess.py:106} INFO - [SUCCESS] Scraped: https://recreation.northeastern.edu/files/2023/11/Tatyana-Boiano.png
[2025-03-03T00:18:24.931+0000] {subprocess.py:106} INFO - [INFO] Visiting: https://recreation.northeastern.edu/files/2023/03/Shivam-Joshi.png (fail_count=0)
[2025-03-03T00:18:29.728+0000] {subprocess.py:106} INFO - [SUCCESS] Scraped: https://recreation.northeastern.edu/files/2023/03/Shivam-Joshi.png
[2025-03-03T00:18:30.874+0000] {subprocess.py:106} INFO - [INFO] Visiting: https://recreation.northeastern.edu/files/2024/11/Sophia.png (fail_count=0)
[2025-03-03T00:18:37.536+0000] {subprocess.py:106} INFO - [SUCCESS] Scraped: https://recreation.northeastern.edu/files/2024/11/Sophia.png
[2025-03-03T00:18:38.431+0000] {subprocess.py:106} INFO - [INFO] Visiting: https://recreation.northeastern.edu/files/2022/06/Bri-Kelly.png (fail_count=0)
[2025-03-03T00:18:47.217+0000] {subprocess.py:106} INFO - [SUCCESS] Scraped: https://recreation.northeastern.edu/files/2022/06/Bri-Kelly.png
[2025-03-03T00:18:47.633+0000] {subprocess.py:106} INFO - [INFO] Visiting: https://recreation.northeastern.edu/files/2020/09/Maria-Paula-Acosta-Bello.png (fail_count=0)
[2025-03-03T00:18:55.940+0000] {subprocess.py:106} INFO - [SUCCESS] Scraped: https://recreation.northeastern.edu/files/2020/09/Maria-Paula-Acosta-Bello.png
[2025-03-03T00:18:56.787+0000] {subprocess.py:106} INFO - [INFO] Visiting: https://recreation.northeastern.edu/files/2023/11/Sofia-Murray.png (fail_count=0)
[2025-03-03T00:19:03.693+0000] {subprocess.py:106} INFO - [SUCCESS] Scraped: https://recreation.northeastern.edu/files/2023/11/Sofia-Murray.png
[2025-03-03T00:19:05.791+0000] {subprocess.py:106} INFO - [INFO] Visiting: https://recreation.northeastern.edu/files/2023/05/Kevin-Chan.png (fail_count=0)
[2025-03-03T00:19:15.203+0000] {subprocess.py:106} INFO - [SUCCESS] Scraped: https://recreation.northeastern.edu/files/2023/05/Kevin-Chan.png
[2025-03-03T00:19:20.394+0000] {subprocess.py:106} INFO - [INFO] Visiting: https://recreation.northeastern.edu/files/2024/02/Belle-McNamara-5014f9021e4d48d4.png (fail_count=0)
[2025-03-03T00:19:29.960+0000] {subprocess.py:106} INFO - [SUCCESS] Scraped: https://recreation.northeastern.edu/files/2024/02/Belle-McNamara-5014f9021e4d48d4.png
[2025-03-03T00:19:31.766+0000] {subprocess.py:106} INFO - [INFO] Visiting: https://recreation.northeastern.edu/files/2022/11/Tiana-Sheddy.png (fail_count=0)
[2025-03-03T00:19:41.600+0000] {subprocess.py:106} INFO - [SUCCESS] Scraped: https://recreation.northeastern.edu/files/2022/11/Tiana-Sheddy.png
[2025-03-03T00:19:42.861+0000] {subprocess.py:106} INFO - [INFO] Visiting: https://recreation.northeastern.edu/files/2025/01/4.png (fail_count=0)
[2025-03-03T00:19:48.479+0000] {subprocess.py:106} INFO - [SUCCESS] Scraped: https://recreation.northeastern.edu/files/2025/01/4.png
[2025-03-03T00:19:48.908+0000] {subprocess.py:106} INFO - [INFO] Visiting: https://recreation.northeastern.edu/files/2020/09/Emily-Tran.png (fail_count=0)
[2025-03-03T00:19:57.631+0000] {subprocess.py:106} INFO - [SUCCESS] Scraped: https://recreation.northeastern.edu/files/2020/09/Emily-Tran.png
[2025-03-03T00:19:58.292+0000] {subprocess.py:106} INFO - [INFO] Visiting: https://recreation.northeastern.edu/files/2024/03/Ria-Nath-373a813884a1e09e.png (fail_count=0)
[2025-03-03T00:20:03.917+0000] {subprocess.py:106} INFO - [SUCCESS] Scraped: https://recreation.northeastern.edu/files/2024/03/Ria-Nath-373a813884a1e09e.png
[2025-03-03T00:20:04.308+0000] {subprocess.py:106} INFO - [INFO] Visiting: https://recreation.northeastern.edu/files/2023/02/Sacha-Sergent.png (fail_count=0)
[2025-03-03T00:20:12.223+0000] {subprocess.py:106} INFO - [SUCCESS] Scraped: https://recreation.northeastern.edu/files/2023/02/Sacha-Sergent.png
[2025-03-03T00:20:12.858+0000] {subprocess.py:106} INFO - [INFO] Visiting: https://recreation.northeastern.edu/files/2020/09/Jamila-Yunusa.png (fail_count=0)
[2025-03-03T00:20:20.574+0000] {subprocess.py:106} INFO - [SUCCESS] Scraped: https://recreation.northeastern.edu/files/2020/09/Jamila-Yunusa.png
[2025-03-03T00:20:21.152+0000] {subprocess.py:106} INFO - [INFO] Visiting: https://recreation.northeastern.edu/files/2022/08/Mayzie-Hunter.png (fail_count=0)
[2025-03-03T00:20:26.945+0000] {subprocess.py:106} INFO - [SUCCESS] Scraped: https://recreation.northeastern.edu/files/2022/08/Mayzie-Hunter.png
[2025-03-03T00:20:27.440+0000] {subprocess.py:106} INFO - [INFO] Visiting: https://recreation.northeastern.edu/files/2024/11/Vedant.png (fail_count=0)
[2025-03-03T00:20:32.459+0000] {subprocess.py:106} INFO - [SUCCESS] Scraped: https://recreation.northeastern.edu/files/2024/11/Vedant.png
[2025-03-03T00:20:33.311+0000] {subprocess.py:106} INFO - [INFO] Visiting: https://recreation.northeastern.edu/files/2024/02/Jacob-Katz-3b5a8765000de9b7.png (fail_count=0)
[2025-03-03T00:20:42.243+0000] {subprocess.py:106} INFO - [SUCCESS] Scraped: https://recreation.northeastern.edu/files/2024/02/Jacob-Katz-3b5a8765000de9b7.png
[2025-03-03T00:20:44.090+0000] {subprocess.py:106} INFO - [INFO] Visiting: https://recreation.northeastern.edu/files/2020/09/Rachel-Miramontes.png (fail_count=0)
[2025-03-03T00:20:49.057+0000] {subprocess.py:106} INFO - [SUCCESS] Scraped: https://recreation.northeastern.edu/files/2020/09/Rachel-Miramontes.png
[2025-03-03T00:20:50.019+0000] {subprocess.py:106} INFO - [INFO] Visiting: https://recreation.northeastern.edu/files/2024/05/Abby.png (fail_count=0)
[2025-03-03T00:20:54.592+0000] {subprocess.py:106} INFO - [SUCCESS] Scraped: https://recreation.northeastern.edu/files/2024/05/Abby.png
[2025-03-03T00:20:55.045+0000] {subprocess.py:106} INFO - [INFO] Visiting: https://recreation.northeastern.edu/files/2024/03/Nate-Parker-dd222d15ba5df192.png (fail_count=0)
[2025-03-03T00:21:02.875+0000] {subprocess.py:106} INFO - [SUCCESS] Scraped: https://recreation.northeastern.edu/files/2024/03/Nate-Parker-dd222d15ba5df192.png
[2025-03-03T00:21:03.269+0000] {subprocess.py:106} INFO - [INFO] Visiting: https://recreation.northeastern.edu/files/2025/01/2.png (fail_count=0)
[2025-03-03T00:21:10.833+0000] {subprocess.py:106} INFO - [SUCCESS] Scraped: https://recreation.northeastern.edu/files/2025/01/2.png
[2025-03-03T00:21:11.833+0000] {subprocess.py:106} INFO - [INFO] Visiting: https://recreation.northeastern.edu/files/2023/12/Donovan-Holt.png (fail_count=0)
[2025-03-03T00:21:18.554+0000] {subprocess.py:106} INFO - [SUCCESS] Scraped: https://recreation.northeastern.edu/files/2023/12/Donovan-Holt.png
[2025-03-03T00:21:19.201+0000] {subprocess.py:106} INFO - [INFO] Visiting: https://recreation.northeastern.edu/files/2020/09/Sarah-Olender-IM.png (fail_count=0)
[2025-03-03T00:21:25.050+0000] {subprocess.py:106} INFO - [SUCCESS] Scraped: https://recreation.northeastern.edu/files/2020/09/Sarah-Olender-IM.png
[2025-03-03T00:21:25.964+0000] {subprocess.py:106} INFO - [INFO] Visiting: https://recreation.northeastern.edu/files/2022/10/Devin-Chatterjee.png (fail_count=0)
[2025-03-03T00:21:35.144+0000] {subprocess.py:106} INFO - [SUCCESS] Scraped: https://recreation.northeastern.edu/files/2022/10/Devin-Chatterjee.png
[2025-03-03T00:21:35.697+0000] {subprocess.py:106} INFO - [INFO] Visiting: https://recreation.northeastern.edu/files/2020/09/Liam-Moore.png (fail_count=0)
[2025-03-03T00:21:42.481+0000] {subprocess.py:106} INFO - [SUCCESS] Scraped: https://recreation.northeastern.edu/files/2020/09/Liam-Moore.png
[2025-03-03T00:21:43.067+0000] {subprocess.py:106} INFO - [INFO] Visiting: https://recreation.northeastern.edu/files/2023/04/Vatsal-kheni.png (fail_count=0)
[2025-03-03T00:21:52.649+0000] {subprocess.py:106} INFO - [SUCCESS] Scraped: https://recreation.northeastern.edu/files/2023/04/Vatsal-kheni.png
[2025-03-03T00:21:53.140+0000] {subprocess.py:106} INFO - [INFO] Visiting: https://recreation.northeastern.edu/files/2024/02/Shreyas-Terdalkar-fe8e571c91c85eb8.png (fail_count=0)
[2025-03-03T00:21:59.799+0000] {subprocess.py:106} INFO - [SUCCESS] Scraped: https://recreation.northeastern.edu/files/2024/02/Shreyas-Terdalkar-fe8e571c91c85eb8.png
[2025-03-03T00:22:00.406+0000] {subprocess.py:106} INFO - [INFO] Visiting: https://recreation.northeastern.edu/files/2020/09/Alexandros-Zografos-Manos.png (fail_count=0)
[2025-03-03T00:22:06.217+0000] {subprocess.py:106} INFO - [SUCCESS] Scraped: https://recreation.northeastern.edu/files/2020/09/Alexandros-Zografos-Manos.png
[2025-03-03T00:22:06.929+0000] {subprocess.py:106} INFO - [INFO] Visiting: https://recreation.northeastern.edu/files/2024/08/Emily.png (fail_count=0)
[2025-03-03T00:22:13.736+0000] {subprocess.py:106} INFO - [SUCCESS] Scraped: https://recreation.northeastern.edu/files/2024/08/Emily.png
[2025-03-03T00:22:14.181+0000] {subprocess.py:106} INFO - [INFO] Visiting: https://recreation.northeastern.edu/files/2020/09/Varun.png (fail_count=0)
[2025-03-03T00:22:22.690+0000] {subprocess.py:106} INFO - [SUCCESS] Scraped: https://recreation.northeastern.edu/files/2020/09/Varun.png
[2025-03-03T00:22:23.175+0000] {subprocess.py:106} INFO - [INFO] Visiting: https://recreation.northeastern.edu/files/2025/01/1.png (fail_count=0)
[2025-03-03T00:22:30.114+0000] {subprocess.py:106} INFO - [SUCCESS] Scraped: https://recreation.northeastern.edu/files/2025/01/1.png
[2025-03-03T00:22:31.081+0000] {subprocess.py:106} INFO - [INFO] Visiting: https://recreation.northeastern.edu/files/2022/11/Qian-Jing.png (fail_count=0)
[2025-03-03T00:22:36.602+0000] {subprocess.py:106} INFO - [SUCCESS] Scraped: https://recreation.northeastern.edu/files/2022/11/Qian-Jing.png
[2025-03-03T00:22:37.108+0000] {subprocess.py:106} INFO - [INFO] Visiting: https://recreation.northeastern.edu/files/2023/12/Julia-Lo.png (fail_count=0)
[2025-03-03T00:22:43.604+0000] {subprocess.py:106} INFO - [SUCCESS] Scraped: https://recreation.northeastern.edu/files/2023/12/Julia-Lo.png
[2025-03-03T00:22:44.340+0000] {subprocess.py:106} INFO - [INFO] Visiting: https://recreation.northeastern.edu/files/2023/05/Mihir-Joshi-.png (fail_count=0)
[2025-03-03T00:22:49.857+0000] {subprocess.py:106} INFO - [SUCCESS] Scraped: https://recreation.northeastern.edu/files/2023/05/Mihir-Joshi-.png
[2025-03-03T00:22:50.592+0000] {subprocess.py:106} INFO - [INFO] Visiting: https://recreation.northeastern.edu/files/2022/07/Pedro-Escobar.png (fail_count=0)
[2025-03-03T00:22:55.249+0000] {subprocess.py:106} INFO - [SUCCESS] Scraped: https://recreation.northeastern.edu/files/2022/07/Pedro-Escobar.png
[2025-03-03T00:22:55.901+0000] {subprocess.py:106} INFO - [INFO] Visiting: https://recreation.northeastern.edu/files/2023/10/Ellis-Thomas.png (fail_count=0)
[2025-03-03T00:23:01.117+0000] {subprocess.py:106} INFO - [SUCCESS] Scraped: https://recreation.northeastern.edu/files/2023/10/Ellis-Thomas.png
[2025-03-03T00:23:01.838+0000] {subprocess.py:106} INFO - [INFO] Visiting: https://recreation.northeastern.edu/files/2024/11/Sarah.png (fail_count=0)
[2025-03-03T00:23:06.690+0000] {subprocess.py:106} INFO - [SUCCESS] Scraped: https://recreation.northeastern.edu/files/2024/11/Sarah.png
[2025-03-03T00:23:07.441+0000] {subprocess.py:106} INFO - [INFO] Visiting: https://recreation.northeastern.edu/files/2023/01/Mehal-Patel.png (fail_count=0)
[2025-03-03T00:23:14.445+0000] {subprocess.py:106} INFO - [SUCCESS] Scraped: https://recreation.northeastern.edu/files/2023/01/Mehal-Patel.png
[2025-03-03T00:23:16.046+0000] {subprocess.py:106} INFO - [SUCCESS] Downloaded: https://recreation.northeastern.edu/files/2020/09/FreeAgentHandoutWeb.pdf
[2025-03-03T00:23:17.820+0000] {subprocess.py:106} INFO - [SUCCESS] Downloaded: https://recreation.northeastern.edu/files/2024/09/Arlington-Global-Recreation-Resource-Guide-1.pdf
[2025-03-03T00:23:20.839+0000] {subprocess.py:106} INFO - [SUCCESS] Downloaded: https://recreation.northeastern.edu/files/2024/09/Silicon-Valley-Global-Recreation-Resource-Guide-1.pdf
[2025-03-03T00:23:24.280+0000] {subprocess.py:106} INFO - [SUCCESS] Downloaded: https://recreation.northeastern.edu/files/2024/09/London-Global-Recreation-Resource-Guide.pdf
[2025-03-03T00:23:25.256+0000] {subprocess.py:106} INFO - [SUCCESS] Downloaded: https://recreation.northeastern.edu/files/2024/09/Roux-Institute-Global-Recreation-Resource-Guide-2.pdf
[2025-03-03T00:23:25.658+0000] {subprocess.py:106} INFO - [ERROR] Failed to download https://recreation.northeastern.edu/files/2024/09/Updated-Seattle-Resource-Guide.pdf (status=599)
[2025-03-03T00:23:25.790+0000] {subprocess.py:106} INFO - [ERROR] Failed to download https://recreation.northeastern.edu/files/2024/09/Vancouver-Global-Recreation-Resource-Guide-1.pdf (status=599)
[2025-03-03T00:23:26.111+0000] {subprocess.py:106} INFO - [SUCCESS] Downloaded: https://recreation.northeastern.edu/files/2024/11/MC-SQB-Winter-Break-2024.pdf
[2025-03-03T00:23:26.391+0000] {subprocess.py:106} INFO - [ERROR] Failed to download https://recreation.northeastern.edu/files/2024/10/IM-Handbook.pdf (status=599)
[2025-03-03T00:23:26.393+0000] {subprocess.py:106} INFO - [INFO] Visiting: https://recreation.northeastern.edu/Guest Policy (fail_count=0)
[2025-03-03T00:23:33.847+0000] {subprocess.py:106} INFO - [SUCCESS] Scraped: https://recreation.northeastern.edu/Guest Policy
[2025-03-03T00:23:34.823+0000] {subprocess.py:106} INFO - [INFO] Visiting: https://recreation.northeastern.edu/Guest%20Policy (fail_count=0)
[2025-03-03T00:23:43.227+0000] {subprocess.py:106} INFO - [SUCCESS] Scraped: https://recreation.northeastern.edu/Guest%20Policy
[2025-03-03T00:23:43.885+0000] {subprocess.py:106} INFO - [INFO] Visiting: https://recreation.northeastern.edu/im-handbook-and-sport-rules/banned-equipment-and-jewelry-policy/ (fail_count=0)
[2025-03-03T00:23:50.810+0000] {subprocess.py:106} INFO - [SUCCESS] Scraped: https://recreation.northeastern.edu/im-handbook-and-sport-rules/banned-equipment-and-jewelry-policy/
[2025-03-03T00:23:52.318+0000] {subprocess.py:106} INFO - [SUCCESS] Downloaded: https://recreation.northeastern.edu/files/2020/09/consent.pdf
[2025-03-03T00:23:52.329+0000] {subprocess.py:106} INFO - [INFO] Visiting: https://recreation.northeastern.edu/who-can-play-intramural-sports/intramural-sports-faqs/ (fail_count=0)
[2025-03-03T00:23:58.944+0000] {subprocess.py:106} INFO - [SUCCESS] Scraped: https://recreation.northeastern.edu/who-can-play-intramural-sports/intramural-sports-faqs/
[2025-03-03T00:24:01.311+0000] {subprocess.py:106} INFO - [SUCCESS] Downloaded: https://recreation.northeastern.edu/files/2020/09/ProgramGuide.pdf
[2025-03-03T00:24:01.323+0000] {subprocess.py:106} INFO - [INFO] Visiting: https://recreation.northeastern.edu/files/2020/09/carter-playground.jpg (fail_count=0)
[2025-03-03T00:24:09.085+0000] {subprocess.py:106} INFO - [SUCCESS] Scraped: https://recreation.northeastern.edu/files/2020/09/carter-playground.jpg
[2025-03-03T00:24:10.039+0000] {subprocess.py:106} INFO - [INFO] Visiting: https://recreation.northeastern.edu/files/2020/09/1.jpg (fail_count=0)
[2025-03-03T00:24:14.796+0000] {subprocess.py:106} INFO - [SUCCESS] Scraped: https://recreation.northeastern.edu/files/2020/09/1.jpg
[2025-03-03T00:24:15.419+0000] {subprocess.py:106} INFO - [INFO] Visiting: https://recreation.northeastern.edu/files/2020/09/pool.jpg (fail_count=0)
[2025-03-03T00:24:20.019+0000] {subprocess.py:106} INFO - [SUCCESS] Scraped: https://recreation.northeastern.edu/files/2020/09/pool.jpg
[2025-03-03T00:24:20.740+0000] {subprocess.py:106} INFO - [INFO] Visiting: https://recreation.northeastern.edu/files/2020/09/Matthews1.png (fail_count=0)
[2025-03-03T00:24:26.794+0000] {subprocess.py:106} INFO - [SUCCESS] Scraped: https://recreation.northeastern.edu/files/2020/09/Matthews1.png
[2025-03-03T00:24:27.515+0000] {subprocess.py:106} INFO - [INFO] Scraping Complete!
[2025-03-03T00:24:27.884+0000] {subprocess.py:110} INFO - Command exited with return code 0
[2025-03-03T00:24:28.255+0000] {taskinstance.py:341} INFO - ::group::Post task execution logs
[2025-03-03T00:24:28.259+0000] {taskinstance.py:353} INFO - Marking task as SUCCESS. dag_id=scraping_pipeline_gcs, task_id=extract_data, run_id=manual__2025-03-02T23:55:51.463780+00:00, execution_date=20250302T235551, start_date=20250302T235609, end_date=20250303T002428
[2025-03-03T00:24:28.366+0000] {logging_mixin.py:190} INFO - Task instance in success state
[2025-03-03T00:24:28.366+0000] {logging_mixin.py:190} INFO -  Previous state of the Task instance: running
[2025-03-03T00:24:28.367+0000] {logging_mixin.py:190} INFO - Dag name:scraping_pipeline_gcs queued_at:2025-03-02 23:55:51.507271+00:00
[2025-03-03T00:24:28.367+0000] {logging_mixin.py:190} INFO - Task hostname:5e87a20f9330 operator:BashOperator
[2025-03-03T00:24:28.421+0000] {local_task_job_runner.py:266} INFO - Task exited with return code 0
[2025-03-03T00:24:28.594+0000] {taskinstance.py:3901} INFO - 1 downstream tasks scheduled from follow-on schedule check
[2025-03-03T00:24:28.598+0000] {local_task_job_runner.py:245} INFO - ::endgroup::
