[2025-03-03T02:34:21.909+0000] {local_task_job_runner.py:123} INFO - ::group::Pre task execution logs
[2025-03-03T02:34:21.928+0000] {taskinstance.py:2614} INFO - Dependencies all met for dep_context=non-requeueable deps ti=<TaskInstance: scraping_pipeline_gcs.set_dvc_vars manual__2025-03-03T02:34:18.732930+00:00 [queued]>
[2025-03-03T02:34:21.938+0000] {taskinstance.py:2614} INFO - Dependencies all met for dep_context=requeueable deps ti=<TaskInstance: scraping_pipeline_gcs.set_dvc_vars manual__2025-03-03T02:34:18.732930+00:00 [queued]>
[2025-03-03T02:34:21.939+0000] {taskinstance.py:2867} INFO - Starting attempt 1 of 3
[2025-03-03T02:34:21.953+0000] {taskinstance.py:2890} INFO - Executing <Task(BashOperator): set_dvc_vars> on 2025-03-03 02:34:18.732930+00:00
[2025-03-03T02:34:21.964+0000] {warnings.py:112} WARNING - /home/***/.local/lib/python3.12/site-packages/***/task/task_runner/standard_task_runner.py:70: DeprecationWarning: This process (pid=368) is multi-threaded, use of fork() may lead to deadlocks in the child.
  pid = os.fork()

[2025-03-03T02:34:21.967+0000] {standard_task_runner.py:72} INFO - Started process 379 to run task
[2025-03-03T02:34:21.967+0000] {standard_task_runner.py:104} INFO - Running: ['***', 'tasks', 'run', 'scraping_pipeline_gcs', 'set_dvc_vars', 'manual__2025-03-03T02:34:18.732930+00:00', '--job-id', '15', '--raw', '--subdir', 'DAGS_FOLDER/dag.py', '--cfg-path', '/tmp/tmpcd5wzewy']
[2025-03-03T02:34:21.968+0000] {standard_task_runner.py:105} INFO - Job 15: Subtask set_dvc_vars
[2025-03-03T02:34:22.027+0000] {task_command.py:467} INFO - Running <TaskInstance: scraping_pipeline_gcs.set_dvc_vars manual__2025-03-03T02:34:18.732930+00:00 [running]> on host 672a2cd6a90a
[2025-03-03T02:34:22.135+0000] {taskinstance.py:3134} INFO - Exporting env vars: AIRFLOW_CTX_DAG_OWNER='***' AIRFLOW_CTX_DAG_ID='scraping_pipeline_gcs' AIRFLOW_CTX_TASK_ID='set_dvc_vars' AIRFLOW_CTX_EXECUTION_DATE='2025-03-03T02:34:18.732930+00:00' AIRFLOW_CTX_TRY_NUMBER='1' AIRFLOW_CTX_DAG_RUN_ID='manual__2025-03-03T02:34:18.732930+00:00'
[2025-03-03T02:34:22.137+0000] {logging_mixin.py:190} INFO - Task instance is in running state
[2025-03-03T02:34:22.138+0000] {logging_mixin.py:190} INFO -  Previous state of the Task instance: queued
[2025-03-03T02:34:22.138+0000] {logging_mixin.py:190} INFO - Current task name:set_dvc_vars state:running start_date:2025-03-03 02:34:21.928694+00:00
[2025-03-03T02:34:22.139+0000] {logging_mixin.py:190} INFO - Dag name:scraping_pipeline_gcs and current dag run status:running
[2025-03-03T02:34:22.139+0000] {taskinstance.py:732} INFO - ::endgroup::
[2025-03-03T02:34:22.140+0000] {subprocess.py:78} INFO - Tmp dir root location: /tmp
[2025-03-03T02:34:22.141+0000] {subprocess.py:88} INFO - Running command: ['/usr/bin/bash', '-c', 'export DVC_REMOTE=gs://askneu']
[2025-03-03T02:34:22.162+0000] {subprocess.py:99} INFO - Output:
[2025-03-03T02:34:22.164+0000] {subprocess.py:110} INFO - Command exited with return code 0
[2025-03-03T02:34:22.194+0000] {taskinstance.py:341} INFO - ::group::Post task execution logs
[2025-03-03T02:34:22.195+0000] {taskinstance.py:353} INFO - Marking task as SUCCESS. dag_id=scraping_pipeline_gcs, task_id=set_dvc_vars, run_id=manual__2025-03-03T02:34:18.732930+00:00, execution_date=20250303T023418, start_date=20250303T023421, end_date=20250303T023422
[2025-03-03T02:34:22.222+0000] {logging_mixin.py:190} INFO - Task instance in success state
[2025-03-03T02:34:22.222+0000] {logging_mixin.py:190} INFO -  Previous state of the Task instance: running
[2025-03-03T02:34:22.223+0000] {logging_mixin.py:190} INFO - Dag name:scraping_pipeline_gcs queued_at:2025-03-03 02:34:18.751743+00:00
[2025-03-03T02:34:22.223+0000] {logging_mixin.py:190} INFO - Task hostname:672a2cd6a90a operator:BashOperator
[2025-03-03T02:34:22.262+0000] {local_task_job_runner.py:266} INFO - Task exited with return code 0
[2025-03-03T02:34:22.293+0000] {taskinstance.py:3901} INFO - 0 downstream tasks scheduled from follow-on schedule check
[2025-03-03T02:34:22.296+0000] {local_task_job_runner.py:245} INFO - ::endgroup::
