[2025-03-03T01:17:47.881+0000] {local_task_job_runner.py:123} INFO - ::group::Pre task execution logs
[2025-03-03T01:17:47.950+0000] {taskinstance.py:2614} INFO - Dependencies all met for dep_context=non-requeueable deps ti=<TaskInstance: scraping_pipeline_gcs.set_dvc_vars manual__2025-03-03T01:17:27.715209+00:00 [queued]>
[2025-03-03T01:17:47.966+0000] {taskinstance.py:2614} INFO - Dependencies all met for dep_context=requeueable deps ti=<TaskInstance: scraping_pipeline_gcs.set_dvc_vars manual__2025-03-03T01:17:27.715209+00:00 [queued]>
[2025-03-03T01:17:47.966+0000] {taskinstance.py:2867} INFO - Starting attempt 1 of 3
[2025-03-03T01:17:48.021+0000] {taskinstance.py:2890} INFO - Executing <Task(BashOperator): set_dvc_vars> on 2025-03-03 01:17:27.715209+00:00
[2025-03-03T01:17:48.047+0000] {warnings.py:112} WARNING - /home/***/.local/lib/python3.12/site-packages/***/task/task_runner/standard_task_runner.py:70: DeprecationWarning: This process (pid=1618) is multi-threaded, use of fork() may lead to deadlocks in the child.
  pid = os.fork()

[2025-03-03T01:17:48.048+0000] {standard_task_runner.py:72} INFO - Started process 1631 to run task
[2025-03-03T01:17:48.084+0000] {standard_task_runner.py:104} INFO - Running: ['***', 'tasks', 'run', 'scraping_pipeline_gcs', 'set_dvc_vars', 'manual__2025-03-03T01:17:27.715209+00:00', '--job-id', '272', '--raw', '--subdir', 'DAGS_FOLDER/dag.py', '--cfg-path', '/tmp/tmpavbl1yf0']
[2025-03-03T01:17:48.088+0000] {standard_task_runner.py:105} INFO - Job 272: Subtask set_dvc_vars
[2025-03-03T01:17:48.220+0000] {task_command.py:467} INFO - Running <TaskInstance: scraping_pipeline_gcs.set_dvc_vars manual__2025-03-03T01:17:27.715209+00:00 [running]> on host 5e87a20f9330
[2025-03-03T01:17:48.511+0000] {taskinstance.py:3134} INFO - Exporting env vars: AIRFLOW_CTX_DAG_OWNER='***' AIRFLOW_CTX_DAG_ID='scraping_pipeline_gcs' AIRFLOW_CTX_TASK_ID='set_dvc_vars' AIRFLOW_CTX_EXECUTION_DATE='2025-03-03T01:17:27.715209+00:00' AIRFLOW_CTX_TRY_NUMBER='1' AIRFLOW_CTX_DAG_RUN_ID='manual__2025-03-03T01:17:27.715209+00:00'
[2025-03-03T01:17:48.564+0000] {logging_mixin.py:190} INFO - Task instance is in running state
[2025-03-03T01:17:48.570+0000] {logging_mixin.py:190} INFO -  Previous state of the Task instance: queued
[2025-03-03T01:17:48.571+0000] {logging_mixin.py:190} INFO - Current task name:set_dvc_vars state:running start_date:2025-03-03 01:17:47.950621+00:00
[2025-03-03T01:17:48.572+0000] {logging_mixin.py:190} INFO - Dag name:scraping_pipeline_gcs and current dag run status:running
[2025-03-03T01:17:48.574+0000] {taskinstance.py:732} INFO - ::endgroup::
[2025-03-03T01:17:48.582+0000] {subprocess.py:78} INFO - Tmp dir root location: /tmp
[2025-03-03T01:17:48.594+0000] {subprocess.py:88} INFO - Running command: ['/usr/bin/bash', '-c', 'export DVC_REMOTE=gs://data_pipeline_scraping']
[2025-03-03T01:17:48.658+0000] {subprocess.py:99} INFO - Output:
[2025-03-03T01:17:48.662+0000] {subprocess.py:110} INFO - Command exited with return code 0
[2025-03-03T01:17:48.863+0000] {taskinstance.py:341} INFO - ::group::Post task execution logs
[2025-03-03T01:17:48.873+0000] {taskinstance.py:353} INFO - Marking task as SUCCESS. dag_id=scraping_pipeline_gcs, task_id=set_dvc_vars, run_id=manual__2025-03-03T01:17:27.715209+00:00, execution_date=20250303T011727, start_date=20250303T011747, end_date=20250303T011748
[2025-03-03T01:17:49.198+0000] {logging_mixin.py:190} INFO - Task instance in success state
[2025-03-03T01:17:49.221+0000] {logging_mixin.py:190} INFO -  Previous state of the Task instance: running
[2025-03-03T01:17:49.226+0000] {logging_mixin.py:190} INFO - Dag name:scraping_pipeline_gcs queued_at:2025-03-03 01:17:27.758537+00:00
[2025-03-03T01:17:49.227+0000] {logging_mixin.py:190} INFO - Task hostname:5e87a20f9330 operator:BashOperator
[2025-03-03T01:17:49.376+0000] {local_task_job_runner.py:266} INFO - Task exited with return code 0
[2025-03-03T01:17:49.623+0000] {taskinstance.py:3901} INFO - 0 downstream tasks scheduled from follow-on schedule check
[2025-03-03T01:17:49.632+0000] {local_task_job_runner.py:245} INFO - ::endgroup::
