[2025-03-02T23:14:13.091+0000] {local_task_job_runner.py:123} INFO - ::group::Pre task execution logs
[2025-03-02T23:14:13.123+0000] {taskinstance.py:2614} INFO - Dependencies all met for dep_context=non-requeueable deps ti=<TaskInstance: scraping_pipeline_gcs.alert_failure manual__2025-03-02T23:13:28.704397+00:00 [queued]>
[2025-03-02T23:14:13.140+0000] {taskinstance.py:2614} INFO - Dependencies all met for dep_context=requeueable deps ti=<TaskInstance: scraping_pipeline_gcs.alert_failure manual__2025-03-02T23:13:28.704397+00:00 [queued]>
[2025-03-02T23:14:13.140+0000] {taskinstance.py:2867} INFO - Starting attempt 1 of 3
[2025-03-02T23:14:13.166+0000] {taskinstance.py:2890} INFO - Executing <Task(BashOperator): alert_failure> on 2025-03-02 23:13:28.704397+00:00
[2025-03-02T23:14:13.216+0000] {warnings.py:112} WARNING - /home/***/.local/lib/python3.12/site-packages/***/task/task_runner/standard_task_runner.py:70: DeprecationWarning: This process (pid=1864) is multi-threaded, use of fork() may lead to deadlocks in the child.
  pid = os.fork()

[2025-03-02T23:14:13.222+0000] {standard_task_runner.py:72} INFO - Started process 1866 to run task
[2025-03-02T23:14:13.224+0000] {standard_task_runner.py:104} INFO - Running: ['***', 'tasks', 'run', 'scraping_pipeline_gcs', 'alert_failure', 'manual__2025-03-02T23:13:28.704397+00:00', '--job-id', '190', '--raw', '--subdir', 'DAGS_FOLDER/dag.py', '--cfg-path', '/tmp/tmpz_jury8l']
[2025-03-02T23:14:13.227+0000] {standard_task_runner.py:105} INFO - Job 190: Subtask alert_failure
[2025-03-02T23:14:13.288+0000] {task_command.py:467} INFO - Running <TaskInstance: scraping_pipeline_gcs.alert_failure manual__2025-03-02T23:13:28.704397+00:00 [running]> on host 5e87a20f9330
[2025-03-02T23:14:13.426+0000] {taskinstance.py:3134} INFO - Exporting env vars: AIRFLOW_CTX_DAG_OWNER='***' AIRFLOW_CTX_DAG_ID='scraping_pipeline_gcs' AIRFLOW_CTX_TASK_ID='alert_failure' AIRFLOW_CTX_EXECUTION_DATE='2025-03-02T23:13:28.704397+00:00' AIRFLOW_CTX_TRY_NUMBER='1' AIRFLOW_CTX_DAG_RUN_ID='manual__2025-03-02T23:13:28.704397+00:00'
[2025-03-02T23:14:13.432+0000] {logging_mixin.py:190} INFO - Task instance is in running state
[2025-03-02T23:14:13.433+0000] {logging_mixin.py:190} INFO -  Previous state of the Task instance: queued
[2025-03-02T23:14:13.433+0000] {logging_mixin.py:190} INFO - Current task name:alert_failure state:running start_date:2025-03-02 23:14:13.124447+00:00
[2025-03-02T23:14:13.433+0000] {logging_mixin.py:190} INFO - Dag name:scraping_pipeline_gcs and current dag run status:running
[2025-03-02T23:14:13.433+0000] {taskinstance.py:732} INFO - ::endgroup::
[2025-03-02T23:14:13.438+0000] {subprocess.py:78} INFO - Tmp dir root location: /tmp
[2025-03-02T23:14:13.441+0000] {subprocess.py:88} INFO - Running command: ['/usr/bin/bash', '-c', "echo '❌ Scraping Failed! Check Airflow logs.'"]
[2025-03-02T23:14:13.470+0000] {subprocess.py:99} INFO - Output:
[2025-03-02T23:14:13.492+0000] {subprocess.py:106} INFO - ❌ Scraping Failed! Check Airflow logs.
[2025-03-02T23:14:13.492+0000] {subprocess.py:110} INFO - Command exited with return code 0
[2025-03-02T23:14:13.531+0000] {taskinstance.py:341} INFO - ::group::Post task execution logs
[2025-03-02T23:14:13.532+0000] {taskinstance.py:353} INFO - Marking task as SUCCESS. dag_id=scraping_pipeline_gcs, task_id=alert_failure, run_id=manual__2025-03-02T23:13:28.704397+00:00, execution_date=20250302T231328, start_date=20250302T231413, end_date=20250302T231413
[2025-03-02T23:14:13.560+0000] {logging_mixin.py:190} INFO - Task instance in success state
[2025-03-02T23:14:13.561+0000] {logging_mixin.py:190} INFO -  Previous state of the Task instance: running
[2025-03-02T23:14:13.561+0000] {logging_mixin.py:190} INFO - Dag name:scraping_pipeline_gcs queued_at:2025-03-02 23:13:28.775527+00:00
[2025-03-02T23:14:13.561+0000] {logging_mixin.py:190} INFO - Task hostname:5e87a20f9330 operator:BashOperator
[2025-03-02T23:14:13.587+0000] {local_task_job_runner.py:266} INFO - Task exited with return code 0
[2025-03-02T23:14:13.607+0000] {taskinstance.py:3901} INFO - 0 downstream tasks scheduled from follow-on schedule check
[2025-03-02T23:14:13.608+0000] {local_task_job_runner.py:245} INFO - ::endgroup::
