[2025-03-03T01:07:34.886+0000] {local_task_job_runner.py:123} INFO - ::group::Pre task execution logs
[2025-03-03T01:07:34.939+0000] {taskinstance.py:2614} INFO - Dependencies all met for dep_context=non-requeueable deps ti=<TaskInstance: scraping_pipeline_gcs.set_env_vars manual__2025-03-03T01:05:43.753553+00:00 [queued]>
[2025-03-03T01:07:34.958+0000] {taskinstance.py:2614} INFO - Dependencies all met for dep_context=requeueable deps ti=<TaskInstance: scraping_pipeline_gcs.set_env_vars manual__2025-03-03T01:05:43.753553+00:00 [queued]>
[2025-03-03T01:07:34.962+0000] {taskinstance.py:2867} INFO - Starting attempt 1 of 3
[2025-03-03T01:07:34.997+0000] {taskinstance.py:2890} INFO - Executing <Task(BashOperator): set_env_vars> on 2025-03-03 01:05:43.753553+00:00
[2025-03-03T01:07:35.020+0000] {warnings.py:112} WARNING - /home/***/.local/lib/python3.12/site-packages/***/task/task_runner/standard_task_runner.py:70: DeprecationWarning: This process (pid=1400) is multi-threaded, use of fork() may lead to deadlocks in the child.
  pid = os.fork()

[2025-03-03T01:07:35.026+0000] {standard_task_runner.py:72} INFO - Started process 1402 to run task
[2025-03-03T01:07:35.060+0000] {standard_task_runner.py:104} INFO - Running: ['***', 'tasks', 'run', 'scraping_pipeline_gcs', 'set_env_vars', 'manual__2025-03-03T01:05:43.753553+00:00', '--job-id', '269', '--raw', '--subdir', 'DAGS_FOLDER/dag.py', '--cfg-path', '/tmp/tmpd1glc1ih']
[2025-03-03T01:07:35.062+0000] {standard_task_runner.py:105} INFO - Job 269: Subtask set_env_vars
[2025-03-03T01:07:35.183+0000] {task_command.py:467} INFO - Running <TaskInstance: scraping_pipeline_gcs.set_env_vars manual__2025-03-03T01:05:43.753553+00:00 [running]> on host 5e87a20f9330
[2025-03-03T01:07:35.345+0000] {taskinstance.py:3134} INFO - Exporting env vars: AIRFLOW_CTX_DAG_OWNER='***' AIRFLOW_CTX_DAG_ID='scraping_pipeline_gcs' AIRFLOW_CTX_TASK_ID='set_env_vars' AIRFLOW_CTX_EXECUTION_DATE='2025-03-03T01:05:43.753553+00:00' AIRFLOW_CTX_TRY_NUMBER='1' AIRFLOW_CTX_DAG_RUN_ID='manual__2025-03-03T01:05:43.753553+00:00'
[2025-03-03T01:07:35.357+0000] {logging_mixin.py:190} INFO - Task instance is in running state
[2025-03-03T01:07:35.358+0000] {logging_mixin.py:190} INFO -  Previous state of the Task instance: queued
[2025-03-03T01:07:35.360+0000] {logging_mixin.py:190} INFO - Current task name:set_env_vars state:running start_date:2025-03-03 01:07:34.941034+00:00
[2025-03-03T01:07:35.360+0000] {logging_mixin.py:190} INFO - Dag name:scraping_pipeline_gcs and current dag run status:running
[2025-03-03T01:07:35.362+0000] {taskinstance.py:732} INFO - ::endgroup::
[2025-03-03T01:07:35.366+0000] {subprocess.py:78} INFO - Tmp dir root location: /tmp
[2025-03-03T01:07:35.368+0000] {subprocess.py:88} INFO - Running command: ['/usr/bin/bash', '-c', 'export GOOGLE_APPLICATION_CREDENTIALS=/opt/***/dags/src/gcs_creds.json']
[2025-03-03T01:07:35.426+0000] {subprocess.py:99} INFO - Output:
[2025-03-03T01:07:35.440+0000] {subprocess.py:110} INFO - Command exited with return code 0
[2025-03-03T01:07:35.518+0000] {taskinstance.py:341} INFO - ::group::Post task execution logs
[2025-03-03T01:07:35.520+0000] {taskinstance.py:353} INFO - Marking task as SUCCESS. dag_id=scraping_pipeline_gcs, task_id=set_env_vars, run_id=manual__2025-03-03T01:05:43.753553+00:00, execution_date=20250303T010543, start_date=20250303T010734, end_date=20250303T010735
[2025-03-03T01:07:35.579+0000] {logging_mixin.py:190} INFO - Task instance in success state
[2025-03-03T01:07:35.580+0000] {logging_mixin.py:190} INFO -  Previous state of the Task instance: running
[2025-03-03T01:07:35.581+0000] {logging_mixin.py:190} INFO - Dag name:scraping_pipeline_gcs queued_at:2025-03-03 01:05:43.813935+00:00
[2025-03-03T01:07:35.581+0000] {logging_mixin.py:190} INFO - Task hostname:5e87a20f9330 operator:BashOperator
[2025-03-03T01:07:35.613+0000] {local_task_job_runner.py:266} INFO - Task exited with return code 0
[2025-03-03T01:07:35.757+0000] {taskinstance.py:3901} INFO - 1 downstream tasks scheduled from follow-on schedule check
[2025-03-03T01:07:35.763+0000] {local_task_job_runner.py:245} INFO - ::endgroup::
