[2025-03-02T22:34:26.756+0000] {local_task_job_runner.py:123} INFO - ::group::Pre task execution logs
[2025-03-02T22:34:26.769+0000] {taskinstance.py:2614} INFO - Dependencies all met for dep_context=non-requeueable deps ti=<TaskInstance: scraping_pipeline_gcs.extract_data manual__2025-03-02T22:34:14.438570+00:00 [queued]>
[2025-03-02T22:34:26.773+0000] {taskinstance.py:2614} INFO - Dependencies all met for dep_context=requeueable deps ti=<TaskInstance: scraping_pipeline_gcs.extract_data manual__2025-03-02T22:34:14.438570+00:00 [queued]>
[2025-03-02T22:34:26.773+0000] {taskinstance.py:2867} INFO - Starting attempt 1 of 3
[2025-03-02T22:34:26.779+0000] {taskinstance.py:2890} INFO - Executing <Task(BashOperator): extract_data> on 2025-03-02 22:34:14.438570+00:00
[2025-03-02T22:34:26.794+0000] {warnings.py:112} WARNING - /home/***/.local/lib/python3.12/site-packages/***/task/task_runner/standard_task_runner.py:70: DeprecationWarning: This process (pid=934) is multi-threaded, use of fork() may lead to deadlocks in the child.
  pid = os.fork()

[2025-03-02T22:34:26.796+0000] {standard_task_runner.py:72} INFO - Started process 936 to run task
[2025-03-02T22:34:26.796+0000] {standard_task_runner.py:104} INFO - Running: ['***', 'tasks', 'run', 'scraping_pipeline_gcs', 'extract_data', 'manual__2025-03-02T22:34:14.438570+00:00', '--job-id', '154', '--raw', '--subdir', 'DAGS_FOLDER/dag.py', '--cfg-path', '/tmp/tmp915fmaki']
[2025-03-02T22:34:26.798+0000] {standard_task_runner.py:105} INFO - Job 154: Subtask extract_data
[2025-03-02T22:34:26.831+0000] {task_command.py:467} INFO - Running <TaskInstance: scraping_pipeline_gcs.extract_data manual__2025-03-02T22:34:14.438570+00:00 [running]> on host 5e87a20f9330
[2025-03-02T22:34:26.879+0000] {taskinstance.py:3134} INFO - Exporting env vars: AIRFLOW_CTX_DAG_OWNER='***' AIRFLOW_CTX_DAG_ID='scraping_pipeline_gcs' AIRFLOW_CTX_TASK_ID='extract_data' AIRFLOW_CTX_EXECUTION_DATE='2025-03-02T22:34:14.438570+00:00' AIRFLOW_CTX_TRY_NUMBER='1' AIRFLOW_CTX_DAG_RUN_ID='manual__2025-03-02T22:34:14.438570+00:00'
[2025-03-02T22:34:26.881+0000] {logging_mixin.py:190} INFO - Task instance is in running state
[2025-03-02T22:34:26.881+0000] {logging_mixin.py:190} INFO -  Previous state of the Task instance: queued
[2025-03-02T22:34:26.881+0000] {logging_mixin.py:190} INFO - Current task name:extract_data state:running start_date:2025-03-02 22:34:26.770092+00:00
[2025-03-02T22:34:26.881+0000] {logging_mixin.py:190} INFO - Dag name:scraping_pipeline_gcs and current dag run status:running
[2025-03-02T22:34:26.881+0000] {taskinstance.py:732} INFO - ::endgroup::
[2025-03-02T22:34:26.882+0000] {subprocess.py:78} INFO - Tmp dir root location: /tmp
[2025-03-02T22:34:26.882+0000] {subprocess.py:88} INFO - Running command: ['/usr/bin/bash', '-c', 'mkdir -p /opt/***/dags/src/scraped_texts && python /opt/***/dags/src/Scrape_script.py && true']
[2025-03-02T22:34:26.891+0000] {subprocess.py:99} INFO - Output:
[2025-03-02T22:34:28.758+0000] {subprocess.py:106} INFO - [INFO] Visiting: https://www.recreation.northeastern.edu/ (fail_count=0)
[2025-03-02T22:34:40.259+0000] {subprocess.py:106} INFO - [SKIPPED] Already Scraped: https://www.recreation.northeastern.edu/
[2025-03-02T22:34:40.765+0000] {subprocess.py:106} INFO - [INFO] Visiting: https://recreation.northeastern.edu/guests/ (fail_count=0)
[2025-03-02T22:34:49.243+0000] {subprocess.py:106} INFO - [SKIPPED] Already Scraped: https://recreation.northeastern.edu/guests/
[2025-03-02T22:34:49.710+0000] {subprocess.py:106} INFO - [INFO] Visiting: https://recreation.northeastern.edu/our-personal-trainers/ (fail_count=0)
[2025-03-02T22:34:55.250+0000] {subprocess.py:106} INFO - [SKIPPED] Already Scraped: https://recreation.northeastern.edu/our-personal-trainers/
[2025-03-02T22:34:55.668+0000] {subprocess.py:106} INFO - [INFO] Visiting: https://recreation.northeastern.edu/free-agents/ (fail_count=0)
[2025-03-02T22:35:05.297+0000] {subprocess.py:106} INFO - [SKIPPED] Already Scraped: https://recreation.northeastern.edu/free-agents/
[2025-03-02T22:35:05.892+0000] {subprocess.py:106} INFO - [INFO] Visiting: https://recreation.northeastern.edu/facility-reservation/ (fail_count=0)
[2025-03-02T22:35:11.876+0000] {subprocess.py:106} INFO - [SKIPPED] Already Scraped: https://recreation.northeastern.edu/facility-reservation/
[2025-03-02T22:35:12.489+0000] {subprocess.py:106} INFO - [INFO] Visiting: https://recreation.northeastern.edu/e-sports-leagues/ (fail_count=0)
[2025-03-02T22:35:20.741+0000] {subprocess.py:106} INFO - [SKIPPED] Already Scraped: https://recreation.northeastern.edu/e-sports-leagues/
[2025-03-02T22:35:21.390+0000] {subprocess.py:106} INFO - [INFO] Visiting: https://recreation.northeastern.edu/boston-conservatory-at-berklee-berklee-college-of-music/ (fail_count=0)
[2025-03-02T22:35:26.546+0000] {subprocess.py:106} INFO - [SKIPPED] Already Scraped: https://recreation.northeastern.edu/boston-conservatory-at-berklee-berklee-college-of-music/
[2025-03-02T22:35:27.173+0000] {subprocess.py:106} INFO - [INFO] Visiting: https://recreation.northeastern.edu/spouse-domestic-partners-and-dependents/ (fail_count=0)
[2025-03-02T22:35:36.172+0000] {subprocess.py:106} INFO - [SKIPPED] Already Scraped: https://recreation.northeastern.edu/spouse-domestic-partners-and-dependents/
[2025-03-02T22:35:36.636+0000] {subprocess.py:106} INFO - [INFO] Visiting: https://recreation.northeastern.edu/global-recreation-ambassadors/ (fail_count=0)
[2025-03-02T22:35:45.041+0000] {subprocess.py:106} INFO - [SKIPPED] Already Scraped: https://recreation.northeastern.edu/global-recreation-ambassadors/
[2025-03-02T22:35:45.463+0000] {subprocess.py:106} INFO - [INFO] Visiting: https://recreation.northeastern.edu/appropriate-attire-and-equipment-guidelinesolicy/ (fail_count=0)
[2025-03-02T22:35:55.589+0000] {subprocess.py:106} INFO - [SKIPPED] Already Scraped: https://recreation.northeastern.edu/appropriate-attire-and-equipment-guidelinesolicy/
[2025-03-02T22:35:55.946+0000] {subprocess.py:106} INFO - [INFO] Visiting: https://recreation.northeastern.edu/full-time-benefit-eligible-faculty-and-staff/ (fail_count=0)
[2025-03-02T22:36:02.255+0000] {subprocess.py:106} INFO - [SKIPPED] Already Scraped: https://recreation.northeastern.edu/full-time-benefit-eligible-faculty-and-staff/
[2025-03-02T22:36:02.944+0000] {subprocess.py:106} INFO - [INFO] Visiting: https://recreation.northeastern.edu/squashbusters-center/ (fail_count=0)
[2025-03-02T22:36:11.127+0000] {subprocess.py:106} INFO - [SKIPPED] Already Scraped: https://recreation.northeastern.edu/squashbusters-center/
[2025-03-02T22:36:11.646+0000] {subprocess.py:106} INFO - [SKIPPED] Already Scraped: https://recreation.northeastern.edu/files/2024/11/MC-SQB-Winter-Break-2024.pdf
[2025-03-02T22:36:11.648+0000] {subprocess.py:106} INFO - [INFO] Visiting: https://recreation.northeastern.edu/instructional-recreation-policies/ (fail_count=0)
[2025-03-02T22:36:16.925+0000] {subprocess.py:106} INFO - [SKIPPED] Already Scraped: https://recreation.northeastern.edu/instructional-recreation-policies/
[2025-03-02T22:36:17.279+0000] {subprocess.py:106} INFO - [SKIPPED] Already Scraped: https://recreation.northeastern.edu/files/2020/09/consent.pdf
[2025-03-02T22:36:17.279+0000] {subprocess.py:106} INFO - [INFO] Visiting: https://recreation.northeastern.edu/classes-offered-registration/ (fail_count=0)
[2025-03-02T22:36:24.992+0000] {subprocess.py:106} INFO - [SKIPPED] Already Scraped: https://recreation.northeastern.edu/classes-offered-registration/
[2025-03-02T22:36:25.542+0000] {subprocess.py:106} INFO - [INFO] Visiting: https://recreation.northeastern.edu/class-descriptions/ (fail_count=0)
[2025-03-02T22:36:34.038+0000] {subprocess.py:106} INFO - [SKIPPED] Already Scraped: https://recreation.northeastern.edu/class-descriptions/
[2025-03-02T22:36:34.447+0000] {subprocess.py:106} INFO - [INFO] Visiting: https://recreation.northeastern.edu/group-fitness/ (fail_count=0)
[2025-03-02T22:36:44.374+0000] {subprocess.py:106} INFO - [SKIPPED] Already Scraped: https://recreation.northeastern.edu/group-fitness/
[2025-03-02T22:36:45.133+0000] {subprocess.py:106} INFO - [INFO] Visiting: https://recreation.northeastern.edu/policies/ (fail_count=0)
[2025-03-02T22:36:50.714+0000] {subprocess.py:106} INFO - [SKIPPED] Already Scraped: https://recreation.northeastern.edu/policies/
[2025-03-02T22:36:51.231+0000] {subprocess.py:106} INFO - [INFO] Visiting: https://recreation.northeastern.edu/student-employee-of-the-month/ (fail_count=0)
[2025-03-02T22:37:00.281+0000] {subprocess.py:106} INFO - [SKIPPED] Already Scraped: https://recreation.northeastern.edu/student-employee-of-the-month/
[2025-03-02T22:37:00.953+0000] {subprocess.py:106} INFO - [INFO] Visiting: https://recreation.northeastern.edu/files/2020/09/Sandy-Saliba.png (fail_count=0)
[2025-03-02T22:37:08.732+0000] {subprocess.py:106} INFO - [SKIPPED] Already Scraped: https://recreation.northeastern.edu/files/2020/09/Sandy-Saliba.png
[2025-03-02T22:37:09.464+0000] {subprocess.py:106} INFO - [INFO] Visiting: https://recreation.northeastern.edu/files/2022/10/Lizbeth-Dominguez.png (fail_count=0)
[2025-03-02T22:37:18.457+0000] {subprocess.py:106} INFO - [SKIPPED] Already Scraped: https://recreation.northeastern.edu/files/2022/10/Lizbeth-Dominguez.png
[2025-03-02T22:37:19.837+0000] {local_task_job_runner.py:346} WARNING - State of this instance has been externally set to success. Terminating instance.
[2025-03-02T22:37:19.839+0000] {local_task_job_runner.py:245} INFO - ::endgroup::
[2025-03-02T22:37:19.842+0000] {process_utils.py:132} INFO - Sending 15 to group 936. PIDs of all processes in the group: [938, 940, 936]
[2025-03-02T22:37:19.843+0000] {process_utils.py:87} INFO - Sending the signal 15 to group 936
[2025-03-02T22:37:19.848+0000] {taskinstance.py:3094} ERROR - Received SIGTERM. Terminating subprocesses.
[2025-03-02T22:37:19.900+0000] {taskinstance.py:3095} ERROR - Stacktrace: 
  File "/home/***/.local/bin/***", line 8, in <module>
    sys.exit(main())
  File "/home/***/.local/lib/python3.12/site-packages/***/__main__.py", line 62, in main
    args.func(args)
  File "/home/***/.local/lib/python3.12/site-packages/***/cli/cli_config.py", line 49, in command
    return func(*args, **kwargs)
  File "/home/***/.local/lib/python3.12/site-packages/***/utils/cli.py", line 116, in wrapper
    return f(*args, **kwargs)
  File "/home/***/.local/lib/python3.12/site-packages/***/providers/celery/cli/celery_command.py", line 64, in wrapper
    providers_configuration_loaded(func)(*args, **kwargs)
  File "/home/***/.local/lib/python3.12/site-packages/***/utils/providers_configuration_loader.py", line 55, in wrapped_function
    return func(*args, **kwargs)
  File "/home/***/.local/lib/python3.12/site-packages/***/providers/celery/cli/celery_command.py", line 237, in worker
    _run_command_with_daemon_option(
  File "/home/***/.local/lib/python3.12/site-packages/***/providers/celery/cli/celery_command.py", line 50, in _run_command_with_daemon_option
    run_command_with_daemon_option(*args, **kwargs)
  File "/home/***/.local/lib/python3.12/site-packages/***/cli/commands/daemon_utils.py", line 86, in run_command_with_daemon_option
    callback()
  File "/home/***/.local/lib/python3.12/site-packages/***/providers/celery/cli/celery_command.py", line 230, in run_celery_worker
    celery_app.worker_main(options)
  File "/home/***/.local/lib/python3.12/site-packages/celery/app/base.py", line 391, in worker_main
    self.start(argv=argv)
  File "/home/***/.local/lib/python3.12/site-packages/celery/app/base.py", line 371, in start
    celery.main(args=argv, standalone_mode=False)
  File "/home/***/.local/lib/python3.12/site-packages/click/core.py", line 1082, in main
    rv = self.invoke(ctx)
  File "/home/***/.local/lib/python3.12/site-packages/click/core.py", line 1697, in invoke
    return _process_result(sub_ctx.command.invoke(sub_ctx))
  File "/home/***/.local/lib/python3.12/site-packages/click/core.py", line 1443, in invoke
    return ctx.invoke(self.callback, **ctx.params)
  File "/home/***/.local/lib/python3.12/site-packages/click/core.py", line 788, in invoke
    return __callback(*args, **kwargs)
  File "/home/***/.local/lib/python3.12/site-packages/click/decorators.py", line 33, in new_func
    return f(get_current_context(), *args, **kwargs)
  File "/home/***/.local/lib/python3.12/site-packages/celery/bin/base.py", line 135, in caller
    return f(ctx, *args, **kwargs)
  File "/home/***/.local/lib/python3.12/site-packages/celery/bin/worker.py", line 356, in worker
    worker.start()
  File "/home/***/.local/lib/python3.12/site-packages/celery/worker/worker.py", line 202, in start
    self.blueprint.start(self)
  File "/home/***/.local/lib/python3.12/site-packages/celery/bootsteps.py", line 116, in start
    step.start(parent)
  File "/home/***/.local/lib/python3.12/site-packages/celery/bootsteps.py", line 365, in start
    return self.obj.start()
  File "/home/***/.local/lib/python3.12/site-packages/celery/concurrency/base.py", line 130, in start
    self.on_start()
  File "/home/***/.local/lib/python3.12/site-packages/celery/concurrency/prefork.py", line 109, in on_start
    P = self._pool = Pool(processes=self.limit,
  File "/home/***/.local/lib/python3.12/site-packages/celery/concurrency/asynpool.py", line 464, in __init__
    super().__init__(processes, *args, **kwargs)
  File "/home/***/.local/lib/python3.12/site-packages/billiard/pool.py", line 1046, in __init__
    self._create_worker_process(i)
  File "/home/***/.local/lib/python3.12/site-packages/celery/concurrency/asynpool.py", line 482, in _create_worker_process
    return super()._create_worker_process(i)
  File "/home/***/.local/lib/python3.12/site-packages/billiard/pool.py", line 1158, in _create_worker_process
    w.start()
  File "/home/***/.local/lib/python3.12/site-packages/billiard/process.py", line 120, in start
    self._popen = self._Popen(self)
  File "/home/***/.local/lib/python3.12/site-packages/billiard/context.py", line 331, in _Popen
    return Popen(process_obj)
  File "/home/***/.local/lib/python3.12/site-packages/billiard/popen_fork.py", line 22, in __init__
    self._launch(process_obj)
  File "/home/***/.local/lib/python3.12/site-packages/billiard/popen_fork.py", line 77, in _launch
    code = process_obj._bootstrap()
  File "/home/***/.local/lib/python3.12/site-packages/billiard/process.py", line 323, in _bootstrap
    self.run()
  File "/home/***/.local/lib/python3.12/site-packages/billiard/process.py", line 110, in run
    self._target(*self._args, **self._kwargs)
  File "/home/***/.local/lib/python3.12/site-packages/billiard/pool.py", line 292, in __call__
    sys.exit(self.workloop(pid=pid))
  File "/home/***/.local/lib/python3.12/site-packages/billiard/pool.py", line 362, in workloop
    result = (True, prepare_result(fun(*args, **kwargs)))
  File "/home/***/.local/lib/python3.12/site-packages/celery/app/trace.py", line 651, in fast_trace_task
    R, I, T, Rstr = tasks[task].__trace__(
  File "/home/***/.local/lib/python3.12/site-packages/celery/app/trace.py", line 453, in trace_task
    R = retval = fun(*args, **kwargs)
  File "/home/***/.local/lib/python3.12/site-packages/celery/app/trace.py", line 736, in __protected_call__
    return self.run(*args, **kwargs)
  File "/home/***/.local/lib/python3.12/site-packages/***/providers/celery/executors/celery_executor_utils.py", line 139, in execute_command
    _execute_in_fork(command_to_exec, celery_task_id)
  File "/home/***/.local/lib/python3.12/site-packages/***/providers/celery/executors/celery_executor_utils.py", line 171, in _execute_in_fork
    args.func(args)
  File "/home/***/.local/lib/python3.12/site-packages/***/cli/cli_config.py", line 49, in command
    return func(*args, **kwargs)
  File "/home/***/.local/lib/python3.12/site-packages/***/utils/cli.py", line 116, in wrapper
    return f(*args, **kwargs)
  File "/home/***/.local/lib/python3.12/site-packages/***/cli/commands/task_command.py", line 483, in task_run
    task_return_code = _run_task_by_selected_method(args, _dag, ti)
  File "/home/***/.local/lib/python3.12/site-packages/***/cli/commands/task_command.py", line 254, in _run_task_by_selected_method
    return _run_task_by_local_task_job(args, ti)
  File "/home/***/.local/lib/python3.12/site-packages/***/cli/commands/task_command.py", line 322, in _run_task_by_local_task_job
    ret = run_job(job=job_runner.job, execute_callable=job_runner._execute)
  File "/home/***/.local/lib/python3.12/site-packages/***/utils/session.py", line 97, in wrapper
    return func(*args, session=session, **kwargs)
  File "/home/***/.local/lib/python3.12/site-packages/***/jobs/job.py", line 421, in run_job
    return execute_job(job, execute_callable=execute_callable)
  File "/home/***/.local/lib/python3.12/site-packages/***/jobs/job.py", line 450, in execute_job
    ret = execute_callable()
  File "/home/***/.local/lib/python3.12/site-packages/***/jobs/local_task_job_runner.py", line 171, in _execute
    self.task_runner.start()
  File "/home/***/.local/lib/python3.12/site-packages/***/task/task_runner/standard_task_runner.py", line 55, in start
    self.process = self._start_by_fork()
  File "/home/***/.local/lib/python3.12/site-packages/***/task/task_runner/standard_task_runner.py", line 117, in _start_by_fork
    ret = args.func(args, dag=self.dag)
  File "/home/***/.local/lib/python3.12/site-packages/***/cli/cli_config.py", line 49, in command
    return func(*args, **kwargs)
  File "/home/***/.local/lib/python3.12/site-packages/***/utils/cli.py", line 116, in wrapper
    return f(*args, **kwargs)
  File "/home/***/.local/lib/python3.12/site-packages/***/cli/commands/task_command.py", line 483, in task_run
    task_return_code = _run_task_by_selected_method(args, _dag, ti)
  File "/home/***/.local/lib/python3.12/site-packages/***/cli/commands/task_command.py", line 256, in _run_task_by_selected_method
    return _run_raw_task(args, ti)
  File "/home/***/.local/lib/python3.12/site-packages/***/cli/commands/task_command.py", line 341, in _run_raw_task
    return ti._run_raw_task(
  File "/home/***/.local/lib/python3.12/site-packages/***/utils/session.py", line 97, in wrapper
    return func(*args, session=session, **kwargs)
  File "/home/***/.local/lib/python3.12/site-packages/***/models/taskinstance.py", line 3006, in _run_raw_task
    return _run_raw_task(
  File "/home/***/.local/lib/python3.12/site-packages/***/models/taskinstance.py", line 274, in _run_raw_task
    TaskInstance._execute_task_with_callbacks(
  File "/home/***/.local/lib/python3.12/site-packages/***/models/taskinstance.py", line 3161, in _execute_task_with_callbacks
    result = self._execute_task(context, task_orig)
  File "/home/***/.local/lib/python3.12/site-packages/***/models/taskinstance.py", line 3185, in _execute_task
    return _execute_task(self, context, task_orig)
  File "/home/***/.local/lib/python3.12/site-packages/***/models/taskinstance.py", line 768, in _execute_task
    result = _execute_callable(context=context, **execute_callable_kwargs)
  File "/home/***/.local/lib/python3.12/site-packages/***/models/taskinstance.py", line 734, in _execute_callable
    return ExecutionCallableRunner(
  File "/home/***/.local/lib/python3.12/site-packages/***/utils/operator_helpers.py", line 252, in run
    return self.func(*args, **kwargs)
  File "/home/***/.local/lib/python3.12/site-packages/***/models/baseoperator.py", line 424, in wrapper
    return func(self, *args, **kwargs)
  File "/home/***/.local/lib/python3.12/site-packages/***/operators/bash.py", line 257, in execute
    result = self._run_inline_command(bash_path=bash_path, env=env)
  File "/home/***/.local/lib/python3.12/site-packages/***/operators/bash.py", line 284, in _run_inline_command
    return self.subprocess_hook.run_command(
  File "/home/***/.local/lib/python3.12/site-packages/***/hooks/subprocess.py", line 104, in run_command
    for raw_line in iter(self.sub_process.stdout.readline, b""):
  File "/home/***/.local/lib/python3.12/site-packages/***/models/taskinstance.py", line 3095, in signal_handler
    self.log.error("Stacktrace: \n%s", "".join(traceback.format_stack()))

[2025-03-02T22:37:19.903+0000] {subprocess.py:117} INFO - Sending SIGTERM signal to process group
[2025-03-02T22:37:19.950+0000] {process_utils.py:80} INFO - Process psutil.Process(pid=940, status='terminated', started='22:34:26') (940) terminated with exit code None
[2025-03-02T22:37:19.980+0000] {taskinstance.py:341} INFO - ::group::Post task execution logs
[2025-03-02T22:37:20.012+0000] {process_utils.py:80} INFO - Process psutil.Process(pid=938, status='terminated', started='22:34:26') (938) terminated with exit code None
[2025-03-02T22:37:20.013+0000] {process_utils.py:80} INFO - Process psutil.Process(pid=936, status='terminated', exitcode=0, started='22:34:25') (936) terminated with exit code 0
