[2025-03-02T09:50:10.907+0000] {local_task_job_runner.py:123} INFO - ::group::Pre task execution logs
[2025-03-02T09:50:10.977+0000] {taskinstance.py:2614} INFO - Dependencies all met for dep_context=non-requeueable deps ti=<TaskInstance: scraping_pipeline_gcs.alert_failure manual__2025-03-02T09:45:04.901022+00:00 [queued]>
[2025-03-02T09:50:11.051+0000] {taskinstance.py:2614} INFO - Dependencies all met for dep_context=requeueable deps ti=<TaskInstance: scraping_pipeline_gcs.alert_failure manual__2025-03-02T09:45:04.901022+00:00 [queued]>
[2025-03-02T09:50:11.052+0000] {taskinstance.py:2867} INFO - Starting attempt 1 of 3
[2025-03-02T09:50:11.125+0000] {taskinstance.py:2890} INFO - Executing <Task(BashOperator): alert_failure> on 2025-03-02 09:45:04.901022+00:00
[2025-03-02T09:50:11.191+0000] {warnings.py:112} WARNING - /home/***/.local/lib/python3.12/site-packages/***/task/task_runner/standard_task_runner.py:70: DeprecationWarning: This process (pid=1495) is multi-threaded, use of fork() may lead to deadlocks in the child.
  pid = os.fork()

[2025-03-02T09:50:11.195+0000] {standard_task_runner.py:72} INFO - Started process 1497 to run task
[2025-03-02T09:50:11.208+0000] {standard_task_runner.py:104} INFO - Running: ['***', 'tasks', 'run', 'scraping_pipeline_gcs', 'alert_failure', 'manual__2025-03-02T09:45:04.901022+00:00', '--job-id', '86', '--raw', '--subdir', 'DAGS_FOLDER/dag.py', '--cfg-path', '/tmp/tmpqk7qn9_s']
[2025-03-02T09:50:11.212+0000] {standard_task_runner.py:105} INFO - Job 86: Subtask alert_failure
[2025-03-02T09:50:11.378+0000] {task_command.py:467} INFO - Running <TaskInstance: scraping_pipeline_gcs.alert_failure manual__2025-03-02T09:45:04.901022+00:00 [running]> on host 8b8ee4ab00d2
[2025-03-02T09:50:18.236+0000] {taskinstance.py:3134} INFO - Exporting env vars: AIRFLOW_CTX_DAG_OWNER='***' AIRFLOW_CTX_DAG_ID='scraping_pipeline_gcs' AIRFLOW_CTX_TASK_ID='alert_failure' AIRFLOW_CTX_EXECUTION_DATE='2025-03-02T09:45:04.901022+00:00' AIRFLOW_CTX_TRY_NUMBER='1' AIRFLOW_CTX_DAG_RUN_ID='manual__2025-03-02T09:45:04.901022+00:00'
[2025-03-02T09:50:18.242+0000] {logging_mixin.py:190} INFO - Task instance is in running state
[2025-03-02T09:50:18.243+0000] {logging_mixin.py:190} INFO -  Previous state of the Task instance: queued
[2025-03-02T09:50:18.244+0000] {logging_mixin.py:190} INFO - Current task name:alert_failure state:running start_date:2025-03-02 09:50:10.982525+00:00
[2025-03-02T09:50:18.245+0000] {logging_mixin.py:190} INFO - Dag name:scraping_pipeline_gcs and current dag run status:running
[2025-03-02T09:50:18.245+0000] {taskinstance.py:732} INFO - ::endgroup::
[2025-03-02T09:50:18.248+0000] {subprocess.py:78} INFO - Tmp dir root location: /tmp
[2025-03-02T09:50:18.249+0000] {subprocess.py:88} INFO - Running command: ['/usr/bin/bash', '-c', "echo '❌ Scraping Failed! Check Airflow logs.'"]
[2025-03-02T09:50:18.301+0000] {subprocess.py:99} INFO - Output:
[2025-03-02T09:50:18.336+0000] {subprocess.py:106} INFO - ❌ Scraping Failed! Check Airflow logs.
[2025-03-02T09:50:18.337+0000] {subprocess.py:110} INFO - Command exited with return code 0
[2025-03-02T09:50:18.431+0000] {taskinstance.py:341} INFO - ::group::Post task execution logs
[2025-03-02T09:50:18.433+0000] {taskinstance.py:353} INFO - Marking task as SUCCESS. dag_id=scraping_pipeline_gcs, task_id=alert_failure, run_id=manual__2025-03-02T09:45:04.901022+00:00, execution_date=20250302T094504, start_date=20250302T095010, end_date=20250302T095018
[2025-03-02T09:50:18.506+0000] {logging_mixin.py:190} INFO - Task instance in success state
[2025-03-02T09:50:18.507+0000] {logging_mixin.py:190} INFO -  Previous state of the Task instance: running
[2025-03-02T09:50:18.508+0000] {logging_mixin.py:190} INFO - Dag name:scraping_pipeline_gcs queued_at:2025-03-02 09:45:04.955051+00:00
[2025-03-02T09:50:18.509+0000] {logging_mixin.py:190} INFO - Task hostname:8b8ee4ab00d2 operator:BashOperator
[2025-03-02T09:50:18.588+0000] {local_task_job_runner.py:266} INFO - Task exited with return code 0
[2025-03-02T09:50:18.806+0000] {taskinstance.py:3901} INFO - 0 downstream tasks scheduled from follow-on schedule check
[2025-03-02T09:50:18.808+0000] {local_task_job_runner.py:245} INFO - ::endgroup::
