[2025-03-03T02:32:49.854+0000] {local_task_job_runner.py:123} INFO - ::group::Pre task execution logs
[2025-03-03T02:32:49.877+0000] {taskinstance.py:2614} INFO - Dependencies all met for dep_context=non-requeueable deps ti=<TaskInstance: scraping_pipeline_gcs.extract_data scheduled__2025-03-02T00:00:00+00:00 [queued]>
[2025-03-03T02:32:49.886+0000] {taskinstance.py:2614} INFO - Dependencies all met for dep_context=requeueable deps ti=<TaskInstance: scraping_pipeline_gcs.extract_data scheduled__2025-03-02T00:00:00+00:00 [queued]>
[2025-03-03T02:32:49.887+0000] {taskinstance.py:2867} INFO - Starting attempt 1 of 3
[2025-03-03T02:32:49.902+0000] {taskinstance.py:2890} INFO - Executing <Task(BashOperator): extract_data> on 2025-03-02 00:00:00+00:00
[2025-03-03T02:32:49.912+0000] {warnings.py:112} WARNING - /home/***/.local/lib/python3.12/site-packages/***/task/task_runner/standard_task_runner.py:70: DeprecationWarning: This process (pid=333) is multi-threaded, use of fork() may lead to deadlocks in the child.
  pid = os.fork()

[2025-03-03T02:32:49.914+0000] {standard_task_runner.py:72} INFO - Started process 336 to run task
[2025-03-03T02:32:49.914+0000] {standard_task_runner.py:104} INFO - Running: ['***', 'tasks', 'run', 'scraping_pipeline_gcs', 'extract_data', 'scheduled__2025-03-02T00:00:00+00:00', '--job-id', '10', '--raw', '--subdir', 'DAGS_FOLDER/dag.py', '--cfg-path', '/tmp/tmp19lrgmlc']
[2025-03-03T02:32:49.915+0000] {standard_task_runner.py:105} INFO - Job 10: Subtask extract_data
[2025-03-03T02:32:49.962+0000] {task_command.py:467} INFO - Running <TaskInstance: scraping_pipeline_gcs.extract_data scheduled__2025-03-02T00:00:00+00:00 [running]> on host 672a2cd6a90a
[2025-03-03T02:32:50.039+0000] {taskinstance.py:3134} INFO - Exporting env vars: AIRFLOW_CTX_DAG_OWNER='***' AIRFLOW_CTX_DAG_ID='scraping_pipeline_gcs' AIRFLOW_CTX_TASK_ID='extract_data' AIRFLOW_CTX_EXECUTION_DATE='2025-03-02T00:00:00+00:00' AIRFLOW_CTX_TRY_NUMBER='1' AIRFLOW_CTX_DAG_RUN_ID='scheduled__2025-03-02T00:00:00+00:00'
[2025-03-03T02:32:50.041+0000] {logging_mixin.py:190} INFO - Task instance is in running state
[2025-03-03T02:32:50.041+0000] {logging_mixin.py:190} INFO -  Previous state of the Task instance: queued
[2025-03-03T02:32:50.041+0000] {logging_mixin.py:190} INFO - Current task name:extract_data state:running start_date:2025-03-03 02:32:49.877701+00:00
[2025-03-03T02:32:50.042+0000] {logging_mixin.py:190} INFO - Dag name:scraping_pipeline_gcs and current dag run status:running
[2025-03-03T02:32:50.042+0000] {taskinstance.py:732} INFO - ::endgroup::
[2025-03-03T02:32:50.043+0000] {subprocess.py:78} INFO - Tmp dir root location: /tmp
[2025-03-03T02:32:50.044+0000] {subprocess.py:88} INFO - Running command: ['/usr/bin/bash', '-c', 'mkdir -p /opt/***/dags/src/scraped_texts && python /opt/***/dags/src/Scrape_script.py && true']
[2025-03-03T02:32:50.061+0000] {subprocess.py:99} INFO - Output:
[2025-03-03T02:32:51.808+0000] {subprocess.py:106} INFO - [INFO] Visiting: https://www.recreation.northeastern.edu/ (fail_count=0)
[2025-03-03T02:33:01.880+0000] {subprocess.py:106} INFO - [FAILED] https://www.recreation.northeastern.edu/ - Alert Text: Error loading facility data
[2025-03-03T02:33:01.881+0000] {subprocess.py:106} INFO - Message: unexpected alert open: {Alert text : Error loading facility data}
[2025-03-03T02:33:01.882+0000] {subprocess.py:106} INFO -   (Session info: chrome-headless-shell=124.0.6367.78)
[2025-03-03T02:33:01.883+0000] {subprocess.py:106} INFO - Stacktrace:
[2025-03-03T02:33:01.883+0000] {subprocess.py:106} INFO - #0 0x558025a3fca7 <unknown>
[2025-03-03T02:33:01.884+0000] {subprocess.py:106} INFO - #1 0x558025716c9c <unknown>
[2025-03-03T02:33:01.884+0000] {subprocess.py:106} INFO - #2 0x55802579b2fe <unknown>
[2025-03-03T02:33:01.885+0000] {subprocess.py:106} INFO - #3 0x55802577dce7 <unknown>
[2025-03-03T02:33:01.885+0000] {subprocess.py:106} INFO - #4 0x5580257506b1 <unknown>
[2025-03-03T02:33:01.886+0000] {subprocess.py:106} INFO - #5 0x5580257514c6 <unknown>
[2025-03-03T02:33:01.886+0000] {subprocess.py:106} INFO - #6 0x558025a0d55a <unknown>
[2025-03-03T02:33:01.887+0000] {subprocess.py:106} INFO - #7 0x558025a108ea <unknown>
[2025-03-03T02:33:01.888+0000] {subprocess.py:106} INFO - #8 0x558025a10393 <unknown>
[2025-03-03T02:33:01.888+0000] {subprocess.py:106} INFO - #9 0x558025a10d79 <unknown>
[2025-03-03T02:33:01.889+0000] {subprocess.py:106} INFO - #10 0x5580259fdb2f <unknown>
[2025-03-03T02:33:01.889+0000] {subprocess.py:106} INFO - #11 0x558025a11134 <unknown>
[2025-03-03T02:33:01.889+0000] {subprocess.py:106} INFO - #12 0x5580259e65aa <unknown>
[2025-03-03T02:33:01.890+0000] {subprocess.py:106} INFO - #13 0x558025a30459 <unknown>
[2025-03-03T02:33:01.890+0000] {subprocess.py:106} INFO - #14 0x558025a30646 <unknown>
[2025-03-03T02:33:01.891+0000] {subprocess.py:106} INFO - #15 0x558025a3f193 <unknown>
[2025-03-03T02:33:01.891+0000] {subprocess.py:106} INFO - #16 0x7f32938fd134 <unknown>
[2025-03-03T02:33:01.891+0000] {subprocess.py:106} INFO -  (fail_count=0)
[2025-03-03T02:33:02.350+0000] {subprocess.py:106} INFO - [INFO] Scraping Complete!
[2025-03-03T02:33:02.441+0000] {subprocess.py:110} INFO - Command exited with return code 0
[2025-03-03T02:33:02.476+0000] {taskinstance.py:341} INFO - ::group::Post task execution logs
[2025-03-03T02:33:02.477+0000] {taskinstance.py:353} INFO - Marking task as SUCCESS. dag_id=scraping_pipeline_gcs, task_id=extract_data, run_id=scheduled__2025-03-02T00:00:00+00:00, execution_date=20250302T000000, start_date=20250303T023249, end_date=20250303T023302
[2025-03-03T02:33:02.513+0000] {logging_mixin.py:190} INFO - Task instance in success state
[2025-03-03T02:33:02.514+0000] {logging_mixin.py:190} INFO -  Previous state of the Task instance: running
[2025-03-03T02:33:02.515+0000] {logging_mixin.py:190} INFO - Dag name:scraping_pipeline_gcs queued_at:2025-03-03 02:32:09.979322+00:00
[2025-03-03T02:33:02.515+0000] {logging_mixin.py:190} INFO - Task hostname:672a2cd6a90a operator:BashOperator
[2025-03-03T02:33:02.549+0000] {local_task_job_runner.py:266} INFO - Task exited with return code 0
[2025-03-03T02:33:02.590+0000] {taskinstance.py:3901} INFO - 1 downstream tasks scheduled from follow-on schedule check
[2025-03-03T02:33:02.593+0000] {local_task_job_runner.py:245} INFO - ::endgroup::
